[]  Dendrochronology Program Library                                        Run PORTU  Program COF  18:11  Fri 01 Oct 2021  Page   1
[]
[]  P R O G R A M      C O F E C H A                                                                          Version 6.06P    31687
------------------------------------------------------------------------------------------------------------------------------------

 QUALITY CONTROL AND DATING CHECK OF TREE-RING MEASUREMENTS

 File of DATED series:   6_PLtrees.rwl

 CONTENTS:

    Part 1:  Title page, options selected, summary, absent rings by series
    Part 2:  Histogram of time spans
    Part 3:  Master series with sample depth and absent rings by year
    Part 4:  Bar plot of Master Dating Series
    Part 5:  Correlation by segment of each series with Master
    Part 6:  Potential problems: low correlation, divergent year-to-year changes, absent rings, outliers
    Part 7:  Descriptive statistics

 RUN CONTROL OPTIONS SELECTED                             VALUE

         1  Cubic smoothing spline 50% wavelength cutoff for filtering
                                                            32 years
         2  Segments examined are                           50 years lagged successively by  25 years
         3  Autoregressive model applied                     A  Residuals are used in master dating series and testing
         4  Series transformed to logarithms                 Y  Each series log-transformed for master dating series and testing
         5  CORRELATION is Pearson (parametric, quantitative)
            Critical correlation, 99% confidence level   .3281
         6  Master dating series saved                       N
         7  Ring measurements listed                         N
         8  Parts printed                              1234567 
         9  Absent rings are omitted from master series and segment correlations  (Y)

 Time span of Master dating series is  1963 to  2018    56 years
 Continuous time span is               1963 to  2018    56 years
 Portion with two or more series is    1964 to  2018    55 years


                                        ****************************************
                                        *C* Number of dated series        37 *C*
                                        *O* Master series 1963 2018   56 yrs *O*
                                        *F* Total rings in all series   1831 *F*
                                        *E* Total dated rings checked   1830 *E*
                                        *C* Series intercorrelation     .711 *C*
                                        *H* Average mean sensitivity    .359 *H*
                                        *A* Segments, possible problems    0 *A*
                                        *** Mean length of series       49.5 ***
                                        ****************************************

 ABSENT RINGS listed by SERIES:            (See Master Dating Series for absent rings listed by year)

 PL27        1 absent rings:   1995
 PL28        1 absent rings:   1995

             2 absent rings    .109%
PART 2:  TIME PLOT OF TREE-RING SERIES:                                                            18:11  Fri 01 Oct 2021  Page   2
------------------------------------------------------------------------------------------------------------------------------------
 1050 1100 1150 1200 1250 1300 1350 1400 1450 1500 1550 1600 1650 1700 1750 1800 1850 1900 1950 2000 2050 Ident   Seq Time-span  Yrs
   :    :    :    :    :    :    :    :    :    :    :    :    :    :    :    :    :    :    :    :    : -------- --- ---- ---- ----
   .    .    .    .    .    .    .    .    .    .    .    .    .    .    .    .    .    .    .<====>   . PL01       1 1966 2018   53
   .    .    .    .    .    .    .    .    .    .    .    .    .    .    .    .    .    .    .<====>   . PL02       2 1967 2018   52
   .    .    .    .    .    .    .    .    .    .    .    .    .    .    .    .    .    .    .<====>   . PL03       3 1966 2018   53
   .    .    .    .    .    .    .    .    .    .    .    .    .    .    .    .    .    .    . <===>   . PL04       4 1972 2018   47
   .    .    .    .    .    .    .    .    .    .    .    .    .    .    .    .    .    .    . <===>   . PL05       5 1974 2018   45
   .    .    .    .    .    .    .    .    .    .    .    .    .    .    .    .    .    .    .<====>   . PL06       6 1967 2018   52
   .    .    .    .    .    .    .    .    .    .    .    .    .    .    .    .    .    .    . <===>   . PL07       7 1975 2018   44
   .    .    .    .    .    .    .    .    .    .    .    .    .    .    .    .    .    .    .<====>   . PL08       8 1967 2018   52
   .    .    .    .    .    .    .    .    .    .    .    .    .    .    .    .    .    .    . <===>   . PL09       9 1972 2018   47
   .    .    .    .    .    .    .    .    .    .    .    .    .    .    .    .    .    .    . <===>   . PL10      10 1974 2018   45
   .    .    .    .    .    .    .    .    .    .    .    .    .    .    .    .    .    .    .<====>   . PL11      11 1966 2018   53
   .    .    .    .    .    .    .    .    .    .    .    .    .    .    .    .    .    .    .<====>   . PL12      12 1967 2018   52
   .    .    .    .    .    .    .    .    .    .    .    .    .    .    .    .    .    .    . <===>   . PL13      13 1975 2018   44
   .    .    .    .    .    .    .    .    .    .    .    .    .    .    .    .    .    .    . <===>   . PL14      14 1973 2018   46
   .    .    .    .    .    .    .    .    .    .    .    .    .    .    .    .    .    .    .<====>   . PL15      15 1967 2018   52
   .    .    .    .    .    .    .    .    .    .    .    .    .    .    .    .    .    .    .<====>   . PL16      16 1966 2018   53
   .    .    .    .    .    .    .    .    .    .    .    .    .    .    .    .    .    .    .<====>   . PL17      17 1965 2018   54
   .    .    .    .    .    .    .    .    .    .    .    .    .    .    .    .    .    .    .<====>   . PL18      18 1967 2018   52
   .    .    .    .    .    .    .    .    .    .    .    .    .    .    .    .    .    .    .<====>   . PL19      19 1967 2018   52
   .    .    .    .    .    .    .    .    .    .    .    .    .    .    .    .    .    .    . <===>   . PL20      20 1974 2018   45
   .    .    .    .    .    .    .    .    .    .    .    .    .    .    .    .    .    .    . <===>   . PL21      21 1972 2018   47
   .    .    .    .    .    .    .    .    .    .    .    .    .    .    .    .    .    .    .<====>   . PL22      22 1964 2018   55
   .    .    .    .    .    .    .    .    .    .    .    .    .    .    .    .    .    .    .<====>   . PL23      23 1963 2018   56
   .    .    .    .    .    .    .    .    .    .    .    .    .    .    .    .    .    .    .<====>   . PL24      24 1966 2018   53
   .    .    .    .    .    .    .    .    .    .    .    .    .    .    .    .    .    .    . <===>   . PL25      25 1973 2018   46
   .    .    .    .    .    .    .    .    .    .    .    .    .    .    .    .    .    .    .<====>   . PL26      26 1966 2018   53
   .    .    .    .    .    .    .    .    .    .    .    .    .    .    .    .    .    .    . <===>   . PL27      27 1974 2018   45
   .    .    .    .    .    .    .    .    .    .    .    .    .    .    .    .    .    .    . <===>   . PL28      28 1971 2018   48
   .    .    .    .    .    .    .    .    .    .    .    .    .    .    .    .    .    .    . <===>   . PL29      29 1971 2018   48
   .    .    .    .    .    .    .    .    .    .    .    .    .    .    .    .    .    .    . <===>   . PL30      30 1971 2018   48
   .    .    .    .    .    .    .    .    .    .    .    .    .    .    .    .    .    .    .<====>   . PL31      31 1966 2018   53
   .    .    .    .    .    .    .    .    .    .    .    .    .    .    .    .    .    .    .<====>   . PL32      32 1967 2018   52
   .    .    .    .    .    .    .    .    .    .    .    .    .    .    .    .    .    .    .<====>   . PL33      33 1967 2018   52
   .    .    .    .    .    .    .    .    .    .    .    .    .    .    .    .    .    .    . <===>   . PL34      34 1977 2018   42
   .    .    .    .    .    .    .    .    .    .    .    .    .    .    .    .    .    .    . <===>   . PL35      35 1972 2018   47
   .    .    .    .    .    .    .    .    .    .    .    .    .    .    .    .    .    .    .<====>   . PL36      36 1966 2018   53
   .    .    .    .    .    .    .    .    .    .    .    .    .    .    .    .    .    .    . <===>   . PL37      37 1979 2018   40
   :    :    :    :    :    :    :    :    :    :    :    :    :    :    :    :    :    :    :    :    :
 1050 1100 1150 1200 1250 1300 1350 1400 1450 1500 1550 1600 1650 1700 1750 1800 1850 1900 1950 2000 2050
PART 3:  Master Dating Series:                                                                     18:11  Fri 01 Oct 2021  Page   3
------------------------------------------------------------------------------------------------------------------------------------
  Year  Value  No Ab    Year  Value  No Ab    Year  Value  No Ab    Year  Value  No Ab    Year  Value  No Ab    Year  Value  No Ab
  ------------------    ------------------    ------------------    ------------------    ------------------    ------------------
                        2000  1.551  37
                        2001  1.654  37
                        2002   .922  37
                        2003  1.087  37
                        2004  1.324  37
                        2005  -.574  37
                        2006  -.120  37
                        2007  -.377  37
                        2008   .225  37
                        2009  -.247  37

                        2010   .353  37
                        2011  1.481  37
                        2012 -1.043  37
  1963 -1.628   1       2013  1.910  37
  1964  -.978   2       2014   .403  37
  1965 -1.498   3       2015   .173  37
  1966 -1.704  11       2016  -.916  37
  1967  -.709  20       2017  -.126  37
  1968  -.510  20       2018   .230  37
  1969   .857  20

  1970  -.563  20
  1971   .404  23
  1972   .472  27
  1973   .556  29
  1974   .270  33
  1975  -.227  35
  1976  1.193  35
  1977  1.130  36
  1978  1.511  36
  1979   .825  37

  1980   .749  37
  1981  -.086  37
  1982   .330  37
  1983 -1.190  37
  1984   .244  37
  1985  -.401  37
  1986 -1.067  37
  1987 -1.080  37
  1988  -.282  37
  1989   .272  37

  1990   .714  37
  1991  -.082  37
  1992  -.207  37
  1993  -.603  37
  1994 -1.018  37
  1995 -3.557  37  2
  1996  -.406  37
  1997  -.541  37
  1998  1.167  37
  1999  -.265  37
------------------------------------------------------------------------------------------------------------------------------------
PART 4:  Master Bar Plot:                                                                          18:11  Fri 01 Oct 2021  Page   4
------------------------------------------------------------------------------------------------------------------------------------
   Year Rel value  Year Rel value  Year Rel value  Year Rel value  Year Rel value  Year Rel value  Year Rel value  Year Rel value
                   2000----------F
                   2001----------G
                   2002--------D
                   2003---------D
                   2004---------E
                   2005--b
                   2006-----@
                   2007---b
                   2008------A
                   2009----a
                   2010-------A
                   2011----------F
                   2012-d
   1963g           2013----------H
   1964-d          2014-------B
   1965f           2015------A
   1966g           2016-d
   1967--c         2017-----a
   1968--b         2018------A
   1969--------C
   1970--b
   1971-------B
   1972-------B
   1973-------B
   1974------A
   1975----a
   1976---------E
   1977---------E
   1978----------F
   1979--------C
   1980--------C
   1981-----@
   1982------A
   1983-e
   1984------A
   1985---b
   1986-d
   1987-d
   1988----a
   1989------A
   1990--------C
   1991-----@
   1992----a
   1993--b
   1994-d
   1995n
   1996---b
   1997--b
   1998---------E
   1999----a
PART 5:  CORRELATION OF SERIES BY SEGMENTS:                                                        18:11  Fri 01 Oct 2021  Page   5
------------------------------------------------------------------------------------------------------------------------------------
 Correlations of  50-year dated segments, lagged  25 years
 Flags:  A = correlation under   .3281 but highest as dated;  B = correlation higher at other than dated position

 Seq Series  Time_span   1950 1975
                         1999 2024
 --- -------- ---------  ---- ---- ---- ---- ---- ---- ---- ---- ---- ---- ---- ---- ---- ---- ---- ---- ---- ---- ---- ----
   1 PL01     1966 2018   .76  .76
   2 PL02     1967 2018   .75  .74
   3 PL03     1966 2018   .87  .88
   4 PL04     1972 2018   .70
   5 PL05     1974 2018   .70
   6 PL06     1967 2018   .53  .52
   7 PL07     1975 2018        .74
   8 PL08     1967 2018   .68  .68
   9 PL09     1972 2018   .71
  10 PL10     1974 2018   .83
  11 PL11     1966 2018   .82  .79
  12 PL12     1967 2018   .51  .52
  13 PL13     1975 2018        .86
  14 PL14     1973 2018   .84
  15 PL15     1967 2018   .88  .88
  16 PL16     1966 2018   .65  .63
  17 PL17     1965 2018   .62  .68
  18 PL18     1967 2018   .73  .72
  19 PL19     1967 2018   .75  .77
  20 PL20     1974 2018   .77
  21 PL21     1972 2018   .67
  22 PL22     1964 2018   .72  .78
  23 PL23     1963 2018   .61  .69
  24 PL24     1966 2018   .70  .67
  25 PL25     1973 2018   .69
  26 PL26     1966 2018   .81  .80
  27 PL27     1974 2018   .80
  28 PL28     1971 2018   .67
  29 PL29     1971 2018   .83
  30 PL30     1971 2018   .56
  31 PL31     1966 2018   .81  .78
  32 PL32     1967 2018   .48  .47
  33 PL33     1967 2018   .82  .83
  34 PL34     1977 2018        .44
  35 PL35     1972 2018   .60
  36 PL36     1966 2018   .76  .74
  37 PL37     1979 2018        .56
 Av segment correlation   .72  .71
PART 6:  POTENTIAL PROBLEMS:                                                                       18:11  Fri 01 Oct 2021  Page   5
------------------------------------------------------------------------------------------------------------------------------------

 For each series with potential problems the following diagnostics may appear:

 [A] Correlations with master dating series of flagged  50-year segments of series filtered with  32-year spline,
     at every point from ten years earlier (-10) to ten years later (+10) than dated

 [B] Effect of those data values which most lower or raise correlation with master series
     Symbol following year indicates value in series is greater (>) or lesser (<) than master series value

 [C] Year-to-year changes very different from the mean change in other series

 [D] Absent rings (zero values)

 [E] Values which are statistical outliers from mean for the year
====================================================================================================================================

 PL01      1966 to  2018      53 years                                                                                    Series   1

 [B] Entire series, effect on correlation (  .745) is:
       Lower   1986< -.038   1985< -.024   1968< -.019   2016> -.013   1983> -.009   2002< -.006  Higher   1995  .022   2012  .017

====================================================================================================================================

 PL02      1967 to  2018      52 years                                                                                    Series   2

 [B] Entire series, effect on correlation (  .747) is:
       Lower   1970< -.036   2015> -.022   1981> -.013   1999> -.013   2004< -.009   1972> -.006  Higher   2012  .027   2005  .017

====================================================================================================================================

 PL03      1966 to  2018      53 years                                                                                    Series   3

 [B] Entire series, effect on correlation (  .867) is:
       Lower   1971< -.018   1968> -.010   1967> -.008   2003< -.007   1981> -.006   2002< -.006  Higher   1995  .032   1966  .009

====================================================================================================================================

 PL04      1972 to  2018      47 years                                                                                    Series   4

 [B] Entire series, effect on correlation (  .696) is:
       Lower   1972< -.087   2015> -.031   2010< -.026   1997> -.011   2014> -.007   1992> -.005  Higher   2012  .051   1995  .024

====================================================================================================================================

 PL05      1974 to  2018      45 years                                                                                    Series   5

 [B] Entire series, effect on correlation (  .699) is:
       Lower   1975< -.091   2005> -.029   2015> -.015   1989< -.013   1987> -.008   1999> -.005  Higher   1995  .083   2012  .037

====================================================================================================================================

 PL06      1967 to  2018      52 years                                                                                    Series   6

 [B] Entire series, effect on correlation (  .521) is:
       Lower   1988< -.062   1997< -.030   1994> -.019   1983> -.019   1982< -.016   1986> -.013  Higher   2012  .054   1995  .036

 [E] Outliers     2   3.0 SD above or -4.5 SD below mean for year
       1988 -5.2 SD;    1995 +3.3 SD
====================================================================================================================================

 PL07      1975 to  2018      44 years                                                                                    Series   7

 [B] Entire series, effect on correlation (  .739) is:
       Lower   1975< -.026   2014> -.015   2005> -.014   1986> -.011   1998< -.011   2007> -.010  Higher   1995  .096   2013  .020

====================================================================================================================================

 PL08      1967 to  2018      52 years                                                                                    Series   8

 [B] Entire series, effect on correlation (  .679) is:
       Lower   1970> -.030   1983> -.023   2013< -.016   2014> -.016   1981> -.012   1972< -.012  Higher   1995  .069   2012  .056

====================================================================================================================================

 PL09      1972 to  2018      47 years                                                                                    Series   9

 [B] Entire series, effect on correlation (  .711) is:
       Lower   1972< -.034   1973< -.023   2012> -.020   2013< -.019   2001< -.013   2018> -.011  Higher   1995  .095   2011  .017

====================================================================================================================================

 PL10      1974 to  2018      45 years                                                                                    Series  10

 [B] Entire series, effect on correlation (  .827) is:
       Lower   1979< -.023   1989< -.013   1975< -.012   1983> -.008   1974< -.008   2007< -.007  Higher   1995  .042   2012  .026

====================================================================================================================================

 PL11      1966 to  2018      53 years                                                                                    Series  11

 [B] Entire series, effect on correlation (  .798) is:
       Lower   1979< -.011   2016< -.009   1999< -.009   2018< -.008   2015> -.008   1975> -.007  Higher   2012  .017   1995  .011

====================================================================================================================================

 PL12      1967 to  2018      52 years                                                                                    Series  12

 [B] Entire series, effect on correlation (  .511) is:
       Lower   1983> -.052   1984< -.034   1970> -.026   1982< -.020   1981> -.019   1986> -.017  Higher   2012  .085   2013  .030

 [E] Outliers     1   3.0 SD above or -4.5 SD below mean for year
       1983 +3.4 SD
====================================================================================================================================

 PL13      1975 to  2018      44 years                                                                                    Series  13

 [B] Entire series, effect on correlation (  .858) is:
       Lower   1991> -.016   2015> -.010   1987< -.009   1986> -.008   1997< -.008   2014< -.006  Higher   1995  .039   2012  .023

====================================================================================================================================

 PL14      1973 to  2018      46 years                                                                                    Series  14

 [B] Entire series, effect on correlation (  .837) is:
       Lower   2012> -.012   1987> -.011   2009> -.008   1989< -.008   2015< -.008   1981> -.006  Higher   1995  .055   2011  .009

====================================================================================================================================

 PL15      1967 to  2018      52 years                                                                                    Series  15

 [B] Entire series, effect on correlation (  .874) is:
       Lower   1998< -.008   1972> -.007   1975> -.007   2018> -.006   2015> -.006   2009> -.005  Higher   1995  .033   2012  .009

====================================================================================================================================

 PL16      1966 to  2018      53 years                                                                                    Series  16

 [B] Entire series, effect on correlation (  .654) is:
       Lower   1995> -.056   2014< -.038   1999> -.017   1987> -.014   1991> -.012   1982< -.008  Higher   1966  .041   2013  .020

====================================================================================================================================

 PL17      1965 to  2018      54 years                                                                                    Series  17

 [B] Entire series, effect on correlation (  .621) is:
       Lower   1966> -.039   1967> -.019   1983> -.016   1973< -.015   1970< -.012   2011< -.010  Higher   1995  .033   2005  .020

====================================================================================================================================

 PL18      1967 to  2018      52 years                                                                                    Series  18

 [B] Entire series, effect on correlation (  .725) is:
       Lower   1970< -.125   1978< -.017   1975> -.008   2005> -.006   2009> -.004   2012> -.003  Higher   1995  .058   2013  .012

 [E] Outliers     1   3.0 SD above or -4.5 SD below mean for year
       1970 -5.8 SD
====================================================================================================================================

 PL19      1967 to  2018      52 years                                                                                    Series  19

 [B] Entire series, effect on correlation (  .752) is:
       Lower   1970> -.040   1981< -.028   1968< -.021   1985> -.009   1983< -.006   1977< -.006  Higher   1995  .027   2013  .016

====================================================================================================================================

 PL20      1974 to  2018      45 years                                                                                    Series  20

 [B] Entire series, effect on correlation (  .771) is:
       Lower   2018< -.094   2016> -.022   2015> -.011   1987> -.007   1999> -.007   2013< -.005  Higher   1995  .078   2005  .017

====================================================================================================================================

 PL21      1972 to  2018      47 years                                                                                    Series  21

 [B] Entire series, effect on correlation (  .666) is:
       Lower   1972< -.075   2017< -.022   2009< -.018   1975> -.013   2016> -.010   1997> -.008  Higher   2012  .031   1995  .021

====================================================================================================================================

 PL22      1964 to  2018      55 years                                                                                    Series  22

 [B] Entire series, effect on correlation (  .699) is:
       Lower   1966> -.060   1983< -.022   2014< -.021   1970> -.019   1967> -.015   1968> -.010  Higher   1995  .052   2005  .013

====================================================================================================================================

 PL23      1963 to  2018      56 years                                                                                    Series  23

 [*] Early part of series cannot be checked from 1963 to 1963 -- not matched by another series

 [B] Entire series, effect on correlation (  .617) is:
       Lower   1966> -.055   1970> -.045   1967> -.018   2010< -.016   1991< -.013   1979< -.013  Higher   1995  .101   2013  .018

 [E] Outliers     2   3.0 SD above or -4.5 SD below mean for year
       1966 +3.2 SD;    1970 +3.1 SD
====================================================================================================================================

 PL24      1966 to  2018      53 years                                                                                    Series  24

 [B] Entire series, effect on correlation (  .691) is:
       Lower   2014< -.062   2012> -.035   1977< -.025   1970> -.016   1978< -.007   1967> -.007  Higher   1995  .070   1966  .036

====================================================================================================================================

 PL25      1973 to  2018      46 years                                                                                    Series  25

 [B] Entire series, effect on correlation (  .693) is:
       Lower   1975< -.054   1980< -.014   1995> -.011   1999> -.011   2018< -.010   2010< -.009  Higher   2013  .021   2000  .017

====================================================================================================================================

 PL26      1966 to  2018      53 years                                                                                    Series  26

 [B] Entire series, effect on correlation (  .815) is:
       Lower   1970< -.034   2015< -.015   1972> -.010   1971< -.009   1985> -.008   1975> -.007  Higher   1966  .020   1995  .013

====================================================================================================================================

 PL27      1974 to  2018      45 years                                                                                    Series  27

 [B] Entire series, effect on correlation (  .849) is:
       Lower   1974< -.032   1986> -.019   1984> -.010   2014> -.008   1997< -.007   2002> -.005  Higher   1995  .049   2012  .025

 [D]    1 Absent rings:  Year   Master  N series Absent
                         1995   -3.557      37       2

====================================================================================================================================

 PL28      1971 to  2018      48 years                                                                                    Series  28

 [B] Entire series, effect on correlation (  .760) is:
       Lower   2015< -.028   1978< -.016   1999> -.013   1975> -.013   1972< -.012   2017> -.011  Higher   1995  .089   2013  .017

 [D]    1 Absent rings:  Year   Master  N series Absent
                         1995   -3.557      37       2

====================================================================================================================================

 PL29      1971 to  2018      48 years                                                                                    Series  29

 [B] Entire series, effect on correlation (  .826) is:
       Lower   1971< -.041   1984< -.009   1982< -.006   1987> -.006   2009> -.006   2005> -.005  Higher   1995  .034   2012  .012

====================================================================================================================================

 PL30      1971 to  2018      48 years                                                                                    Series  30

 [B] Entire series, effect on correlation (  .565) is:
       Lower   1984< -.071   1976< -.056   1991> -.014   1983> -.013   1978< -.013   1982< -.013  Higher   1995  .132   2013  .034

 [C] Year-to-year changes diverging by over 4.0 std deviations:
       1983 1984  -4.1 SD

 [E] Outliers     1   3.0 SD above or -4.5 SD below mean for year
       1984 -6.2 SD
====================================================================================================================================

 PL31      1966 to  2018      53 years                                                                                    Series  31

 [B] Entire series, effect on correlation (  .797) is:
       Lower   1981< -.020   2009> -.012   2002< -.010   1972> -.010   2018< -.009   2008< -.007  Higher   2012  .027   1966  .022

====================================================================================================================================

 PL32      1967 to  2018      52 years                                                                                    Series  32

 [B] Entire series, effect on correlation (  .483) is:
       Lower   1985< -.077   1995> -.036   1986> -.024   1975> -.021   1970> -.020   1990< -.016  Higher   2013  .027   2011  .027

 [C] Year-to-year changes diverging by over 4.0 std deviations:
       1985 1986   4.2 SD

 [E] Outliers     2   3.0 SD above or -4.5 SD below mean for year
       1985 -6.4 SD;    1995 +3.5 SD
====================================================================================================================================

 PL33      1967 to  2018      52 years                                                                                    Series  33

 [B] Entire series, effect on correlation (  .823) is:
       Lower   1977< -.013   1972> -.010   1969< -.009   2007< -.008   2012> -.007   1967< -.007  Higher   1995  .056   2013  .008

====================================================================================================================================

 PL34      1977 to  2018      42 years                                                                                    Series  34

 [B] Entire series, effect on correlation (  .444) is:
       Lower   1977< -.156   1995> -.045   2016> -.021   1978< -.016   1987> -.010   1994> -.009  Higher   2012  .064   2005  .046

====================================================================================================================================

 PL35      1972 to  2018      47 years                                                                                    Series  35

 [B] Entire series, effect on correlation (  .603) is:
       Lower   1972< -.175   1986> -.015   2012> -.014   1979< -.012   1980> -.005   1999> -.005  Higher   2013  .034   1995  .023

 [E] Outliers     1   3.0 SD above or -4.5 SD below mean for year
       1972 -4.6 SD
====================================================================================================================================

 PL36      1966 to  2018      53 years                                                                                    Series  36

 [B] Entire series, effect on correlation (  .758) is:
       Lower   1970> -.019   1979< -.019   1986> -.015   1993< -.008   1992> -.007   2001< -.007  Higher   1966  .027   2012  .024

====================================================================================================================================

 PL37      1979 to  2018      40 years                                                                                    Series  37

 [B] Entire series, effect on correlation (  .560) is:
       Lower   1992< -.056   1980< -.055   1981> -.026   2018< -.017   2000< -.014   1986> -.013  Higher   1995  .080   2013  .044

====================================================================================================================================

 [*] All segments correlate highest as dated with correlation with master series over   .3281
PART 7:  DESCRIPTIVE STATISTICS:                                                                   18:11  Fri 01 Oct 2021  Page   6
------------------------------------------------------------------------------------------------------------------------------------

                                                Corr   //-------- Unfiltered --------\\  //---- Filtered -----\\
                           No.    No.    No.    with   Mean   Max     Std   Auto   Mean   Max     Std   Auto  AR
 Seq Series   Interval   Years  Segmt  Flags   Master  msmt   msmt    dev   corr   sens  value    dev   corr  ()
 --- -------- ---------  -----  -----  -----   ------ -----  -----  -----  -----  -----  -----  -----  -----  --
   1 PL01     1966 2018     53      2      0    .745   2.44   6.99  1.996   .891   .372   2.59   .508   .122   2
   2 PL02     1967 2018     52      2      0    .747   1.71   4.55  1.276   .880   .312   2.61   .554   .028   2
   3 PL03     1966 2018     53      2      0    .867   2.21   5.41  1.219   .740   .315   2.64   .468   .045   2
   4 PL04     1972 2018     47      1      0    .696   1.71   7.47  2.026   .926   .341   2.83   .645  -.107   2
   5 PL05     1974 2018     45      1      0    .699   2.44   7.88  1.964   .860   .377   2.68   .527  -.017   2
   6 PL06     1967 2018     52      2      0    .521   1.36   4.53  1.052   .870   .397   2.95   .648  -.029   1
   7 PL07     1975 2018     44      1      0    .739   1.63   5.54  1.397   .824   .459   2.64   .483  -.019   3
   8 PL08     1967 2018     52      2      0    .679   2.37   5.89  1.624   .875   .351   2.61   .531   .021   1
   9 PL09     1972 2018     47      1      0    .711   1.80   7.10  1.985   .920   .364   2.79   .528   .144   2
  10 PL10     1974 2018     45      1      0    .827   2.66   9.86  2.544   .947   .299   2.94   .638  -.045   1
  11 PL11     1966 2018     53      2      0    .798   1.98   4.94  1.203   .812   .381   2.58   .532  -.086   1
  12 PL12     1967 2018     52      2      0    .511   1.85   4.52  1.087   .803   .324   2.70   .576  -.159   1
  13 PL13     1975 2018     44      1      0    .858   1.77   7.45  1.940   .959   .386   2.75   .614  -.157   1
  14 PL14     1973 2018     46      1      0    .837   2.87   9.67  1.892   .830   .308   2.71   .519  -.077   3
  15 PL15     1967 2018     52      2      0    .874   1.65   4.87  1.076   .791   .371   2.58   .578   .024   2
  16 PL16     1966 2018     53      2      0    .654   2.17   8.86  2.199   .903   .282   2.72   .602  -.049   1
  17 PL17     1965 2018     54      2      0    .621   1.99   6.09  1.330   .796   .318   2.77   .614  -.027   1
  18 PL18     1967 2018     52      2      0    .725   2.41   5.12   .930   .295   .374   2.58   .417  -.030   1
  19 PL19     1967 2018     52      2      0    .752   2.04   5.71  1.589   .792   .434   2.79   .610  -.014   2
  20 PL20     1974 2018     45      1      0    .771   1.94   8.36  2.030   .918   .414   2.57   .523  -.037   2
  21 PL21     1972 2018     47      1      0    .666   1.34   6.11  1.582   .948   .360   2.91   .676  -.032   2
  22 PL22     1964 2018     55      2      0    .699   1.83   5.64  1.172   .837   .341   2.67   .537  -.095   1
  23 PL23     1963 2018     56      2      0    .617   1.74   4.92  1.125   .790   .416   2.53   .438  -.019   4
  24 PL24     1966 2018     53      2      0    .691   1.55   4.42  1.015   .834   .369   2.84   .600  -.082   1
  25 PL25     1973 2018     46      1      0    .693   1.56   5.98  1.685   .942   .365   2.88   .589  -.141   2
  26 PL26     1966 2018     53      2      0    .815   1.88   6.06  1.181   .604   .472   2.79   .597   .063   2
  27 PL27     1974 2018     45      1      0    .849   1.93   5.83  1.511   .920   .365   2.62   .557  -.059   1
  28 PL28     1971 2018     48      1      0    .760   1.57   6.64  1.550   .909   .354   2.65   .479  -.021   3
  29 PL29     1971 2018     48      1      0    .826   1.68   5.17  1.321   .882   .370   2.52   .468  -.120   3
  30 PL30     1971 2018     48      1      0    .565   1.68   7.89  1.802   .910   .343   2.78   .553  -.066   3
  31 PL31     1966 2018     53      2      0    .797   1.61   4.96  1.301   .831   .409   2.76   .598  -.092   2
  32 PL32     1967 2018     52      2      0    .483   1.82   6.38  1.630   .894   .355   2.63   .487  -.100   1
  33 PL33     1967 2018     52      2      0    .823   2.22   5.55  1.317   .693   .404   2.56   .472   .071   1
  34 PL34     1977 2018     42      1      0    .444   1.45   4.82  1.218   .896   .312   2.77   .600  -.054   3
  35 PL35     1972 2018     47      1      0    .603   2.48   7.42  1.920   .925   .301   2.75   .476  -.113   1
  36 PL36     1966 2018     53      2      0    .758   2.23   5.66  1.588   .929   .275   2.45   .482  -.104   1
  37 PL37     1979 2018     40      1      0    .560   1.92   4.77   .994   .796   .269   2.92   .621   .057   2
 --- -------- ---------  -----  -----  -----   ------ -----  -----  -----  -----  -----  -----  -----  -----  --
 Total or mean:           1831     57      0    .711   1.93   9.86  1.509   .839   .359   2.95   .549  -.037

                                              - = [  COFECHA PORTUCOF  ] = -
