[]  Dendrochronology Program Library                                        Run FINAL  Program COF  18:17  Fri 01 Oct 2021  Page   1
[]
[]  P R O G R A M      C O F E C H A                                                                          Version 6.06P    31687
------------------------------------------------------------------------------------------------------------------------------------

 QUALITY CONTROL AND DATING CHECK OF TREE-RING MEASUREMENTS

 File of DATED series:   6-Portugos_LOW_PISY_cores.rwl

 CONTENTS:

    Part 1:  Title page, options selected, summary, absent rings by series
    Part 2:  Histogram of time spans
    Part 3:  Master series with sample depth and absent rings by year
    Part 4:  Bar plot of Master Dating Series
    Part 5:  Correlation by segment of each series with Master
    Part 6:  Potential problems: low correlation, divergent year-to-year changes, absent rings, outliers
    Part 7:  Descriptive statistics

 RUN CONTROL OPTIONS SELECTED                             VALUE

         1  Cubic smoothing spline 50% wavelength cutoff for filtering
                                                            32 years
         2  Segments examined are                           50 years lagged successively by  25 years
         3  Autoregressive model applied                     A  Residuals are used in master dating series and testing
         4  Series transformed to logarithms                 Y  Each series log-transformed for master dating series and testing
         5  CORRELATION is Pearson (parametric, quantitative)
            Critical correlation, 99% confidence level   .3281
         6  Master dating series saved                       N
         7  Ring measurements listed                         N
         8  Parts printed                              1234567 
         9  Absent rings are omitted from master series and segment correlations  (Y)

 Time span of Master dating series is  1963 to  2018    56 years
 Continuous time span is               1963 to  2018    56 years
 Portion with two or more series is    1963 to  2018    56 years


                                        ****************************************
                                        *C* Number of dated series        77 *C*
                                        *O* Master series 1963 2018   56 yrs *O*
                                        *F* Total rings in all series   3770 *F*
                                        *E* Total dated rings checked   3770 *E*
                                        *C* Series intercorrelation     .686 *C*
                                        *H* Average mean sensitivity    .380 *H*
                                        *A* Segments, possible problems    1 *A*
                                        *** Mean length of series       49.0 ***
                                        ****************************************

 ABSENT RINGS listed by SERIES:            (See Master Dating Series for absent rings listed by year)

 PL08B       1 absent rings:   1995
 PL0902      1 absent rings:   1995
 PL11A       1 absent rings:   1995
 PL2002      1 absent rings:   1995
 PL22A       1 absent rings:   1995
 PL2701      1 absent rings:   1995
 PL2702      1 absent rings:   1995
 PL2801      1 absent rings:   1995
 PL2802      1 absent rings:   1995
 PL2901      1 absent rings:   1995

            10 absent rings    .265%
PART 2:  TIME PLOT OF TREE-RING SERIES:                                                            18:17  Fri 01 Oct 2021  Page   2
------------------------------------------------------------------------------------------------------------------------------------
 1050 1100 1150 1200 1250 1300 1350 1400 1450 1500 1550 1600 1650 1700 1750 1800 1850 1900 1950 2000 2050 Ident   Seq Time-span  Yrs
   :    :    :    :    :    :    :    :    :    :    :    :    :    :    :    :    :    :    :    :    : -------- --- ---- ---- ----
   .    .    .    .    .    .    .    .    .    .    .    .    .    .    .    .    .    .    .<====>   . PL01A      1 1966 2018   53
   .    .    .    .    .    .    .    .    .    .    .    .    .    .    .    .    .    .    .<====>   . PL01B      2 1966 2018   53
   .    .    .    .    .    .    .    .    .    .    .    .    .    .    .    .    .    .    .<====>   . PL02C      3 1968 2018   51
   .    .    .    .    .    .    .    .    .    .    .    .    .    .    .    .    .    .    .<====>   . PL02D      4 1967 2018   52
   .    .    .    .    .    .    .    .    .    .    .    .    .    .    .    .    .    .    .<====>   . PL03A      5 1966 2018   53
   .    .    .    .    .    .    .    .    .    .    .    .    .    .    .    .    .    .    .<====>   . PL03B      6 1966 2018   53
   .    .    .    .    .    .    .    .    .    .    .    .    .    .    .    .    .    .    . <===>   . PL0401     7 1974 2018   45
   .    .    .    .    .    .    .    .    .    .    .    .    .    .    .    .    .    .    . <===>   . PL0402     8 1972 2018   47
   .    .    .    .    .    .    .    .    .    .    .    .    .    .    .    .    .    .    . <===>   . PL0501     9 1976 2018   43
   .    .    .    .    .    .    .    .    .    .    .    .    .    .    .    .    .    .    . <===>   . PL0502    10 1974 2018   45
   .    .    .    .    .    .    .    .    .    .    .    .    .    .    .    .    .    .    .<====>   . PL06A     11 1967 2018   52
   .    .    .    .    .    .    .    .    .    .    .    .    .    .    .    .    .    .    .<====>   . PL06B     12 1967 2018   52
   .    .    .    .    .    .    .    .    .    .    .    .    .    .    .    .    .    .    . <===>   . PL0701    13 1975 2018   44
   .    .    .    .    .    .    .    .    .    .    .    .    .    .    .    .    .    .    . <===>   . PL0702    14 1977 2018   42
   .    .    .    .    .    .    .    .    .    .    .    .    .    .    .    .    .    .    .<====>   . PL08A     15 1967 2018   52
   .    .    .    .    .    .    .    .    .    .    .    .    .    .    .    .    .    .    .<====>   . PL08B     16 1967 2018   52
   .    .    .    .    .    .    .    .    .    .    .    .    .    .    .    .    .    .    . <===>   . PL0901    17 1977 2018   42
   .    .    .    .    .    .    .    .    .    .    .    .    .    .    .    .    .    .    . <===>   . PL0902    18 1972 2018   47
   .    .    .    .    .    .    .    .    .    .    .    .    .    .    .    .    .    .    . <===>   . PL1001    19 1976 2018   43
   .    .    .    .    .    .    .    .    .    .    .    .    .    .    .    .    .    .    . <===>   . PL1002    20 1974 2018   45
   .    .    .    .    .    .    .    .    .    .    .    .    .    .    .    .    .    .    .<====>   . PL11A     21 1966 2018   53
   .    .    .    .    .    .    .    .    .    .    .    .    .    .    .    .    .    .    .<====>   . PL11B     22 1966 2018   53
   .    .    .    .    .    .    .    .    .    .    .    .    .    .    .    .    .    .    .<====>   . PL12A     23 1967 2018   52
   .    .    .    .    .    .    .    .    .    .    .    .    .    .    .    .    .    .    .<====>   . PL12B     24 1967 2018   52
   .    .    .    .    .    .    .    .    .    .    .    .    .    .    .    .    .    .    .<====>   . PL12C     25 1968 2018   51
   .    .    .    .    .    .    .    .    .    .    .    .    .    .    .    .    .    .    . <===>   . PL1301    26 1975 2018   44
   .    .    .    .    .    .    .    .    .    .    .    .    .    .    .    .    .    .    . <===>   . PL1302    27 1976 2018   43
   .    .    .    .    .    .    .    .    .    .    .    .    .    .    .    .    .    .    . <===>   . PL1401    28 1973 2018   46
   .    .    .    .    .    .    .    .    .    .    .    .    .    .    .    .    .    .    . <===>   . PL1402    29 1977 2018   42
   .    .    .    .    .    .    .    .    .    .    .    .    .    .    .    .    .    .    .<====>   . PL15A     30 1967 2018   52
   .    .    .    .    .    .    .    .    .    .    .    .    .    .    .    .    .    .    .<====>   . PL15B     31 1967 2018   52
   .    .    .    .    .    .    .    .    .    .    .    .    .    .    .    .    .    .    .<====>   . PL16A     32 1966 2018   53
   .    .    .    .    .    .    .    .    .    .    .    .    .    .    .    .    .    .    .<====>   . PL16B     33 1966 2018   53
   .    .    .    .    .    .    .    .    .    .    .    .    .    .    .    .    .    .    .<====>   . PL17A     34 1965 2018   54
   .    .    .    .    .    .    .    .    .    .    .    .    .    .    .    .    .    .    .<====>   . PL17B     35 1965 2018   54
   .    .    .    .    .    .    .    .    .    .    .    .    .    .    .    .    .    .    .<====>   . PL18A     36 1967 2018   52
   .    .    .    .    .    .    .    .    .    .    .    .    .    .    .    .    .    .    .<====>   . PL18B     37 1967 2018   52
   .    .    .    .    .    .    .    .    .    .    .    .    .    .    .    .    .    .    .<====>   . PL19B     38 1967 2018   52
   .    .    .    .    .    .    .    .    .    .    .    .    .    .    .    .    .    .    .<====>   . PL19C     39 1967 2018   52
   .    .    .    .    .    .    .    .    .    .    .    .    .    .    .    .    .    .    . <===>   . PL2001    40 1974 2018   45
   .    .    .    .    .    .    .    .    .    .    .    .    .    .    .    .    .    .    . <===>   . PL2002    41 1975 2018   44
   .    .    .    .    .    .    .    .    .    .    .    .    .    .    .    .    .    .    . <===>   . PL2101    42 1978 2018   41
   .    .    .    .    .    .    .    .    .    .    .    .    .    .    .    .    .    .    . <===>   . PL2102    43 1972 2018   47
   .    .    .    .    .    .    .    .    .    .    .    .    .    .    .    .    .    .    .<====>   . PL22A     44 1964 2018   55
   .    .    .    .    .    .    .    .    .    .    .    .    .    .    .    .    .    .    .<====>   . PL22B     45 1964 2018   55
   .    .    .    .    .    .    .    .    .    .    .    .    .    .    .    .    .    .    .<====>   . PL23A     46 1963 2018   56
   .    .    .    .    .    .    .    .    .    .    .    .    .    .    .    .    .    .    .<====>   . PL23B     47 1963 2018   56
   .    .    .    .    .    .    .    .    .    .    .    .    .    .    .    .    .    .    .<====>   . PL24A     48 1966 2018   53
   .    .    .    .    .    .    .    .    .    .    .    .    .    .    .    .    .    .    .<====>   . PL24B     49 1966 2018   53
   .    .    .    .    .    .    .    .    .    .    .    .    .    .    .    .    .    .    . <===>   . PL2501    50 1973 2018   46
   :    :    :    :    :    :    :    :    :    :    :    :    :    :    :    :    :    :    :    :    :
 1050 1100 1150 1200 1250 1300 1350 1400 1450 1500 1550 1600 1650 1700 1750 1800 1850 1900 1950 2000 2050
PART 2:  TIME PLOT OF TREE-RING SERIES:                                                            18:17  Fri 01 Oct 2021  Page   3
------------------------------------------------------------------------------------------------------------------------------------
 1050 1100 1150 1200 1250 1300 1350 1400 1450 1500 1550 1600 1650 1700 1750 1800 1850 1900 1950 2000 2050 Ident   Seq Time-span  Yrs
   :    :    :    :    :    :    :    :    :    :    :    :    :    :    :    :    :    :    :    :    : -------- --- ---- ---- ----
   .    .    .    .    .    .    .    .    .    .    .    .    .    .    .    .    .    .    . <===>   . PL2502    51 1974 2018   45
   .    .    .    .    .    .    .    .    .    .    .    .    .    .    .    .    .    .    .<====>   . PL26A     52 1966 2018   53
   .    .    .    .    .    .    .    .    .    .    .    .    .    .    .    .    .    .    .<====>   . PL26B     53 1966 2018   53
   .    .    .    .    .    .    .    .    .    .    .    .    .    .    .    .    .    .    . <===>   . PL2701    54 1974 2018   45
   .    .    .    .    .    .    .    .    .    .    .    .    .    .    .    .    .    .    . <===>   . PL2702    55 1974 2018   45
   .    .    .    .    .    .    .    .    .    .    .    .    .    .    .    .    .    .    . <===>   . PL2801    56 1971 2018   48
   .    .    .    .    .    .    .    .    .    .    .    .    .    .    .    .    .    .    . <===>   . PL2802    57 1973 2018   46
   .    .    .    .    .    .    .    .    .    .    .    .    .    .    .    .    .    .    . <===>   . PL2901    58 1973 2018   46
   .    .    .    .    .    .    .    .    .    .    .    .    .    .    .    .    .    .    . <===>   . PL2902    59 1971 2018   48
   .    .    .    .    .    .    .    .    .    .    .    .    .    .    .    .    .    .    . <===>   . PL3001    60 1972 2018   47
   .    .    .    .    .    .    .    .    .    .    .    .    .    .    .    .    .    .    . <===>   . PL3002    61 1971 2018   48
   .    .    .    .    .    .    .    .    .    .    .    .    .    .    .    .    .    .    .<====>   . PL31A     62 1966 2018   53
   .    .    .    .    .    .    .    .    .    .    .    .    .    .    .    .    .    .    .<====>   . PL31B     63 1966 2018   53
   .    .    .    .    .    .    .    .    .    .    .    .    .    .    .    .    .    .    .<====>   . PL31C     64 1966 2018   53
   .    .    .    .    .    .    .    .    .    .    .    .    .    .    .    .    .    .    .<====>   . PL32A     65 1967 2018   52
   .    .    .    .    .    .    .    .    .    .    .    .    .    .    .    .    .    .    .<====>   . PL32B     66 1967 2018   52
   .    .    .    .    .    .    .    .    .    .    .    .    .    .    .    .    .    .    .<====>   . PL33A     67 1967 2018   52
   .    .    .    .    .    .    .    .    .    .    .    .    .    .    .    .    .    .    .<====>   . PL33B     68 1967 2018   52
   .    .    .    .    .    .    .    .    .    .    .    .    .    .    .    .    .    .    .<====>   . PL33c     69 1968 2018   51
   .    .    .    .    .    .    .    .    .    .    .    .    .    .    .    .    .    .    . <===>   . PL3401    70 1977 2018   42
   .    .    .    .    .    .    .    .    .    .    .    .    .    .    .    .    .    .    .  <==>   . PL3402    71 1980 2018   39
   .    .    .    .    .    .    .    .    .    .    .    .    .    .    .    .    .    .    . <===>   . PL3501    72 1972 2018   47
   .    .    .    .    .    .    .    .    .    .    .    .    .    .    .    .    .    .    . <===>   . PL3502    73 1974 2018   45
   .    .    .    .    .    .    .    .    .    .    .    .    .    .    .    .    .    .    .<====>   . PL36A     74 1966 2018   53
   .    .    .    .    .    .    .    .    .    .    .    .    .    .    .    .    .    .    .<====>   . PL36B     75 1966 2018   53
   .    .    .    .    .    .    .    .    .    .    .    .    .    .    .    .    .    .    . <===>   . PL3701    76 1979 2018   40
   .    .    .    .    .    .    .    .    .    .    .    .    .    .    .    .    .    .    .  <==>   . PL3702    77 1981 2010   30
   :    :    :    :    :    :    :    :    :    :    :    :    :    :    :    :    :    :    :    :    :
 1050 1100 1150 1200 1250 1300 1350 1400 1450 1500 1550 1600 1650 1700 1750 1800 1850 1900 1950 2000 2050
PART 3:  Master Dating Series:                                                                     18:17  Fri 01 Oct 2021  Page   4
------------------------------------------------------------------------------------------------------------------------------------
  Year  Value  No Ab    Year  Value  No Ab    Year  Value  No Ab    Year  Value  No Ab    Year  Value  No Ab    Year  Value  No Ab
  ------------------    ------------------    ------------------    ------------------    ------------------    ------------------
                        2000  1.560  77
                        2001  1.665  77
                        2002   .925  77
                        2003  1.109  77
                        2004  1.361  77
                        2005  -.554  77
                        2006  -.098  77
                        2007  -.376  77
                        2008   .207  77
                        2009  -.218  77

                        2010   .399  77
                        2011  1.457  76
                        2012 -1.037  76
  1963 -1.766   2       2013  1.830  76
  1964 -1.008   4       2014   .381  76
  1965 -1.594   6       2015   .154  76
  1966 -1.851  23       2016  -.860  76
  1967  -.618  40       2017  -.081  76
  1968  -.665  43       2018   .146  76
  1969   .771  43

  1970  -.665  43
  1971   .526  46
  1972   .747  51
  1973   .617  55
  1974   .341  63
  1975  -.087  66
  1976  1.114  69
  1977  1.064  73
  1978  1.485  74
  1979   .721  75

  1980   .741  76
  1981  -.169  77
  1982   .307  77
  1983 -1.227  77
  1984   .253  77
  1985  -.397  77
  1986 -1.028  77
  1987 -1.051  77
  1988  -.285  77
  1989   .252  77

  1990   .707  77
  1991  -.063  77
  1992  -.177  77
  1993  -.548  77
  1994  -.956  77
  1995 -3.452  77 10
  1996  -.393  77
  1997  -.524  77
  1998  1.179  77
  1999  -.266  77
------------------------------------------------------------------------------------------------------------------------------------
PART 4:  Master Bar Plot:                                                                          18:17  Fri 01 Oct 2021  Page   5
------------------------------------------------------------------------------------------------------------------------------------
   Year Rel value  Year Rel value  Year Rel value  Year Rel value  Year Rel value  Year Rel value  Year Rel value  Year Rel value
                   2000----------F
                   2001----------G
                   2002--------D
                   2003---------D
                   2004----------E
                   2005--b
                   2006-----@
                   2007---b
                   2008------A
                   2009----a
                   2010-------B
                   2011----------F
                   2012-d
   1963g           2013----------G
   1964-d          2014------B
   1965f           2015------A
   1966g           2016-c
   1967--b         2017-----@
   1968--c         2018------A
   1969--------C
   1970--c
   1971-------B
   1972--------C
   1973-------B
   1974------A
   1975-----@
   1976---------D
   1977---------D
   1978----------F
   1979--------C
   1980--------C
   1981----a
   1982------A
   1983-e
   1984------A
   1985---b
   1986-d
   1987-d
   1988----a
   1989------A
   1990--------C
   1991-----@
   1992----a
   1993--b
   1994-d
   1995n
   1996---b
   1997--b
   1998---------E
   1999----a
PART 5:  CORRELATION OF SERIES BY SEGMENTS:                                                        18:17  Fri 01 Oct 2021  Page   5
------------------------------------------------------------------------------------------------------------------------------------
 Correlations of  50-year dated segments, lagged  25 years
 Flags:  A = correlation under   .3281 but highest as dated;  B = correlation higher at other than dated position

 Seq Series  Time_span   1950 1975
                         1999 2024
 --- -------- ---------  ---- ---- ---- ---- ---- ---- ---- ---- ---- ---- ---- ---- ---- ---- ---- ---- ---- ---- ---- ----
   1 PL01A    1966 2018   .69  .71
   2 PL01B    1966 2018   .80  .80
   3 PL02C    1968 2018   .61  .60
   4 PL02D    1967 2018   .77  .76
   5 PL03A    1966 2018   .85  .86
   6 PL03B    1966 2018   .77  .81
   7 PL0401   1974 2018   .79
   8 PL0402   1972 2018   .48
   9 PL0501   1976 2018        .77
  10 PL0502   1974 2018   .62
  11 PL06A    1967 2018   .54  .52
  12 PL06B    1967 2018   .54  .53
  13 PL0701   1975 2018        .74
  14 PL0702   1977 2018        .66
  15 PL08A    1967 2018   .56  .64
  16 PL08B    1967 2018   .53  .51
  17 PL0901   1977 2018        .73
  18 PL0902   1972 2018   .65
  19 PL1001   1976 2018        .65
  20 PL1002   1974 2018   .76
  21 PL11A    1966 2018   .77  .71
  22 PL11B    1966 2018   .83  .81
  23 PL12A    1967 2018   .49  .49
  24 PL12B    1967 2018   .48  .47
  25 PL12C    1968 2018   .45  .45
  26 PL1301   1975 2018        .65
  27 PL1302   1976 2018        .79
  28 PL1401   1973 2018   .83
  29 PL1402   1977 2018        .69
  30 PL15A    1967 2018   .90  .90
  31 PL15B    1967 2018   .81  .80
  32 PL16A    1966 2018   .64  .62
  33 PL16B    1966 2018   .66  .63
  34 PL17A    1965 2018   .62  .68
  35 PL17B    1965 2018   .62  .67
  36 PL18A    1967 2018   .71  .71
  37 PL18B    1967 2018   .76  .76
  38 PL19B    1967 2018   .78  .79
  39 PL19C    1967 2018   .75  .75
  40 PL2001   1974 2018   .76
  41 PL2002   1975 2018        .69
  42 PL2101   1978 2018        .63
  43 PL2102   1972 2018   .71
  44 PL22A    1964 2018   .62  .69
  45 PL22B    1964 2018   .68  .74
  46 PL23A    1963 2018   .58  .65
  47 PL23B    1963 2018   .63  .72
  48 PL24A    1966 2018   .77  .75
  49 PL24B    1966 2018   .64  .60
  50 PL2501   1973 2018   .64
  51 PL2502   1974 2018   .60
  52 PL26A    1966 2018   .86  .86
  53 PL26B    1966 2018   .81  .81
  54 PL2701   1974 2018   .74
  55 PL2702   1974 2018   .79
  56 PL2801   1971 2018   .72
  57 PL2802   1973 2018   .58
  58 PL2901   1973 2018   .77
  59 PL2902   1971 2018   .75
  60 PL3001   1972 2018   .38
  61 PL3002   1971 2018   .59
  62 PL31A    1966 2018   .80  .74
  63 PL31B    1966 2018   .81  .79
  64 PL31C    1966 2018   .82  .81
  65 PL32A    1967 2018   .46  .45
  66 PL32B    1967 2018   .51  .50
  67 PL33A    1967 2018   .85  .84
  68 PL33B    1967 2018   .69  .68
  69 PL33c    1968 2018   .81  .81
  70 PL3401   1977 2018        .47
  71 PL3402   1980 2018        .56
  72 PL3501   1972 2018   .56
  73 PL3502   1974 2018   .71
  74 PL36A    1966 2018   .76  .73
  75 PL36B    1966 2018   .71  .67
  76 PL3701   1979 2018        .59
  77 PL3702   1981 2010        .31B
 Av segment correlation   .68  .68
PART 6:  POTENTIAL PROBLEMS:                                                                       18:17  Fri 01 Oct 2021  Page   6
------------------------------------------------------------------------------------------------------------------------------------

 For each series with potential problems the following diagnostics may appear:

 [A] Correlations with master dating series of flagged  50-year segments of series filtered with  32-year spline,
     at every point from ten years earlier (-10) to ten years later (+10) than dated

 [B] Effect of those data values which most lower or raise correlation with master series
     Symbol following year indicates value in series is greater (>) or lesser (<) than master series value

 [C] Year-to-year changes very different from the mean change in other series

 [D] Absent rings (zero values)

 [E] Values which are statistical outliers from mean for the year
====================================================================================================================================

 PL01A     1966 to  2018      53 years                                                                                    Series   1

 [B] Entire series, effect on correlation (  .673) is:
       Lower   1968< -.043   1985< -.040   2016> -.020   1983> -.017   2015> -.005   1970> -.005  Higher   2012  .025   2005  .019

 [E] Outliers     1   3.0 SD above or -4.5 SD below mean for year
       1968 -5.1 SD
====================================================================================================================================

 PL01B     1966 to  2018      53 years                                                                                    Series   2

 [B] Entire series, effect on correlation (  .796) is:
       Lower   1986< -.056   2002< -.010   2006< -.008   2012> -.006   1966> -.005   1993> -.004  Higher   1995  .050   2011  .009

====================================================================================================================================

 PL02C     1968 to  2018      51 years                                                                                    Series   3

 [B] Entire series, effect on correlation (  .609) is:
       Lower   1970< -.108   1981> -.022   1999> -.012   2010< -.010   2004< -.008   1971< -.008  Higher   2013  .029   2005  .017

 [E] Outliers     1   3.0 SD above or -4.5 SD below mean for year
       1970 -5.4 SD
====================================================================================================================================

 PL02D     1967 to  2018      52 years                                                                                    Series   4

 [B] Entire series, effect on correlation (  .761) is:
       Lower   1986< -.026   2015> -.019   1999> -.013   1981> -.010   1983> -.008   2016> -.007  Higher   1995  .031   2012  .029

====================================================================================================================================

 PL03A     1966 to  2018      53 years                                                                                    Series   5

 [B] Entire series, effect on correlation (  .854) is:
       Lower   1968> -.021   1971< -.019   2014< -.009   1981> -.008   2003< -.007   2006< -.005  Higher   1995  .024   1966  .020

====================================================================================================================================

 PL03B     1966 to  2018      53 years                                                                                    Series   6

 [B] Entire series, effect on correlation (  .771) is:
       Lower   1967> -.014   1966> -.013   2002< -.013   1998< -.013   1971< -.009   2012> -.008  Higher   1995  .053   2013  .017

====================================================================================================================================

 PL0401    1974 to  2018      45 years                                                                                    Series   7

 [B] Entire series, effect on correlation (  .787) is:
       Lower   2010< -.028   1981> -.026   1975< -.012   2015> -.012   1997> -.010   2005> -.009  Higher   1995  .067   2012  .015

====================================================================================================================================

 PL0402    1972 to  2018      47 years                                                                                    Series   8

 [B] Entire series, effect on correlation (  .479) is:
       Lower   1972< -.173   2015> -.031   1983> -.027   2011< -.015   1997> -.008   1980< -.007  Higher   2012  .047   2005  .038

 [E] Outliers     1   3.0 SD above or -4.5 SD below mean for year
       1972 -4.9 SD
====================================================================================================================================

 PL0501    1976 to  2018      43 years                                                                                    Series   9

 [B] Entire series, effect on correlation (  .774) is:
       Lower   2015> -.024   2005> -.023   1998< -.019   2013< -.015   1979> -.013   1987> -.010  Higher   1995  .083   2012  .033

====================================================================================================================================

 PL0502    1974 to  2018      45 years                                                                                    Series  10

 [B] Entire series, effect on correlation (  .620) is:
       Lower   2005> -.048   1975< -.038   1981> -.019   1999> -.014   1989< -.013   2009> -.012  Higher   1995  .109   2012  .032

====================================================================================================================================

 PL06A     1967 to  2018      52 years                                                                                    Series  11

 [B] Entire series, effect on correlation (  .535) is:
       Lower   1988< -.075   1986> -.027   1997< -.024   1983> -.017   1994> -.013   1981> -.013  Higher   2012  .042   2013  .031

 [E] Outliers     1   3.0 SD above or -4.5 SD below mean for year
       1988 -4.7 SD
====================================================================================================================================

 PL06B     1967 to  2018      52 years                                                                                    Series  12

 [B] Entire series, effect on correlation (  .529) is:
       Lower   1988< -.040   1998< -.027   1994> -.027   1982< -.025   1983> -.017   1970> -.014  Higher   1995  .080   2013  .034

====================================================================================================================================

 PL0701    1975 to  2018      44 years                                                                                    Series  13

 [B] Entire series, effect on correlation (  .740) is:
       Lower   2014> -.020   1975< -.017   2005> -.011   2007> -.010   2012> -.010   1983> -.009  Higher   1995  .100   2013  .018

====================================================================================================================================

 PL0702    1977 to  2018      42 years                                                                                    Series  14

 [B] Entire series, effect on correlation (  .664) is:
       Lower   1987< -.080   1986> -.022   2005> -.022   2018< -.016   1997< -.013   2011< -.010  Higher   1995  .091   2013  .028

====================================================================================================================================

 PL08A     1967 to  2018      52 years                                                                                    Series  15

 [B] Entire series, effect on correlation (  .561) is:
       Lower   1968< -.078   1983> -.028   2014> -.022   1981> -.019   1978< -.017   1977< -.016  Higher   2012  .062   1995  .056

 [E] Outliers     1   3.0 SD above or -4.5 SD below mean for year
       1968 -6.1 SD
====================================================================================================================================

 PL08B     1967 to  2018      52 years                                                                                    Series  16

 [B] Entire series, effect on correlation (  .611) is:
       Lower   2009< -.040   1970> -.032   1972< -.018   2013< -.017   1974< -.012   1983> -.011  Higher   1995  .090   2012  .044

 [D]    1 Absent rings:  Year   Master  N series Absent
                         1995   -3.452      77      10

====================================================================================================================================

 PL0901    1977 to  2018      42 years                                                                                    Series  17

 [B] Entire series, effect on correlation (  .735) is:
       Lower   2013< -.043   1977< -.024   1988< -.013   1981> -.012   1996< -.011   2017> -.009  Higher   1995  .103   2011  .018

====================================================================================================================================

 PL0902    1972 to  2018      47 years                                                                                    Series  18

 [B] Entire series, effect on correlation (  .737) is:
       Lower   1972< -.046   2018> -.016   2001< -.015   1996< -.010   2009< -.010   1986> -.009  Higher   1995  .089   2000  .015

 [D]    1 Absent rings:  Year   Master  N series Absent
                         1995   -3.452      77      10

====================================================================================================================================

 PL1001    1976 to  2018      43 years                                                                                    Series  19

 [B] Entire series, effect on correlation (  .648) is:
       Lower   1979< -.178   1983> -.017   1978< -.013   1982> -.007   1985> -.005   2007< -.004  Higher   1995  .050   2013  .034

 [E] Outliers     1   3.0 SD above or -4.5 SD below mean for year
       1979 -4.9 SD
====================================================================================================================================

 PL1002    1974 to  2018      45 years                                                                                    Series  20

 [B] Entire series, effect on correlation (  .761) is:
       Lower   1989< -.020   1975< -.016   1974< -.014   2014> -.013   2017< -.011   1978< -.009  Higher   2012  .039   2013  .016

====================================================================================================================================

 PL11A     1966 to  2018      53 years                                                                                    Series  21

 [B] Entire series, effect on correlation (  .760) is:
       Lower   2016< -.020   2005> -.019   1974< -.018   1987> -.011   2009> -.010   2015> -.008  Higher   1966  .033   2012  .023

 [D]    1 Absent rings:  Year   Master  N series Absent
                         1995   -3.452      77      10

====================================================================================================================================

 PL11B     1966 to  2018      53 years                                                                                    Series  22

 [B] Entire series, effect on correlation (  .829) is:
       Lower   1979< -.014   1981> -.008   2014> -.008   1975> -.007   1970> -.006   1998< -.006  Higher   1966  .020   2005  .009

====================================================================================================================================

 PL12A     1967 to  2018      52 years                                                                                    Series  23

 [B] Entire series, effect on correlation (  .481) is:
       Lower   1983> -.034   1986> -.033   1970> -.032   1981> -.020   1976< -.019   1967< -.015  Higher   2012  .067   2013  .023

====================================================================================================================================

 PL12B     1967 to  2018      52 years                                                                                    Series  24

 [B] Entire series, effect on correlation (  .473) is:
       Lower   1983> -.052   1984< -.038   1970> -.028   2016> -.025   1988< -.011   1986> -.011  Higher   2012  .100   2005  .025

 [E] Outliers     1   3.0 SD above or -4.5 SD below mean for year
       1983 +3.4 SD
====================================================================================================================================

 PL12C     1968 to  2018      51 years                                                                                    Series  25

 [B] Entire series, effect on correlation (  .454) is:
       Lower   1984< -.055   1982< -.051   1983> -.049   1969< -.023   1981> -.019   1970> -.013  Higher   2012  .035   2013  .034

 [E] Outliers     1   3.0 SD above or -4.5 SD below mean for year
       1983 +3.0 SD
====================================================================================================================================

 PL1301    1975 to  2018      44 years                                                                                    Series  26

 [B] Entire series, effect on correlation (  .649) is:
       Lower   1976< -.029   2016> -.014   1991> -.014   2013< -.011   2018> -.011   2015> -.010  Higher   2012  .054   2001  .021

====================================================================================================================================

 PL1302    1976 to  2018      43 years                                                                                    Series  27

 [B] Entire series, effect on correlation (  .794) is:
       Lower   1980< -.022   1998< -.019   1987< -.015   1984< -.011   2007> -.011   2015< -.010  Higher   1995  .067   2012  .020

====================================================================================================================================

 PL1401    1973 to  2018      46 years                                                                                    Series  28

 [B] Entire series, effect on correlation (  .827) is:
       Lower   2012> -.017   2005> -.011   1997> -.007   1998< -.007   2009> -.006   1987> -.005  Higher   1995  .053   2011  .010

====================================================================================================================================

 PL1402    1977 to  2018      42 years                                                                                    Series  29

 [B] Entire series, effect on correlation (  .688) is:
       Lower   1983< -.024   2015< -.021   2016> -.019   1987> -.014   1979< -.010   2003< -.010  Higher   2000  .018   2011  .016

====================================================================================================================================

 PL15A     1967 to  2018      52 years                                                                                    Series  30

 [B] Entire series, effect on correlation (  .889) is:
       Lower   1998< -.010   2008> -.008   1967< -.007   2018> -.007   1975> -.006   2001< -.004  Higher   1995  .032   2012  .007

====================================================================================================================================

 PL15B     1967 to  2018      52 years                                                                                    Series  31

 [B] Entire series, effect on correlation (  .801) is:
       Lower   2016< -.019   1973< -.016   1983> -.014   2015> -.013   2018> -.007   2009> -.006  Higher   1995  .040   2012  .008

====================================================================================================================================

 PL16A     1966 to  2018      53 years                                                                                    Series  32

 [B] Entire series, effect on correlation (  .649) is:
       Lower   2014< -.048   1999> -.026   1995> -.025   1987> -.017   1991> -.011   1982< -.008  Higher   1966  .045   2013  .023

====================================================================================================================================

 PL16B     1966 to  2018      53 years                                                                                    Series  33

 [B] Entire series, effect on correlation (  .662) is:
       Lower   1995> -.083   2014< -.012   1991> -.011   1979< -.011   1968> -.009   1981< -.009  Higher   1966  .052   2012  .030

====================================================================================================================================

 PL17A     1965 to  2018      54 years                                                                                    Series  34

 [B] Entire series, effect on correlation (  .625) is:
       Lower   1966> -.040   1970< -.019   1973< -.019   2011< -.016   1967> -.015   1982< -.010  Higher   2005  .017   1965  .016

====================================================================================================================================

 PL17B     1965 to  2018      54 years                                                                                    Series  35

 [B] Entire series, effect on correlation (  .607) is:
       Lower   1966> -.041   1983> -.041   1990< -.017   1967> -.015   2001< -.014   1968> -.014  Higher   1995  .062   2005  .020

 [E] Outliers     1   3.0 SD above or -4.5 SD below mean for year
       1983 +3.2 SD
====================================================================================================================================

 PL18A     1967 to  2018      52 years                                                                                    Series  36

 [B] Entire series, effect on correlation (  .706) is:
       Lower   1970< -.109   2012> -.008   1978< -.007   2000< -.007   2005> -.005   2009> -.003  Higher   1995  .064   1998  .012

 [E] Outliers     1   3.0 SD above or -4.5 SD below mean for year
       1970 -4.8 SD
====================================================================================================================================

 PL18B     1967 to  2018      52 years                                                                                    Series  37

 [B] Entire series, effect on correlation (  .759) is:
       Lower   1970< -.066   1978< -.035   1975> -.011   2005> -.007   1981> -.005   2009> -.005  Higher   1995  .060   2013  .012

====================================================================================================================================

 PL19B     1967 to  2018      52 years                                                                                    Series  38

 [B] Entire series, effect on correlation (  .784) is:
       Lower   1970> -.041   2012> -.020   2015< -.013   1968< -.009   1981< -.008   1985> -.006  Higher   1995  .054   2013  .013

====================================================================================================================================

 PL19C     1967 to  2018      52 years                                                                                    Series  39

 [B] Entire series, effect on correlation (  .753) is:
       Lower   1970> -.037   1977< -.033   1979> -.011   1983< -.009   1985> -.007   2014< -.005  Higher   1995  .036   2013  .019

====================================================================================================================================

 PL2001    1974 to  2018      45 years                                                                                    Series  40

 [B] Entire series, effect on correlation (  .757) is:
       Lower   2018< -.082   2010< -.014   1987> -.011   2016> -.010   2014> -.007   2015> -.007  Higher   1995  .083   2005  .016

====================================================================================================================================

 PL2002    1975 to  2018      44 years                                                                                    Series  41

 [B] Entire series, effect on correlation (  .774) is:
       Lower   2018< -.048   2016> -.034   2013< -.013   1999> -.010   2004< -.008   2015> -.006  Higher   1995  .080   2005  .014

 [D]    1 Absent rings:  Year   Master  N series Absent
                         1995   -3.452      77      10

====================================================================================================================================

 PL2101    1978 to  2018      41 years                                                                                    Series  42

 [B] Entire series, effect on correlation (  .634) is:
       Lower   1999< -.075   1997> -.017   2006> -.011   1979> -.010   1994> -.008   2018< -.007  Higher   2000  .026   2013  .021

====================================================================================================================================

 PL2102    1972 to  2018      47 years                                                                                    Series  43

 [B] Entire series, effect on correlation (  .708) is:
       Lower   1972< -.054   2016> -.031   2009< -.025   2001< -.012   2014> -.010   1975> -.008  Higher   2012  .047   1995  .034

====================================================================================================================================

 PL22A     1964 to  2018      55 years                                                                                    Series  44

 [B] Entire series, effect on correlation (  .683) is:
       Lower   1966> -.047   1983< -.036   1970> -.019   1968> -.016   1987> -.011   1971< -.010  Higher   1995  .064   2011  .011

 [D]    1 Absent rings:  Year   Master  N series Absent
                         1995   -3.452      77      10

====================================================================================================================================

 PL22B     1964 to  2018      55 years                                                                                    Series  45

 [B] Entire series, effect on correlation (  .646) is:
       Lower   1966> -.070   2014< -.034   1981< -.029   1970> -.019   1968> -.017   1967> -.013  Higher   1995  .047   2013  .017

====================================================================================================================================

 PL23A     1963 to  2018      56 years                                                                                    Series  46

 [B] Entire series, effect on correlation (  .604) is:
       Lower   1966> -.051   1970> -.047   2010< -.023   1991< -.018   1998< -.013   1967> -.013  Higher   1995  .100   2013  .022

 [E] Outliers     1   3.0 SD above or -4.5 SD below mean for year
       1970 +3.1 SD
====================================================================================================================================

 PL23B     1963 to  2018      56 years                                                                                    Series  47

 [B] Entire series, effect on correlation (  .637) is:
       Lower   1966> -.060   1970> -.032   1967> -.015   1974< -.014   1976< -.009   1979< -.008  Higher   1995  .077   2005  .016

 [E] Outliers     1   3.0 SD above or -4.5 SD below mean for year
       1966 +3.0 SD
====================================================================================================================================

 PL24A     1966 to  2018      53 years                                                                                    Series  48

 [B] Entire series, effect on correlation (  .760) is:
       Lower   2014< -.037   1977< -.024   1968> -.018   1970> -.008   2017< -.007   1967> -.006  Higher   1995  .055   1966  .035

====================================================================================================================================

 PL24B     1966 to  2018      53 years                                                                                    Series  49

 [B] Entire series, effect on correlation (  .626) is:
       Lower   2014< -.069   2012> -.043   1970> -.024   1977< -.022   1978< -.014   2002< -.012  Higher   1995  .060   1966  .044

====================================================================================================================================

 PL2501    1973 to  2018      46 years                                                                                    Series  50

 [B] Entire series, effect on correlation (  .644) is:
       Lower   1975< -.072   2010< -.016   2017< -.012   1983< -.008   2009> -.007   1995> -.006  Higher   2013  .026   2000  .024

====================================================================================================================================

 PL2502    1974 to  2018      45 years                                                                                    Series  51

 [B] Entire series, effect on correlation (  .600) is:
       Lower   2018< -.119   1980< -.037   1999> -.023   1994> -.012   1985< -.010   1995> -.006  Higher   2012  .051   2013  .024

====================================================================================================================================

 PL26A     1966 to  2018      53 years                                                                                    Series  52

 [B] Entire series, effect on correlation (  .856) is:
       Lower   1971< -.012   1977< -.010   1979> -.007   1986> -.007   2005> -.005   1967> -.004  Higher   1995  .036   2013  .010

====================================================================================================================================

 PL26B     1966 to  2018      53 years                                                                                    Series  53

 [B] Entire series, effect on correlation (  .816) is:
       Lower   1970< -.038   2012> -.017   1967> -.012   1974> -.008   2015< -.005   1985> -.005  Higher   1966  .025   2013  .010

====================================================================================================================================

 PL2701    1974 to  2018      45 years                                                                                    Series  54

 [B] Entire series, effect on correlation (  .800) is:
       Lower   1983> -.022   2014> -.014   1981< -.013   1974< -.011   1986> -.009   1984> -.008  Higher   1995  .057   2012  .031

 [D]    1 Absent rings:  Year   Master  N series Absent
                         1995   -3.452      77      10

====================================================================================================================================

 PL2702    1974 to  2018      45 years                                                                                    Series  55

 [B] Entire series, effect on correlation (  .844) is:
       Lower   1974< -.032   1986> -.027   1981> -.009   1984> -.009   1997< -.006   1988> -.004  Higher   1995  .053   2012  .023

 [D]    1 Absent rings:  Year   Master  N series Absent
                         1995   -3.452      77      10

====================================================================================================================================

 PL2801    1971 to  2018      48 years                                                                                    Series  56

 [B] Entire series, effect on correlation (  .798) is:
       Lower   1978< -.036   1972< -.013   1971< -.012   1975> -.012   1981< -.010   1999> -.006  Higher   1995  .074   2012  .028

 [D]    1 Absent rings:  Year   Master  N series Absent
                         1995   -3.452      77      10

====================================================================================================================================

 PL2802    1973 to  2018      46 years                                                                                    Series  57

 [B] Entire series, effect on correlation (  .700) is:
       Lower   1999> -.020   2018< -.018   2016> -.017   2012> -.016   2010< -.014   2009> -.013  Higher   1995  .122   2013  .021

 [D]    1 Absent rings:  Year   Master  N series Absent
                         1995   -3.452      77      10

====================================================================================================================================

 PL2901    1973 to  2018      46 years                                                                                    Series  58

 [B] Entire series, effect on correlation (  .829) is:
       Lower   2003< -.019   2005> -.014   1982< -.012   1986> -.011   1981< -.007   1984< -.007  Higher   1995  .063   2012  .013

 [D]    1 Absent rings:  Year   Master  N series Absent
                         1995   -3.452      77      10

====================================================================================================================================

 PL2902    1971 to  2018      48 years                                                                                    Series  59

 [B] Entire series, effect on correlation (  .752) is:
       Lower   1971< -.045   1987> -.009   2009> -.008   1995> -.008   1972< -.007   2007> -.007  Higher   2012  .013   2013  .010

====================================================================================================================================

 PL3001    1972 to  2018      47 years                                                                                    Series  60

 [B] Entire series, effect on correlation (  .379) is:
       Lower   1984< -.110   1976< -.044   1978< -.017   1991> -.016   1982< -.014   1981> -.014  Higher   1995  .098   2013  .051

 [C] Year-to-year changes diverging by over 4.0 std deviations:
       1983 1984  -4.6 SD

 [E] Outliers     1   3.0 SD above or -4.5 SD below mean for year
       1984 -6.3 SD
====================================================================================================================================

 PL3002    1971 to  2018      48 years                                                                                    Series  61

 [B] Entire series, effect on correlation (  .591) is:
       Lower   1978< -.034   1984< -.029   1976< -.027   1979> -.026   2005> -.013   2012> -.013  Higher   1995  .144   2013  .037

====================================================================================================================================

 PL31A     1966 to  2018      53 years                                                                                    Series  62

 [B] Entire series, effect on correlation (  .763) is:
       Lower   2016> -.021   1995> -.020   2009> -.012   2002< -.012   2003< -.008   2010> -.007  Higher   1966  .031   2012  .028

====================================================================================================================================

 PL31B     1966 to  2018      53 years                                                                                    Series  63

 [B] Entire series, effect on correlation (  .814) is:
       Lower   1981< -.023   2008< -.008   1997> -.008   2009> -.008   1979> -.006   1978< -.006  Higher   1966  .026   1995  .024

====================================================================================================================================

 PL31C     1966 to  2018      53 years                                                                                    Series  64

 [B] Entire series, effect on correlation (  .815) is:
       Lower   1981< -.011   1970< -.010   2009> -.008   2018< -.007   1999> -.007   1979> -.007  Higher   1995  .025   1966  .020

====================================================================================================================================

 PL32A     1967 to  2018      52 years                                                                                    Series  65

 [B] Entire series, effect on correlation (  .453) is:
       Lower   1995> -.068   1985< -.030   1990< -.021   1970> -.020   1976< -.015   1975> -.014  Higher   2012  .030   2011  .025

 [E] Outliers     2   3.0 SD above or -4.5 SD below mean for year
       1985 -5.2 SD;    1995 +3.6 SD
====================================================================================================================================

 PL32B     1967 to  2018      52 years                                                                                    Series  66

 [B] Entire series, effect on correlation (  .510) is:
       Lower   1985< -.048   1986> -.037   1977< -.036   1970> -.028   1987> -.022   1975> -.019  Higher   2011  .028   1983  .026

 [C] Year-to-year changes diverging by over 4.0 std deviations:
       1985 1986   4.2 SD

 [E] Outliers     1   3.0 SD above or -4.5 SD below mean for year
       1985 -5.6 SD
====================================================================================================================================

 PL33A     1967 to  2018      52 years                                                                                    Series  67

 [B] Entire series, effect on correlation (  .839) is:
       Lower   1980< -.015   1975> -.010   2014> -.009   1969< -.008   1973< -.007   1970> -.006  Higher   1995  .045   2011  .007

====================================================================================================================================

 PL33B     1967 to  2018      52 years                                                                                    Series  68

 [B] Entire series, effect on correlation (  .687) is:
       Lower   1977< -.087   1986> -.022   2007< -.017   1973< -.014   1981> -.012   1985> -.007  Higher   1995  .102   2013  .013

 [E] Outliers     1   3.0 SD above or -4.5 SD below mean for year
       1977 -4.7 SD
====================================================================================================================================

 PL33c     1968 to  2018      51 years                                                                                    Series  69

 [B] Entire series, effect on correlation (  .807) is:
       Lower   1970< -.020   1969< -.018   2005> -.011   2012> -.010   1985> -.009   2006< -.008  Higher   1995  .062   2011  .008

====================================================================================================================================

 PL3401    1977 to  2018      42 years                                                                                    Series  70

 [B] Entire series, effect on correlation (  .466) is:
       Lower   1977< -.086   1995> -.041   1993< -.036   2010< -.023   2016> -.014   1981> -.011  Higher   2012  .079   2013  .049

====================================================================================================================================

 PL3402    1980 to  2018      39 years                                                                                    Series  71

 [B] Entire series, effect on correlation (  .561) is:
       Lower   1995> -.074   2016> -.025   2015> -.022   2017< -.010   1994> -.008   2009< -.007  Higher   2005  .038   2001  .024

====================================================================================================================================

 PL3501    1972 to  2018      47 years                                                                                    Series  72

 [B] Entire series, effect on correlation (  .564) is:
       Lower   1972< -.141   1979< -.036   1983> -.012   2014> -.010   1986> -.009   1999> -.006  Higher   1995  .056   2013  .031

====================================================================================================================================

 PL3502    1974 to  2018      45 years                                                                                    Series  73

 [B] Entire series, effect on correlation (  .713) is:
       Lower   1974< -.059   2012> -.035   1986> -.029   1980> -.011   1999> -.010   2017< -.006  Higher   1995  .025   2013  .024

====================================================================================================================================

 PL36A     1966 to  2018      53 years                                                                                    Series  74

 [B] Entire series, effect on correlation (  .738) is:
       Lower   2017< -.017   1983> -.016   1970> -.016   1979< -.016   1995> -.013   1968> -.012  Higher   2012  .033   1966  .029

====================================================================================================================================

 PL36B     1966 to  2018      53 years                                                                                    Series  75

 [B] Entire series, effect on correlation (  .689) is:
       Lower   1970> -.020   1986> -.017   1982< -.014   1999> -.014   1992> -.008   1979< -.007  Higher   2012  .032   1966  .024

====================================================================================================================================

 PL3701    1979 to  2018      40 years                                                                                    Series  76

 [B] Entire series, effect on correlation (  .595) is:
       Lower   1984< -.092   2018< -.033   1983> -.027   1981> -.020   1980< -.012   1979> -.012  Higher   2012  .056   1995  .056

====================================================================================================================================

 PL3702    1981 to  2010      30 years                                                                                    Series  77

 [A] Segment   High   -10   -9   -8   -7   -6   -5   -4   -3   -2   -1   +0   +1   +2   +3   +4   +5   +6   +7   +8   +9  +10
    ---------  ----   ---  ---  ---  ---  ---  ---  ---  ---  ---  ---  ---  ---  ---  ---  ---  ---  ---  ---  ---  ---  ---
    1981 2010    4   -.01 -.03  .06 -.13  .06  .20  .21  .15  .02  .01  .31| .05 -.12  .03  .40*-.17 -.12 -.08  .34    -    -

 [B] Entire series, effect on correlation (  .309) is:
       Lower   1991< -.068   2000< -.040   1981> -.037   1986> -.035   2008< -.027   2005> -.026  Higher   1995  .105   2001  .055
     1981 to 2010 segment:
       Lower   1991< -.068   2000< -.040   1981> -.037   1986> -.035   2008< -.027   2005> -.026  Higher   1995  .105   2001  .055

====================================================================================================================================
PART 7:  DESCRIPTIVE STATISTICS:                                                                   18:17  Fri 01 Oct 2021  Page   7
------------------------------------------------------------------------------------------------------------------------------------

                                                Corr   //-------- Unfiltered --------\\  //---- Filtered -----\\
                           No.    No.    No.    with   Mean   Max     Std   Auto   Mean   Max     Std   Auto  AR
 Seq Series   Interval   Years  Segmt  Flags   Master  msmt   msmt    dev   corr   sens  value    dev   corr  ()
 --- -------- ---------  -----  -----  -----   ------ -----  -----  -----  -----  -----  -----  -----  -----  --
   1 PL01A    1966 2018     53      2      0    .673   2.88   7.76  2.392   .904   .354   2.64   .580   .069   2
   2 PL01B    1966 2018     53      2      0    .796   1.99   6.23  1.626   .850   .422   2.56   .484   .096   2
   3 PL02C    1968 2018     51      2      0    .609   1.72   4.45  1.267   .890   .313   2.58   .385   .016   4
   4 PL02D    1967 2018     52      2      0    .761   1.71   4.84  1.317   .855   .341   2.50   .522   .094   2
   5 PL03A    1966 2018     53      2      0    .854   2.23   5.63  1.364   .780   .348   2.71   .622  -.006   2
   6 PL03B    1966 2018     53      2      0    .771   2.20   5.19  1.142   .681   .317   2.62   .402   .040   1
   7 PL0401   1974 2018     45      1      0    .787   1.45   6.93  1.732   .895   .402   2.72   .563  -.013   2
   8 PL0402   1972 2018     47      1      0    .479   1.81   8.02  2.229   .933   .309   2.60   .492  -.046   3
   9 PL0501   1976 2018     43      1      0    .774   2.20   7.22  1.962   .901   .396   2.68   .505  -.094   2
  10 PL0502   1974 2018     45      1      0    .620   2.59   8.55  2.084   .809   .398   2.81   .596   .102   2
  11 PL06A    1967 2018     52      2      0    .535   1.73   5.58  1.291   .848   .407   2.74   .571   .057   2
  12 PL06B    1967 2018     52      2      0    .529    .99   3.49   .842   .853   .417   3.02   .728   .032   1
  13 PL0701   1975 2018     44      1      0    .740   1.57   5.54  1.471   .822   .464   2.52   .423   .036   3
  14 PL0702   1977 2018     42      1      0    .664   1.57   5.29  1.242   .806   .476   2.70   .515  -.093   1
  15 PL08A    1967 2018     52      2      0    .561   2.20   6.46  1.603   .878   .343   2.57   .449   .006   1
  16 PL08B    1967 2018     52      2      0    .611   2.54   7.28  1.783   .832   .416   2.77   .623  -.034   1
  17 PL0901   1977 2018     42      1      0    .735   1.61   6.84  1.981   .941   .402   2.82   .491   .110   3
  18 PL0902   1972 2018     47      1      0    .737   1.73   7.10  1.890   .914   .383   2.73   .529   .074   1
  19 PL1001   1976 2018     43      1      0    .648   2.55   9.37  2.307   .948   .286   2.83   .479  -.014   1
  20 PL1002   1974 2018     45      1      0    .761   2.58  10.36  2.673   .943   .333   2.76   .597  -.084   1
  21 PL11A    1966 2018     53      2      0    .760   2.04   4.90  1.217   .809   .414   2.58   .538  -.079   1
  22 PL11B    1966 2018     53      2      0    .829   1.91   5.03  1.252   .801   .386   2.58   .545   .045   3
  23 PL12A    1967 2018     52      2      0    .481   1.77   4.48  1.148   .838   .348   2.59   .610   .014   2
  24 PL12B    1967 2018     52      2      0    .473   1.75   4.61  1.150   .793   .363   2.56   .485  -.120   1
  25 PL12C    1968 2018     51      2      0    .454   2.07   4.52  1.038   .723   .325   2.79   .669  -.179   1
  26 PL1301   1975 2018     44      1      0    .649   1.67   7.79  2.035   .947   .422   2.63   .451  -.057   1
  27 PL1302   1976 2018     43      1      0    .794   1.80   8.00  1.909   .938   .437   2.70   .568  -.066   4
  28 PL1401   1973 2018     46      1      0    .827   3.20   9.52  1.807   .774   .322   2.54   .418  -.062   3
  29 PL1402   1977 2018     42      1      0    .688   2.27   9.82  1.863   .892   .321   2.69   .522  -.048   2
  30 PL15A    1967 2018     52      2      0    .889   1.56   4.51  1.036   .797   .406   2.53   .541   .038   2
  31 PL15B    1967 2018     52      2      0    .801   1.74   5.24  1.148   .756   .368   2.60   .618  -.005   2
  32 PL16A    1966 2018     53      2      0    .649   2.28  10.77  2.440   .898   .329   2.86   .654  -.026   1
  33 PL16B    1966 2018     53      2      0    .662   2.07   6.96  2.009   .896   .277   2.60   .542  -.084   1
  34 PL17A    1965 2018     54      2      0    .625   2.12   7.42  1.608   .785   .346   2.73   .540  -.042   1
  35 PL17B    1965 2018     54      2      0    .607   1.86   4.77  1.118   .776   .324   2.70   .659   .024   1
  36 PL18A    1967 2018     52      2      0    .706   2.44   5.62  1.009   .493   .341   2.64   .408  -.029   1
  37 PL18B    1967 2018     52      2      0    .759   2.38   5.76  1.118   .277   .426   2.54   .469  -.007   1
  38 PL19B    1967 2018     52      2      0    .784   1.83   5.98  1.629   .786   .472   2.75   .590  -.012   2
  39 PL19C    1967 2018     52      2      0    .753   2.22   6.31  1.603   .764   .431   2.85   .574  -.026   1
  40 PL2001   1974 2018     45      1      0    .757   1.90   8.96  2.122   .889   .431   2.61   .533  -.064   3
  41 PL2002   1975 2018     44      1      0    .774   1.90   7.77  1.907   .924   .443   2.56   .526  -.017   2
  42 PL2101   1978 2018     41      1      0    .634    .82   5.05  1.092   .919   .399   2.71   .509  -.176   1
  43 PL2102   1972 2018     47      1      0    .708   1.45   6.11  1.592   .944   .386   2.97   .644  -.074   2
  44 PL22A    1964 2018     55      2      0    .683   1.64   5.49  1.183   .860   .379   2.64   .482  -.066   1
  45 PL22B    1964 2018     55      2      0    .646   2.03   5.79  1.199   .792   .339   2.70   .639  -.128   1
  46 PL23A    1963 2018     56      2      0    .604   1.90   5.35  1.200   .756   .430   2.70   .422  -.009   4
  47 PL23B    1963 2018     56      2      0    .637   1.59   4.50  1.090   .773   .470   2.62   .515  -.054   3
  48 PL24A    1966 2018     53      2      0    .760   1.44   4.23  1.088   .884   .383   2.85   .583  -.036   1
PART 7:  DESCRIPTIVE STATISTICS:                                                                   18:17  Fri 01 Oct 2021  Page   8
------------------------------------------------------------------------------------------------------------------------------------

                                                Corr   //-------- Unfiltered --------\\  //---- Filtered -----\\
                           No.    No.    No.    with   Mean   Max     Std   Auto   Mean   Max     Std   Auto  AR
 Seq Series   Interval   Years  Segmt  Flags   Master  msmt   msmt    dev   corr   sens  value    dev   corr  ()
 --- -------- ---------  -----  -----  -----   ------ -----  -----  -----  -----  -----  -----  -----  -----  --
  49 PL24B    1966 2018     53      2      0    .626   1.66   4.61  1.008   .755   .387   2.79   .570  -.115   1
  50 PL2501   1973 2018     46      1      0    .644   1.70   6.33  1.736   .923   .364   2.87   .521  -.152   1
  51 PL2502   1974 2018     45      1      0    .600   1.31   5.99  1.524   .935   .431   2.76   .567  -.126   2
  52 PL26A    1966 2018     53      2      0    .856   2.00   6.60  1.160   .365   .503   2.95   .547   .083   1
  53 PL26B    1966 2018     53      2      0    .816   1.76   5.53  1.281   .758   .456   2.67   .560  -.057   1
  54 PL2701   1974 2018     45      1      0    .800   1.94   6.13  1.675   .940   .366   2.65   .601  -.087   1
  55 PL2702   1974 2018     45      1      0    .844   1.92   5.54  1.388   .868   .379   2.58   .535  -.047   1
  56 PL2801   1971 2018     48      1      0    .798   1.56   6.82  1.596   .867   .401   2.69   .481  -.103   1
  57 PL2802   1973 2018     46      1      0    .700   1.54   6.49  1.560   .928   .366   2.58   .446  -.024   3
  58 PL2901   1973 2018     46      1      0    .829   1.53   5.15  1.216   .858   .402   2.64   .479   .015   2
  59 PL2902   1971 2018     48      1      0    .752   1.74   5.20  1.403   .888   .361   2.41   .427  -.127   3
  60 PL3001   1972 2018     47      1      0    .379   1.55   8.23  1.850   .920   .345   2.83   .509   .016   2
  61 PL3002   1971 2018     48      1      0    .591   1.75   7.56  1.809   .843   .404   2.84   .499   .016   1
  62 PL31A    1966 2018     53      2      0    .763   1.64   4.56  1.265   .757   .473   2.77   .574  -.137   2
  63 PL31B    1966 2018     53      2      0    .814   1.57   5.27  1.395   .853   .404   2.94   .660  -.082   3
  64 PL31C    1966 2018     53      2      0    .815   1.64   5.07  1.331   .833   .413   2.74   .712  -.146   1
  65 PL32A    1967 2018     52      2      0    .453   1.89   6.04  1.566   .879   .377   2.72   .576  -.064   1
  66 PL32B    1967 2018     52      2      0    .510   1.76   6.72  1.733   .885   .396   2.81   .557  -.038   2
  67 PL33A    1967 2018     52      2      0    .839   1.93   5.55  1.380   .794   .423   2.60   .556   .026   2
  68 PL33B    1967 2018     52      2      0    .687   2.07   4.51  1.187   .621   .412   2.46   .488   .056   1
  69 PL33c    1968 2018     51      2      0    .807   2.72   6.61  1.492   .625   .422   2.60   .495   .067   1
  70 PL3401   1977 2018     42      1      0    .466   1.46   5.15  1.197   .903   .299   2.90   .600  -.112   1
  71 PL3402   1980 2018     39      1      0    .561   1.30   4.49  1.171   .871   .371   2.61   .605  -.014   2
  72 PL3501   1972 2018     47      1      0    .564   2.48   8.11  2.025   .916   .312   2.71   .559  -.121   1
  73 PL3502   1974 2018     45      1      0    .713   2.39   6.73  1.826   .921   .306   3.00   .719   .037   1
  74 PL36A    1966 2018     53      2      0    .738   2.22   6.49  1.706   .927   .331   2.67   .474  -.152   1
  75 PL36B    1966 2018     53      2      0    .689   2.25   6.49  1.562   .914   .261   2.48   .469  -.093   1
  76 PL3701   1979 2018     40      1      0    .595   2.06   4.77   .906   .670   .293   2.99   .692  -.093   1
  77 PL3702   1981 2010     30      1      1    .309   1.65   4.79  1.226   .923   .265   2.59   .528  -.068   1
 --- -------- ---------  -----  -----  -----   ------ -----  -----  -----  -----  -----  -----  -----  -----  --
 Total or mean:           3770    120      1    .686   1.91  10.77  1.509   .826   .380   3.02   .543  -.033

                                              - = [  COFECHA FINALCOF  ] = -
