[]  Dendrochronology Program Library                                        Run CORES  Program COF  15:02  Tue 28 Dec 2021  Page   1
[]
[]  P R O G R A M      C O F E C H A                                                                          Version 6.06P    31775
------------------------------------------------------------------------------------------------------------------------------------

 QUALITY CONTROL AND DATING CHECK OF TREE-RING MEASUREMENTS

 File of DATED series:   3-PINI_low2_cores.rwl

 CONTENTS:

    Part 1:  Title page, options selected, summary, absent rings by series
    Part 2:  Histogram of time spans
    Part 3:  Master series with sample depth and absent rings by year
    Part 4:  Bar plot of Master Dating Series
    Part 5:  Correlation by segment of each series with Master
    Part 6:  Potential problems: low correlation, divergent year-to-year changes, absent rings, outliers
    Part 7:  Descriptive statistics

 RUN CONTROL OPTIONS SELECTED                             VALUE

         1  Cubic smoothing spline 50% wavelength cutoff for filtering
                                                            32 years
         2  Segments examined are                           50 years lagged successively by  25 years
         3  Autoregressive model applied                     A  Residuals are used in master dating series and testing
         4  Series transformed to logarithms                 Y  Each series log-transformed for master dating series and testing
         5  CORRELATION is Pearson (parametric, quantitative)
            Critical correlation, 99% confidence level   .3281
         6  Master dating series saved                       N
         7  Ring measurements listed                         N
         8  Parts printed                              1234567 
         9  Absent rings are omitted from master series and segment correlations  (Y)

 Time span of Master dating series is  1964 to  2021    58 years
 Continuous time span is               1964 to  2021    58 years
 Portion with two or more series is    1965 to  2021    57 years


                                        ****************************************
                                        *C* Number of dated series        80 *C*
                                        *O* Master series 1964 2021   58 yrs *O*
                                        *F* Total rings in all series   4172 *F*
                                        *E* Total dated rings checked   4171 *E*
                                        *C* Series intercorrelation     .767 *C*
                                        *H* Average mean sensitivity    .455 *H*
                                        *A* Segments, possible problems    0 *A*
                                        *** Mean length of series       52.2 ***
                                        ****************************************

 ABSENT RINGS listed by SERIES:            (See Master Dating Series for absent rings listed by year)

               No ring measurements of zero value
PART 2:  TIME PLOT OF TREE-RING SERIES:                                                            15:02  Tue 28 Dec 2021  Page   2
------------------------------------------------------------------------------------------------------------------------------------
 1050 1100 1150 1200 1250 1300 1350 1400 1450 1500 1550 1600 1650 1700 1750 1800 1850 1900 1950 2000 2050 Ident   Seq Time-span  Yrs
   :    :    :    :    :    :    :    :    :    :    :    :    :    :    :    :    :    :    :    :    : -------- --- ---- ---- ----
   .    .    .    .    .    .    .    .    .    .    .    .    .    .    .    .    .    .    . <====>  . NLW201A    1 1972 2021   50
   .    .    .    .    .    .    .    .    .    .    .    .    .    .    .    .    .    .    . <====>  . NLW201B    2 1972 2021   50
   .    .    .    .    .    .    .    .    .    .    .    .    .    .    .    .    .    .    . <====>  . NLW202A    3 1970 2021   52
   .    .    .    .    .    .    .    .    .    .    .    .    .    .    .    .    .    .    . <====>  . NLW202B    4 1970 2021   52
   .    .    .    .    .    .    .    .    .    .    .    .    .    .    .    .    .    .    . <====>  . NLW203A    5 1973 2021   49
   .    .    .    .    .    .    .    .    .    .    .    .    .    .    .    .    .    .    . <====>  . NLW203B    6 1973 2021   49
   .    .    .    .    .    .    .    .    .    .    .    .    .    .    .    .    .    .    . <====>  . NLW204A    7 1971 2021   51
   .    .    .    .    .    .    .    .    .    .    .    .    .    .    .    .    .    .    . <====>  . NLW204B    8 1971 2021   51
   .    .    .    .    .    .    .    .    .    .    .    .    .    .    .    .    .    .    . <===>   . NLW205A    9 1970 2011   42
   .    .    .    .    .    .    .    .    .    .    .    .    .    .    .    .    .    .    . <====>  . NLW205B   10 1970 2021   52
   .    .    .    .    .    .    .    .    .    .    .    .    .    .    .    .    .    .    .<====>   . NLW206A   11 1969 2016   48
   .    .    .    .    .    .    .    .    .    .    .    .    .    .    .    .    .    .    .<====>   . NLW206B   12 1969 2018   50
   .    .    .    .    .    .    .    .    .    .    .    .    .    .    .    .    .    .    .<=====>  . NLW207A   13 1969 2021   53
   .    .    .    .    .    .    .    .    .    .    .    .    .    .    .    .    .    .    .<====>   . NLW207B   14 1969 2018   50
   .    .    .    .    .    .    .    .    .    .    .    .    .    .    .    .    .    .    .<=====>  . NLW208A   15 1968 2021   54
   .    .    .    .    .    .    .    .    .    .    .    .    .    .    .    .    .    .    .<=====>  . NLW208B   16 1968 2021   54
   .    .    .    .    .    .    .    .    .    .    .    .    .    .    .    .    .    .    . <====>  . NLW209A   17 1975 2021   47
   .    .    .    .    .    .    .    .    .    .    .    .    .    .    .    .    .    .    . <====>  . NLW209B   18 1975 2021   47
   .    .    .    .    .    .    .    .    .    .    .    .    .    .    .    .    .    .    . <====>  . NLW210A   19 1971 2021   51
   .    .    .    .    .    .    .    .    .    .    .    .    .    .    .    .    .    .    . <====>  . NLW210B   20 1971 2021   51
   .    .    .    .    .    .    .    .    .    .    .    .    .    .    .    .    .    .    .<=====>  . NLW211A   21 1966 2021   56
   .    .    .    .    .    .    .    .    .    .    .    .    .    .    .    .    .    .    .<=====>  . NLW211B   22 1966 2021   56
   .    .    .    .    .    .    .    .    .    .    .    .    .    .    .    .    .    .    .  <===>  . NLW212A   23 1982 2021   40
   .    .    .    .    .    .    .    .    .    .    .    .    .    .    .    .    .    .    . <===>   . NLW212B   24 1970 2013   44
   .    .    .    .    .    .    .    .    .    .    .    .    .    .    .    .    .    .    .<=====>  . NLW213A   25 1968 2021   54
   .    .    .    .    .    .    .    .    .    .    .    .    .    .    .    .    .    .    .<=====>  . NLW213B   26 1968 2021   54
   .    .    .    .    .    .    .    .    .    .    .    .    .    .    .    .    .    .    .<=====>  . NLW214A   27 1968 2021   54
   .    .    .    .    .    .    .    .    .    .    .    .    .    .    .    .    .    .    .<====>   . NLW214B   28 1968 2018   51
   .    .    .    .    .    .    .    .    .    .    .    .    .    .    .    .    .    .    .<=====>  . NLW215A   29 1968 2021   54
   .    .    .    .    .    .    .    .    .    .    .    .    .    .    .    .    .    .    .<=====>  . NLW215B   30 1968 2021   54
   .    .    .    .    .    .    .    .    .    .    .    .    .    .    .    .    .    .    .<=====>  . NLW216A   31 1969 2021   53
   .    .    .    .    .    .    .    .    .    .    .    .    .    .    .    .    .    .    .<=====>  . NLW216B   32 1969 2021   53
   .    .    .    .    .    .    .    .    .    .    .    .    .    .    .    .    .    .    .<=====>  . NLW217A   33 1969 2021   53
   .    .    .    .    .    .    .    .    .    .    .    .    .    .    .    .    .    .    .<=====>  . NLW217B   34 1969 2021   53
   .    .    .    .    .    .    .    .    .    .    .    .    .    .    .    .    .    .    .<=====>  . NLW218A   35 1969 2021   53
   .    .    .    .    .    .    .    .    .    .    .    .    .    .    .    .    .    .    .<=====>  . NLW218B   36 1969 2021   53
   .    .    .    .    .    .    .    .    .    .    .    .    .    .    .    .    .    .    .<=====>  . NLW219A   37 1968 2021   54
   .    .    .    .    .    .    .    .    .    .    .    .    .    .    .    .    .    .    .<=====>  . NLW219B   38 1968 2021   54
   .    .    .    .    .    .    .    .    .    .    .    .    .    .    .    .    .    .    .<=====>  . NLW220A   39 1966 2021   56
   .    .    .    .    .    .    .    .    .    .    .    .    .    .    .    .    .    .    .<=====>  . NLW220B   40 1967 2021   55
   .    .    .    .    .    .    .    .    .    .    .    .    .    .    .    .    .    .    .<=====>  . NLW221A   41 1965 2021   57
   .    .    .    .    .    .    .    .    .    .    .    .    .    .    .    .    .    .    .<=====>  . NLW221B   42 1965 2021   57
   .    .    .    .    .    .    .    .    .    .    .    .    .    .    .    .    .    .    .<=====>  . NLW222A   43 1967 2021   55
   .    .    .    .    .    .    .    .    .    .    .    .    .    .    .    .    .    .    .<=====>  . NLW222B   44 1967 2021   55
   .    .    .    .    .    .    .    .    .    .    .    .    .    .    .    .    .    .    .<=====>  . NLW223A   45 1968 2021   54
   .    .    .    .    .    .    .    .    .    .    .    .    .    .    .    .    .    .    .<=====>  . NLW223B   46 1968 2021   54
   .    .    .    .    .    .    .    .    .    .    .    .    .    .    .    .    .    .    .<=====>  . NLW224A   47 1967 2021   55
   .    .    .    .    .    .    .    .    .    .    .    .    .    .    .    .    .    .    .<=====>  . NLW224B   48 1967 2021   55
   .    .    .    .    .    .    .    .    .    .    .    .    .    .    .    .    .    .    .<=====>  . NLW225A   49 1967 2021   55
   .    .    .    .    .    .    .    .    .    .    .    .    .    .    .    .    .    .    .<=====>  . NLW225B   50 1967 2021   55
   :    :    :    :    :    :    :    :    :    :    :    :    :    :    :    :    :    :    :    :    :
 1050 1100 1150 1200 1250 1300 1350 1400 1450 1500 1550 1600 1650 1700 1750 1800 1850 1900 1950 2000 2050
PART 2:  TIME PLOT OF TREE-RING SERIES:                                                            15:02  Tue 28 Dec 2021  Page   3
------------------------------------------------------------------------------------------------------------------------------------
 1050 1100 1150 1200 1250 1300 1350 1400 1450 1500 1550 1600 1650 1700 1750 1800 1850 1900 1950 2000 2050 Ident   Seq Time-span  Yrs
   :    :    :    :    :    :    :    :    :    :    :    :    :    :    :    :    :    :    :    :    : -------- --- ---- ---- ----
   .    .    .    .    .    .    .    .    .    .    .    .    .    .    .    .    .    .    .<=====>  . NLW226A   51 1968 2021   54
   .    .    .    .    .    .    .    .    .    .    .    .    .    .    .    .    .    .    .<=====>  . NLW226B   52 1966 2021   56
   .    .    .    .    .    .    .    .    .    .    .    .    .    .    .    .    .    .    . <====>  . NLW227A   53 1971 2021   51
   .    .    .    .    .    .    .    .    .    .    .    .    .    .    .    .    .    .    . <====>  . NLW227B   54 1971 2021   51
   .    .    .    .    .    .    .    .    .    .    .    .    .    .    .    .    .    .    .<=====>  . NLW228A   55 1968 2021   54
   .    .    .    .    .    .    .    .    .    .    .    .    .    .    .    .    .    .    .<=====>  . NLW228B   56 1968 2021   54
   .    .    .    .    .    .    .    .    .    .    .    .    .    .    .    .    .    .    .<=====>  . NLW229A   57 1966 2021   56
   .    .    .    .    .    .    .    .    .    .    .    .    .    .    .    .    .    .    .<=====>  . NLW229B   58 1966 2021   56
   .    .    .    .    .    .    .    .    .    .    .    .    .    .    .    .    .    .    .<=====>  . NLW230A   59 1964 2021   58
   .    .    .    .    .    .    .    .    .    .    .    .    .    .    .    .    .    .    .<=====>  . NLW230B   60 1965 2021   57
   .    .    .    .    .    .    .    .    .    .    .    .    .    .    .    .    .    .    .<=====>  . NLW231A   61 1969 2021   53
   .    .    .    .    .    .    .    .    .    .    .    .    .    .    .    .    .    .    .<=====>  . NLW231B   62 1969 2021   53
   .    .    .    .    .    .    .    .    .    .    .    .    .    .    .    .    .    .    .<=====>  . NLW232A   63 1968 2021   54
   .    .    .    .    .    .    .    .    .    .    .    .    .    .    .    .    .    .    .<=====>  . NLW232B   64 1968 2021   54
   .    .    .    .    .    .    .    .    .    .    .    .    .    .    .    .    .    .    . <====>  . NLW233A   65 1974 2021   48
   .    .    .    .    .    .    .    .    .    .    .    .    .    .    .    .    .    .    . <==>    . NLW233B   66 1972 2002   31
   .    .    .    .    .    .    .    .    .    .    .    .    .    .    .    .    .    .    . <====>  . NLW234A   67 1973 2021   49
   .    .    .    .    .    .    .    .    .    .    .    .    .    .    .    .    .    .    . <====>  . NLW234B   68 1972 2021   50
   .    .    .    .    .    .    .    .    .    .    .    .    .    .    .    .    .    .    . <====>  . NLW235A   69 1971 2021   51
   .    .    .    .    .    .    .    .    .    .    .    .    .    .    .    .    .    .    . <====>  . NLW235B   70 1971 2021   51
   .    .    .    .    .    .    .    .    .    .    .    .    .    .    .    .    .    .    . <====>  . NLW236A   71 1972 2021   50
   .    .    .    .    .    .    .    .    .    .    .    .    .    .    .    .    .    .    . <====>  . NLW236B   72 1972 2021   50
   .    .    .    .    .    .    .    .    .    .    .    .    .    .    .    .    .    .    .<=====>  . NLW237A   73 1968 2021   54
   .    .    .    .    .    .    .    .    .    .    .    .    .    .    .    .    .    .    .<=====>  . NLW237B   74 1969 2021   53
   .    .    .    .    .    .    .    .    .    .    .    .    .    .    .    .    .    .    . <====>  . NLW238A   75 1971 2021   51
   .    .    .    .    .    .    .    .    .    .    .    .    .    .    .    .    .    .    . <====>  . NLW238B   76 1971 2021   51
   .    .    .    .    .    .    .    .    .    .    .    .    .    .    .    .    .    .    .<====>   . NLW239A   77 1968 2018   51
   .    .    .    .    .    .    .    .    .    .    .    .    .    .    .    .    .    .    .<=====>  . NLW239B   78 1968 2021   54
   .    .    .    .    .    .    .    .    .    .    .    .    .    .    .    .    .    .    .<====>   . NLW240A   79 1967 2019   53
   .    .    .    .    .    .    .    .    .    .    .    .    .    .    .    .    .    .    .<=====>  . NLW240B   80 1967 2021   55
   :    :    :    :    :    :    :    :    :    :    :    :    :    :    :    :    :    :    :    :    :
 1050 1100 1150 1200 1250 1300 1350 1400 1450 1500 1550 1600 1650 1700 1750 1800 1850 1900 1950 2000 2050
PART 3:  Master Dating Series:                                                                     15:02  Tue 28 Dec 2021  Page   4
------------------------------------------------------------------------------------------------------------------------------------
  Year  Value  No Ab    Year  Value  No Ab    Year  Value  No Ab    Year  Value  No Ab    Year  Value  No Ab    Year  Value  No Ab
  ------------------    ------------------    ------------------    ------------------    ------------------    ------------------
                        2000   .821  80
                        2001   .152  80
                        2002   .540  80
                        2003   .655  79
                        2004   .688  79
                        2005 -1.889  79
                        2006  -.270  79
                        2007   .201  79
                        2008 -1.043  79
                        2009  1.105  79

                        2010  1.817  79
                        2011  1.752  79
                        2012 -1.064  78
                        2013   .301  78
  1964  -.463   1       2014  -.688  77
  1965 -1.088   4       2015  -.148  77
  1966  -.396  10       2016 -1.611  77
  1967   .646  19       2017  -.076  76
  1968  -.921  39       2018   .231  76
  1969  -.132  52       2019  -.843  72

  1970  1.282  57       2020  1.244  71
  1971   .980  67       2021   .863  71
  1972   .522  73
  1973   .466  76
  1974   .340  77
  1975  -.001  79
  1976  -.128  79
  1977  -.913  79
  1978   .629  79
  1979   .327  79

  1980   .264  79
  1981 -2.543  79
  1982 -1.273  80
  1983 -1.466  80
  1984   .524  80
  1985   .608  80
  1986  -.383  80
  1987 -1.152  80
  1988  -.405  80
  1989   .220  80

  1990  1.740  80
  1991   .556  80
  1992   .706  80
  1993   .613  80
  1994 -1.918  80
  1995 -1.546  80
  1996   .988  80
  1997  1.244  80
  1998   .952  80
  1999 -1.618  80
------------------------------------------------------------------------------------------------------------------------------------
PART 4:  Master Bar Plot:                                                                          15:02  Tue 28 Dec 2021  Page   5
------------------------------------------------------------------------------------------------------------------------------------
   Year Rel value  Year Rel value  Year Rel value  Year Rel value  Year Rel value  Year Rel value  Year Rel value  Year Rel value
                   2000--------C
                   2001-----A
                   2002-------B
                   2003-------C
                   2004--------C
                   2005h
                   2006---a
                   2007-----A
                   2008-d
                   2009---------D
                   2010----------G
                   2011----------G
                   2012-d
                   2013-----A
   1964---b        2014--c
   1965-d          2015----a
   1966---b        2016f
   1967-------C    2017----@
   1968--d         2018-----A
   1969----a       2019--c
   1970---------E  2020---------E
   1971---------D  2021---------C
   1972------B
   1973------B
   1974-----A
   1975----@
   1976----a
   1977--d
   1978-------C
   1979-----A
   1980-----A
   1981j
   1982-e
   1983f
   1984------B
   1985-------B
   1986---b
   1987-e
   1988---b
   1989-----A
   1990----------G
   1991-------B
   1992--------C
   1993-------B
   1994h
   1995f
   1996---------D
   1997---------E
   1998---------D
   1999f
PART 5:  CORRELATION OF SERIES BY SEGMENTS:                                                        15:02  Tue 28 Dec 2021  Page   5
------------------------------------------------------------------------------------------------------------------------------------
 Correlations of  50-year dated segments, lagged  25 years
 Flags:  A = correlation under   .3281 but highest as dated;  B = correlation higher at other than dated position

 Seq Series  Time_span   1950 1975
                         1999 2024
 --- -------- ---------  ---- ---- ---- ---- ---- ---- ---- ---- ---- ---- ---- ---- ---- ---- ---- ---- ---- ---- ---- ----
   1 NLW201A  1972 2021   .79
   2 NLW201B  1972 2021   .80
   3 NLW202A  1970 2021   .89  .89
   4 NLW202B  1970 2021   .85  .84
   5 NLW203A  1973 2021   .76
   6 NLW203B  1973 2021   .80
   7 NLW204A  1971 2021   .81  .81
   8 NLW204B  1971 2021   .84  .84
   9 NLW205A  1970 2011   .77
  10 NLW205B  1970 2021   .84  .83
  11 NLW206A  1969 2016   .71
  12 NLW206B  1969 2018   .77
  13 NLW207A  1969 2021   .72  .79
  14 NLW207B  1969 2018   .72
  15 NLW208A  1968 2021   .89  .89
  16 NLW208B  1968 2021   .84  .83
  17 NLW209A  1975 2021        .84
  18 NLW209B  1975 2021        .88
  19 NLW210A  1971 2021   .53  .52
  20 NLW210B  1971 2021   .50  .49
  21 NLW211A  1966 2021   .61  .67
  22 NLW211B  1966 2021   .66  .71
  23 NLW212A  1982 2021        .73
  24 NLW212B  1970 2013   .75
  25 NLW213A  1968 2021   .74  .82
  26 NLW213B  1968 2021   .83  .84
  27 NLW214A  1968 2021   .80  .80
  28 NLW214B  1968 2018   .81  .81
  29 NLW215A  1968 2021   .85  .86
  30 NLW215B  1968 2021   .91  .91
  31 NLW216A  1969 2021   .71  .71
  32 NLW216B  1969 2021   .78  .79
  33 NLW217A  1969 2021   .66  .77
  34 NLW217B  1969 2021   .74  .81
  35 NLW218A  1969 2021   .89  .89
  36 NLW218B  1969 2021   .85  .84
  37 NLW219A  1968 2021   .76  .84
  38 NLW219B  1968 2021   .75  .82
  39 NLW220A  1966 2021   .70  .84
  40 NLW220B  1967 2021   .83  .84
  41 NLW221A  1965 2021   .70  .76
  42 NLW221B  1965 2021   .52  .61
  43 NLW222A  1967 2021   .92  .92
  44 NLW222B  1967 2021   .86  .86
  45 NLW223A  1968 2021   .84  .84
  46 NLW223B  1968 2021   .82  .82
  47 NLW224A  1967 2021   .83  .84
  48 NLW224B  1967 2021   .87  .89
  49 NLW225A  1967 2021   .83  .84
  50 NLW225B  1967 2021   .84  .84
  51 NLW226A  1968 2021   .66  .74
  52 NLW226B  1966 2021   .58  .61
  53 NLW227A  1971 2021   .60  .60
  54 NLW227B  1971 2021   .75  .75
  55 NLW228A  1968 2021   .81  .83
  56 NLW228B  1968 2021   .80  .83
  57 NLW229A  1966 2021   .83  .88
  58 NLW229B  1966 2021   .67  .73
  59 NLW230A  1964 2021   .73  .81
  60 NLW230B  1965 2021   .65  .63
  61 NLW231A  1969 2021   .92  .92
  62 NLW231B  1969 2021   .78  .79
  63 NLW232A  1968 2021   .72  .75
  64 NLW232B  1968 2021   .80  .87
  65 NLW233A  1974 2021   .78
  66 NLW233B  1972 2002   .65
  67 NLW234A  1973 2021   .69
  68 NLW234B  1972 2021   .67
  69 NLW235A  1971 2021   .76  .75
  70 NLW235B  1971 2021   .84  .84
  71 NLW236A  1972 2021   .87
  72 NLW236B  1972 2021   .86
  73 NLW237A  1968 2021   .85  .87
  74 NLW237B  1969 2021   .88  .88
  75 NLW238A  1971 2021   .61  .61
  76 NLW238B  1971 2021   .60  .60
  77 NLW239A  1968 2018   .82  .82
  78 NLW239B  1968 2021   .76  .87
  79 NLW240A  1967 2019   .45  .45
  80 NLW240B  1967 2021   .81  .76
 Av segment correlation   .76  .79
PART 6:  POTENTIAL PROBLEMS:                                                                       15:02  Tue 28 Dec 2021  Page   6
------------------------------------------------------------------------------------------------------------------------------------

 For each series with potential problems the following diagnostics may appear:

 [A] Correlations with master dating series of flagged  50-year segments of series filtered with  32-year spline,
     at every point from ten years earlier (-10) to ten years later (+10) than dated

 [B] Effect of those data values which most lower or raise correlation with master series
     Symbol following year indicates value in series is greater (>) or lesser (<) than master series value

 [C] Year-to-year changes very different from the mean change in other series

 [D] Absent rings (zero values)

 [E] Values which are statistical outliers from mean for the year
====================================================================================================================================

 NLW201A   1972 to  2021      50 years                                                                                    Series   1

 [B] Entire series, effect on correlation (  .789) is:
       Lower   1977< -.044   1998< -.040   2017> -.007   2013< -.006   1995> -.005   1984< -.004  Higher   1994  .023   2012  .013

====================================================================================================================================

 NLW201B   1972 to  2021      50 years                                                                                    Series   2

 [B] Entire series, effect on correlation (  .795) is:
       Lower   2010< -.011   2016> -.009   1998< -.008   1995> -.008   2007> -.006   2011< -.006  Higher   2012  .017   2020  .007

====================================================================================================================================

 NLW202A   1970 to  2021      52 years                                                                                    Series   3

 [B] Entire series, effect on correlation (  .886) is:
       Lower   1972< -.008   1977> -.008   1974> -.007   1983< -.006   1973< -.006   1988> -.005  Higher   2005  .013   1981  .012

====================================================================================================================================

 NLW202B   1970 to  2021      52 years                                                                                    Series   4

 [B] Entire series, effect on correlation (  .843) is:
       Lower   1982> -.025   2012> -.013   2005> -.007   1979> -.006   1997< -.005   2014> -.005  Higher   1981  .023   1999  .012

====================================================================================================================================

 NLW203A   1973 to  2021      49 years                                                                                    Series   5

 [B] Entire series, effect on correlation (  .762) is:
       Lower   1982< -.056   1976> -.022   1993< -.021   1988> -.015   2013< -.009   2019> -.007  Higher   1981  .025   1999  .020

====================================================================================================================================

 NLW203B   1973 to  2021      49 years                                                                                    Series   6

 [B] Entire series, effect on correlation (  .803) is:
       Lower   1982< -.022   1976> -.018   2013< -.014   1993< -.008   2019> -.006   1981> -.005  Higher   1994  .019   1999  .016

====================================================================================================================================

 NLW204A   1971 to  2021      51 years                                                                                    Series   7

 [B] Entire series, effect on correlation (  .813) is:
       Lower   1985< -.029   1977> -.011   1996< -.010   1999> -.010   1979< -.007   1987> -.006  Higher   1981  .027   2005  .017

====================================================================================================================================

 NLW204B   1971 to  2021      51 years                                                                                    Series   8

 [B] Entire series, effect on correlation (  .836) is:
       Lower   1986> -.018   1979< -.011   2013< -.010   1988> -.009   1982> -.006   1976< -.006  Higher   1981  .022   1994  .014

====================================================================================================================================

 NLW205A   1970 to  2011      42 years                                                                                    Series   9

 [B] Entire series, effect on correlation (  .771) is:
       Lower   2010< -.040   1986< -.023   1976< -.015   1981> -.015   2007> -.007   1983> -.003  Higher   2005  .036   1994  .017

====================================================================================================================================

 NLW205B   1970 to  2021      52 years                                                                                    Series  10

 [B] Entire series, effect on correlation (  .832) is:
       Lower   2021< -.017   1982< -.011   1984< -.008   1978< -.006   1996< -.006   1975> -.005  Higher   2005  .020   2012  .014

====================================================================================================================================

 NLW206A   1969 to  2016      48 years                                                                                    Series  11

 [B] Entire series, effect on correlation (  .708) is:
       Lower   1997< -.022   1969< -.016   2016> -.015   1970< -.013   1988> -.012   2013< -.011  Higher   1994  .037   1999  .027

====================================================================================================================================

 NLW206B   1969 to  2018      50 years                                                                                    Series  12

 [B] Entire series, effect on correlation (  .771) is:
       Lower   1970< -.040   1997< -.014   1989> -.013   1969< -.010   2016> -.009   1975> -.009  Higher   1994  .028   2012  .020

====================================================================================================================================

 NLW207A   1969 to  2021      53 years                                                                                    Series  13

 [B] Entire series, effect on correlation (  .732) is:
       Lower   2011< -.051   1970< -.040   2012> -.027   1969< -.015   1976> -.005   1987> -.004  Higher   1981  .020   1994  .019

====================================================================================================================================

 NLW207B   1969 to  2018      50 years                                                                                    Series  14

 [B] Entire series, effect on correlation (  .720) is:
       Lower   2011< -.045   1970< -.021   2013< -.017   1969< -.015   2012> -.015   1993< -.006  Higher   1981  .035   1994  .029

====================================================================================================================================

 NLW208A   1968 to  2021      54 years                                                                                    Series  15

 [B] Entire series, effect on correlation (  .896) is:
       Lower   1975< -.032   1974> -.007   1986> -.006   1988> -.005   1978< -.004   2002< -.004  Higher   2005  .011   1981  .010

====================================================================================================================================

 NLW208B   1968 to  2021      54 years                                                                                    Series  16

 [B] Entire series, effect on correlation (  .843) is:
       Lower   1999> -.012   1986> -.011   1987> -.008   1991< -.007   1978< -.007   1988> -.006  Higher   2005  .010   2010  .007

====================================================================================================================================

 NLW209A   1975 to  2021      47 years                                                                                    Series  17

 [B] Entire series, effect on correlation (  .844) is:
       Lower   2021< -.025   1999> -.010   1976> -.009   1975> -.009   1991< -.008   1986> -.006  Higher   1981  .022   1994  .017

====================================================================================================================================

 NLW209B   1975 to  2021      47 years                                                                                    Series  18

 [B] Entire series, effect on correlation (  .882) is:
       Lower   1976> -.010   2009< -.010   2006< -.010   2016< -.008   1993< -.006   1975> -.006  Higher   1981  .016   2005  .010

====================================================================================================================================

 NLW210A   1971 to  2021      51 years                                                                                    Series  19

 [B] Entire series, effect on correlation (  .523) is:
       Lower   1981> -.057   1994> -.031   2012> -.020   1980< -.017   1984< -.015   2017< -.012  Higher   2005  .056   2008  .016

 [E] Outliers     1   3.0 SD above or -4.5 SD below mean for year
       1981 +3.4 SD
====================================================================================================================================

 NLW210B   1971 to  2021      51 years                                                                                    Series  20

 [B] Entire series, effect on correlation (  .497) is:
       Lower   1972< -.057   1981> -.055   1994> -.030   1999> -.028   1980< -.017   2011< -.013  Higher   2005  .064   2016  .038

 [E] Outliers     1   3.0 SD above or -4.5 SD below mean for year
       1994 +4.1 SD
====================================================================================================================================

 NLW211A   1966 to  2021      56 years                                                                                    Series  21

 [B] Entire series, effect on correlation (  .633) is:
       Lower   2001< -.042   1968> -.029   2021< -.018   2008> -.016   1976< -.014   1994> -.012  Higher   2016  .020   2005  .020

 [E] Outliers     1   3.0 SD above or -4.5 SD below mean for year
       1968 +3.1 SD
====================================================================================================================================

 NLW211B   1966 to  2021      56 years                                                                                    Series  22

 [B] Entire series, effect on correlation (  .669) is:
       Lower   1982< -.045   1989< -.035   1968> -.034   1988< -.008   1987> -.007   1986> -.007  Higher   1981  .051   2012  .024

 [E] Outliers     2   3.0 SD above or -4.5 SD below mean for year
       1968 +3.1 SD;    1982 -5.3 SD
====================================================================================================================================

 NLW212A   1982 to  2021      40 years                                                                                    Series  23

 [B] Entire series, effect on correlation (  .731) is:
       Lower   2019< -.041   2009< -.030   2012> -.020   2014> -.014   2016> -.013   2017< -.009  Higher   2005  .029   1999  .025

====================================================================================================================================

 NLW212B   1970 to  2013      44 years                                                                                    Series  24

 [B] Entire series, effect on correlation (  .748) is:
       Lower   1975< -.057   1999> -.047   1974> -.012   2007< -.010   2006> -.004   1982> -.003  Higher   1981  .046   1994  .015

====================================================================================================================================

 NLW213A   1968 to  2021      54 years                                                                                    Series  25

 [B] Entire series, effect on correlation (  .740) is:
       Lower   1968> -.039   1977> -.027   1974< -.021   1971< -.015   1970< -.013   1969> -.012  Higher   1981  .033   1994  .026

 [E] Outliers     1   3.0 SD above or -4.5 SD below mean for year
       1968 +3.1 SD
====================================================================================================================================

 NLW213B   1968 to  2021      54 years                                                                                    Series  26

 [B] Entire series, effect on correlation (  .836) is:
       Lower   1981> -.013   2012> -.011   1976< -.010   1986> -.009   1980> -.008   1969> -.006  Higher   2005  .017   1994  .010

====================================================================================================================================

 NLW214A   1968 to  2021      54 years                                                                                    Series  27

 [B] Entire series, effect on correlation (  .807) is:
       Lower   1981> -.025   1974< -.025   1987< -.020   1975< -.015   1985< -.011   1986> -.004  Higher   2012  .014   1994  .011

 [E] Outliers     1   3.0 SD above or -4.5 SD below mean for year
       1975 -5.1 SD
====================================================================================================================================

 NLW214B   1968 to  2018      51 years                                                                                    Series  28

 [B] Entire series, effect on correlation (  .814) is:
       Lower   2016> -.021   2013< -.015   1985< -.009   1995> -.007   2017> -.007   1988< -.006  Higher   2005  .015   1981  .013

====================================================================================================================================

 NLW215A   1968 to  2021      54 years                                                                                    Series  29

 [B] Entire series, effect on correlation (  .853) is:
       Lower   1999> -.023   2012> -.021   1976> -.007   1982< -.006   1968< -.006   1979< -.005  Higher   1981  .017   1994  .015

====================================================================================================================================

 NLW215B   1968 to  2021      54 years                                                                                    Series  30

 [B] Entire series, effect on correlation (  .908) is:
       Lower   1994> -.011   2005> -.007   1984< -.006   1991< -.004   1974> -.004   1969< -.003  Higher   2012  .007   1990  .004

====================================================================================================================================

 NLW216A   1969 to  2021      53 years                                                                                    Series  31

 [B] Entire series, effect on correlation (  .716) is:
       Lower   1981> -.063   1983> -.019   1987< -.019   1986< -.016   2002< -.008   1974< -.007  Higher   2005  .036   2012  .024

 [E] Outliers     1   3.0 SD above or -4.5 SD below mean for year
       1981 +3.9 SD
====================================================================================================================================

 NLW216B   1969 to  2021      53 years                                                                                    Series  32

 [B] Entire series, effect on correlation (  .782) is:
       Lower   1981> -.030   1999> -.017   1978< -.008   1977> -.007   1971< -.007   1975> -.006  Higher   2005  .025   2012  .019

====================================================================================================================================

 NLW217A   1969 to  2021      53 years                                                                                    Series  33

 [B] Entire series, effect on correlation (  .669) is:
       Lower   1969< -.086   1981> -.014   1971< -.010   2004< -.009   1984< -.009   2012> -.008  Higher   2010  .018   2005  .018

 [E] Outliers     1   3.0 SD above or -4.5 SD below mean for year
       1969 -4.9 SD
====================================================================================================================================

 NLW217B   1969 to  2021      53 years                                                                                    Series  34

 [B] Entire series, effect on correlation (  .747) is:
       Lower   1971< -.067   1982< -.015   2013< -.011   1986< -.010   1997< -.007   2002< -.006  Higher   1981  .020   2012  .016

====================================================================================================================================

 NLW218A   1969 to  2021      53 years                                                                                    Series  35

 [B] Entire series, effect on correlation (  .892) is:
       Lower   1978< -.009   1981< -.008   1974> -.007   1969< -.006   1994> -.006   1991> -.006  Higher   1999  .007   2010  .005

====================================================================================================================================

 NLW218B   1969 to  2021      53 years                                                                                    Series  36

 [B] Entire series, effect on correlation (  .846) is:
       Lower   1978< -.017   1987> -.013   2016> -.013   2019> -.010   1992< -.006   1982> -.005  Higher   1981  .022   2005  .017

====================================================================================================================================

 NLW219A   1968 to  2021      54 years                                                                                    Series  37

 [B] Entire series, effect on correlation (  .770) is:
       Lower   1969< -.074   1981> -.023   1999> -.011   1975> -.009   1986> -.008   1977> -.006  Higher   1994  .024   2005  .023

====================================================================================================================================

 NLW219B   1968 to  2021      54 years                                                                                    Series  38

 [B] Entire series, effect on correlation (  .760) is:
       Lower   1968< -.058   1982> -.009   1992< -.008   1979> -.007   1977> -.006   1995> -.004  Higher   1999  .020   2010  .012

 [E] Outliers     1   3.0 SD above or -4.5 SD below mean for year
       1968 -5.1 SD
====================================================================================================================================

 NLW220A   1966 to  2021      56 years                                                                                    Series  39

 [B] Entire series, effect on correlation (  .716) is:
       Lower   1966< -.111   1969> -.012   1982> -.007   1974> -.007   1998< -.006   2007< -.005  Higher   2005  .017   2010  .015

 [E] Outliers     1   3.0 SD above or -4.5 SD below mean for year
       1966 -5.7 SD
====================================================================================================================================

 NLW220B   1967 to  2021      55 years                                                                                    Series  40

 [B] Entire series, effect on correlation (  .833) is:
       Lower   1999> -.019   1977> -.012   1994> -.009   2012> -.007   1967< -.006   2017< -.004  Higher   1981  .023   2005  .013

====================================================================================================================================

 NLW221A   1965 to  2021      57 years                                                                                    Series  41

 [B] Entire series, effect on correlation (  .717) is:
       Lower   1994> -.027   1966> -.027   1989< -.018   1969< -.013   1965> -.010   1991> -.009  Higher   2005  .023   2012  .017

 [E] Outliers     1   3.0 SD above or -4.5 SD below mean for year
       1994 +3.1 SD
====================================================================================================================================

 NLW221B   1965 to  2021      57 years                                                                                    Series  42

 [B] Entire series, effect on correlation (  .564) is:
       Lower   1974< -.108   1989< -.043   1966> -.033   1983> -.015   1971< -.009   1965> -.007  Higher   2005  .031   1999  .025

 [E] Outliers     3   3.0 SD above or -4.5 SD below mean for year
       1966 +3.2 SD;    1974 -5.6 SD;    1989 -5.2 SD
====================================================================================================================================

 NLW222A   1967 to  2021      55 years                                                                                    Series  43

 [B] Entire series, effect on correlation (  .919) is:
       Lower   1977< -.014   1979< -.006   1974< -.005   1969> -.005   2000< -.003   1986> -.002  Higher   1981  .011   2005  .008

====================================================================================================================================

 NLW222B   1967 to  2021      55 years                                                                                    Series  44

 [B] Entire series, effect on correlation (  .861) is:
       Lower   1977< -.054   1967< -.005   1994> -.004   1975> -.004   1991> -.004   2000< -.003  Higher   2012  .011   2005  .011

====================================================================================================================================

 NLW223A   1968 to  2021      54 years                                                                                    Series  45

 [B] Entire series, effect on correlation (  .840) is:
       Lower   1977< -.052   1968> -.008   2012> -.006   1974> -.005   1999> -.005   1976< -.003  Higher   1981  .020   2005  .012

 [E] Outliers     1   3.0 SD above or -4.5 SD below mean for year
       1977 -4.7 SD
====================================================================================================================================

 NLW223B   1968 to  2021      54 years                                                                                    Series  46

 [B] Entire series, effect on correlation (  .825) is:
       Lower   1976< -.015   1986> -.012   1977< -.011   2017< -.010   2014> -.009   1982> -.008  Higher   1981  .025   1994  .018

 [E] Outliers     1   3.0 SD above or -4.5 SD below mean for year
       1977 -4.7 SD
====================================================================================================================================

 NLW224A   1967 to  2021      55 years                                                                                    Series  47

 [B] Entire series, effect on correlation (  .828) is:
       Lower   1977< -.042   1967> -.007   2001> -.007   1992< -.006   1974< -.006   1986> -.003  Higher   1981  .018   2016  .008

====================================================================================================================================

 NLW224B   1967 to  2021      55 years                                                                                    Series  48

 [B] Entire series, effect on correlation (  .872) is:
       Lower   1967> -.015   1994> -.014   1975> -.011   1970< -.004   1991> -.004   1979< -.004  Higher   1981  .012   2005  .010

====================================================================================================================================

 NLW225A   1967 to  2021      55 years                                                                                    Series  49

 [B] Entire series, effect on correlation (  .831) is:
       Lower   1975< -.014   1981> -.011   1977< -.010   1968> -.010   1989> -.009   1969> -.006  Higher   2005  .016   1994  .016

====================================================================================================================================

 NLW225B   1967 to  2021      55 years                                                                                    Series  50

 [B] Entire series, effect on correlation (  .840) is:
       Lower   1982> -.021   1983> -.017   1976< -.017   1996< -.010   1993< -.009   1978< -.006  Higher   1981  .022   1994  .017

 [E] Outliers     1   3.0 SD above or -4.5 SD below mean for year
       1983 +3.1 SD
====================================================================================================================================

 NLW226A   1968 to  2021      54 years                                                                                    Series  51

 [B] Entire series, effect on correlation (  .663) is:
       Lower   1968> -.048   1974< -.043   1998< -.034   1970< -.020   1972< -.013   1976> -.011  Higher   1981  .053   1994  .032

 [E] Outliers     1   3.0 SD above or -4.5 SD below mean for year
       1968 +3.3 SD
====================================================================================================================================

 NLW226B   1966 to  2021      56 years                                                                                    Series  52

 [B] Entire series, effect on correlation (  .586) is:
       Lower   1979< -.044   1983> -.023   1972< -.023   1966> -.017   1981> -.013   1968< -.013  Higher   2012  .038   1990  .023

 [E] Outliers     1   3.0 SD above or -4.5 SD below mean for year
       1980 -4.9 SD
====================================================================================================================================

 NLW227A   1971 to  2021      51 years                                                                                    Series  53

 [B] Entire series, effect on correlation (  .605) is:
       Lower   1974< -.045   1973< -.024   1981> -.024   2012> -.023   1983> -.015   1979< -.012  Higher   2005  .043   1999  .040

====================================================================================================================================

 NLW227B   1971 to  2021      51 years                                                                                    Series  54

 [B] Entire series, effect on correlation (  .756) is:
       Lower   1973< -.014   1974< -.012   1997< -.010   1975> -.010   2006< -.010   1982> -.009  Higher   1994  .021   1981  .018

====================================================================================================================================

 NLW228A   1968 to  2021      54 years                                                                                    Series  55

 [B] Entire series, effect on correlation (  .804) is:
       Lower   1968> -.021   1974< -.010   1973< -.010   1989< -.009   1982> -.009   1986> -.007  Higher   1981  .024   2016  .011

====================================================================================================================================

 NLW228B   1968 to  2021      54 years                                                                                    Series  56

 [B] Entire series, effect on correlation (  .807) is:
       Lower   1978< -.041   1969> -.018   1975< -.017   1983> -.011   1968> -.011   1974< -.009  Higher   1981  .028   1994  .018

====================================================================================================================================

 NLW229A   1966 to  2021      56 years                                                                                    Series  57

 [B] Entire series, effect on correlation (  .844) is:
       Lower   1968> -.021   1975< -.017   1969> -.011   1987> -.011   1982> -.008   1973< -.007  Higher   2005  .012   1999  .012

====================================================================================================================================

 NLW229B   1966 to  2021      56 years                                                                                    Series  58

 [B] Entire series, effect on correlation (  .687) is:
       Lower   1968> -.018   1983> -.017   1997< -.017   1989< -.016   1969> -.012   1981> -.011  Higher   1994  .036   2005  .032

====================================================================================================================================

 NLW230A   1964 to  2021      58 years                                                                                    Series  59

 [*] Early part of series cannot be checked from 1964 to 1964 -- not matched by another series

 [B] Entire series, effect on correlation (  .758) is:
       Lower   1966> -.022   1971< -.022   1998< -.019   1978< -.013   1969> -.011   2008> -.009  Higher   2005  .027   2012  .018

====================================================================================================================================

 NLW230B   1965 to  2021      57 years                                                                                    Series  60

 [B] Entire series, effect on correlation (  .589) is:
       Lower   2021< -.087   1998< -.017   1966> -.016   1987> -.016   1965< -.013   1971< -.012  Higher   2005  .047   1990  .022

====================================================================================================================================

 NLW231A   1969 to  2021      53 years                                                                                    Series  61

 [B] Entire series, effect on correlation (  .917) is:
       Lower   1980< -.011   1976< -.008   1988> -.004   1983> -.004   2019> -.003   1985> -.003  Higher   1994  .009   1999  .006

====================================================================================================================================

 NLW231B   1969 to  2021      53 years                                                                                    Series  62

 [B] Entire series, effect on correlation (  .794) is:
       Lower   1977< -.047   2012> -.029   1982> -.015   1975< -.012   1986> -.004   1998< -.003  Higher   1994  .023   1981  .020

 [E] Outliers     1   3.0 SD above or -4.5 SD below mean for year
       1977 -4.6 SD
====================================================================================================================================

 NLW232A   1968 to  2021      54 years                                                                                    Series  63

 [B] Entire series, effect on correlation (  .710) is:
       Lower   1968> -.035   1981> -.027   2019< -.013   2014> -.011   2012> -.009   2004< -.008  Higher   1994  .022   2016  .017

====================================================================================================================================

 NLW232B   1968 to  2021      54 years                                                                                    Series  64

 [B] Entire series, effect on correlation (  .804) is:
       Lower   1968> -.052   1972< -.020   1971< -.012   1979> -.008   1976> -.008   1987> -.006  Higher   1981  .026   1994  .021

 [E] Outliers     1   3.0 SD above or -4.5 SD below mean for year
       1968 +3.4 SD
====================================================================================================================================

 NLW233A   1974 to  2021      48 years                                                                                    Series  65

 [B] Entire series, effect on correlation (  .780) is:
       Lower   1977> -.028   1993< -.018   1980> -.016   1985< -.015   1978< -.012   1974> -.010  Higher   2005  .026   2012  .015

 [E] Outliers     1   3.0 SD above or -4.5 SD below mean for year
       1981 +3.2 SD
====================================================================================================================================

 NLW233B   1972 to  2002      31 years                                                                                    Series  66

 [B] Entire series, effect on correlation (  .655) is:
       Lower   1989< -.068   1981> -.054   1974< -.030   1982> -.016   2001> -.012   1979> -.008  Higher   1994  .088   1999  .040

 [E] Outliers     1   3.0 SD above or -4.5 SD below mean for year
       1981 +3.1 SD
====================================================================================================================================

 NLW234A   1973 to  2021      49 years                                                                                    Series  67

 [B] Entire series, effect on correlation (  .694) is:
       Lower   1982> -.041   1973< -.027   1983> -.024   1985< -.019   1986> -.007   1981> -.007  Higher   1999  .019   2016  .015

 [E] Outliers     2   3.0 SD above or -4.5 SD below mean for year
       1982 +4.3 SD;    1994 -4.8 SD
====================================================================================================================================

 NLW234B   1972 to  2021      50 years                                                                                    Series  68

 [B] Entire series, effect on correlation (  .675) is:
       Lower   1983> -.043   1977> -.035   1986< -.034   1985< -.030   1995> -.018   1975> -.013  Higher   1994  .038   1981  .029

 [E] Outliers     3   3.0 SD above or -4.5 SD below mean for year
       1977 +3.3 SD;    1983 +3.7 SD;    1986 -5.5 SD
====================================================================================================================================

 NLW235A   1971 to  2021      51 years                                                                                    Series  69

 [B] Entire series, effect on correlation (  .754) is:
       Lower   2010< -.014   1977> -.013   1999> -.011   2012> -.009   2019> -.007   2020< -.007  Higher   1981  .022   2005  .021

====================================================================================================================================

 NLW235B   1971 to  2021      51 years                                                                                    Series  70

 [B] Entire series, effect on correlation (  .837) is:
       Lower   1986> -.026   1997< -.022   1972< -.016   1992< -.011   1980> -.003   1975> -.003  Higher   1981  .017   1994  .015

====================================================================================================================================

 NLW236A   1972 to  2021      50 years                                                                                    Series  71

 [B] Entire series, effect on correlation (  .868) is:
       Lower   1972> -.011   2010< -.009   1974< -.009   2013< -.005   2014> -.004   1993< -.004  Higher   1994  .011   2005  .010

====================================================================================================================================

 NLW236B   1972 to  2021      50 years                                                                                    Series  72

 [B] Entire series, effect on correlation (  .864) is:
       Lower   1977> -.027   1974< -.010   2019> -.007   1976> -.005   2016> -.005   1992< -.004  Higher   1981  .018   1994  .011

====================================================================================================================================

 NLW237A   1968 to  2021      54 years                                                                                    Series  73

 [B] Entire series, effect on correlation (  .855) is:
       Lower   1997< -.016   1969< -.011   1974> -.008   1992< -.007   1979> -.005   1986> -.004  Higher   1999  .011   1990  .007

====================================================================================================================================

 NLW237B   1969 to  2021      53 years                                                                                    Series  74

 [B] Entire series, effect on correlation (  .878) is:
       Lower   1969< -.008   1982< -.007   1975< -.006   1997< -.005   1993< -.004   1991> -.003  Higher   1981  .014   2016  .007

====================================================================================================================================

 NLW238A   1971 to  2021      51 years                                                                                    Series  75

 [B] Entire series, effect on correlation (  .611) is:
       Lower   1998< -.154   1994> -.028   1978< -.013   1991> -.008   1984< -.007   1987> -.006  Higher   2012  .040   2005  .027

 [E] Outliers     1   3.0 SD above or -4.5 SD below mean for year
       1994 +3.4 SD
====================================================================================================================================

 NLW238B   1971 to  2021      51 years                                                                                    Series  76

 [B] Entire series, effect on correlation (  .605) is:
       Lower   1998< -.132   1999> -.026   1994> -.024   1980< -.008   1995> -.008   1984< -.007  Higher   2005  .042   2016  .027

====================================================================================================================================

 NLW239A   1968 to  2018      51 years                                                                                    Series  77

 [B] Entire series, effect on correlation (  .825) is:
       Lower   2015< -.017   2014> -.014   2008< -.014   1987> -.011   1969> -.008   2012> -.006  Higher   1994  .019   2016  .010

====================================================================================================================================

 NLW239B   1968 to  2021      54 years                                                                                    Series  78

 [B] Entire series, effect on correlation (  .760) is:
       Lower   1968< -.095   1969> -.009   1999> -.008   1988< -.007   2015< -.006   1979> -.004  Higher   1981  .015   1990  .012

 [E] Outliers     1   3.0 SD above or -4.5 SD below mean for year
       1968 -5.8 SD
====================================================================================================================================

 NLW240A   1967 to  2019      53 years                                                                                    Series  79

 [B] Entire series, effect on correlation (  .444) is:
       Lower   2011< -.191   2012> -.040   1967< -.022   1979< -.019   2013< -.005   1999> -.004  Higher   1981  .037   2010  .033

====================================================================================================================================

 NLW240B   1967 to  2021      55 years                                                                                    Series  80

 [B] Entire series, effect on correlation (  .753) is:
       Lower   2021< -.064   1967< -.015   1974> -.012   1986< -.011   2000< -.010   1998< -.009  Higher   1981  .019   1994  .016

====================================================================================================================================

 [*] All segments correlate highest as dated with correlation with master series over   .3281
PART 7:  DESCRIPTIVE STATISTICS:                                                                   15:02  Tue 28 Dec 2021  Page   7
------------------------------------------------------------------------------------------------------------------------------------

                                                Corr   //-------- Unfiltered --------\\  //---- Filtered -----\\
                           No.    No.    No.    with   Mean   Max     Std   Auto   Mean   Max     Std   Auto  AR
 Seq Series   Interval   Years  Segmt  Flags   Master  msmt   msmt    dev   corr   sens  value    dev   corr  ()
 --- -------- ---------  -----  -----  -----   ------ -----  -----  -----  -----  -----  -----  -----  -----  --
   1 NLW201A  1972 2021     50      1      0    .789   1.53   6.01  1.298   .910   .406   2.60   .588  -.012   1
   2 NLW201B  1972 2021     50      1      0    .795   1.84   8.97  2.011   .926   .462   2.58   .429  -.023   1
   3 NLW202A  1970 2021     52      2      0    .886   1.27   3.73   .977   .848   .479   2.64   .676  -.025   1
   4 NLW202B  1970 2021     52      2      0    .843   1.68   4.75  1.109   .707   .476   2.72   .634  -.090   3
   5 NLW203A  1973 2021     49      1      0    .762   1.43   4.57  1.038   .822   .449   2.75   .589   .111   1
   6 NLW203B  1973 2021     49      1      0    .803   1.63   4.53  1.117   .773   .456   2.69   .587   .012   1
   7 NLW204A  1971 2021     51      2      0    .813   1.56   4.74  1.104   .777   .478   2.82   .563   .025   1
   8 NLW204B  1971 2021     51      2      0    .836   1.76   5.09  1.076   .741   .421   2.56   .552  -.112   1
   9 NLW205A  1970 2011     42      1      0    .771   1.61   5.15  1.477   .939   .458   2.75   .730   .018   1
  10 NLW205B  1970 2021     52      2      0    .832   1.36   5.43  1.447   .939   .504   2.66   .670  -.082   1
  11 NLW206A  1969 2016     48      1      0    .708   1.22   3.89  1.071   .911   .424   2.80   .605  -.058   1
  12 NLW206B  1969 2018     50      1      0    .771   1.26   3.36  1.006   .836   .530   2.81   .636  -.080   1
  13 NLW207A  1969 2021     53      2      0    .732   1.71   3.97  1.043   .724   .444   2.71   .509  -.060   2
  14 NLW207B  1969 2018     50      1      0    .720   1.26   4.12  1.092   .917   .410   2.56   .527  -.015   1
  15 NLW208A  1968 2021     54      2      0    .896   1.80   5.66  1.330   .852   .372   2.95   .690  -.130   1
  16 NLW208B  1968 2021     54      2      0    .843   1.61   6.20  1.280   .893   .364   2.55   .462  -.015   2
  17 NLW209A  1975 2021     47      1      0    .844   1.33   4.43  1.022   .773   .529   2.62   .613  -.043   2
  18 NLW209B  1975 2021     47      1      0    .882   1.21   4.30   .975   .755   .532   2.69   .638  -.065   1
  19 NLW210A  1971 2021     51      2      0    .523   1.29   7.99  1.503   .926   .413   2.68   .498   .095   2
  20 NLW210B  1971 2021     51      2      0    .497   1.20   7.79  1.623   .962   .342   2.97   .686  -.122   1
  21 NLW211A  1966 2021     56      2      0    .633   1.94   7.15  1.547   .869   .328   2.86   .654  -.148   2
  22 NLW211B  1966 2021     56      2      0    .669   1.64   6.64  1.474   .884   .334   2.59   .554   .188   1
  23 NLW212A  1982 2021     40      1      0    .731    .82   2.08   .512   .452   .543   2.81   .570  -.043   5
  24 NLW212B  1970 2013     44      1      0    .748   1.32   4.79  1.188   .875   .468   2.67   .634  -.132   2
  25 NLW213A  1968 2021     54      2      0    .740   1.30   3.92   .910   .898   .376   2.76   .661  -.076   1
  26 NLW213B  1968 2021     54      2      0    .836   1.33   4.63   .960   .848   .413   2.82   .590  -.074   1
  27 NLW214A  1968 2021     54      2      0    .807   1.18   5.54  1.350   .930   .519   2.68   .688  -.060   2
  28 NLW214B  1968 2018     51      2      0    .814   1.54   5.40  1.397   .929   .352   2.78   .596  -.070   1
  29 NLW215A  1968 2021     54      2      0    .853   1.28   7.03  1.591   .903   .553   2.75   .751   .024   2
  30 NLW215B  1968 2021     54      2      0    .908   1.39   7.72  1.921   .918   .571   2.60   .512  -.072   2
  31 NLW216A  1969 2021     53      2      0    .716   1.84   6.57  1.417   .866   .431   2.87   .642   .017   1
  32 NLW216B  1969 2021     53      2      0    .782   1.52   6.48  1.427   .900   .440   3.25   .670  -.022   1
  33 NLW217A  1969 2021     53      2      0    .669   1.45   5.32  1.391   .891   .461   2.80   .546  -.063   2
  34 NLW217B  1969 2021     53      2      0    .747   1.08   4.73  1.188   .933   .507   2.98   .782   .015   1
  35 NLW218A  1969 2021     53      2      0    .892   1.62   6.06  1.334   .859   .392   2.59   .465  -.084   2
  36 NLW218B  1969 2021     53      2      0    .846   1.36   7.43  1.522   .872   .410   2.70   .643  -.083   1
  37 NLW219A  1968 2021     54      2      0    .770   1.70   4.64  1.236   .864   .420   2.65   .608  -.065   3
  38 NLW219B  1968 2021     54      2      0    .760   1.30   4.38  1.211   .884   .471   2.64   .480  -.056   1
  39 NLW220A  1966 2021     56      2      0    .716   1.74   5.68  1.646   .892   .473   2.71   .499  -.088   2
  40 NLW220B  1967 2021     55      2      0    .833   1.14   4.96  1.162   .915   .543   2.84   .566  -.050   3
  41 NLW221A  1965 2021     57      2      0    .717   1.53   7.21  1.833   .967   .408   2.53   .539  -.032   1
  42 NLW221B  1965 2021     57      2      0    .564   1.42   8.26  1.636   .900   .495   2.59   .512  -.108   2
  43 NLW222A  1967 2021     55      2      0    .919   1.26   6.12  1.495   .941   .557   2.82   .680  -.115   1
  44 NLW222B  1967 2021     55      2      0    .861   1.38   6.58  1.629   .939   .497   2.66   .561  -.107   1
  45 NLW223A  1968 2021     54      2      0    .840   1.55   4.90  1.353   .883   .500   2.65   .557  -.011   1
  46 NLW223B  1968 2021     54      2      0    .825   1.84   6.95  1.681   .872   .481   2.81   .586  -.022   3
  47 NLW224A  1967 2021     55      2      0    .828   1.33   6.94  1.573   .939   .478   2.71   .584  -.077   1
  48 NLW224B  1967 2021     55      2      0    .872   1.49   6.54  1.569   .936   .465   2.79   .524   .003   1
PART 7:  DESCRIPTIVE STATISTICS:                                                                   15:02  Tue 28 Dec 2021  Page   8
------------------------------------------------------------------------------------------------------------------------------------

                                                Corr   //-------- Unfiltered --------\\  //---- Filtered -----\\
                           No.    No.    No.    with   Mean   Max     Std   Auto   Mean   Max     Std   Auto  AR
 Seq Series   Interval   Years  Segmt  Flags   Master  msmt   msmt    dev   corr   sens  value    dev   corr  ()
 --- -------- ---------  -----  -----  -----   ------ -----  -----  -----  -----  -----  -----  -----  -----  --
  49 NLW225A  1967 2021     55      2      0    .831   1.18   3.89   .961   .858   .475   2.63   .532  -.107   1
  50 NLW225B  1967 2021     55      2      0    .840   1.90   6.08  1.218   .672   .449   2.77   .650  -.114   2
  51 NLW226A  1968 2021     54      2      0    .663   1.14   6.72  1.382   .909   .601   2.70   .578  -.033   1
  52 NLW226B  1966 2021     56      2      0    .586   1.38   5.32  1.402   .824   .559   2.77   .511  -.081   1
  53 NLW227A  1971 2021     51      2      0    .605   1.46   4.32  1.137   .891   .403   2.75   .622  -.012   1
  54 NLW227B  1971 2021     51      2      0    .756   1.74   4.70  1.274   .859   .387   2.70   .516  -.074   1
  55 NLW228A  1968 2021     54      2      0    .804   1.73   6.34  1.549   .915   .460   2.72   .517  -.117   1
  56 NLW228B  1968 2021     54      2      0    .807   1.56   6.69  1.510   .933   .433   2.71   .610  -.032   1
  57 NLW229A  1966 2021     56      2      0    .844   1.65   5.42  1.191   .861   .401   2.61   .551  -.066   1
  58 NLW229B  1966 2021     56      2      0    .687   1.87   6.33  1.455   .883   .358   2.65   .530  -.002   3
  59 NLW230A  1964 2021     58      2      0    .758   1.48   5.45  1.138   .862   .356   2.96   .584  -.042   1
  60 NLW230B  1965 2021     57      2      0    .589   1.84   5.24  1.266   .828   .373   2.82   .598  -.105   2
  61 NLW231A  1969 2021     53      2      0    .917   1.42   5.28  1.181   .905   .406   2.73   .573  -.040   1
  62 NLW231B  1969 2021     53      2      0    .794   1.97   5.75  1.298   .756   .405   2.77   .562  -.089   2
  63 NLW232A  1968 2021     54      2      0    .710   1.57   4.32  1.070   .824   .424   2.52   .521  -.109   5
  64 NLW232B  1968 2021     54      2      0    .804   1.37   4.20  1.066   .877   .431   2.57   .538   .000   1
  65 NLW233A  1974 2021     48      1      0    .780   1.38   4.14   .965   .705   .415   2.99   .612  -.070   1
  66 NLW233B  1972 2002     31      1      0    .655   2.33   4.76  1.250   .795   .313   2.50   .641  -.027   1
  67 NLW234A  1973 2021     49      1      0    .694   1.80   4.80  1.323   .829   .464   2.56   .439  -.008   1
  68 NLW234B  1972 2021     50      1      0    .675   1.48   5.10  1.200   .852   .424   2.55   .639  -.017   1
  69 NLW235A  1971 2021     51      2      0    .754   1.59   6.11  1.464   .917   .399   2.46   .441   .019   1
  70 NLW235B  1971 2021     51      2      0    .837   2.62   6.59  1.642   .766   .410   2.69   .508  -.035   1
  71 NLW236A  1972 2021     50      1      0    .868   2.01   6.69  1.480   .851   .380   2.67   .482  -.023   1
  72 NLW236B  1972 2021     50      1      0    .864   1.62   5.72  1.395   .889   .413   2.61   .644  -.036   1
  73 NLW237A  1968 2021     54      2      0    .855   1.78   7.10  1.842   .885   .586   2.78   .602  -.104   1
  74 NLW237B  1969 2021     53      2      0    .878   1.03   5.31  1.304   .926   .623   2.70   .577  -.043   1
  75 NLW238A  1971 2021     51      2      0    .611    .92   4.59  1.075   .948   .426   2.82   .517  -.077   1
  76 NLW238B  1971 2021     51      2      0    .605   1.19   5.32  1.317   .904   .498   2.72   .552  -.099   2
  77 NLW239A  1968 2018     51      2      0    .825   1.28   5.13  1.197   .888   .517   2.82   .647  -.031   3
  78 NLW239B  1968 2021     54      2      0    .760   1.37   5.19  1.366   .884   .567   2.55   .432  -.043   2
  79 NLW240A  1967 2019     53      2      0    .444    .88   4.11  1.129   .919   .604   2.77   .513  -.103   2
  80 NLW240B  1967 2021     55      2      0    .753   1.21   5.80  1.416   .902   .591   2.89   .743  -.092   2
 --- -------- ---------  -----  -----  -----   ------ -----  -----  -----  -----  -----  -----  -----  -----  --
 Total or mean:           4172    142      0    .767   1.49   8.97  1.321   .867   .455   3.25   .581  -.049

                                              - = [  COFECHA CORESCOF  ] = -
