[]  Dendrochronology Program Library                                        Run TREES  Program COF  15:01  Tue 28 Dec 2021  Page   1
[]
[]  P R O G R A M      C O F E C H A                                                                          Version 6.06P    31775
------------------------------------------------------------------------------------------------------------------------------------

 QUALITY CONTROL AND DATING CHECK OF TREE-RING MEASUREMENTS

 File of DATED series:   3-PINI_low2_trees.rwl

 CONTENTS:

    Part 1:  Title page, options selected, summary, absent rings by series
    Part 2:  Histogram of time spans
    Part 3:  Master series with sample depth and absent rings by year
    Part 4:  Bar plot of Master Dating Series
    Part 5:  Correlation by segment of each series with Master
    Part 6:  Potential problems: low correlation, divergent year-to-year changes, absent rings, outliers
    Part 7:  Descriptive statistics

 RUN CONTROL OPTIONS SELECTED                             VALUE

         1  Cubic smoothing spline 50% wavelength cutoff for filtering
                                                            32 years
         2  Segments examined are                           50 years lagged successively by  25 years
         3  Autoregressive model applied                     A  Residuals are used in master dating series and testing
         4  Series transformed to logarithms                 Y  Each series log-transformed for master dating series and testing
         5  CORRELATION is Pearson (parametric, quantitative)
            Critical correlation, 99% confidence level   .3281
         6  Master dating series saved                       N
         7  Ring measurements listed                         N
         8  Parts printed                              1234567 
         9  Absent rings are omitted from master series and segment correlations  (Y)

 Time span of Master dating series is  1964 to  2021    58 years
 Continuous time span is               1964 to  2021    58 years
 Portion with two or more series is    1965 to  2021    57 years


                                        ****************************************
                                        *C* Number of dated series        40 *C*
                                        *O* Master series 1964 2021   58 yrs *O*
                                        *F* Total rings in all series   2121 *F*
                                        *E* Total dated rings checked   2120 *E*
                                        *C* Series intercorrelation     .799 *C*
                                        *H* Average mean sensitivity    .437 *H*
                                        *A* Segments, possible problems    0 *A*
                                        *** Mean length of series       53.0 ***
                                        ****************************************

 ABSENT RINGS listed by SERIES:            (See Master Dating Series for absent rings listed by year)

               No ring measurements of zero value
PART 2:  TIME PLOT OF TREE-RING SERIES:                                                            15:01  Tue 28 Dec 2021  Page   2
------------------------------------------------------------------------------------------------------------------------------------
 1050 1100 1150 1200 1250 1300 1350 1400 1450 1500 1550 1600 1650 1700 1750 1800 1850 1900 1950 2000 2050 Ident   Seq Time-span  Yrs
   :    :    :    :    :    :    :    :    :    :    :    :    :    :    :    :    :    :    :    :    : -------- --- ---- ---- ----
   .    .    .    .    .    .    .    .    .    .    .    .    .    .    .    .    .    .    . <====>  . NLW201     1 1972 2021   50
   .    .    .    .    .    .    .    .    .    .    .    .    .    .    .    .    .    .    . <====>  . NLW202     2 1970 2021   52
   .    .    .    .    .    .    .    .    .    .    .    .    .    .    .    .    .    .    . <====>  . NLW203     3 1973 2021   49
   .    .    .    .    .    .    .    .    .    .    .    .    .    .    .    .    .    .    . <====>  . NLW204     4 1971 2021   51
   .    .    .    .    .    .    .    .    .    .    .    .    .    .    .    .    .    .    . <====>  . NLW205     5 1970 2021   52
   .    .    .    .    .    .    .    .    .    .    .    .    .    .    .    .    .    .    .<====>   . NLW206     6 1969 2018   50
   .    .    .    .    .    .    .    .    .    .    .    .    .    .    .    .    .    .    .<=====>  . NLW207     7 1969 2021   53
   .    .    .    .    .    .    .    .    .    .    .    .    .    .    .    .    .    .    .<=====>  . NLW208     8 1968 2021   54
   .    .    .    .    .    .    .    .    .    .    .    .    .    .    .    .    .    .    . <====>  . NLW209     9 1975 2021   47
   .    .    .    .    .    .    .    .    .    .    .    .    .    .    .    .    .    .    . <====>  . NLW210    10 1971 2021   51
   .    .    .    .    .    .    .    .    .    .    .    .    .    .    .    .    .    .    .<=====>  . NLW211    11 1966 2021   56
   .    .    .    .    .    .    .    .    .    .    .    .    .    .    .    .    .    .    . <====>  . NLW212    12 1970 2021   52
   .    .    .    .    .    .    .    .    .    .    .    .    .    .    .    .    .    .    .<=====>  . NLW213    13 1968 2021   54
   .    .    .    .    .    .    .    .    .    .    .    .    .    .    .    .    .    .    .<=====>  . NLW214    14 1968 2021   54
   .    .    .    .    .    .    .    .    .    .    .    .    .    .    .    .    .    .    .<=====>  . NLW215    15 1968 2021   54
   .    .    .    .    .    .    .    .    .    .    .    .    .    .    .    .    .    .    .<=====>  . NLW216    16 1969 2021   53
   .    .    .    .    .    .    .    .    .    .    .    .    .    .    .    .    .    .    .<=====>  . NLW217    17 1969 2021   53
   .    .    .    .    .    .    .    .    .    .    .    .    .    .    .    .    .    .    .<=====>  . NLW218    18 1969 2021   53
   .    .    .    .    .    .    .    .    .    .    .    .    .    .    .    .    .    .    .<=====>  . NLW219    19 1968 2021   54
   .    .    .    .    .    .    .    .    .    .    .    .    .    .    .    .    .    .    .<=====>  . NLW220    20 1966 2021   56
   .    .    .    .    .    .    .    .    .    .    .    .    .    .    .    .    .    .    .<=====>  . NLW221    21 1965 2021   57
   .    .    .    .    .    .    .    .    .    .    .    .    .    .    .    .    .    .    .<=====>  . NLW222    22 1967 2021   55
   .    .    .    .    .    .    .    .    .    .    .    .    .    .    .    .    .    .    .<=====>  . NLW223    23 1968 2021   54
   .    .    .    .    .    .    .    .    .    .    .    .    .    .    .    .    .    .    .<=====>  . NLW224    24 1967 2021   55
   .    .    .    .    .    .    .    .    .    .    .    .    .    .    .    .    .    .    .<=====>  . NLW225    25 1967 2021   55
   .    .    .    .    .    .    .    .    .    .    .    .    .    .    .    .    .    .    .<=====>  . NLW226    26 1966 2021   56
   .    .    .    .    .    .    .    .    .    .    .    .    .    .    .    .    .    .    . <====>  . NLW227    27 1971 2021   51
   .    .    .    .    .    .    .    .    .    .    .    .    .    .    .    .    .    .    .<=====>  . NLW228    28 1968 2021   54
   .    .    .    .    .    .    .    .    .    .    .    .    .    .    .    .    .    .    .<=====>  . NLW229    29 1966 2021   56
   .    .    .    .    .    .    .    .    .    .    .    .    .    .    .    .    .    .    .<=====>  . NLW230    30 1964 2021   58
   .    .    .    .    .    .    .    .    .    .    .    .    .    .    .    .    .    .    .<=====>  . NLW231    31 1969 2021   53
   .    .    .    .    .    .    .    .    .    .    .    .    .    .    .    .    .    .    .<=====>  . NLW232    32 1968 2021   54
   .    .    .    .    .    .    .    .    .    .    .    .    .    .    .    .    .    .    . <====>  . NLW233    33 1972 2021   50
   .    .    .    .    .    .    .    .    .    .    .    .    .    .    .    .    .    .    . <====>  . NLW234    34 1972 2021   50
   .    .    .    .    .    .    .    .    .    .    .    .    .    .    .    .    .    .    . <====>  . NLW235    35 1971 2021   51
   .    .    .    .    .    .    .    .    .    .    .    .    .    .    .    .    .    .    . <====>  . NLW236    36 1972 2021   50
   .    .    .    .    .    .    .    .    .    .    .    .    .    .    .    .    .    .    .<=====>  . NLW237    37 1968 2021   54
   .    .    .    .    .    .    .    .    .    .    .    .    .    .    .    .    .    .    . <====>  . NLW238    38 1971 2021   51
   .    .    .    .    .    .    .    .    .    .    .    .    .    .    .    .    .    .    .<=====>  . NLW239    39 1968 2021   54
   .    .    .    .    .    .    .    .    .    .    .    .    .    .    .    .    .    .    .<=====>  . NLW240    40 1967 2021   55
   :    :    :    :    :    :    :    :    :    :    :    :    :    :    :    :    :    :    :    :    :
 1050 1100 1150 1200 1250 1300 1350 1400 1450 1500 1550 1600 1650 1700 1750 1800 1850 1900 1950 2000 2050
PART 3:  Master Dating Series:                                                                     15:01  Tue 28 Dec 2021  Page   3
------------------------------------------------------------------------------------------------------------------------------------
  Year  Value  No Ab    Year  Value  No Ab    Year  Value  No Ab    Year  Value  No Ab    Year  Value  No Ab    Year  Value  No Ab
  ------------------    ------------------    ------------------    ------------------    ------------------    ------------------
                        2000   .789  40
                        2001   .142  40
                        2002   .517  40
                        2003   .624  40
                        2004   .661  40
                        2005 -1.824  40
                        2006  -.274  40
                        2007   .180  40
                        2008 -1.005  40
                        2009  1.081  40

                        2010  1.822  40
                        2011  1.759  40
                        2012  -.995  40
                        2013   .320  40
  1964  -.698   1       2014  -.641  40
  1965  -.924   2       2015  -.151  40
  1966  -.516   6       2016 -1.544  40
  1967   .717  10       2017  -.095  40
  1968  -.844  20       2018   .206  40
  1969  -.098  26       2019  -.855  39

  1970  1.316  29       2020  1.217  39
  1971  1.016  34       2021   .789  39
  1972   .454  38
  1973   .479  39
  1974   .367  39
  1975   .033  40
  1976  -.183  40
  1977  -.987  40
  1978   .653  40
  1979   .365  40

  1980   .296  40
  1981 -2.732  40
  1982 -1.214  40
  1983 -1.453  40
  1984   .527  40
  1985   .624  40
  1986  -.280  40
  1987 -1.224  40
  1988  -.435  40
  1989   .273  40

  1990  1.774  40
  1991   .560  40
  1992   .684  40
  1993   .591  40
  1994 -1.925  40
  1995 -1.483  40
  1996   .960  40
  1997  1.231  40
  1998   .946  40
  1999 -1.594  40
------------------------------------------------------------------------------------------------------------------------------------
PART 4:  Master Bar Plot:                                                                          15:01  Tue 28 Dec 2021  Page   4
------------------------------------------------------------------------------------------------------------------------------------
   Year Rel value  Year Rel value  Year Rel value  Year Rel value  Year Rel value  Year Rel value  Year Rel value  Year Rel value
                   2000--------C
                   2001-----A
                   2002------B
                   2003-------B
                   2004-------C
                   2005g
                   2006---a
                   2007-----A
                   2008--d
                   2009---------D
                   2010----------G
                   2011----------G
                   2012--d
                   2013-----A
   1964--c         2014---c
   1965--d         2015----a
   1966---b        2016f
   1967--------C   2017----@
   1968--c         2018-----A
   1969----@       2019--c
   1970---------E  2020---------E
   1971---------D  2021--------C
   1972------B
   1973------B
   1974------A
   1975----@
   1976----a
   1977--d
   1978-------C
   1979------A
   1980-----A
   1981k
   1982-e
   1983f
   1984------B
   1985-------B
   1986---a
   1987-e
   1988---b
   1989-----A
   1990----------G
   1991-------B
   1992--------C
   1993-------B
   1994h
   1995f
   1996---------D
   1997---------E
   1998---------D
   1999f
PART 5:  CORRELATION OF SERIES BY SEGMENTS:                                                        15:01  Tue 28 Dec 2021  Page   5
------------------------------------------------------------------------------------------------------------------------------------
 Correlations of  50-year dated segments, lagged  25 years
 Flags:  A = correlation under   .3281 but highest as dated;  B = correlation higher at other than dated position

 Seq Series  Time_span   1950 1975
                         1999 2024
 --- -------- ---------  ---- ---- ---- ---- ---- ---- ---- ---- ---- ---- ---- ---- ---- ---- ---- ---- ---- ---- ---- ----
   1 NLW201   1972 2021   .85
   2 NLW202   1970 2021   .89  .90
   3 NLW203   1973 2021   .80
   4 NLW204   1971 2021   .85  .85
   5 NLW205   1970 2021   .84  .83
   6 NLW206   1969 2018   .77
   7 NLW207   1969 2021   .70  .77
   8 NLW208   1968 2021   .92  .91
   9 NLW209   1975 2021        .91
  10 NLW210   1971 2021   .54  .54
  11 NLW211   1966 2021   .68  .76
  12 NLW212   1970 2021   .85  .85
  13 NLW213   1968 2021   .80  .84
  14 NLW214   1968 2021   .84  .83
  15 NLW215   1968 2021   .90  .91
  16 NLW216   1969 2021   .75  .75
  17 NLW217   1969 2021   .69  .85
  18 NLW218   1969 2021   .91  .91
  19 NLW219   1968 2021   .77  .81
  20 NLW220   1966 2021   .79  .92
  21 NLW221   1965 2021   .64  .72
  22 NLW222   1967 2021   .89  .90
  23 NLW223   1968 2021   .86  .86
  24 NLW224   1967 2021   .88  .90
  25 NLW225   1967 2021   .89  .88
  26 NLW226   1966 2021   .59  .67
  27 NLW227   1971 2021   .71  .71
  28 NLW228   1968 2021   .85  .88
  29 NLW229   1966 2021   .75  .79
  30 NLW230   1964 2021   .70  .79
  31 NLW231   1969 2021   .89  .90
  32 NLW232   1968 2021   .83  .89
  33 NLW233   1972 2021   .85
  34 NLW234   1972 2021   .72
  35 NLW235   1971 2021   .85  .85
  36 NLW236   1972 2021   .89
  37 NLW237   1968 2021   .87  .89
  38 NLW238   1971 2021   .63  .63
  39 NLW239   1968 2021   .79  .91
  40 NLW240   1967 2021   .76  .70
 Av segment correlation   .79  .82
PART 6:  POTENTIAL PROBLEMS:                                                                       15:01  Tue 28 Dec 2021  Page   5
------------------------------------------------------------------------------------------------------------------------------------

 For each series with potential problems the following diagnostics may appear:

 [A] Correlations with master dating series of flagged  50-year segments of series filtered with  32-year spline,
     at every point from ten years earlier (-10) to ten years later (+10) than dated

 [B] Effect of those data values which most lower or raise correlation with master series
     Symbol following year indicates value in series is greater (>) or lesser (<) than master series value

 [C] Year-to-year changes very different from the mean change in other series

 [D] Absent rings (zero values)

 [E] Values which are statistical outliers from mean for the year
====================================================================================================================================

 NLW201    1972 to  2021      50 years                                                                                    Series   1

 [B] Entire series, effect on correlation (  .849) is:
       Lower   1999> -.016   2010< -.010   1998< -.010   1995> -.009   1983< -.007   1972> -.005  Higher   1981  .022   1994  .009

====================================================================================================================================

 NLW202    1970 to  2021      52 years                                                                                    Series   2

 [B] Entire series, effect on correlation (  .884) is:
       Lower   1973< -.022   1971< -.013   1992< -.007   1979> -.006   1982> -.005   2019> -.003  Higher   1981  .019   1999  .009

====================================================================================================================================

 NLW203    1973 to  2021      49 years                                                                                    Series   3

 [B] Entire series, effect on correlation (  .797) is:
       Lower   1982< -.056   1976> -.022   1993< -.012   2013< -.010   1988> -.007   2019> -.006  Higher   1994  .023   1999  .017

 [E] Outliers     1   3.0 SD above or -4.5 SD below mean for year
       1976 +3.3 SD
====================================================================================================================================

 NLW204    1971 to  2021      51 years                                                                                    Series   4

 [B] Entire series, effect on correlation (  .849) is:
       Lower   1979< -.019   1986> -.010   2013< -.008   1988> -.008   1996< -.007   1973> -.006  Higher   1981  .016   1994  .011

====================================================================================================================================

 NLW205    1970 to  2021      52 years                                                                                    Series   5

 [B] Entire series, effect on correlation (  .832) is:
       Lower   1981> -.018   2021< -.009   1984< -.009   1975> -.006   1976< -.005   1986< -.004  Higher   2005  .018   2012  .013

====================================================================================================================================

 NLW206    1969 to  2018      50 years                                                                                    Series   6

 [B] Entire series, effect on correlation (  .773) is:
       Lower   1970< -.023   1997< -.018   1969< -.017   2013< -.009   2016> -.009   1989> -.008  Higher   1994  .027   1999  .020

====================================================================================================================================

 NLW207    1969 to  2021      53 years                                                                                    Series   7

 [B] Entire series, effect on correlation (  .710) is:
       Lower   2011< -.050   1970< -.043   2012> -.025   1969< -.016   1985< -.006   1976> -.005  Higher   1994  .022   1981  .019

====================================================================================================================================

 NLW208    1968 to  2021      54 years                                                                                    Series   8

 [B] Entire series, effect on correlation (  .916) is:
       Lower   1975< -.007   1988> -.007   1986> -.006   1978< -.006   1974> -.005   1983< -.005  Higher   1981  .012   2005  .007

====================================================================================================================================

 NLW209    1975 to  2021      47 years                                                                                    Series   9

 [B] Entire series, effect on correlation (  .913) is:
       Lower   1976> -.010   2021< -.007   1975> -.007   2006< -.006   2014> -.005   1993< -.004  Higher   1981  .015   2005  .008

====================================================================================================================================

 NLW210    1971 to  2021      51 years                                                                                    Series  10

 [B] Entire series, effect on correlation (  .543) is:
       Lower   1981> -.072   1972< -.045   1980< -.024   1994> -.022   1984< -.011   1999> -.011  Higher   2005  .062   2016  .024

 [C] Year-to-year changes diverging by over 4.0 std deviations:
       1980 1981   4.0 SD

 [E] Outliers     2   3.0 SD above or -4.5 SD below mean for year
       1981 +3.9 SD;    1994 +4.0 SD
====================================================================================================================================

 NLW211    1966 to  2021      56 years                                                                                    Series  11

 [B] Entire series, effect on correlation (  .711) is:
       Lower   1968> -.030   1982< -.019   1966< -.016   2001< -.015   1994> -.012   1989< -.012  Higher   1981  .044   2016  .014

 [E] Outliers     1   3.0 SD above or -4.5 SD below mean for year
       1968 +3.5 SD
====================================================================================================================================

 NLW212    1970 to  2021      52 years                                                                                    Series  12

 [B] Entire series, effect on correlation (  .857) is:
       Lower   1999> -.022   1974> -.013   1975< -.009   1978< -.009   2009< -.005   2014> -.004  Higher   1981  .023   2016  .007

====================================================================================================================================

 NLW213    1968 to  2021      54 years                                                                                    Series  13

 [B] Entire series, effect on correlation (  .803) is:
       Lower   1974< -.022   1968> -.021   1977> -.017   1969> -.015   1979< -.008   1980> -.007  Higher   2005  .021   1994  .017

====================================================================================================================================

 NLW214    1968 to  2021      54 years                                                                                    Series  14

 [B] Entire series, effect on correlation (  .835) is:
       Lower   1975< -.034   2016> -.012   2017> -.008   1985< -.007   2013< -.005   1981> -.004  Higher   1999  .013   2005  .011

====================================================================================================================================

 NLW215    1968 to  2021      54 years                                                                                    Series  15

 [B] Entire series, effect on correlation (  .905) is:
       Lower   1999> -.011   1974> -.004   1976> -.004   1995> -.003   1969< -.003   1968< -.003  Higher   1981  .012   1990  .005

====================================================================================================================================

 NLW216    1969 to  2021      53 years                                                                                    Series  16

 [B] Entire series, effect on correlation (  .755) is:
       Lower   1981> -.063   1986< -.013   1987< -.009   1999> -.009   1983> -.006   1974< -.006  Higher   2005  .028   2012  .022

 [E] Outliers     1   3.0 SD above or -4.5 SD below mean for year
       1981 +4.1 SD
====================================================================================================================================

 NLW217    1969 to  2021      53 years                                                                                    Series  17

 [B] Entire series, effect on correlation (  .708) is:
       Lower   1969< -.090   1971< -.040   2004< -.006   1985< -.005   1974> -.005   2012> -.005  Higher   1999  .019   2010  .016

 [E] Outliers     1   3.0 SD above or -4.5 SD below mean for year
       1969 -5.2 SD
====================================================================================================================================

 NLW218    1969 to  2021      53 years                                                                                    Series  18

 [B] Entire series, effect on correlation (  .911) is:
       Lower   1978< -.014   1987> -.007   2016> -.005   1991> -.004   2013< -.003   1969< -.003  Higher   1981  .013   2005  .008

====================================================================================================================================

 NLW219    1968 to  2021      54 years                                                                                    Series  19

 [B] Entire series, effect on correlation (  .785) is:
       Lower   1981> -.040   1968< -.017   1991< -.012   1977> -.011   1982> -.010   1987< -.009  Higher   1994  .024   2005  .015

====================================================================================================================================

 NLW220    1966 to  2021      56 years                                                                                    Series  20

 [B] Entire series, effect on correlation (  .797) is:
       Lower   1966< -.116   1969> -.009   1982> -.005   1998< -.004   1980< -.004   1976< -.004  Higher   1981  .029   2005  .013

 [E] Outliers     1   3.0 SD above or -4.5 SD below mean for year
       1966 -6.2 SD
====================================================================================================================================

 NLW221    1965 to  2021      57 years                                                                                    Series  21

 [B] Entire series, effect on correlation (  .669) is:
       Lower   1966> -.044   1989< -.043   1974< -.040   1994> -.018   1969< -.012   1981> -.010  Higher   2005  .031   1999  .026

 [E] Outliers     2   3.0 SD above or -4.5 SD below mean for year
       1966 +4.0 SD;    1989 -5.4 SD
====================================================================================================================================

 NLW222    1967 to  2021      55 years                                                                                    Series  22

 [B] Entire series, effect on correlation (  .892) is:
       Lower   1977< -.040   1967< -.006   1974< -.004   1969> -.004   1979< -.003   1991> -.003  Higher   2005  .010   2012  .009

====================================================================================================================================

 NLW223    1968 to  2021      54 years                                                                                    Series  23

 [B] Entire series, effect on correlation (  .860) is:
       Lower   1977< -.040   1976< -.016   1983> -.004   1982> -.003   2007< -.003   2017< -.003  Higher   1981  .019   1990  .008

 [E] Outliers     1   3.0 SD above or -4.5 SD below mean for year
       1977 -5.4 SD
====================================================================================================================================

 NLW224    1967 to  2021      55 years                                                                                    Series  24

 [B] Entire series, effect on correlation (  .882) is:
       Lower   1967> -.010   1994> -.009   1977< -.006   1968< -.005   1975> -.005   2001> -.005  Higher   1981  .019   2016  .005

====================================================================================================================================

 NLW225    1967 to  2021      55 years                                                                                    Series  25

 [B] Entire series, effect on correlation (  .887) is:
       Lower   1977< -.019   1982> -.012   1976< -.009   1983> -.008   1996< -.004   1989> -.003  Higher   1981  .019   1994  .011

 [E] Outliers     1   3.0 SD above or -4.5 SD below mean for year
       1977 -4.7 SD
====================================================================================================================================

 NLW226    1966 to  2021      56 years                                                                                    Series  26

 [B] Entire series, effect on correlation (  .603) is:
       Lower   1972< -.099   1966> -.031   1983> -.017   1971< -.013   1968> -.012   1976> -.012  Higher   2012  .037   1994  .034

 [E] Outliers     2   3.0 SD above or -4.5 SD below mean for year
       1966 +3.1 SD;    1972 -7.2 SD
====================================================================================================================================

 NLW227    1971 to  2021      51 years                                                                                    Series  27

 [B] Entire series, effect on correlation (  .716) is:
       Lower   1974< -.025   1973< -.020   2012> -.013   1975> -.010   1983> -.008   2006< -.007  Higher   1994  .035   1990  .013

====================================================================================================================================

 NLW228    1968 to  2021      54 years                                                                                    Series  28

 [B] Entire series, effect on correlation (  .849) is:
       Lower   1969> -.015   1968> -.013   1974< -.013   1978< -.011   1989< -.010   1977> -.006  Higher   1981  .025   1999  .009

====================================================================================================================================

 NLW229    1966 to  2021      56 years                                                                                    Series  29

 [B] Entire series, effect on correlation (  .756) is:
       Lower   1968> -.018   1981> -.016   1969> -.011   1997< -.010   1982> -.010   1989< -.009  Higher   1994  .020   2005  .018

====================================================================================================================================

 NLW230    1964 to  2021      58 years                                                                                    Series  30

 [*] Early part of series cannot be checked from 1964 to 1964 -- not matched by another series

 [B] Entire series, effect on correlation (  .712) is:
       Lower   1966> -.040   1971< -.022   1998< -.019   2021< -.012   1969> -.011   1987> -.010  Higher   2005  .031   2012  .022

====================================================================================================================================

 NLW231    1969 to  2021      53 years                                                                                    Series  31

 [B] Entire series, effect on correlation (  .899) is:
       Lower   2012> -.016   1977< -.011   1980< -.006   1982> -.006   1976< -.005   1979< -.004  Higher   1981  .013   2005  .007

====================================================================================================================================

 NLW232    1968 to  2021      54 years                                                                                    Series  32

 [B] Entire series, effect on correlation (  .835) is:
       Lower   1968> -.049   1973< -.009   1987> -.009   1977> -.009   1976> -.009   1979> -.009  Higher   1981  .028   1994  .015

 [E] Outliers     1   3.0 SD above or -4.5 SD below mean for year
       1968 +3.7 SD
====================================================================================================================================

 NLW233    1972 to  2021      50 years                                                                                    Series  33

 [B] Entire series, effect on correlation (  .855) is:
       Lower   1974< -.018   1980> -.016   1981> -.013   1982> -.006   1989< -.005   2019> -.005  Higher   2005  .015   2012  .012

 [E] Outliers     1   3.0 SD above or -4.5 SD below mean for year
       1981 +3.7 SD
====================================================================================================================================

 NLW234    1972 to  2021      50 years                                                                                    Series  34

 [B] Entire series, effect on correlation (  .725) is:
       Lower   1985< -.051   1983> -.032   1982> -.029   1977> -.018   1973< -.013   1975> -.012  Higher   1981  .030   1994  .022

 [E] Outliers     2   3.0 SD above or -4.5 SD below mean for year
       1982 +3.9 SD;    1983 +3.9 SD
====================================================================================================================================

 NLW235    1971 to  2021      51 years                                                                                    Series  35

 [B] Entire series, effect on correlation (  .848) is:
       Lower   1986> -.017   1997< -.011   1980> -.006   1981< -.006   1992< -.006   2020< -.004  Higher   1994  .013   1999  .008

====================================================================================================================================

 NLW236    1972 to  2021      50 years                                                                                    Series  36

 [B] Entire series, effect on correlation (  .892) is:
       Lower   1977> -.017   1974< -.013   1972> -.008   2010< -.006   2019> -.005   1976> -.003  Higher   1981  .015   1994  .011

====================================================================================================================================

 NLW237    1968 to  2021      54 years                                                                                    Series  37

 [B] Entire series, effect on correlation (  .877) is:
       Lower   1969< -.011   1997< -.011   1982< -.008   1979> -.004   1992< -.004   1974> -.004  Higher   1999  .008   1990  .006

====================================================================================================================================

 NLW238    1971 to  2021      51 years                                                                                    Series  38

 [B] Entire series, effect on correlation (  .630) is:
       Lower   1998< -.175   1994> -.021   1980< -.006   1984< -.005   2015> -.005   1972< -.004  Higher   2012  .036   2005  .029

 [E] Outliers     1   3.0 SD above or -4.5 SD below mean for year
       1994 +3.5 SD
====================================================================================================================================

 NLW239    1968 to  2021      54 years                                                                                    Series  39

 [B] Entire series, effect on correlation (  .794) is:
       Lower   1968< -.102   1969> -.011   1988< -.005   2015< -.005   1999> -.003   2005> -.003  Higher   1981  .017   1990  .008

 [E] Outliers     1   3.0 SD above or -4.5 SD below mean for year
       1968 -6.1 SD
====================================================================================================================================

 NLW240    1967 to  2021      55 years                                                                                    Series  40

 [B] Entire series, effect on correlation (  .683) is:
       Lower   2021< -.090   1967< -.026   2012> -.015   1986< -.010   1974> -.009   2000< -.009  Higher   1981  .024   2010  .015

====================================================================================================================================

 [*] All segments correlate highest as dated with correlation with master series over   .3281
PART 7:  DESCRIPTIVE STATISTICS:                                                                   15:01  Tue 28 Dec 2021  Page   6
------------------------------------------------------------------------------------------------------------------------------------

                                                Corr   //-------- Unfiltered --------\\  //---- Filtered -----\\
                           No.    No.    No.    with   Mean   Max     Std   Auto   Mean   Max     Std   Auto  AR
 Seq Series   Interval   Years  Segmt  Flags   Master  msmt   msmt    dev   corr   sens  value    dev   corr  ()
 --- -------- ---------  -----  -----  -----   ------ -----  -----  -----  -----  -----  -----  -----  -----  --
   1 NLW201   1972 2021     50      1      0    .849   1.68   7.25  1.636   .930   .421   2.56   .506  -.041   2
   2 NLW202   1970 2021     52      2      0    .884   1.48   4.24  1.015   .792   .460   2.83   .554  -.074   1
   3 NLW203   1973 2021     49      1      0    .797   1.53   4.55  1.064   .813   .438   2.74   .625   .069   1
   4 NLW204   1971 2021     51      2      0    .849   1.66   4.79  1.066   .776   .431   2.57   .474  -.058   1
   5 NLW205   1970 2021     52      2      0    .832   1.37   5.29  1.411   .948   .473   2.64   .654  -.036   1
   6 NLW206   1969 2018     50      1      0    .773   1.22   3.47  1.020   .896   .455   2.64   .592  -.086   1
   7 NLW207   1969 2021     53      2      0    .710   1.48   4.04  1.014   .837   .415   2.60   .490  -.067   2
   8 NLW208   1968 2021     54      2      0    .916   1.70   5.93  1.291   .882   .364   2.79   .559  -.027   1
   9 NLW209   1975 2021     47      1      0    .913   1.26   4.36   .989   .777   .512   2.67   .628  -.021   1
  10 NLW210   1971 2021     51      2      0    .543   1.24   7.89  1.553   .955   .345   2.88   .565  -.021   1
  11 NLW211   1966 2021     56      2      0    .711   1.79   6.76  1.484   .885   .318   2.70   .661  -.001   2
  12 NLW212   1970 2021     52      2      0    .857   1.23   4.79  1.127   .874   .462   2.62   .531  -.056   3
  13 NLW213   1968 2021     54      2      0    .803   1.31   3.90   .914   .885   .377   2.71   .600  -.081   1
  14 NLW214   1968 2021     54      2      0    .835   1.32   5.47  1.357   .944   .401   2.75   .586  -.057   1
  15 NLW215   1968 2021     54      2      0    .905   1.33   7.37  1.742   .918   .541   2.63   .536  -.014   2
  16 NLW216   1969 2021     53      2      0    .755   1.68   6.52  1.411   .890   .419   3.06   .656  -.003   1
  17 NLW217   1969 2021     53      2      0    .708   1.26   4.81  1.278   .923   .473   2.82   .561  -.096   2
  18 NLW218   1969 2021     53      2      0    .911   1.49   6.74  1.408   .880   .390   2.59   .547  -.061   1
  19 NLW219   1968 2021     54      2      0    .785   1.50   4.30  1.201   .897   .421   2.69   .652  -.038   3
  20 NLW220   1966 2021     56      2      0    .797   1.45   5.27  1.387   .916   .488   2.71   .521  -.054   1
  21 NLW221   1965 2021     57      2      0    .669   1.47   7.73  1.718   .944   .435   2.68   .721  -.066   1
  22 NLW222   1967 2021     55      2      0    .892   1.32   6.35  1.557   .942   .513   2.75   .623  -.117   1
  23 NLW223   1968 2021     54      2      0    .860   1.69   5.92  1.506   .885   .483   2.67   .511   .022   1
  24 NLW224   1967 2021     55      2      0    .882   1.40   6.74  1.565   .942   .461   2.74   .554  -.007   1
  25 NLW225   1967 2021     55      2      0    .887   1.54   4.95  1.057   .785   .441   2.71   .579  -.096   2
  26 NLW226   1966 2021     56      2      0    .603   1.33   5.32  1.420   .928   .532   2.78   .556  -.076   1
  27 NLW227   1971 2021     51      2      0    .716   1.60   4.51  1.192   .882   .385   2.70   .513  -.038   1
  28 NLW228   1968 2021     54      2      0    .849   1.64   6.24  1.520   .936   .430   2.62   .543  -.114   1
  29 NLW229   1966 2021     56      2      0    .756   1.76   5.87  1.298   .884   .360   2.59   .512  -.060   3
  30 NLW230   1964 2021     58      2      0    .712   1.67   5.34  1.195   .853   .355   2.93   .617  -.045   1
  31 NLW231   1969 2021     53      2      0    .899   1.69   5.37  1.195   .843   .399   2.79   .592  -.052   2
  32 NLW232   1968 2021     54      2      0    .835   1.47   4.26  1.054   .866   .421   2.59   .596   .005   1
  33 NLW233   1972 2021     50      1      0    .855   1.61   4.76  1.163   .853   .361   2.86   .593  -.032   1
  34 NLW234   1972 2021     50      1      0    .725   1.65   4.71  1.215   .893   .392   2.48   .491  -.065   1
  35 NLW235   1971 2021     51      2      0    .848   2.11   6.22  1.489   .865   .379   2.50   .423  -.019   1
  36 NLW236   1972 2021     50      1      0    .892   1.82   6.20  1.422   .878   .379   2.65   .540  -.015   1
  37 NLW237   1968 2021     54      2      0    .877   1.44   5.43  1.582   .912   .579   2.76   .596  -.069   1
  38 NLW238   1971 2021     51      2      0    .630   1.05   4.84  1.187   .934   .453   2.77   .502  -.036   1
  39 NLW239   1968 2021     54      2      0    .794   1.30   5.16  1.261   .898   .533   2.52   .447  -.086   2
  40 NLW240   1967 2021     55      2      0    .683   1.03   4.54  1.248   .920   .590   2.87   .616  -.064   2
 --- -------- ---------  -----  -----  -----   ------ -----  -----  -----  -----  -----  -----  -----  -----  --
 Total or mean:           2121     73      0    .799   1.49   7.89  1.308   .887   .437   3.06   .566  -.047

                                              - = [  COFECHA TREESCOF  ] = -
