[]  Dendrochronology Program Library                                        Run CORES  Program COF  10:35  Tue 21 Dec 2021  Page   1
[]
[]  P R O G R A M      C O F E C H A                                                                          Version 6.06P    31768
------------------------------------------------------------------------------------------------------------------------------------

 QUALITY CONTROL AND DATING CHECK OF TREE-RING MEASUREMENTS

 File of DATED series:   8-JEH_cores.rwl

 CONTENTS:

    Part 1:  Title page, options selected, summary, absent rings by series
    Part 2:  Histogram of time spans
    Part 3:  Master series with sample depth and absent rings by year
    Part 4:  Bar plot of Master Dating Series
    Part 5:  Correlation by segment of each series with Master
    Part 6:  Potential problems: low correlation, divergent year-to-year changes, absent rings, outliers
    Part 7:  Descriptive statistics

 RUN CONTROL OPTIONS SELECTED                             VALUE

         1  Cubic smoothing spline 50% wavelength cutoff for filtering
                                                            32 years
         2  Segments examined are                           50 years lagged successively by  25 years
         3  Autoregressive model applied                     A  Residuals are used in master dating series and testing
         4  Series transformed to logarithms                 Y  Each series log-transformed for master dating series and testing
         5  CORRELATION is Pearson (parametric, quantitative)
            Critical correlation, 99% confidence level   .3281
         6  Master dating series saved                       N
         7  Ring measurements listed                         N
         8  Parts printed                              1234567 
         9  Absent rings are omitted from master series and segment correlations  (Y)

 Time span of Master dating series is  1983 to  2020    38 years
 Continuous time span is               1983 to  2020    38 years
 Portion with two or more series is    1983 to  2020    38 years


                                        ****************************************
                                        *C* Number of dated series        82 *C*
                                        *O* Master series 1983 2020   38 yrs *O*
                                        *F* Total rings in all series   2712 *F*
                                        *E* Total dated rings checked   2712 *E*
                                        *C* Series intercorrelation     .892 *C*
                                        *H* Average mean sensitivity    .546 *H*
                                        *A* Segments, possible problems    0 *A*
                                        *** Mean length of series       33.1 ***
                                        ****************************************

 ABSENT RINGS listed by SERIES:            (See Master Dating Series for absent rings listed by year)

               No ring measurements of zero value
PART 2:  TIME PLOT OF TREE-RING SERIES:                                                            10:35  Tue 21 Dec 2021  Page   2
------------------------------------------------------------------------------------------------------------------------------------
 1050 1100 1150 1200 1250 1300 1350 1400 1450 1500 1550 1600 1650 1700 1750 1800 1850 1900 1950 2000 2050 Ident   Seq Time-span  Yrs
   :    :    :    :    :    :    :    :    :    :    :    :    :    :    :    :    :    :    :    :    : -------- --- ---- ---- ----
   .    .    .    .    .    .    .    .    .    .    .    .    .    .    .    .    .    .    .  <===>  . JERH01A    1 1989 2020   32
   .    .    .    .    .    .    .    .    .    .    .    .    .    .    .    .    .    .    .  <===>  . JERH01B    2 1989 2020   32
   .    .    .    .    .    .    .    .    .    .    .    .    .    .    .    .    .    .    .  <===>  . JERH02A    3 1988 2020   33
   .    .    .    .    .    .    .    .    .    .    .    .    .    .    .    .    .    .    .  <===>  . JERH02B    4 1988 2020   33
   .    .    .    .    .    .    .    .    .    .    .    .    .    .    .    .    .    .    .  <===>  . JERH03A    5 1988 2020   33
   .    .    .    .    .    .    .    .    .    .    .    .    .    .    .    .    .    .    .  <===>  . JERH03B    6 1988 2020   33
   .    .    .    .    .    .    .    .    .    .    .    .    .    .    .    .    .    .    .  <===>  . JERH04A    7 1987 2020   34
   .    .    .    .    .    .    .    .    .    .    .    .    .    .    .    .    .    .    .    <=>  . JERH04B    8 2002 2020   19
   .    .    .    .    .    .    .    .    .    .    .    .    .    .    .    .    .    .    .  <===>  . JERH05A    9 1987 2020   34
   .    .    .    .    .    .    .    .    .    .    .    .    .    .    .    .    .    .    .  <==>   . JERH05B   10 1987 2016   30
   .    .    .    .    .    .    .    .    .    .    .    .    .    .    .    .    .    .    .  <===>  . JERH06A   11 1988 2020   33
   .    .    .    .    .    .    .    .    .    .    .    .    .    .    .    .    .    .    .  <>.    . JERH06B   12 1988 1999   12
   .    .    .    .    .    .    .    .    .    .    .    .    .    .    .    .    .    .    .  <===>  . JERH07A   13 1986 2020   35
   .    .    .    .    .    .    .    .    .    .    .    .    .    .    .    .    .    .    .  <===>  . JERH07B   14 1986 2020   35
   .    .    .    .    .    .    .    .    .    .    .    .    .    .    .    .    .    .    .  <==>   . JERH08A   15 1986 2014   29
   .    .    .    .    .    .    .    .    .    .    .    .    .    .    .    .    .    .    .  <===>  . JERH08B   16 1986 2020   35
   .    .    .    .    .    .    .    .    .    .    .    .    .    .    .    .    .    .    .  <==>   . JERH09A   17 1987 2016   30
   .    .    .    .    .    .    .    .    .    .    .    .    .    .    .    .    .    .    .  <==>   . JERH09B   18 1987 2017   31
   .    .    .    .    .    .    .    .    .    .    .    .    .    .    .    .    .    .    .  <===>  . JERH10A   19 1984 2020   37
   .    .    .    .    .    .    .    .    .    .    .    .    .    .    .    .    .    .    .  <===>  . JERH10B   20 1983 2020   38
   .    .    .    .    .    .    .    .    .    .    .    .    .    .    .    .    .    .    .  <=>    . JERH11A   21 1984 2008   25
   .    .    .    .    .    .    .    .    .    .    .    .    .    .    .    .    .    .    .  <===>  . JERH11B   22 1984 2020   37
   .    .    .    .    .    .    .    .    .    .    .    .    .    .    .    .    .    .    .   <==>  . JERH12A   23 1991 2020   30
   .    .    .    .    .    .    .    .    .    .    .    .    .    .    .    .    .    .    .   <==>  . JERH12B   24 1990 2020   31
   .    .    .    .    .    .    .    .    .    .    .    .    .    .    .    .    .    .    .  <===>  . JERH13A   25 1988 2020   33
   .    .    .    .    .    .    .    .    .    .    .    .    .    .    .    .    .    .    .  <==>   . JERH13B   26 1988 2013   26
   .    .    .    .    .    .    .    .    .    .    .    .    .    .    .    .    .    .    .  <===>  . JERH14A   27 1986 2020   35
   .    .    .    .    .    .    .    .    .    .    .    .    .    .    .    .    .    .    .  <=>    . JERH14B   28 1986 2009   24
   .    .    .    .    .    .    .    .    .    .    .    .    .    .    .    .    .    .    .  <===>  . JERH15A   29 1986 2020   35
   .    .    .    .    .    .    .    .    .    .    .    .    .    .    .    .    .    .    .  <=>    . JERH15B   30 1985 2009   25
   .    .    .    .    .    .    .    .    .    .    .    .    .    .    .    .    .    .    .  <===>  . JERH16A   31 1986 2020   35
   .    .    .    .    .    .    .    .    .    .    .    .    .    .    .    .    .    .    .  <===>  . JERH16B   32 1986 2020   35
   .    .    .    .    .    .    .    .    .    .    .    .    .    .    .    .    .    .    .  <===>  . JERH17A   33 1987 2020   34
   .    .    .    .    .    .    .    .    .    .    .    .    .    .    .    .    .    .    .  <==>   . JERH17B   34 1987 2019   33
   .    .    .    .    .    .    .    .    .    .    .    .    .    .    .    .    .    .    .  <===>  . JERH18A   35 1986 2020   35
   .    .    .    .    .    .    .    .    .    .    .    .    .    .    .    .    .    .    .  <===>  . JERH18B   36 1985 2020   36
   .    .    .    .    .    .    .    .    .    .    .    .    .    .    .    .    .    .    .  <===>  . JERH19A   37 1987 2020   34
   .    .    .    .    .    .    .    .    .    .    .    .    .    .    .    .    .    .    .  <===>  . JERH19B   38 1987 2020   34
   .    .    .    .    .    .    .    .    .    .    .    .    .    .    .    .    .    .    .  <===>  . JERH20A   39 1986 2020   35
   .    .    .    .    .    .    .    .    .    .    .    .    .    .    .    .    .    .    .  <===>  . JERH20B   40 1986 2020   35
   .    .    .    .    .    .    .    .    .    .    .    .    .    .    .    .    .    .    .  <===>  . JERH21A   41 1988 2020   33
   .    .    .    .    .    .    .    .    .    .    .    .    .    .    .    .    .    .    .  <===>  . JERH21B   42 1988 2020   33
   .    .    .    .    .    .    .    .    .    .    .    .    .    .    .    .    .    .    .  <===>  . JERH22A   43 1985 2020   36
   .    .    .    .    .    .    .    .    .    .    .    .    .    .    .    .    .    .    .  <===>  . JERH22B   44 1985 2020   36
   .    .    .    .    .    .    .    .    .    .    .    .    .    .    .    .    .    .    .  <===>  . JERH23A   45 1983 2020   38
   .    .    .    .    .    .    .    .    .    .    .    .    .    .    .    .    .    .    .  <===>  . JERH23B   46 1983 2020   38
   .    .    .    .    .    .    .    .    .    .    .    .    .    .    .    .    .    .    .  <===>  . JERH24A   47 1986 2020   35
   .    .    .    .    .    .    .    .    .    .    .    .    .    .    .    .    .    .    .  <===>  . JERH24B   48 1986 2020   35
   .    .    .    .    .    .    .    .    .    .    .    .    .    .    .    .    .    .    .  <===>  . JERH25A   49 1986 2020   35
   .    .    .    .    .    .    .    .    .    .    .    .    .    .    .    .    .    .    .  <===>  . JERH25B   50 1986 2020   35
   :    :    :    :    :    :    :    :    :    :    :    :    :    :    :    :    :    :    :    :    :
 1050 1100 1150 1200 1250 1300 1350 1400 1450 1500 1550 1600 1650 1700 1750 1800 1850 1900 1950 2000 2050
PART 2:  TIME PLOT OF TREE-RING SERIES:                                                            10:35  Tue 21 Dec 2021  Page   3
------------------------------------------------------------------------------------------------------------------------------------
 1050 1100 1150 1200 1250 1300 1350 1400 1450 1500 1550 1600 1650 1700 1750 1800 1850 1900 1950 2000 2050 Ident   Seq Time-span  Yrs
   :    :    :    :    :    :    :    :    :    :    :    :    :    :    :    :    :    :    :    :    : -------- --- ---- ---- ----
   .    .    .    .    .    .    .    .    .    .    .    .    .    .    .    .    .    .    .  <===>  . JERH26A   51 1988 2020   33
   .    .    .    .    .    .    .    .    .    .    .    .    .    .    .    .    .    .    .  <===>  . JERH26B   52 1988 2020   33
   .    .    .    .    .    .    .    .    .    .    .    .    .    .    .    .    .    .    .  <===>  . JERH27A   53 1986 2020   35
   .    .    .    .    .    .    .    .    .    .    .    .    .    .    .    .    .    .    .  <===>  . JERH27B   54 1986 2020   35
   .    .    .    .    .    .    .    .    .    .    .    .    .    .    .    .    .    .    .  <===>  . JERH28A   55 1986 2020   35
   .    .    .    .    .    .    .    .    .    .    .    .    .    .    .    .    .    .    .  <===>  . JERH28B   56 1985 2020   36
   .    .    .    .    .    .    .    .    .    .    .    .    .    .    .    .    .    .    .  <===>  . JERH29A   57 1987 2020   34
   .    .    .    .    .    .    .    .    .    .    .    .    .    .    .    .    .    .    .  <==>   . JERH29B   58 1987 2013   27
   .    .    .    .    .    .    .    .    .    .    .    .    .    .    .    .    .    .    .  <===>  . JERH30A   59 1989 2020   32
   .    .    .    .    .    .    .    .    .    .    .    .    .    .    .    .    .    .    .  <===>  . JERH30B   60 1989 2020   32
   .    .    .    .    .    .    .    .    .    .    .    .    .    .    .    .    .    .    .  <===>  . JERH31A   61 1986 2020   35
   .    .    .    .    .    .    .    .    .    .    .    .    .    .    .    .    .    .    .  <===>  . JERH31B   62 1986 2020   35
   .    .    .    .    .    .    .    .    .    .    .    .    .    .    .    .    .    .    .  <===>  . JERH32A   63 1987 2020   34
   .    .    .    .    .    .    .    .    .    .    .    .    .    .    .    .    .    .    .  <===>  . JERH32B   64 1987 2020   34
   .    .    .    .    .    .    .    .    .    .    .    .    .    .    .    .    .    .    .  <===>  . JERH33A   65 1986 2020   35
   .    .    .    .    .    .    .    .    .    .    .    .    .    .    .    .    .    .    .  <===>  . JERH33B   66 1986 2020   35
   .    .    .    .    .    .    .    .    .    .    .    .    .    .    .    .    .    .    .  <==>   . JERH34A   67 1984 2017   34
   .    .    .    .    .    .    .    .    .    .    .    .    .    .    .    .    .    .    .  <==>   . JERH34B   68 1986 2015   30
   .    .    .    .    .    .    .    .    .    .    .    .    .    .    .    .    .    .    .  <===>  . JERH35A   69 1987 2020   34
   .    .    .    .    .    .    .    .    .    .    .    .    .    .    .    .    .    .    .  <===>  . JERH35B   70 1987 2020   34
   .    .    .    .    .    .    .    .    .    .    .    .    .    .    .    .    .    .    .  <===>  . JERH36A   71 1986 2020   35
   .    .    .    .    .    .    .    .    .    .    .    .    .    .    .    .    .    .    .  <===>  . JERH36B   72 1986 2020   35
   .    .    .    .    .    .    .    .    .    .    .    .    .    .    .    .    .    .    .  <===>  . JERH37A   73 1987 2020   34
   .    .    .    .    .    .    .    .    .    .    .    .    .    .    .    .    .    .    .  <===>  . JERH37B   74 1987 2020   34
   .    .    .    .    .    .    .    .    .    .    .    .    .    .    .    .    .    .    .  <===>  . JERH38A   75 1983 2020   38
   .    .    .    .    .    .    .    .    .    .    .    .    .    .    .    .    .    .    .  <===>  . JERH38B   76 1983 2020   38
   .    .    .    .    .    .    .    .    .    .    .    .    .    .    .    .    .    .    .  <===>  . JERH39A   77 1988 2020   33
   .    .    .    .    .    .    .    .    .    .    .    .    .    .    .    .    .    .    .  <===>  . JERH39B   78 1988 2020   33
   .    .    .    .    .    .    .    .    .    .    .    .    .    .    .    .    .    .    .  <===>  . JERH40A   79 1986 2020   35
   .    .    .    .    .    .    .    .    .    .    .    .    .    .    .    .    .    .    .  <===>  . JERH40B   80 1986 2020   35
   .    .    .    .    .    .    .    .    .    .    .    .    .    .    .    .    .    .    .  <===>  . JERH41A   81 1989 2020   32
   .    .    .    .    .    .    .    .    .    .    .    .    .    .    .    .    .    .    .  <==>   . JERH41B   82 1989 2017   29
   :    :    :    :    :    :    :    :    :    :    :    :    :    :    :    :    :    :    :    :    :
 1050 1100 1150 1200 1250 1300 1350 1400 1450 1500 1550 1600 1650 1700 1750 1800 1850 1900 1950 2000 2050
PART 3:  Master Dating Series:                                                                     10:35  Tue 21 Dec 2021  Page   4
------------------------------------------------------------------------------------------------------------------------------------
  Year  Value  No Ab    Year  Value  No Ab    Year  Value  No Ab    Year  Value  No Ab    Year  Value  No Ab    Year  Value  No Ab
  ------------------    ------------------    ------------------    ------------------    ------------------    ------------------
                        2000   .033  80
                        2001   .578  80
                        2002   .146  81
                        2003   .781  81
                        2004   .767  81
                        2005 -1.857  81
                        2006  -.241  81
                        2007  -.888  81
                        2008  -.532  81
                        2009   .131  80

                        2010   .928  78
                        2011  1.274  78
                        2012  -.230  78
                        2013  1.322  78
                        2014   .199  76
                        2015   .597  75
                        2016  -.157  74
                        2017   .149  72
                        2018  1.163  69
                        2019  -.202  69

                        2020   .822  68













  1983 -2.435   5
  1984   .027   9
  1985   .208  14
  1986   .659  42
  1987   .691  59
  1988  -.328  73
  1989   .557  79

  1990   .945  80
  1991   .039  81
  1992   .158  81
  1993  -.672  81
  1994 -2.281  81
  1995 -2.230  81
  1996   .455  81
  1997   .908  81
  1998   .683  81
  1999 -2.171  81
------------------------------------------------------------------------------------------------------------------------------------
PART 4:  Master Bar Plot:                                                                          10:35  Tue 21 Dec 2021  Page   5
------------------------------------------------------------------------------------------------------------------------------------
   Year Rel value  Year Rel value  Year Rel value  Year Rel value  Year Rel value  Year Rel value  Year Rel value  Year Rel value
                   2000----@
                   2001-------B
                   2002-----A
                   2003--------C
                   2004--------C
                   2005g
                   2006--a
                   2007-d
                   2008--b
                   2009----A
                   2010---------D
                   2011----------E
                   2012--a
                   2013----------E
                   2014-----A
                   2015-------B
                   2016---a
                   2017-----A
                   2018----------E
                   2019--a
                   2020--------C












   1983j
   1984----@
   1985-----A
   1986-------C
   1987-------C
   1988--a
   1989-------B
   1990---------D
   1991----@
   1992-----A
   1993-c
   1994i
   1995i
   1996------B
   1997---------D
   1998-------C
   1999i
PART 5:  CORRELATION OF SERIES BY SEGMENTS:                                                        10:35  Tue 21 Dec 2021  Page   5
------------------------------------------------------------------------------------------------------------------------------------
 Correlations of  50-year dated segments, lagged  25 years
 Flags:  A = correlation under   .3281 but highest as dated;  B = correlation higher at other than dated position

 Seq Series  Time_span   1975 2000
                         2024 2049
 --- -------- ---------  ---- ---- ---- ---- ---- ---- ---- ---- ---- ---- ---- ---- ---- ---- ---- ---- ---- ---- ---- ----
   1 JERH01A  1989 2020   .95
   2 JERH01B  1989 2020   .93
   3 JERH02A  1988 2020   .97
   4 JERH02B  1988 2020   .98
   5 JERH03A  1988 2020   .95
   6 JERH03B  1988 2020   .96
   7 JERH04A  1987 2020   .88
   8 JERH04B  2002 2020        .94
   9 JERH05A  1987 2020   .93
  10 JERH05B  1987 2016   .94
  11 JERH06A  1988 2020   .90
  12 JERH06B  1988 1999   .52
  13 JERH07A  1986 2020   .95
  14 JERH07B  1986 2020   .94
  15 JERH08A  1986 2014   .73
  16 JERH08B  1986 2020   .86
  17 JERH09A  1987 2016   .69
  18 JERH09B  1987 2017   .83
  19 JERH10A  1984 2020   .90
  20 JERH10B  1983 2020   .90
  21 JERH11A  1984 2008   .79
  22 JERH11B  1984 2020   .90
  23 JERH12A  1991 2020   .40
  24 JERH12B  1990 2020   .62
  25 JERH13A  1988 2020   .95
  26 JERH13B  1988 2013   .96
  27 JERH14A  1986 2020   .94
  28 JERH14B  1986 2009   .89
  29 JERH15A  1986 2020   .87
  30 JERH15B  1985 2009   .83
  31 JERH16A  1986 2020   .93
  32 JERH16B  1986 2020   .89
  33 JERH17A  1987 2020   .92
  34 JERH17B  1987 2019   .91
  35 JERH18A  1986 2020   .88
  36 JERH18B  1985 2020   .87
  37 JERH19A  1987 2020   .91
  38 JERH19B  1987 2020   .94
  39 JERH20A  1986 2020   .97
  40 JERH20B  1986 2020   .91
  41 JERH21A  1988 2020   .97
  42 JERH21B  1988 2020   .96
  43 JERH22A  1985 2020   .84
  44 JERH22B  1985 2020   .83
  45 JERH23A  1983 2020   .95
  46 JERH23B  1983 2020   .95
  47 JERH24A  1986 2020   .80
  48 JERH24B  1986 2020   .88
  49 JERH25A  1986 2020   .97
  50 JERH25B  1986 2020   .94
  51 JERH26A  1988 2020   .92
  52 JERH26B  1988 2020   .93
  53 JERH27A  1986 2020   .92
  54 JERH27B  1986 2020   .92
  55 JERH28A  1986 2020   .93
  56 JERH28B  1985 2020   .93
  57 JERH29A  1987 2020   .92
  58 JERH29B  1987 2013   .94
  59 JERH30A  1989 2020   .85
  60 JERH30B  1989 2020   .89
  61 JERH31A  1986 2020   .84
  62 JERH31B  1986 2020   .94
  63 JERH32A  1987 2020   .94
  64 JERH32B  1987 2020   .94
  65 JERH33A  1986 2020   .96
  66 JERH33B  1986 2020   .94
  67 JERH34A  1984 2017   .61
  68 JERH34B  1986 2015   .77
  69 JERH35A  1987 2020   .89
  70 JERH35B  1987 2020   .88
  71 JERH36A  1986 2020   .91
  72 JERH36B  1986 2020   .94
  73 JERH37A  1987 2020   .92
  74 JERH37B  1987 2020   .95
  75 JERH38A  1983 2020   .95
  76 JERH38B  1983 2020   .88
  77 JERH39A  1988 2020   .89
  78 JERH39B  1988 2020   .85
  79 JERH40A  1986 2020   .93
  80 JERH40B  1986 2020   .92
  81 JERH41A  1989 2020   .84
  82 JERH41B  1989 2017   .81
 Av segment correlation   .89  .94
PART 6:  POTENTIAL PROBLEMS:                                                                       10:35  Tue 21 Dec 2021  Page   6
------------------------------------------------------------------------------------------------------------------------------------

 For each series with potential problems the following diagnostics may appear:

 [A] Correlations with master dating series of flagged  50-year segments of series filtered with  32-year spline,
     at every point from ten years earlier (-10) to ten years later (+10) than dated

 [B] Effect of those data values which most lower or raise correlation with master series
     Symbol following year indicates value in series is greater (>) or lesser (<) than master series value

 [C] Year-to-year changes very different from the mean change in other series

 [D] Absent rings (zero values)

 [E] Values which are statistical outliers from mean for the year
====================================================================================================================================

 JERH01A   1989 to  2020      32 years                                                                                    Series   1

 [B] Entire series, effect on correlation (  .952) is:
       Lower   2005> -.011   2009< -.006   2019< -.005   1991> -.004   2006< -.001   2017> -.001  Higher   1999  .012   2013  .003

====================================================================================================================================

 JERH01B   1989 to  2020      32 years                                                                                    Series   2

 [B] Entire series, effect on correlation (  .935) is:
       Lower   2020< -.010   2017> -.007   2009< -.003   2008< -.003   2005> -.003   2006> -.002  Higher   1999  .018   1994  .008

====================================================================================================================================

 JERH02A   1988 to  2020      33 years                                                                                    Series   3

 [B] Entire series, effect on correlation (  .971) is:
       Lower   2019> -.005   1991> -.004   2017< -.003   2020> -.001   1996< -.001   1993> -.001  Higher   1999  .009   1994  .004

====================================================================================================================================

 JERH02B   1988 to  2020      33 years                                                                                    Series   4

 [B] Entire series, effect on correlation (  .978) is:
       Lower   2014> -.004   2000< -.003   2001< -.002   1995> -.002   1989> -.001   1998< -.001  Higher   1999  .007   2005  .005

====================================================================================================================================

 JERH03A   1988 to  2020      33 years                                                                                    Series   5

 [B] Entire series, effect on correlation (  .947) is:
       Lower   1994> -.008   2006< -.007   2020< -.003   1996< -.003   2010< -.003   2001< -.002  Higher   1999  .016   2005  .008

====================================================================================================================================

 JERH03B   1988 to  2020      33 years                                                                                    Series   6

 [B] Entire series, effect on correlation (  .962) is:
       Lower   2019> -.007   1994> -.004   2020> -.003   2002< -.003   2010< -.002   2006< -.002  Higher   1999  .011   2005  .006

====================================================================================================================================

 JERH04A   1987 to  2020      34 years                                                                                    Series   7

 [B] Entire series, effect on correlation (  .880) is:
       Lower   1987< -.028   2019< -.015   2014< -.010   1988> -.010   2012> -.006   1991> -.005  Higher   1999  .038   2005  .013

====================================================================================================================================

 JERH04B   2002 to  2020      19 years                                                                                    Series   8

 [B] Entire series, effect on correlation (  .945) is:
       Lower   2015< -.014   2014< -.009   2002> -.006   2012> -.005   2009> -.003   2018< -.003  Higher   2005  .050   2011  .004

====================================================================================================================================

 JERH05A   1987 to  2020      34 years                                                                                    Series   9

 [B] Entire series, effect on correlation (  .933) is:
       Lower   1988< -.016   2017< -.009   1991> -.007   2015< -.005   2019> -.004   2016< -.002  Higher   2005  .015   1999  .009

====================================================================================================================================

 JERH05B   1987 to  2016      30 years                                                                                    Series  10

 [B] Entire series, effect on correlation (  .938) is:
       Lower   1988< -.025   2014> -.006   2015< -.004   2009< -.003   2008< -.002   2002> -.001  Higher   1999  .020   1995  .003

====================================================================================================================================

 JERH06A   1988 to  2020      33 years                                                                                    Series  11

 [B] Entire series, effect on correlation (  .902) is:
       Lower   1988> -.022   2020< -.009   2015< -.008   2017< -.004   2004< -.004   1999> -.003  Higher   2005  .015   1995  .008

====================================================================================================================================

 JERH06B   1988 to  1999      12 years                                                                                    Series  12

 [B] Entire series, effect on correlation (  .521) is:
       Lower   1999> -.170   1988< -.097   1991< -.050   1993<  .000   1992>  .012   1996>  .023  Higher   1997  .047   1990  .045

 [E] Outliers     1   3.0 SD above or -4.5 SD below mean for year
       1999 +4.5 SD
====================================================================================================================================

 JERH07A   1986 to  2020      35 years                                                                                    Series  13

 [B] Entire series, effect on correlation (  .950) is:
       Lower   1988< -.013   2019< -.007   1986> -.003   1995> -.003   1991> -.003   2006< -.001  Higher   1999  .014   2005  .010

====================================================================================================================================

 JERH07B   1986 to  2020      35 years                                                                                    Series  14

 [B] Entire series, effect on correlation (  .937) is:
       Lower   1988< -.038   1991> -.004   1986> -.003   2009> -.002   1989< -.001   1993> -.001  Higher   1999  .018   2005  .010

====================================================================================================================================

 JERH08A   1986 to  2014      29 years                                                                                    Series  15

 [B] Entire series, effect on correlation (  .731) is:
       Lower   1986< -.082   2011< -.032   2012> -.026   2014> -.024   1995> -.005   1988> -.004  Higher   1999  .110   2005  .027

====================================================================================================================================

 JERH08B   1986 to  2020      35 years                                                                                    Series  16

 [B] Entire series, effect on correlation (  .859) is:
       Lower   1986< -.018   2019> -.018   1995> -.013   2012> -.005   2016> -.004   1989< -.003  Higher   1999  .043   2005  .031

====================================================================================================================================

 JERH09A   1987 to  2016      30 years                                                                                    Series  17

 [B] Entire series, effect on correlation (  .687) is:
       Lower   2016> -.066   1990< -.022   2013< -.009   2007> -.007   2008> -.007   2012> -.005  Higher   1999  .116   2011  .010

 [E] Outliers     1   3.0 SD above or -4.5 SD below mean for year
       2016 +4.6 SD
====================================================================================================================================

 JERH09B   1987 to  2017      31 years                                                                                    Series  18

 [B] Entire series, effect on correlation (  .832) is:
       Lower   2017> -.042   2013< -.011   2010< -.009   1991< -.009   2004< -.008   1988> -.007  Higher   1999  .061   1994  .020

 [E] Outliers     1   3.0 SD above or -4.5 SD below mean for year
       2017 +4.1 SD
====================================================================================================================================

 JERH10A   1984 to  2020      37 years                                                                                    Series  19

 [B] Entire series, effect on correlation (  .903) is:
       Lower   1999> -.019   1985> -.010   1984< -.008   2015< -.006   2020< -.006   2017< -.005  Higher   2005  .022   1994  .014

====================================================================================================================================

 JERH10B   1983 to  2020      38 years                                                                                    Series  20

 [B] Entire series, effect on correlation (  .902) is:
       Lower   2014< -.010   1985> -.007   2009< -.006   2016< -.004   1991< -.004   1992< -.003  Higher   2005  .007   1983  .006

====================================================================================================================================

 JERH11A   1984 to  2008      25 years                                                                                    Series  21

 [B] Entire series, effect on correlation (  .791) is:
       Lower   2008> -.060   2005> -.037   1984< -.018   2007> -.016   1989< -.013   1991< -.007  Higher   1999  .086   1994  .027

 [E] Outliers     1   3.0 SD above or -4.5 SD below mean for year
       2008 +4.4 SD
====================================================================================================================================

 JERH11B   1984 to  2020      37 years                                                                                    Series  22

 [B] Entire series, effect on correlation (  .901) is:
       Lower   1984< -.045   2006< -.004   1985> -.002   2016> -.002   1993> -.002   1988> -.002  Higher   2005  .021   1994  .007

====================================================================================================================================

 JERH12A   1991 to  2020      30 years                                                                                    Series  23

 [B] Entire series, effect on correlation (  .400) is:
       Lower   1999> -.087   2004< -.082   2003< -.030   1993> -.025   2011< -.023   2014> -.009  Higher   1994  .148   1995  .061

 [E] Outliers     3   3.0 SD above or -4.5 SD below mean for year
       1993 +3.3 SD;    1999 +5.3 SD;    2004 -6.1 SD
====================================================================================================================================

 JERH12B   1990 to  2020      31 years                                                                                    Series  24

 [B] Entire series, effect on correlation (  .624) is:
       Lower   1994> -.052   1990< -.052   1993> -.031   2019> -.027   2004< -.020   1997< -.017  Higher   1999  .155   2005  .049

 [E] Outliers     3   3.0 SD above or -4.5 SD below mean for year
       1993 +3.4 SD;    1994 +5.8 SD;    2019 +3.1 SD
====================================================================================================================================

 JERH13A   1988 to  2020      33 years                                                                                    Series  25

 [B] Entire series, effect on correlation (  .951) is:
       Lower   2020< -.007   1991> -.004   1989> -.004   2004> -.003   1996< -.003   2012< -.002  Higher   1999  .014   1994  .006

====================================================================================================================================

 JERH13B   1988 to  2013      26 years                                                                                    Series  26

 [B] Entire series, effect on correlation (  .957) is:
       Lower   1991> -.006   2013< -.004   1995> -.003   2003< -.003   2009< -.002   1992> -.002  Higher   1994  .006   2005  .006

====================================================================================================================================

 JERH14A   1986 to  2020      35 years                                                                                    Series  27

 [B] Entire series, effect on correlation (  .939) is:
       Lower   2016> -.008   2009> -.005   2014> -.005   2019< -.004   2002< -.002   2008> -.002  Higher   1999  .016   1995  .005

====================================================================================================================================

 JERH14B   1986 to  2009      24 years                                                                                    Series  28

 [B] Entire series, effect on correlation (  .887) is:
       Lower   2008> -.019   2007> -.017   2005> -.016   2009> -.006   2006> -.004   1991< -.003  Higher   1999  .043   1994  .020

 [E] Outliers     1   3.0 SD above or -4.5 SD below mean for year
       2005 +3.1 SD
====================================================================================================================================

 JERH15A   1986 to  2020      35 years                                                                                    Series  29

 [B] Entire series, effect on correlation (  .866) is:
       Lower   1988< -.087   2015< -.003   2009< -.003   1989< -.002   1993> -.001   1986> -.001  Higher   2005  .019   1994  .014

 [E] Outliers     1   3.0 SD above or -4.5 SD below mean for year
       1988 -5.2 SD
====================================================================================================================================

 JERH15B   1985 to  2009      25 years                                                                                    Series  30

 [B] Entire series, effect on correlation (  .828) is:
       Lower   1988< -.022   2005> -.020   1985< -.016   1991> -.005   2007< -.003   1990< -.003  Higher   1994  .026   2003  .007

====================================================================================================================================

 JERH16A   1986 to  2020      35 years                                                                                    Series  31

 [B] Entire series, effect on correlation (  .931) is:
       Lower   1996< -.009   2000> -.007   2012> -.006   2017< -.005   1990< -.004   1986> -.003  Higher   2005  .015   1994  .010

====================================================================================================================================

 JERH16B   1986 to  2020      35 years                                                                                    Series  32

 [B] Entire series, effect on correlation (  .895) is:
       Lower   1996< -.017   2019> -.016   2009< -.009   2006> -.006   2015< -.004   1992> -.003  Higher   1999  .025   1994  .016

====================================================================================================================================

 JERH17A   1987 to  2020      34 years                                                                                    Series  33

 [B] Entire series, effect on correlation (  .923) is:
       Lower   2009> -.019   2011< -.010   1997< -.009   2008> -.008   2016> -.005   2001< -.004  Higher   1999  .024   1994  .011

====================================================================================================================================

 JERH17B   1987 to  2019      33 years                                                                                    Series  34

 [B] Entire series, effect on correlation (  .915) is:
       Lower   1993< -.007   2013< -.007   1999> -.006   2017> -.005   2019< -.003   2016> -.003  Higher   2005  .010   1994  .008

====================================================================================================================================

 JERH18A   1986 to  2020      35 years                                                                                    Series  35

 [B] Entire series, effect on correlation (  .875) is:
       Lower   1987< -.061   1995> -.015   2016< -.008   1988> -.008   1989> -.003   1991> -.001  Higher   1999  .041   1994  .017

====================================================================================================================================

 JERH18B   1985 to  2020      36 years                                                                                    Series  36

 [B] Entire series, effect on correlation (  .869) is:
       Lower   1987< -.032   1988> -.019   1990< -.011   1993< -.007   1985< -.005   1995> -.005  Higher   1999  .024   2005  .023

====================================================================================================================================

 JERH19A   1987 to  2020      34 years                                                                                    Series  37

 [B] Entire series, effect on correlation (  .912) is:
       Lower   1995> -.030   1988< -.008   2017< -.005   2009< -.004   2012> -.003   2001< -.002  Higher   1999  .024   1994  .008

 [E] Outliers     1   3.0 SD above or -4.5 SD below mean for year
       1995 +3.5 SD
====================================================================================================================================

 JERH19B   1987 to  2020      34 years                                                                                    Series  38

 [B] Entire series, effect on correlation (  .941) is:
       Lower   1995> -.012   2005> -.007   2004< -.005   1992< -.003   2008< -.002   2016< -.002  Higher   1999  .018   1994  .009

====================================================================================================================================

 JERH20A   1986 to  2020      35 years                                                                                    Series  39

 [B] Entire series, effect on correlation (  .966) is:
       Lower   1994< -.009   1992< -.004   1988> -.003   2017< -.002   2004> -.001   1987> -.001  Higher   1999  .008   2005  .003

====================================================================================================================================

 JERH20B   1986 to  2020      35 years                                                                                    Series  40

 [B] Entire series, effect on correlation (  .910) is:
       Lower   1986< -.023   1988> -.012   1995> -.008   2016< -.005   2017< -.003   2013< -.003  Higher   1999  .029   1994  .011

====================================================================================================================================

 JERH21A   1988 to  2020      33 years                                                                                    Series  41

 [B] Entire series, effect on correlation (  .967) is:
       Lower   1998< -.007   1988> -.004   1991> -.002   2015< -.002   2019> -.001   1992> -.001  Higher   2005  .007   1999  .007

====================================================================================================================================

 JERH21B   1988 to  2020      33 years                                                                                    Series  42

 [B] Entire series, effect on correlation (  .957) is:
       Lower   1988> -.015   2006< -.003   2020< -.002   2016< -.002   2015< -.002   2000> -.001  Higher   1999  .013   2005  .009

====================================================================================================================================

 JERH22A   1985 to  2020      36 years                                                                                    Series  43

 [B] Entire series, effect on correlation (  .837) is:
       Lower   1985< -.038   1994> -.030   1986< -.010   1988> -.008   2016> -.004   2012> -.004  Higher   1999  .055   2005  .027

 [E] Outliers     1   3.0 SD above or -4.5 SD below mean for year
       1994 +3.8 SD
====================================================================================================================================

 JERH22B   1985 to  2020      36 years                                                                                    Series  44

 [B] Entire series, effect on correlation (  .834) is:
       Lower   1985< -.062   1994> -.014   1988> -.010   1995> -.008   1991> -.005   1998< -.005  Higher   1999  .057   2005  .031

====================================================================================================================================

 JERH23A   1983 to  2020      38 years                                                                                    Series  45

 [B] Entire series, effect on correlation (  .950) is:
       Lower   1994> -.016   1991> -.004   1985> -.003   2019< -.003   2014< -.002   2007< -.001  Higher   2005  .008   1999  .008

====================================================================================================================================

 JERH23B   1983 to  2020      38 years                                                                                    Series  46

 [B] Entire series, effect on correlation (  .949) is:
       Lower   1994> -.015   1985> -.007   2016< -.003   2014< -.002   2009> -.002   2015< -.002  Higher   1999  .011   1983  .010

====================================================================================================================================

 JERH24A   1986 to  2020      35 years                                                                                    Series  47

 [B] Entire series, effect on correlation (  .801) is:
       Lower   1986< -.113   1988> -.025   2007> -.012   1998< -.008   2019> -.003   1991> -.003  Higher   1999  .065   2005  .030

 [E] Outliers     1   3.0 SD above or -4.5 SD below mean for year
       1986 -5.5 SD
====================================================================================================================================

 JERH24B   1986 to  2020      35 years                                                                                    Series  48

 [B] Entire series, effect on correlation (  .882) is:
       Lower   1986< -.028   1988> -.019   2019> -.009   2013< -.006   1987< -.004   2009< -.003  Higher   1999  .036   2005  .019

====================================================================================================================================

 JERH25A   1986 to  2020      35 years                                                                                    Series  49

 [B] Entire series, effect on correlation (  .969) is:
       Lower   1988< -.004   1998> -.002   1989> -.002   2006< -.001   2013< -.001   1992< -.001  Higher   1999  .005   1994  .004

====================================================================================================================================

 JERH25B   1986 to  2020      35 years                                                                                    Series  50

 [B] Entire series, effect on correlation (  .942) is:
       Lower   2019< -.008   1999> -.006   1987< -.005   1986> -.004   2009> -.003   2011< -.002  Higher   2005  .011   1994  .009

====================================================================================================================================

 JERH26A   1988 to  2020      33 years                                                                                    Series  51

 [B] Entire series, effect on correlation (  .917) is:
       Lower   1999> -.018   1995< -.013   1988> -.009   2018< -.004   1996< -.003   2006< -.002  Higher   2005  .019   1994  .006

====================================================================================================================================

 JERH26B   1988 to  2020      33 years                                                                                    Series  52

 [B] Entire series, effect on correlation (  .932) is:
       Lower   2017< -.014   1996< -.009   2006< -.003   2016< -.002   1991> -.002   2012> -.002  Higher   2005  .015   1995  .005

====================================================================================================================================

 JERH27A   1986 to  2020      35 years                                                                                    Series  53

 [B] Entire series, effect on correlation (  .921) is:
       Lower   1988> -.030   1986< -.009   1987> -.005   2019< -.002   2015< -.002   2017< -.002  Higher   1999  .026   2005  .012

 [E] Outliers     1   3.0 SD above or -4.5 SD below mean for year
       1988 +3.0 SD
====================================================================================================================================

 JERH27B   1986 to  2020      35 years                                                                                    Series  54

 [B] Entire series, effect on correlation (  .925) is:
       Lower   1995< -.015   1988> -.012   1994> -.008   1987> -.003   1990< -.003   2015< -.002  Higher   2005  .016   1999  .005

====================================================================================================================================

 JERH28A   1986 to  2020      35 years                                                                                    Series  55

 [B] Entire series, effect on correlation (  .925) is:
       Lower   1988< -.017   2020< -.014   1990< -.012   1986> -.003   2004> -.002   1989< -.002  Higher   2005  .016   1999  .016

====================================================================================================================================

 JERH28B   1985 to  2020      36 years                                                                                    Series  56

 [B] Entire series, effect on correlation (  .931) is:
       Lower   1988< -.012   1987> -.004   2019< -.004   1995> -.004   1990< -.003   1986> -.003  Higher   1999  .020   2005  .014

====================================================================================================================================

 JERH29A   1987 to  2020      34 years                                                                                    Series  57

 [B] Entire series, effect on correlation (  .921) is:
       Lower   1995< -.008   1999> -.007   1991> -.007   1988< -.005   2014< -.003   2000< -.003  Higher   1994  .012   2011  .003

====================================================================================================================================

 JERH29B   1987 to  2013      27 years                                                                                    Series  58

 [B] Entire series, effect on correlation (  .942) is:
       Lower   1999> -.020   2012< -.005   1988< -.002   2008< -.002   1992> -.002   2002> -.001  Higher   1994  .009   2005  .008

====================================================================================================================================

 JERH30A   1989 to  2020      32 years                                                                                    Series  59

 [B] Entire series, effect on correlation (  .847) is:
       Lower   1994> -.025   2019> -.021   2011< -.016   2009< -.008   2001< -.006   2003< -.004  Higher   1999  .053   2005  .021

====================================================================================================================================

 JERH30B   1989 to  2020      32 years                                                                                    Series  60

 [B] Entire series, effect on correlation (  .893) is:
       Lower   1989< -.011   1994> -.010   2019> -.009   2020> -.008   2004< -.006   2009< -.005  Higher   1999  .024   2005  .016

====================================================================================================================================

 JERH31A   1986 to  2020      35 years                                                                                    Series  61

 [B] Entire series, effect on correlation (  .839) is:
       Lower   2019> -.029   2011< -.025   1987< -.023   1991< -.013   2001< -.003   2007> -.003  Higher   1999  .034   2005  .026

====================================================================================================================================

 JERH31B   1986 to  2020      35 years                                                                                    Series  62

 [B] Entire series, effect on correlation (  .940) is:
       Lower   2017< -.013   1999> -.010   1991> -.008   2020< -.005   2018< -.002   2009> -.002  Higher   2005  .014   1994  .009

====================================================================================================================================

 JERH32A   1987 to  2020      34 years                                                                                    Series  63

 [B] Entire series, effect on correlation (  .938) is:
       Lower   2005> -.010   1997< -.005   2014> -.004   1993> -.004   2000< -.003   2017< -.003  Higher   1999  .017   1994  .009

====================================================================================================================================

 JERH32B   1987 to  2020      34 years                                                                                    Series  64

 [B] Entire series, effect on correlation (  .942) is:
       Lower   2010< -.009   2017< -.006   2019> -.005   2014> -.005   2002> -.003   2018< -.003  Higher   1999  .018   2005  .010

====================================================================================================================================

 JERH33A   1986 to  2020      35 years                                                                                    Series  65

 [B] Entire series, effect on correlation (  .963) is:
       Lower   2020< -.005   1986> -.005   1989< -.005   2012> -.004   1988> -.001   2015> -.001  Higher   2005  .008   1999  .004

====================================================================================================================================

 JERH33B   1986 to  2020      35 years                                                                                    Series  66

 [B] Entire series, effect on correlation (  .936) is:
       Lower   1988> -.008   2009> -.007   1989< -.007   2020< -.007   1992< -.006   2012> -.003  Higher   2005  .015   1999  .010

====================================================================================================================================

 JERH34A   1984 to  2017      34 years                                                                                    Series  67

 [B] Entire series, effect on correlation (  .615) is:
       Lower   1999> -.088   1991< -.056   1989< -.021   1990< -.019   1988> -.018   2002< -.009  Higher   2005  .071   1994  .040

 [E] Outliers     2   3.0 SD above or -4.5 SD below mean for year
       1991 -5.9 SD;    1999 +4.4 SD
====================================================================================================================================

 JERH34B   1986 to  2015      30 years                                                                                    Series  68

 [B] Entire series, effect on correlation (  .775) is:
       Lower   2006> -.032   2012> -.030   2003< -.025   1991< -.010   2015> -.009   1998< -.008  Higher   1999  .080   1994  .039

 [E] Outliers     2   3.0 SD above or -4.5 SD below mean for year
       2006 +3.4 SD;    2007 +3.1 SD
====================================================================================================================================

 JERH35A   1987 to  2020      34 years                                                                                    Series  69

 [B] Entire series, effect on correlation (  .888) is:
       Lower   2019> -.036   2018< -.011   2009< -.010   2014> -.005   1993> -.004   1991< -.004  Higher   2005  .023   1999  .022

====================================================================================================================================

 JERH35B   1987 to  2020      34 years                                                                                    Series  70

 [B] Entire series, effect on correlation (  .877) is:
       Lower   2010< -.021   2020< -.016   2011< -.013   2016> -.008   2019> -.006   2009< -.003  Higher   2005  .025   1994  .009

====================================================================================================================================

 JERH36A   1986 to  2020      35 years                                                                                    Series  71

 [B] Entire series, effect on correlation (  .910) is:
       Lower   1999> -.021   2016< -.007   2019< -.006   1988> -.006   1986> -.006   2007> -.004  Higher   2005  .021   1994  .013

====================================================================================================================================

 JERH36B   1986 to  2020      35 years                                                                                    Series  72

 [B] Entire series, effect on correlation (  .941) is:
       Lower   1999> -.012   2020< -.008   2008> -.004   1988> -.003   2016< -.002   2003< -.002  Higher   1994  .009   1995  .005

====================================================================================================================================

 JERH37A   1987 to  2020      34 years                                                                                    Series  73

 [B] Entire series, effect on correlation (  .923) is:
       Lower   2020< -.007   1998< -.007   1993< -.007   1999> -.006   1988> -.004   2015< -.004  Higher   2005  .013   1994  .008

====================================================================================================================================

 JERH37B   1987 to  2020      34 years                                                                                    Series  74

 [B] Entire series, effect on correlation (  .955) is:
       Lower   2014< -.010   1988> -.008   2015< -.002   1992< -.002   1998> -.002   1996< -.001  Higher   2005  .010   1994  .003

====================================================================================================================================

 JERH38A   1983 to  2020      38 years                                                                                    Series  75

 [B] Entire series, effect on correlation (  .949) is:
       Lower   1984> -.009   1988> -.006   1985> -.005   2002> -.003   2012< -.003   1995> -.002  Higher   1999  .011   1983  .010

====================================================================================================================================

 JERH38B   1983 to  2020      38 years                                                                                    Series  76

 [B] Entire series, effect on correlation (  .881) is:
       Lower   1990< -.023   1988> -.018   1985> -.008   1992< -.007   2019< -.007   1995> -.006  Higher   1983  .023   2005  .020

====================================================================================================================================

 JERH39A   1988 to  2020      33 years                                                                                    Series  77

 [B] Entire series, effect on correlation (  .895) is:
       Lower   1994> -.015   1988> -.008   2002< -.008   2012> -.006   1998< -.006   2004< -.005  Higher   1999  .018   2005  .010

====================================================================================================================================

 JERH39B   1988 to  2020      33 years                                                                                    Series  78

 [B] Entire series, effect on correlation (  .854) is:
       Lower   1994> -.035   2019> -.010   2002< -.008   2016> -.006   2001< -.006   1992> -.005  Higher   1999  .048   2005  .034

 [E] Outliers     1   3.0 SD above or -4.5 SD below mean for year
       1994 +3.7 SD
====================================================================================================================================

 JERH40A   1986 to  2020      35 years                                                                                    Series  79

 [B] Entire series, effect on correlation (  .930) is:
       Lower   1990< -.012   1989< -.007   2012< -.005   1986> -.005   2001< -.005   1993> -.003  Higher   1999  .018   1994  .010

====================================================================================================================================

 JERH40B   1986 to  2020      35 years                                                                                    Series  80

 [B] Entire series, effect on correlation (  .918) is:
       Lower   2005> -.016   2012< -.013   1987< -.009   1986> -.004   1988< -.003   2001< -.003  Higher   1999  .021   1994  .010

====================================================================================================================================

 JERH41A   1989 to  2020      32 years                                                                                    Series  81

 [B] Entire series, effect on correlation (  .836) is:
       Lower   1996< -.022   2000< -.021   1989< -.017   1993> -.011   1991> -.007   2010< -.004  Higher   1999  .052   1995  .013

====================================================================================================================================

 JERH41B   1989 to  2017      29 years                                                                                    Series  82

 [B] Entire series, effect on correlation (  .807) is:
       Lower   2017> -.039   2002< -.020   1989< -.019   1996< -.012   2016> -.009   2000< -.004  Higher   2005  .047   1999  .019

 [E] Outliers     1   3.0 SD above or -4.5 SD below mean for year
       2017 +3.6 SD
====================================================================================================================================

 [*] All segments correlate highest as dated with correlation with master series over   .3281
PART 7:  DESCRIPTIVE STATISTICS:                                                                   10:35  Tue 21 Dec 2021  Page   7
------------------------------------------------------------------------------------------------------------------------------------

                                                Corr   //-------- Unfiltered --------\\  //---- Filtered -----\\
                           No.    No.    No.    with   Mean   Max     Std   Auto   Mean   Max     Std   Auto  AR
 Seq Series   Interval   Years  Segmt  Flags   Master  msmt   msmt    dev   corr   sens  value    dev   corr  ()
 --- -------- ---------  -----  -----  -----   ------ -----  -----  -----  -----  -----  -----  -----  -----  --
   1 JERH01A  1989 2020     32      1      0    .952   2.57  10.07  2.719   .841   .598   2.83   .695   .076   1
   2 JERH01B  1989 2020     32      1      0    .935   1.71   8.95  2.219   .875   .675   2.63   .570   .028   1
   3 JERH02A  1988 2020     33      1      0    .971   2.35  10.10  2.578   .825   .608   2.69   .627   .060   1
   4 JERH02B  1988 2020     33      1      0    .978   2.26   9.20  2.427   .834   .568   2.67   .641   .030   1
   5 JERH03A  1988 2020     33      1      0    .947   2.31   8.37  2.276   .866   .516   2.69   .597   .029   1
   6 JERH03B  1988 2020     33      1      0    .962   2.06   8.52  2.276   .870   .509   2.65   .610   .015   1
   7 JERH04A  1987 2020     34      1      0    .880   1.82   7.18  1.697   .797   .539   2.79   .623  -.031   1
   8 JERH04B  2002 2020     19      1      0    .945    .44    .99   .292   .390   .614   2.62   .630  -.126   1
   9 JERH05A  1987 2020     34      1      0    .933   3.06   8.35  2.286   .688   .550   2.60   .705  -.006   1
  10 JERH05B  1987 2016     30      1      0    .938   2.76   8.80  2.282   .644   .556   2.49   .618  -.044   1
  11 JERH06A  1988 2020     33      1      0    .902   2.86   9.01  2.433   .774   .540   2.83   .612   .112   1
  12 JERH06B  1988 1999     12      1      0    .521   3.76   8.16  2.607   .829   .467   2.54   .902  -.178   2
  13 JERH07A  1986 2020     35      1      0    .950   3.13  10.82  2.753   .811   .521   2.58   .661  -.041   1
  14 JERH07B  1986 2020     35      1      0    .937   2.59  10.21  2.415   .839   .500   2.50   .661  -.035   1
  15 JERH08A  1986 2014     29      1      0    .731   1.52   5.13  1.599   .851   .558   2.50   .537   .033   1
  16 JERH08B  1986 2020     35      1      0    .859   1.20   4.69  1.301   .815   .620   2.66   .514  -.035   1
  17 JERH09A  1987 2016     30      1      0    .687   1.27   5.07  1.461   .864   .604   2.69   .437   .050   1
  18 JERH09B  1987 2017     31      1      0    .832   1.63   6.26  1.871   .887   .587   2.86   .560   .084   1
  19 JERH10A  1984 2020     37      1      0    .903   3.45   9.58  2.338   .751   .406   2.80   .682   .058   3
  20 JERH10B  1983 2020     38      1      0    .902   2.77   9.41  2.571   .854   .465   2.65   .579  -.023   1
  21 JERH11A  1984 2008     25      1      0    .791   3.76  10.21  3.208   .878   .498   2.77   .647   .106   1
  22 JERH11B  1984 2020     37      1      0    .901   3.59  11.74  3.351   .861   .518   2.73   .719   .064   1
  23 JERH12A  1991 2020     30      1      0    .400   1.34   4.70  1.466   .812   .468   2.74   .569   .203   1
  24 JERH12B  1990 2020     31      1      0    .624   1.79   6.28  1.976   .780   .563   2.73   .537  -.125   1
  25 JERH13A  1988 2020     33      1      0    .951   1.86   7.15  1.692   .745   .586   2.68   .684   .027   1
  26 JERH13B  1988 2013     26      1      0    .957   1.94   4.81  1.290   .659   .574   2.38   .587  -.044   1
  27 JERH14A  1986 2020     35      1      0    .939   2.53  11.10  2.706   .893   .496   2.78   .666   .087   1
  28 JERH14B  1986 2009     24      1      0    .887   2.94   9.70  2.803   .934   .447   2.41   .609   .077   1
  29 JERH15A  1986 2020     35      1      0    .866   2.75  11.05  2.569   .734   .580   2.50   .632  -.026   1
  30 JERH15B  1985 2009     25      1      0    .828   3.73   9.36  2.454   .569   .509   2.53   .713   .015   2
  31 JERH16A  1986 2020     35      1      0    .931   1.62   7.58  1.954   .958   .519   2.83   .623   .025   1
  32 JERH16B  1986 2020     35      1      0    .895   1.76   7.09  2.013   .939   .475   2.77   .715   .134   1
  33 JERH17A  1987 2020     34      1      0    .923   2.07   7.95  2.214   .891   .439   2.65   .641   .082   1
  34 JERH17B  1987 2019     33      1      0    .915   2.30   7.83  2.184   .900   .421   2.45   .571   .036   1
  35 JERH18A  1986 2020     35      1      0    .875   1.72   5.98  1.527   .761   .561   2.54   .587  -.003   1
  36 JERH18B  1985 2020     36      1      0    .869   2.11   9.65  2.136   .686   .558   2.67   .762   .081   1
  37 JERH19A  1987 2020     34      1      0    .912   2.32   9.57  2.451   .801   .626   2.65   .661   .042   1
  38 JERH19B  1987 2020     34      1      0    .941   1.66   7.29  2.007   .802   .697   2.68   .595  -.004   1
  39 JERH20A  1986 2020     35      1      0    .966   2.51   9.64  2.653   .904   .530   2.59   .622   .075   1
  40 JERH20B  1986 2020     35      1      0    .910   2.84   9.41  2.525   .852   .524   2.57   .573  -.014   1
  41 JERH21A  1988 2020     33      1      0    .967   2.36   8.78  2.276   .866   .483   2.57   .584   .051   1
  42 JERH21B  1988 2020     33      1      0    .957   3.19   9.34  2.427   .810   .459   2.64   .624   .021   1
  43 JERH22A  1985 2020     36      1      0    .837   2.57   9.02  2.605   .909   .481   2.69   .570  -.010   2
  44 JERH22B  1985 2020     36      1      0    .834   2.94   9.32  2.640   .906   .424   2.55   .542  -.036   1
  45 JERH23A  1983 2020     38      1      0    .950   3.33   9.05  2.771   .883   .447   2.52   .611  -.037   1
  46 JERH23B  1983 2020     38      1      0    .949   3.11   9.67  2.701   .885   .422   2.62   .621  -.072   1
  47 JERH24A  1986 2020     35      1      0    .801   1.23   4.22  1.272   .904   .612   2.62   .611   .061   1
  48 JERH24B  1986 2020     35      1      0    .882   1.56   4.95  1.378   .874   .469   2.57   .543  -.011   1
PART 7:  DESCRIPTIVE STATISTICS:                                                                   10:35  Tue 21 Dec 2021  Page   8
------------------------------------------------------------------------------------------------------------------------------------

                                                Corr   //-------- Unfiltered --------\\  //---- Filtered -----\\
                           No.    No.    No.    with   Mean   Max     Std   Auto   Mean   Max     Std   Auto  AR
 Seq Series   Interval   Years  Segmt  Flags   Master  msmt   msmt    dev   corr   sens  value    dev   corr  ()
 --- -------- ---------  -----  -----  -----   ------ -----  -----  -----  -----  -----  -----  -----  -----  --
  49 JERH25A  1986 2020     35      1      0    .969   2.56   8.15  2.397   .847   .576   2.69   .715   .022   1
  50 JERH25B  1986 2020     35      1      0    .942   2.29   8.57  2.083   .839   .548   2.72   .768   .079   1
  51 JERH26A  1988 2020     33      1      0    .917   2.17   8.29  1.985   .786   .526   2.78   .657   .072   1
  52 JERH26B  1988 2020     33      1      0    .932   2.45  10.27  2.460   .806   .608   2.70   .653   .061   1
  53 JERH27A  1986 2020     35      1      0    .921   2.74   9.59  2.576   .887   .554   2.69   .600  -.047   1
  54 JERH27B  1986 2020     35      1      0    .925   3.15  10.99  2.921   .883   .563   2.56   .635  -.019   1
  55 JERH28A  1986 2020     35      1      0    .925   2.33  13.19  2.775   .832   .524   2.79   .725  -.023   1
  56 JERH28B  1985 2020     36      1      0    .931   3.78  13.88  3.316   .744   .558   2.75   .656  -.104   1
  57 JERH29A  1987 2020     34      1      0    .921   1.95   7.19  1.860   .689   .637   2.67   .674   .088   1
  58 JERH29B  1987 2013     27      1      0    .942   3.44   9.10  2.403   .578   .606   2.57   .827   .065   2
  59 JERH30A  1989 2020     32      1      0    .847   1.47   7.37  1.912   .788   .595   3.04   .597   .004   1
  60 JERH30B  1989 2020     32      1      0    .893   1.62   6.23  1.774   .806   .570   2.72   .516   .034   1
  61 JERH31A  1986 2020     35      1      0    .839   1.26   6.43  1.668   .894   .719   3.09   .677   .053   1
  62 JERH31B  1986 2020     35      1      0    .940   2.22   6.71  1.659   .700   .547   2.68   .683   .018   1
  63 JERH32A  1987 2020     34      1      0    .938   2.12   9.47  2.171   .687   .594   2.62   .571   .065   1
  64 JERH32B  1987 2020     34      1      0    .942   2.33   9.13  2.184   .725   .546   2.63   .599   .029   1
  65 JERH33A  1986 2020     35      1      0    .963   2.35   9.97  2.341   .874   .543   2.71   .695   .081   1
  66 JERH33B  1986 2020     35      1      0    .936   1.98   8.45  2.228   .902   .514   2.79   .665   .045   1
  67 JERH34A  1984 2017     34      1      0    .615   1.29   6.31  1.649   .870   .738   2.90   .696   .021   1
  68 JERH34B  1986 2015     30      1      0    .775   1.20   5.21  1.439   .882   .662   2.77   .631  -.038   1
  69 JERH35A  1987 2020     34      1      0    .888   1.13   5.08  1.370   .841   .640   2.86   .641   .037   1
  70 JERH35B  1987 2020     34      1      0    .877   1.30   5.01  1.457   .847   .594   3.01   .605   .069   1
  71 JERH36A  1986 2020     35      1      0    .910   2.77   9.83  2.272   .810   .481   2.61   .633  -.004   1
  72 JERH36B  1986 2020     35      1      0    .941   2.51   8.71  2.194   .855   .485   2.53   .566   .026   1
  73 JERH37A  1987 2020     34      1      0    .923   1.54   7.38  1.866   .916   .522   2.85   .686   .123   1
  74 JERH37B  1987 2020     34      1      0    .955   2.28   8.39  2.368   .886   .494   2.65   .704   .078   1
  75 JERH38A  1983 2020     38      1      0    .949   2.66  10.13  2.766   .883   .424   2.70   .703  -.004   1
  76 JERH38B  1983 2020     38      1      0    .881   2.57   8.87  2.425   .873   .471   2.67   .658  -.028   1
  77 JERH39A  1988 2020     33      1      0    .895   1.97   7.02  2.089   .934   .469   2.80   .543  -.026   1
  78 JERH39B  1988 2020     33      1      0    .854   2.78   9.44  2.895   .893   .533   2.82   .601   .010   1
  79 JERH40A  1986 2020     35      1      0    .930   1.32   7.96  1.665   .897   .605   2.70   .692  -.022   1
  80 JERH40B  1986 2020     35      1      0    .918   1.76  10.43  2.319   .903   .605   2.71   .685   .042   1
  81 JERH41A  1989 2020     32      1      0    .836   1.33   6.84  1.557   .777   .717   2.69   .657   .094   1
  82 JERH41B  1989 2017     29      1      0    .807   1.25   8.11  1.757   .745   .722   2.83   .569  -.081   1
 --- -------- ---------  -----  -----  -----   ------ -----  -----  -----  -----  -----  -----  -----  -----  --
 Total or mean:           2712     82      0    .892   2.25  13.88  2.190   .826   .546   3.09   .634   .022

                                              - = [  COFECHA CORESCOF  ] = -
