[]  Dendrochronology Program Library                                        Run TREES  Program COF  10:26  Tue 21 Dec 2021  Page   1
[]
[]  P R O G R A M      C O F E C H A                                                                          Version 6.06P    31768
------------------------------------------------------------------------------------------------------------------------------------

 QUALITY CONTROL AND DATING CHECK OF TREE-RING MEASUREMENTS

 File of DATED series:   8-JEH_trees.rwl

 CONTENTS:

    Part 1:  Title page, options selected, summary, absent rings by series
    Part 2:  Histogram of time spans
    Part 3:  Master series with sample depth and absent rings by year
    Part 4:  Bar plot of Master Dating Series
    Part 5:  Correlation by segment of each series with Master
    Part 6:  Potential problems: low correlation, divergent year-to-year changes, absent rings, outliers
    Part 7:  Descriptive statistics

 RUN CONTROL OPTIONS SELECTED                             VALUE

         1  Cubic smoothing spline 50% wavelength cutoff for filtering
                                                            32 years
         2  Segments examined are                           50 years lagged successively by  25 years
         3  Autoregressive model applied                     A  Residuals are used in master dating series and testing
         4  Series transformed to logarithms                 Y  Each series log-transformed for master dating series and testing
         5  CORRELATION is Pearson (parametric, quantitative)
            Critical correlation, 99% confidence level   .3281
         6  Master dating series saved                       N
         7  Ring measurements listed                         N
         8  Parts printed                              1234567 
         9  Absent rings are omitted from master series and segment correlations  (Y)

 Time span of Master dating series is  1983 to  2020    38 years
 Continuous time span is               1983 to  2020    38 years
 Portion with two or more series is    1983 to  2020    38 years


                                        ****************************************
                                        *C* Number of dated series        41 *C*
                                        *O* Master series 1983 2020   38 yrs *O*
                                        *F* Total rings in all series   1410 *F*
                                        *E* Total dated rings checked   1410 *E*
                                        *C* Series intercorrelation     .912 *C*
                                        *H* Average mean sensitivity    .536 *H*
                                        *A* Segments, possible problems    0 *A*
                                        *** Mean length of series       34.4 ***
                                        ****************************************

 ABSENT RINGS listed by SERIES:            (See Master Dating Series for absent rings listed by year)

               No ring measurements of zero value
PART 2:  TIME PLOT OF TREE-RING SERIES:                                                            10:26  Tue 21 Dec 2021  Page   2
------------------------------------------------------------------------------------------------------------------------------------
 1050 1100 1150 1200 1250 1300 1350 1400 1450 1500 1550 1600 1650 1700 1750 1800 1850 1900 1950 2000 2050 Ident   Seq Time-span  Yrs
   :    :    :    :    :    :    :    :    :    :    :    :    :    :    :    :    :    :    :    :    : -------- --- ---- ---- ----
   .    .    .    .    .    .    .    .    .    .    .    .    .    .    .    .    .    .    .  <===>  . JERH01     1 1989 2020   32
   .    .    .    .    .    .    .    .    .    .    .    .    .    .    .    .    .    .    .  <===>  . JERH02     2 1988 2020   33
   .    .    .    .    .    .    .    .    .    .    .    .    .    .    .    .    .    .    .  <===>  . JERH03     3 1988 2020   33
   .    .    .    .    .    .    .    .    .    .    .    .    .    .    .    .    .    .    .  <===>  . JERH04     4 1987 2020   34
   .    .    .    .    .    .    .    .    .    .    .    .    .    .    .    .    .    .    .  <===>  . JERH05     5 1987 2020   34
   .    .    .    .    .    .    .    .    .    .    .    .    .    .    .    .    .    .    .  <===>  . JERH06     6 1988 2020   33
   .    .    .    .    .    .    .    .    .    .    .    .    .    .    .    .    .    .    .  <===>  . JERH07     7 1986 2020   35
   .    .    .    .    .    .    .    .    .    .    .    .    .    .    .    .    .    .    .  <===>  . JERH08     8 1986 2020   35
   .    .    .    .    .    .    .    .    .    .    .    .    .    .    .    .    .    .    .  <==>   . JERH09     9 1987 2017   31
   .    .    .    .    .    .    .    .    .    .    .    .    .    .    .    .    .    .    .  <===>  . JERH10    10 1983 2020   38
   .    .    .    .    .    .    .    .    .    .    .    .    .    .    .    .    .    .    .  <===>  . JERH11    11 1984 2020   37
   .    .    .    .    .    .    .    .    .    .    .    .    .    .    .    .    .    .    .   <==>  . JERH12    12 1990 2020   31
   .    .    .    .    .    .    .    .    .    .    .    .    .    .    .    .    .    .    .  <===>  . JERH13    13 1988 2020   33
   .    .    .    .    .    .    .    .    .    .    .    .    .    .    .    .    .    .    .  <===>  . JERH14    14 1986 2020   35
   .    .    .    .    .    .    .    .    .    .    .    .    .    .    .    .    .    .    .  <===>  . JERH15    15 1985 2020   36
   .    .    .    .    .    .    .    .    .    .    .    .    .    .    .    .    .    .    .  <===>  . JERH16    16 1986 2020   35
   .    .    .    .    .    .    .    .    .    .    .    .    .    .    .    .    .    .    .  <===>  . JERH17    17 1987 2020   34
   .    .    .    .    .    .    .    .    .    .    .    .    .    .    .    .    .    .    .  <===>  . JERH18    18 1985 2020   36
   .    .    .    .    .    .    .    .    .    .    .    .    .    .    .    .    .    .    .  <===>  . JERH19    19 1987 2020   34
   .    .    .    .    .    .    .    .    .    .    .    .    .    .    .    .    .    .    .  <===>  . JERH20    20 1986 2020   35
   .    .    .    .    .    .    .    .    .    .    .    .    .    .    .    .    .    .    .  <===>  . JERH21    21 1988 2020   33
   .    .    .    .    .    .    .    .    .    .    .    .    .    .    .    .    .    .    .  <===>  . JERH22    22 1985 2020   36
   .    .    .    .    .    .    .    .    .    .    .    .    .    .    .    .    .    .    .  <===>  . JERH23    23 1983 2020   38
   .    .    .    .    .    .    .    .    .    .    .    .    .    .    .    .    .    .    .  <===>  . JERH24    24 1986 2020   35
   .    .    .    .    .    .    .    .    .    .    .    .    .    .    .    .    .    .    .  <===>  . JERH25    25 1986 2020   35
   .    .    .    .    .    .    .    .    .    .    .    .    .    .    .    .    .    .    .  <===>  . JERH26    26 1988 2020   33
   .    .    .    .    .    .    .    .    .    .    .    .    .    .    .    .    .    .    .  <===>  . JERH27    27 1986 2020   35
   .    .    .    .    .    .    .    .    .    .    .    .    .    .    .    .    .    .    .  <===>  . JERH28    28 1985 2020   36
   .    .    .    .    .    .    .    .    .    .    .    .    .    .    .    .    .    .    .  <===>  . JERH29    29 1987 2020   34
   .    .    .    .    .    .    .    .    .    .    .    .    .    .    .    .    .    .    .  <===>  . JERH30    30 1989 2020   32
   .    .    .    .    .    .    .    .    .    .    .    .    .    .    .    .    .    .    .  <===>  . JERH31    31 1986 2020   35
   .    .    .    .    .    .    .    .    .    .    .    .    .    .    .    .    .    .    .  <===>  . JERH32    32 1987 2020   34
   .    .    .    .    .    .    .    .    .    .    .    .    .    .    .    .    .    .    .  <===>  . JERH33    33 1986 2020   35
   .    .    .    .    .    .    .    .    .    .    .    .    .    .    .    .    .    .    .  <==>   . JERH34    34 1984 2017   34
   .    .    .    .    .    .    .    .    .    .    .    .    .    .    .    .    .    .    .  <===>  . JERH35    35 1987 2020   34
   .    .    .    .    .    .    .    .    .    .    .    .    .    .    .    .    .    .    .  <===>  . JERH36    36 1986 2020   35
   .    .    .    .    .    .    .    .    .    .    .    .    .    .    .    .    .    .    .  <===>  . JERH37    37 1987 2020   34
   .    .    .    .    .    .    .    .    .    .    .    .    .    .    .    .    .    .    .  <===>  . JERH38    38 1983 2020   38
   .    .    .    .    .    .    .    .    .    .    .    .    .    .    .    .    .    .    .  <===>  . JERH39    39 1988 2020   33
   .    .    .    .    .    .    .    .    .    .    .    .    .    .    .    .    .    .    .  <===>  . JERH40    40 1986 2020   35
   .    .    .    .    .    .    .    .    .    .    .    .    .    .    .    .    .    .    .  <===>  . JERH41    41 1989 2020   32
   :    :    :    :    :    :    :    :    :    :    :    :    :    :    :    :    :    :    :    :    :
 1050 1100 1150 1200 1250 1300 1350 1400 1450 1500 1550 1600 1650 1700 1750 1800 1850 1900 1950 2000 2050
PART 3:  Master Dating Series:                                                                     10:26  Tue 21 Dec 2021  Page   3
------------------------------------------------------------------------------------------------------------------------------------
  Year  Value  No Ab    Year  Value  No Ab    Year  Value  No Ab    Year  Value  No Ab    Year  Value  No Ab    Year  Value  No Ab
  ------------------    ------------------    ------------------    ------------------    ------------------    ------------------
                        2000   .067  41
                        2001   .602  41
                        2002   .147  41
                        2003   .781  41
                        2004   .754  41
                        2005 -1.894  41
                        2006  -.285  41
                        2007  -.954  41
                        2008  -.608  41
                        2009   .079  41

                        2010   .922  41
                        2011  1.308  41
                        2012  -.268  41
                        2013  1.315  41
                        2014   .144  41
                        2015   .554  41
                        2016  -.176  41
                        2017   .168  41
                        2018  1.207  39
                        2019  -.197  39

                        2020   .792  39













  1983 -2.291   3
  1984   .151   5
  1985   .077   9
  1986   .712  21
  1987   .698  30
  1988  -.290  37
  1989   .581  40

  1990   .954  41
  1991   .061  41
  1992   .171  41
  1993  -.666  41
  1994 -2.319  41
  1995 -2.269  41
  1996   .466  41
  1997   .919  41
  1998   .696  41
  1999 -2.111  41
------------------------------------------------------------------------------------------------------------------------------------
PART 4:  Master Bar Plot:                                                                          10:26  Tue 21 Dec 2021  Page   4
------------------------------------------------------------------------------------------------------------------------------------
   Year Rel value  Year Rel value  Year Rel value  Year Rel value  Year Rel value  Year Rel value  Year Rel value  Year Rel value
                   2000----@
                   2001-------B
                   2002-----A
                   2003--------C
                   2004--------C
                   2005h
                   2006--a
                   2007-d
                   2008--b
                   2009----@
                   2010---------D
                   2011----------E
                   2012--a
                   2013----------E
                   2014-----A
                   2015------B
                   2016---a
                   2017-----A
                   2018----------E
                   2019---a
                   2020--------C












   1983i
   1984-----A
   1985----@
   1986-------C
   1987-------C
   1988--a
   1989------B
   1990---------D
   1991----@
   1992-----A
   1993-c
   1994i
   1995i
   1996------B
   1997---------D
   1998-------C
   1999h
PART 5:  CORRELATION OF SERIES BY SEGMENTS:                                                        10:26  Tue 21 Dec 2021  Page   5
------------------------------------------------------------------------------------------------------------------------------------
 Correlations of  50-year dated segments, lagged  25 years
 Flags:  A = correlation under   .3281 but highest as dated;  B = correlation higher at other than dated position

 Seq Series  Time_span   1975
                         2024
 --- -------- ---------  ---- ---- ---- ---- ---- ---- ---- ---- ---- ---- ---- ---- ---- ---- ---- ---- ---- ---- ---- ----
   1 JERH01   1989 2020   .96
   2 JERH02   1988 2020   .98
   3 JERH03   1988 2020   .97
   4 JERH04   1987 2020   .91
   5 JERH05   1987 2020   .94
   6 JERH06   1988 2020   .92
   7 JERH07   1986 2020   .95
   8 JERH08   1986 2020   .80
   9 JERH09   1987 2017   .78
  10 JERH10   1983 2020   .92
  11 JERH11   1984 2020   .92
  12 JERH12   1990 2020   .57
  13 JERH13   1988 2020   .96
  14 JERH14   1986 2020   .96
  15 JERH15   1985 2020   .92
  16 JERH16   1986 2020   .93
  17 JERH17   1987 2020   .94
  18 JERH18   1985 2020   .87
  19 JERH19   1987 2020   .94
  20 JERH20   1986 2020   .95
  21 JERH21   1988 2020   .97
  22 JERH22   1985 2020   .86
  23 JERH23   1983 2020   .95
  24 JERH24   1986 2020   .88
  25 JERH25   1986 2020   .97
  26 JERH26   1988 2020   .94
  27 JERH27   1986 2020   .94
  28 JERH28   1985 2020   .91
  29 JERH29   1987 2020   .94
  30 JERH30   1989 2020   .89
  31 JERH31   1986 2020   .94
  32 JERH32   1987 2020   .95
  33 JERH33   1986 2020   .96
  34 JERH34   1984 2017   .77
  35 JERH35   1987 2020   .89
  36 JERH36   1986 2020   .94
  37 JERH37   1987 2020   .95
  38 JERH38   1983 2020   .93
  39 JERH39   1988 2020   .87
  40 JERH40   1986 2020   .92
  41 JERH41   1989 2020   .89
 Av segment correlation   .91
PART 6:  POTENTIAL PROBLEMS:                                                                       10:26  Tue 21 Dec 2021  Page   5
------------------------------------------------------------------------------------------------------------------------------------

 For each series with potential problems the following diagnostics may appear:

 [A] Correlations with master dating series of flagged  50-year segments of series filtered with  32-year spline,
     at every point from ten years earlier (-10) to ten years later (+10) than dated

 [B] Effect of those data values which most lower or raise correlation with master series
     Symbol following year indicates value in series is greater (>) or lesser (<) than master series value

 [C] Year-to-year changes very different from the mean change in other series

 [D] Absent rings (zero values)

 [E] Values which are statistical outliers from mean for the year
====================================================================================================================================

 JERH01    1989 to  2020      32 years                                                                                    Series   1

 [B] Entire series, effect on correlation (  .958) is:
       Lower   2005> -.013   2009< -.005   2019< -.004   2017> -.003   2020< -.001   1989> -.001  Higher   1999  .013   1994  .004

====================================================================================================================================

 JERH02    1988 to  2020      33 years                                                                                    Series   2

 [B] Entire series, effect on correlation (  .980) is:
       Lower   2014> -.002   2017< -.002   2000< -.002   1991> -.001   1989> -.001   2019> -.001  Higher   1999  .005   1994  .003

====================================================================================================================================

 JERH03    1988 to  2020      33 years                                                                                    Series   3

 [B] Entire series, effect on correlation (  .972) is:
       Lower   2006< -.005   1994> -.004   2010< -.002   1996< -.002   2002< -.001   2009> -.001  Higher   1999  .008   2005  .006

====================================================================================================================================

 JERH04    1987 to  2020      34 years                                                                                    Series   4

 [B] Entire series, effect on correlation (  .910) is:
       Lower   1987< -.035   2014< -.010   1988> -.008   2012> -.004   1991> -.003   2019< -.003  Higher   1999  .028   2005  .016

====================================================================================================================================

 JERH05    1987 to  2020      34 years                                                                                    Series   5

 [B] Entire series, effect on correlation (  .935) is:
       Lower   1988< -.022   2017< -.007   2015< -.007   2019> -.006   2016< -.003   1991> -.002  Higher   1999  .018   2005  .010

====================================================================================================================================

 JERH06    1988 to  2020      33 years                                                                                    Series   6

 [B] Entire series, effect on correlation (  .924) is:
       Lower   1988> -.020   2020< -.010   2015< -.007   2017< -.005   2000> -.003   2004< -.002  Higher   2005  .012   1999  .012

====================================================================================================================================

 JERH07    1986 to  2020      35 years                                                                                    Series   7

 [B] Entire series, effect on correlation (  .945) is:
       Lower   1988< -.030   1986> -.003   1991> -.002   2019< -.002   2009> -.002   2000< -.001  Higher   1999  .016   2005  .010

====================================================================================================================================

 JERH08    1986 to  2020      35 years                                                                                    Series   8

 [B] Entire series, effect on correlation (  .797) is:
       Lower   1986< -.071   2011< -.021   2019> -.019   1995> -.019   2017> -.004   2015< -.003  Higher   1999  .069   2005  .044

 [E] Outliers     2   3.0 SD above or -4.5 SD below mean for year
       1986 -4.9 SD;    2019 +4.1 SD
====================================================================================================================================

 JERH09    1987 to  2017      31 years                                                                                    Series   9

 [B] Entire series, effect on correlation (  .779) is:
       Lower   2017> -.062   2013< -.015   2010< -.012   2016> -.010   2004< -.007   1988> -.006  Higher   1999  .081   2005  .030

 [E] Outliers     1   3.0 SD above or -4.5 SD below mean for year
       2017 +5.6 SD
====================================================================================================================================

 JERH10    1983 to  2020      38 years                                                                                    Series  10

 [B] Entire series, effect on correlation (  .918) is:
       Lower   1985> -.010   2007< -.009   2014< -.005   2002> -.002   2016< -.002   1999> -.002  Higher   2005  .009   1995  .005

====================================================================================================================================

 JERH11    1984 to  2020      37 years                                                                                    Series  11

 [B] Entire series, effect on correlation (  .919) is:
       Lower   1984< -.033   1985> -.008   1989< -.003   2006< -.002   2016> -.002   2020< -.001  Higher   1999  .015   2005  .015

====================================================================================================================================

 JERH12    1990 to  2020      31 years                                                                                    Series  12

 [B] Entire series, effect on correlation (  .565) is:
       Lower   2004< -.048   1990< -.044   1993> -.035   2019> -.018   2011< -.013   2003< -.012  Higher   1999  .056   2005  .049

 [E] Outliers     4   3.0 SD above or -4.5 SD below mean for year
       1993 +4.2 SD;    1994 +5.3 SD;    1999 +3.0 SD;    2019 +3.2 SD
====================================================================================================================================

 JERH13    1988 to  2020      33 years                                                                                    Series  13

 [B] Entire series, effect on correlation (  .960) is:
       Lower   2020< -.006   1991> -.004   2002> -.002   2019< -.002   2009< -.002   1989> -.001  Higher   1999  .012   1994  .005

====================================================================================================================================

 JERH14    1986 to  2020      35 years                                                                                    Series  14

 [B] Entire series, effect on correlation (  .955) is:
       Lower   2016> -.008   2019< -.007   2014> -.005   2008> -.003   2009> -.002   1986> -.001  Higher   1999  .013   2005  .006

====================================================================================================================================

 JERH15    1985 to  2020      36 years                                                                                    Series  15

 [B] Entire series, effect on correlation (  .922) is:
       Lower   1988< -.036   1985< -.005   2015< -.003   1991> -.003   1993> -.003   1998> -.001  Higher   1994  .011   2005  .011

====================================================================================================================================

 JERH16    1986 to  2020      35 years                                                                                    Series  16

 [B] Entire series, effect on correlation (  .934) is:
       Lower   1996< -.013   2019> -.009   2009< -.004   2000> -.004   2012> -.004   2006> -.003  Higher   2005  .013   1999  .012

====================================================================================================================================

 JERH17    1987 to  2020      34 years                                                                                    Series  17

 [B] Entire series, effect on correlation (  .943) is:
       Lower   2009> -.007   2011< -.006   2016> -.005   1997< -.005   2017> -.005   2008> -.004  Higher   2005  .013   1999  .011

====================================================================================================================================

 JERH18    1985 to  2020      36 years                                                                                    Series  18

 [B] Entire series, effect on correlation (  .867) is:
       Lower   1987< -.073   1988> -.013   1995> -.007   2016< -.002   2017< -.002   1989> -.002  Higher   1999  .036   1994  .021

====================================================================================================================================

 JERH19    1987 to  2020      34 years                                                                                    Series  19

 [B] Entire series, effect on correlation (  .938) is:
       Lower   1995> -.024   1988< -.006   2005> -.003   2012> -.002   2001< -.002   2008< -.001  Higher   1999  .019   1994  .008

 [E] Outliers     1   3.0 SD above or -4.5 SD below mean for year
       1995 +3.4 SD
====================================================================================================================================

 JERH20    1986 to  2020      35 years                                                                                    Series  20

 [B] Entire series, effect on correlation (  .951) is:
       Lower   1988> -.005   1995> -.005   1986< -.005   1987> -.003   2017< -.003   2009> -.002  Higher   1999  .015   1994  .006

====================================================================================================================================

 JERH21    1988 to  2020      33 years                                                                                    Series  21

 [B] Entire series, effect on correlation (  .969) is:
       Lower   1988> -.008   1998< -.003   1995> -.003   2008> -.002   2015< -.002   1992> -.001  Higher   1999  .007   2005  .007

====================================================================================================================================

 JERH22    1985 to  2020      36 years                                                                                    Series  22

 [B] Entire series, effect on correlation (  .859) is:
       Lower   1985< -.044   1994> -.031   1988> -.007   2002< -.004   2004< -.004   2012> -.003  Higher   1999  .046   2005  .029

 [E] Outliers     1   3.0 SD above or -4.5 SD below mean for year
       1994 +3.8 SD
====================================================================================================================================

 JERH23    1983 to  2020      38 years                                                                                    Series  23

 [B] Entire series, effect on correlation (  .953) is:
       Lower   1994> -.017   1985> -.009   2014< -.002   2016< -.001   2009> -.001   1991> -.001  Higher   1999  .010   1983  .007

====================================================================================================================================

 JERH24    1986 to  2020      35 years                                                                                    Series  24

 [B] Entire series, effect on correlation (  .884) is:
       Lower   1986< -.047   1988> -.020   2019> -.007   2007> -.007   1987< -.003   2004< -.002  Higher   1999  .037   2005  .027

====================================================================================================================================

 JERH25    1986 to  2020      35 years                                                                                    Series  25

 [B] Entire series, effect on correlation (  .973) is:
       Lower   2019< -.003   1986> -.002   1987< -.002   2001> -.002   2010> -.001   2013< -.001  Higher   2005  .005   1994  .004

====================================================================================================================================

 JERH26    1988 to  2020      33 years                                                                                    Series  26

 [B] Entire series, effect on correlation (  .945) is:
       Lower   1999> -.010   2017< -.007   1996< -.006   1995< -.002   2006< -.002   2016< -.001  Higher   2005  .011   2013  .003

====================================================================================================================================

 JERH27    1986 to  2020      35 years                                                                                    Series  27

 [B] Entire series, effect on correlation (  .944) is:
       Lower   1988> -.019   1994> -.006   1987> -.005   1990< -.002   2008> -.002   2015< -.001  Higher   1999  .015   2005  .012

====================================================================================================================================

 JERH28    1985 to  2020      36 years                                                                                    Series  28

 [B] Entire series, effect on correlation (  .913) is:
       Lower   1988< -.032   1990< -.007   1986> -.003   2020< -.003   2019< -.002   1989< -.002  Higher   1999  .021   2005  .017

====================================================================================================================================

 JERH29    1987 to  2020      34 years                                                                                    Series  29

 [B] Entire series, effect on correlation (  .938) is:
       Lower   1988< -.010   2014< -.006   2012< -.004   2019> -.003   2015< -.003   2002> -.003  Higher   1994  .009   1995  .005

====================================================================================================================================

 JERH30    1989 to  2020      32 years                                                                                    Series  30

 [B] Entire series, effect on correlation (  .894) is:
       Lower   1994> -.020   2019> -.014   2009< -.007   2004< -.004   1989< -.003   1992< -.002  Higher   1999  .030   2005  .014

====================================================================================================================================

 JERH31    1986 to  2020      35 years                                                                                    Series  31

 [B] Entire series, effect on correlation (  .942) is:
       Lower   2017< -.011   2020< -.005   1999> -.004   1994< -.002   2009> -.002   2018< -.001  Higher   2005  .005   1995  .005

====================================================================================================================================

 JERH32    1987 to  2020      34 years                                                                                    Series  32

 [B] Entire series, effect on correlation (  .948) is:
       Lower   2014> -.005   2017< -.005   2010< -.004   2000< -.004   1988< -.003   2018< -.003  Higher   1999  .013   1994  .008

====================================================================================================================================

 JERH33    1986 to  2020      35 years                                                                                    Series  33

 [B] Entire series, effect on correlation (  .958) is:
       Lower   1989< -.006   2020< -.005   2012> -.004   1988> -.004   2009> -.003   1992< -.002  Higher   2005  .010   1999  .006

====================================================================================================================================

 JERH34    1984 to  2017      34 years                                                                                    Series  34

 [B] Entire series, effect on correlation (  .771) is:
       Lower   1989< -.023   1991< -.018   2012> -.015   2007> -.014   1985< -.013   1986< -.011  Higher   2005  .057   1999  .037

 [E] Outliers     2   3.0 SD above or -4.5 SD below mean for year
       1999 +3.2 SD;    2006 +3.2 SD
====================================================================================================================================

 JERH35    1987 to  2020      34 years                                                                                    Series  35

 [B] Entire series, effect on correlation (  .894) is:
       Lower   2019> -.021   2010< -.012   2009< -.007   2014> -.004   1991< -.004   2011< -.004  Higher   2005  .023   1999  .010

====================================================================================================================================

 JERH36    1986 to  2020      35 years                                                                                    Series  36

 [B] Entire series, effect on correlation (  .941) is:
       Lower   1999> -.017   2016< -.006   2019< -.005   1988> -.004   2020< -.003   1986> -.003  Higher   2005  .012   1994  .009

====================================================================================================================================

 JERH37    1987 to  2020      34 years                                                                                    Series  37

 [B] Entire series, effect on correlation (  .953) is:
       Lower   1988> -.005   1999> -.005   1993< -.005   2015< -.003   1996< -.002   2014< -.002  Higher   2005  .007   1995  .004

====================================================================================================================================

 JERH38    1983 to  2020      38 years                                                                                    Series  38

 [B] Entire series, effect on correlation (  .928) is:
       Lower   1985> -.011   1988> -.010   1990< -.007   1995> -.006   1984> -.005   1992< -.004  Higher   2005  .013   1983  .013

====================================================================================================================================

 JERH39    1988 to  2020      33 years                                                                                    Series  39

 [B] Entire series, effect on correlation (  .873) is:
       Lower   1994> -.026   1988< -.009   2002< -.008   2001< -.005   2016> -.004   1991< -.003  Higher   1999  .024   2005  .020

 [E] Outliers     1   3.0 SD above or -4.5 SD below mean for year
       1994 +3.5 SD
====================================================================================================================================

 JERH40    1986 to  2020      35 years                                                                                    Series  40

 [B] Entire series, effect on correlation (  .925) is:
       Lower   2005> -.012   2012< -.007   1986> -.005   1988< -.005   1987< -.005   2001< -.004  Higher   1999  .019   1994  .008

====================================================================================================================================

 JERH41    1989 to  2020      32 years                                                                                    Series  41

 [B] Entire series, effect on correlation (  .890) is:
       Lower   1996< -.022   2000< -.014   1989< -.012   1991> -.004   1993> -.003   2002< -.003  Higher   1999  .028   2005  .019

====================================================================================================================================

 [*] All segments correlate highest as dated with correlation with master series over   .3281
PART 7:  DESCRIPTIVE STATISTICS:                                                                   10:26  Tue 21 Dec 2021  Page   6
------------------------------------------------------------------------------------------------------------------------------------

                                                Corr   //-------- Unfiltered --------\\  //---- Filtered -----\\
                           No.    No.    No.    with   Mean   Max     Std   Auto   Mean   Max     Std   Auto  AR
 Seq Series   Interval   Years  Segmt  Flags   Master  msmt   msmt    dev   corr   sens  value    dev   corr  ()
 --- -------- ---------  -----  -----  -----   ------ -----  -----  -----  -----  -----  -----  -----  -----  --
   1 JERH01   1989 2020     32      1      0    .958   2.14   9.51  2.456   .862   .618   2.73   .655   .057   1
   2 JERH02   1988 2020     33      1      0    .980   2.30   9.65  2.497   .832   .590   2.68   .625   .050   1
   3 JERH03   1988 2020     33      1      0    .972   2.18   8.44  2.271   .871   .514   2.67   .625   .041   1
   4 JERH04   1987 2020     34      1      0    .910   1.69   7.18  1.753   .824   .557   2.76   .632  -.027   1
   5 JERH05   1987 2020     34      1      0    .935   2.81   8.13  2.226   .684   .548   2.61   .674  -.015   1
   6 JERH06   1988 2020     33      1      0    .924   2.65   8.58  2.222   .759   .548   2.87   .682   .070   1
   7 JERH07   1986 2020     35      1      0    .945   2.86  10.51  2.574   .826   .512   2.54   .658  -.038   1
   8 JERH08   1986 2020     35      1      0    .797   1.24   4.91  1.415   .855   .593   2.69   .533  -.014   1
   9 JERH09   1987 2017     31      1      0    .779   1.43   5.49  1.643   .893   .555   3.06   .557   .116   1
  10 JERH10   1983 2020     38      1      0    .918   3.11   9.49  2.420   .811   .419   2.80   .618  -.046   2
  11 JERH11   1984 2020     37      1      0    .919   3.25  10.97  3.118   .875   .528   2.69   .731   .044   1
  12 JERH12   1990 2020     31      1      0    .565   1.60   5.49  1.696   .824   .448   2.69   .535   .028   1
  13 JERH13   1988 2020     33      1      0    .960   1.77   5.88  1.447   .733   .575   2.67   .663   .023   1
  14 JERH14   1986 2020     35      1      0    .955   2.43  10.40  2.590   .916   .474   2.81   .666   .057   1
  15 JERH15   1985 2020     36      1      0    .922   2.87   9.44  2.469   .695   .555   2.55   .790   .016   1
  16 JERH16   1986 2020     35      1      0    .934   1.69   7.33  1.979   .950   .477   2.82   .707   .074   1
  17 JERH17   1987 2020     34      1      0    .943   2.16   7.89  2.184   .903   .417   2.59   .658   .045   1
  18 JERH18   1985 2020     36      1      0    .867   1.95   7.00  1.797   .762   .550   2.57   .672   .034   1
  19 JERH19   1987 2020     34      1      0    .938   1.99   8.38  2.220   .806   .648   2.66   .625   .022   1
  20 JERH20   1986 2020     35      1      0    .951   2.67   9.52  2.567   .884   .527   2.49   .606   .021   1
  21 JERH21   1988 2020     33      1      0    .969   2.77   9.06  2.338   .843   .471   2.54   .600   .022   1
  22 JERH22   1985 2020     36      1      0    .859   2.75   9.17  2.616   .912   .444   2.65   .562  -.058   1
  23 JERH23   1983 2020     38      1      0    .953   3.21   9.28  2.724   .886   .437   2.56   .649  -.053   1
  24 JERH24   1986 2020     35      1      0    .884   1.39   4.36  1.313   .894   .520   2.59   .577   .031   1
  25 JERH25   1986 2020     35      1      0    .973   2.42   8.36  2.231   .849   .557   2.68   .741   .035   1
  26 JERH26   1988 2020     33      1      0    .945   2.31   9.28  2.208   .804   .561   2.66   .649   .063   1
  27 JERH27   1986 2020     35      1      0    .944   2.94  10.29  2.739   .888   .555   2.63   .675  -.036   1
  28 JERH28   1985 2020     36      1      0    .913   3.15  13.53  3.125   .791   .547   2.76   .693  -.085   1
  29 JERH29   1987 2020     34      1      0    .938   2.39   7.83  2.130   .685   .619   2.69   .765   .051   1
  30 JERH30   1989 2020     32      1      0    .894   1.54   6.80  1.828   .802   .570   2.73   .551   .010   1
  31 JERH31   1986 2020     35      1      0    .942   1.74   6.00  1.621   .820   .549   2.72   .627   .106   1
  32 JERH32   1987 2020     34      1      0    .948   2.22   9.30  2.167   .707   .570   2.62   .576   .050   1
  33 JERH33   1986 2020     35      1      0    .958   2.16   9.21  2.274   .894   .534   2.75   .686   .064   1
  34 JERH34   1984 2017     34      1      0    .771   1.34   6.31  1.654   .923   .646   2.75   .671  -.081   2
  35 JERH35   1987 2020     34      1      0    .894   1.21   5.04  1.408   .849   .577   2.99   .616   .053   1
  36 JERH36   1986 2020     35      1      0    .941   2.64   9.27  2.213   .836   .479   2.60   .626   .035   1
  37 JERH37   1987 2020     34      1      0    .953   1.91   7.72  2.102   .905   .491   2.72   .665   .121   1
  38 JERH38   1983 2020     38      1      0    .928   2.61   9.35  2.567   .899   .444   2.68   .670  -.023   1
  39 JERH39   1988 2020     33      1      0    .873   2.38   8.23  2.458   .913   .486   2.74   .553  -.010   1
  40 JERH40   1986 2020     35      1      0    .925   1.54   9.19  1.984   .903   .604   2.69   .673   .033   1
  41 JERH41   1989 2020     32      1      0    .890   1.24   7.47  1.613   .766   .730   2.68   .716   .096   1
 --- -------- ---------  -----  -----  -----   ------ -----  -----  -----  -----  -----  -----  -----  -----  --
 Total or mean:           1410     41      0    .912   2.23  13.53  2.177   .838   .536   3.06   .646   .023

                                              - = [  COFECHA TREESCOF  ] = -
