[]  Dendrochronology Program Library                                        Run CORES  Program COF  18:57  Tue 22 Feb 2022  Page   1
[]
[]  P R O G R A M      C O F E C H A                                                                          Version 6.06P    31831
------------------------------------------------------------------------------------------------------------------------------------

 QUALITY CONTROL AND DATING CHECK OF TREE-RING MEASUREMENTS

 File of DATED series:   2-PINI_LOW_trees.rwl

 CONTENTS:

    Part 1:  Title page, options selected, summary, absent rings by series
    Part 2:  Histogram of time spans
    Part 3:  Master series with sample depth and absent rings by year
    Part 4:  Bar plot of Master Dating Series
    Part 5:  Correlation by segment of each series with Master
    Part 6:  Potential problems: low correlation, divergent year-to-year changes, absent rings, outliers
    Part 7:  Descriptive statistics

 RUN CONTROL OPTIONS SELECTED                             VALUE

         1  Cubic smoothing spline 50% wavelength cutoff for filtering
                                                            32 years
         2  Segments examined are                           50 years lagged successively by  25 years
         3  Autoregressive model applied                     A  Residuals are used in master dating series and testing
         4  Series transformed to logarithms                 Y  Each series log-transformed for master dating series and testing
         5  CORRELATION is Pearson (parametric, quantitative)
            Critical correlation, 99% confidence level   .3281
         6  Master dating series saved                       N
         7  Ring measurements listed                         N
         8  Parts printed                              1234567 
         9  Absent rings are omitted from master series and segment correlations  (Y)

 Time span of Master dating series is  1959 to  2017    59 years
 Continuous time span is               1959 to  2017    59 years
 Portion with two or more series is    1959 to  2017    59 years


                                        ****************************************
                                        *C* Number of dated series        39 *C*
                                        *O* Master series 1959 2017   59 yrs *O*
                                        *F* Total rings in all series   2206 *F*
                                        *E* Total dated rings checked   2206 *E*
                                        *C* Series intercorrelation     .756 *C*
                                        *H* Average mean sensitivity    .501 *H*
                                        *A* Segments, possible problems    0 *A*
                                        *** Mean length of series       56.6 ***
                                        ****************************************

 ABSENT RINGS listed by SERIES:            (See Master Dating Series for absent rings listed by year)

               No ring measurements of zero value
PART 2:  TIME PLOT OF TREE-RING SERIES:                                                            18:57  Tue 22 Feb 2022  Page   2
------------------------------------------------------------------------------------------------------------------------------------
 1050 1100 1150 1200 1250 1300 1350 1400 1450 1500 1550 1600 1650 1700 1750 1800 1850 1900 1950 2000 2050 Ident   Seq Time-span  Yrs
   :    :    :    :    :    :    :    :    :    :    :    :    :    :    :    :    :    :    :    :    : -------- --- ---- ---- ----
   .    .    .    .    .    .    .    .    .    .    .    .    .    .    .    .    .    .    .<====>   . NIGL08     1 1960 2017   58
   .    .    .    .    .    .    .    .    .    .    .    .    .    .    .    .    .    .    .<====>   . NIGL10     2 1960 2017   58
   .    .    .    .    .    .    .    .    .    .    .    .    .    .    .    .    .    .    .<====>   . NIGL12     3 1962 2017   56
   .    .    .    .    .    .    .    .    .    .    .    .    .    .    .    .    .    .    .<====>   . NIGL13     4 1960 2017   58
   .    .    .    .    .    .    .    .    .    .    .    .    .    .    .    .    .    .    .<====>   . NIGL14     5 1960 2015   56
   .    .    .    .    .    .    .    .    .    .    .    .    .    .    .    .    .    .    .<====>   . NIGL18     6 1960 2017   58
   .    .    .    .    .    .    .    .    .    .    .    .    .    .    .    .    .    .    <=====>   . NIGL19     7 1959 2017   59
   .    .    .    .    .    .    .    .    .    .    .    .    .    .    .    .    .    .    .<====>   . NIGL20     8 1960 2017   58
   .    .    .    .    .    .    .    .    .    .    .    .    .    .    .    .    .    .    .<====>   . NIGL21     9 1961 2017   57
   .    .    .    .    .    .    .    .    .    .    .    .    .    .    .    .    .    .    .<====>   . NIGL22    10 1960 2016   57
   .    .    .    .    .    .    .    .    .    .    .    .    .    .    .    .    .    .    .<====>   . NIGL23    11 1961 2017   57
   .    .    .    .    .    .    .    .    .    .    .    .    .    .    .    .    .    .    .<====>   . NIGL24    12 1961 2017   57
   .    .    .    .    .    .    .    .    .    .    .    .    .    .    .    .    .    .    .<====>   . NIGL25    13 1961 2013   53
   .    .    .    .    .    .    .    .    .    .    .    .    .    .    .    .    .    .    .<====>   . NIGL26    14 1960 2017   58
   .    .    .    .    .    .    .    .    .    .    .    .    .    .    .    .    .    .    .<====>   . NIGL27    15 1960 2017   58
   .    .    .    .    .    .    .    .    .    .    .    .    .    .    .    .    .    .    .<====>   . NIGL30    16 1960 2017   58
   .    .    .    .    .    .    .    .    .    .    .    .    .    .    .    .    .    .    .<===>    . NIGL32    17 1962 2009   48
   .    .    .    .    .    .    .    .    .    .    .    .    .    .    .    .    .    .    .<====>   . NIGL33    18 1962 2017   56
   .    .    .    .    .    .    .    .    .    .    .    .    .    .    .    .    .    .    .<===>    . NIGL34    19 1961 2006   46
   .    .    .    .    .    .    .    .    .    .    .    .    .    .    .    .    .    .    .<====>   . NIGL35    20 1961 2017   57
   .    .    .    .    .    .    .    .    .    .    .    .    .    .    .    .    .    .    .<====>   . NIGL36    21 1963 2017   55
   .    .    .    .    .    .    .    .    .    .    .    .    .    .    .    .    .    .    .<====>   . NIGL37    22 1961 2017   57
   .    .    .    .    .    .    .    .    .    .    .    .    .    .    .    .    .    .    .<====>   . NIGL38    23 1961 2017   57
   .    .    .    .    .    .    .    .    .    .    .    .    .    .    .    .    .    .    <=====>   . NIGL39    24 1959 2017   59
   .    .    .    .    .    .    .    .    .    .    .    .    .    .    .    .    .    .    <=====>   . NIGL40    25 1959 2017   59
   .    .    .    .    .    .    .    .    .    .    .    .    .    .    .    .    .    .    <=====>   . NIGL41    26 1959 2017   59
   .    .    .    .    .    .    .    .    .    .    .    .    .    .    .    .    .    .    <=====>   . NIGL43    27 1959 2017   59
   .    .    .    .    .    .    .    .    .    .    .    .    .    .    .    .    .    .    <=====>   . NIGL44    28 1959 2017   59
   .    .    .    .    .    .    .    .    .    .    .    .    .    .    .    .    .    .    .<====>   . NIGL46    29 1961 2017   57
   .    .    .    .    .    .    .    .    .    .    .    .    .    .    .    .    .    .    .<====>   . NIGL47    30 1960 2017   58
   .    .    .    .    .    .    .    .    .    .    .    .    .    .    .    .    .    .    .<====>   . NIGL48    31 1961 2010   50
   .    .    .    .    .    .    .    .    .    .    .    .    .    .    .    .    .    .    .<====>   . NIGL49    32 1960 2017   58
   .    .    .    .    .    .    .    .    .    .    .    .    .    .    .    .    .    .    .<====>   . NIGL50    33 1961 2017   57
   .    .    .    .    .    .    .    .    .    .    .    .    .    .    .    .    .    .    .<====>   . NIGL51    34 1962 2017   56
   .    .    .    .    .    .    .    .    .    .    .    .    .    .    .    .    .    .    <=====>   . NIGL52    35 1959 2017   59
   .    .    .    .    .    .    .    .    .    .    .    .    .    .    .    .    .    .    .<====>   . NIGL53    36 1962 2013   52
   .    .    .    .    .    .    .    .    .    .    .    .    .    .    .    .    .    .    .<====>   . NIGL55    37 1961 2015   55
   .    .    .    .    .    .    .    .    .    .    .    .    .    .    .    .    .    .    <=====>   . NIGL56    38 1959 2017   59
   .    .    .    .    .    .    .    .    .    .    .    .    .    .    .    .    .    .    .<====>   . NIGL57    39 1960 2017   58
   :    :    :    :    :    :    :    :    :    :    :    :    :    :    :    :    :    :    :    :    :
 1050 1100 1150 1200 1250 1300 1350 1400 1450 1500 1550 1600 1650 1700 1750 1800 1850 1900 1950 2000 2050
PART 3:  Master Dating Series:                                                                     18:57  Tue 22 Feb 2022  Page   3
------------------------------------------------------------------------------------------------------------------------------------
  Year  Value  No Ab    Year  Value  No Ab    Year  Value  No Ab    Year  Value  No Ab    Year  Value  No Ab    Year  Value  No Ab
  ------------------    ------------------    ------------------    ------------------    ------------------    ------------------
                        2000   .490  39
                        2001   .724  39
                        2002   .453  39
                        2003   .937  39
                        2004   .240  39
                        2005 -1.426  39
                        2006  -.108  39
                        2007  -.313  38
                        2008 -1.054  38
  1959 -1.212   8       2009   .865  38

  1960 -1.730  21       2010  1.695  37
  1961 -1.559  33       2011  1.751  36
  1962  -.939  38       2012  -.872  36
  1963   .525  39       2013   .295  36
  1964   .996  39       2014  -.668  34
  1965  -.390  39       2015   .467  34
  1966   .819  39       2016  -.934  32
  1967   .712  39       2017   .773  31
  1968   .067  39
  1969   .923  39

  1970   .599  39
  1971   .943  39
  1972   .160  39
  1973   .061  39
  1974  -.080  39
  1975  -.292  39
  1976  -.235  39
  1977   .456  39
  1978  1.494  39
  1979  1.310  39

  1980   .407  39
  1981 -1.928  39
  1982  -.849  39
  1983 -1.451  39
  1984   .117  39
  1985   .363  39
  1986  -.740  39
  1987 -2.400  39
  1988  -.985  39
  1989   .338  39

  1990  1.733  39
  1991   .660  39
  1992   .243  39
  1993   .455  39
  1994 -1.583  39
  1995 -1.456  39
  1996   .580  39
  1997  1.327  39
  1998   .707  39
  1999 -1.479  39
------------------------------------------------------------------------------------------------------------------------------------
PART 4:  Master Bar Plot:                                                                          18:57  Tue 22 Feb 2022  Page   4
------------------------------------------------------------------------------------------------------------------------------------
   Year Rel value  Year Rel value  Year Rel value  Year Rel value  Year Rel value  Year Rel value  Year Rel value  Year Rel value
                   2000------B
                   2001--------C
                   2002------B
                   2003---------D
                   2004-----A
                   2005-f
                   2006----@
                   2007---a
                   2008--d
   1959-e          2009---------C
   1960g           2010----------G
   1961f           2011----------G
   1962--d         2012--c
   1963-------B    2013-----A
   1964---------D  2014--c
   1965---b        2015------B
   1966--------C   2016--d
   1967--------C   2017--------C
   1968----@
   1969---------D
   1970-------B
   1971---------D
   1972-----A
   1973----@
   1974----@
   1975---a
   1976---a
   1977------B
   1978----------F
   1979---------E
   1980------B
   1981h
   1982--c
   1983-f
   1984----@
   1985------A
   1986--c
   1987j
   1988--d
   1989-----A
   1990----------G
   1991-------C
   1992-----A
   1993------B
   1994f
   1995-f
   1996-------B
   1997----------E
   1998--------C
   1999-f
PART 5:  CORRELATION OF SERIES BY SEGMENTS:                                                        18:57  Tue 22 Feb 2022  Page   5
------------------------------------------------------------------------------------------------------------------------------------
 Correlations of  50-year dated segments, lagged  25 years
 Flags:  A = correlation under   .3281 but highest as dated;  B = correlation higher at other than dated position

 Seq Series  Time_span   1950 1975
                         1999 2024
 --- -------- ---------  ---- ---- ---- ---- ---- ---- ---- ---- ---- ---- ---- ---- ---- ---- ---- ---- ---- ---- ---- ----
   1 NIGL08   1960 2017   .82  .83
   2 NIGL10   1960 2017   .75  .78
   3 NIGL12   1962 2017   .69  .80
   4 NIGL13   1960 2017   .74  .79
   5 NIGL14   1960 2015   .63  .63
   6 NIGL18   1960 2017   .73  .84
   7 NIGL19   1959 2017   .70  .83
   8 NIGL20   1960 2017   .74  .79
   9 NIGL21   1961 2017   .74  .85
  10 NIGL22   1960 2016   .81  .83
  11 NIGL23   1961 2017   .80  .81
  12 NIGL24   1961 2017   .76  .72
  13 NIGL25   1961 2013   .78  .83
  14 NIGL26   1960 2017   .82  .84
  15 NIGL27   1960 2017   .71  .74
  16 NIGL30   1960 2017   .78  .75
  17 NIGL32   1962 2009   .59
  18 NIGL33   1962 2017   .78  .86
  19 NIGL34   1961 2006   .79
  20 NIGL35   1961 2017   .69  .74
  21 NIGL36   1963 2017   .64  .73
  22 NIGL37   1961 2017   .71  .68
  23 NIGL38   1961 2017   .78  .80
  24 NIGL39   1959 2017   .78  .83
  25 NIGL40   1959 2017   .52  .70
  26 NIGL41   1959 2017   .75  .87
  27 NIGL43   1959 2017   .75  .81
  28 NIGL44   1959 2017   .58  .80
  29 NIGL46   1961 2017   .61  .64
  30 NIGL47   1960 2017   .74  .78
  31 NIGL48   1961 2010   .71
  32 NIGL49   1960 2017   .72  .75
  33 NIGL50   1961 2017   .85  .87
  34 NIGL51   1962 2017   .71  .75
  35 NIGL52   1959 2017   .76  .82
  36 NIGL53   1962 2013   .80  .84
  37 NIGL55   1961 2015   .78  .69
  38 NIGL56   1959 2017   .70  .70
  39 NIGL57   1960 2017   .86  .87
 Av segment correlation   .73  .78
PART 6:  POTENTIAL PROBLEMS:                                                                       18:57  Tue 22 Feb 2022  Page   5
------------------------------------------------------------------------------------------------------------------------------------

 For each series with potential problems the following diagnostics may appear:

 [A] Correlations with master dating series of flagged  50-year segments of series filtered with  32-year spline,
     at every point from ten years earlier (-10) to ten years later (+10) than dated

 [B] Effect of those data values which most lower or raise correlation with master series
     Symbol following year indicates value in series is greater (>) or lesser (<) than master series value

 [C] Year-to-year changes very different from the mean change in other series

 [D] Absent rings (zero values)

 [E] Values which are statistical outliers from mean for the year
====================================================================================================================================

 NIGL08    1960 to  2017      58 years                                                                                    Series   1

 [B] Entire series, effect on correlation (  .840) is:
       Lower   1997< -.013   1973< -.011   1987< -.008   1991< -.007   1983> -.007   1981> -.007  Higher   1994  .012   2012  .011

====================================================================================================================================

 NIGL10    1960 to  2017      58 years                                                                                    Series   2

 [B] Entire series, effect on correlation (  .782) is:
       Lower   1970< -.030   1961> -.012   2017< -.010   1996< -.007   1997< -.007   2001> -.006  Higher   1994  .012   2012  .011

====================================================================================================================================

 NIGL12    1962 to  2017      56 years                                                                                    Series   3

 [B] Entire series, effect on correlation (  .744) is:
       Lower   1962< -.045   2008> -.014   1998> -.010   1966< -.008   1997< -.008   1991> -.008  Higher   2012  .031   1994  .013

 [E] Outliers     1   3.0 SD above or -4.5 SD below mean for year
       1962 -5.3 SD
====================================================================================================================================

 NIGL13    1960 to  2017      58 years                                                                                    Series   4

 [B] Entire series, effect on correlation (  .791) is:
       Lower   1970< -.031   1999> -.013   1976> -.010   1965> -.009   1995> -.009   1968< -.009  Higher   1994  .016   1960  .013

====================================================================================================================================

 NIGL14    1960 to  2015      56 years                                                                                    Series   5

 [B] Entire series, effect on correlation (  .624) is:
       Lower   2012> -.032   1981> -.030   1991< -.023   1962> -.023   1973< -.015   2002< -.015  Higher   1994  .028   2005  .017

====================================================================================================================================

 NIGL18    1960 to  2017      58 years                                                                                    Series   6

 [B] Entire series, effect on correlation (  .784) is:
       Lower   1962> -.025   1961> -.019   2008> -.012   2004< -.007   1983> -.007   1974< -.007  Higher   2012  .021   2016  .011

====================================================================================================================================

 NIGL19    1959 to  2017      59 years                                                                                    Series   7

 [B] Entire series, effect on correlation (  .754) is:
       Lower   1966< -.019   1962> -.019   1961> -.018   1960> -.012   1998> -.008   1984< -.006  Higher   2012  .024   2016  .011

====================================================================================================================================

 NIGL20    1960 to  2017      58 years                                                                                    Series   8

 [B] Entire series, effect on correlation (  .770) is:
       Lower   2004< -.021   1961> -.016   1979< -.016   1965< -.012   1962> -.011   1999> -.009  Higher   2012  .017   1960  .017

====================================================================================================================================

 NIGL21    1961 to  2017      57 years                                                                                    Series   9

 [B] Entire series, effect on correlation (  .775) is:
       Lower   1965< -.055   1981> -.022   1964< -.008   1976> -.006   1992< -.006   1962< -.006  Higher   2016  .012   1999  .010

====================================================================================================================================

 NIGL22    1960 to  2016      57 years                                                                                    Series  10

 [B] Entire series, effect on correlation (  .822) is:
       Lower   2002< -.016   2012> -.013   2001< -.012   1967< -.009   1961> -.009   1984< -.006  Higher   1994  .011   1990  .010

====================================================================================================================================

 NIGL23    1961 to  2017      57 years                                                                                    Series  11

 [B] Entire series, effect on correlation (  .816) is:
       Lower   1981< -.020   2009< -.014   2016> -.011   1965< -.008   1992< -.008   2006< -.007  Higher   2012  .013   1961  .011

====================================================================================================================================

 NIGL24    1961 to  2017      57 years                                                                                    Series  12

 [B] Entire series, effect on correlation (  .730) is:
       Lower   2012> -.029   1998< -.021   1999> -.019   2011< -.018   1976< -.009   1981> -.008  Higher   2016  .015   1990  .015

====================================================================================================================================

 NIGL25    1961 to  2013      53 years                                                                                    Series  13

 [B] Entire series, effect on correlation (  .804) is:
       Lower   1987> -.016   1979< -.015   1999> -.011   1965> -.011   1962< -.010   2001< -.007  Higher   2012  .016   1994  .015

====================================================================================================================================

 NIGL26    1960 to  2017      58 years                                                                                    Series  14

 [B] Entire series, effect on correlation (  .849) is:
       Lower   1999< -.013   2004> -.011   1996< -.011   1998> -.009   1991> -.008   1970< -.006  Higher   2012  .011   2010  .006

====================================================================================================================================

 NIGL27    1960 to  2017      58 years                                                                                    Series  15

 [B] Entire series, effect on correlation (  .744) is:
       Lower   1999< -.043   1962> -.021   1984< -.015   1983> -.009   2015< -.008   1991> -.007  Higher   2012  .026   1960  .010

====================================================================================================================================

 NIGL30    1960 to  2017      58 years                                                                                    Series  16

 [B] Entire series, effect on correlation (  .750) is:
       Lower   2012> -.041   1962> -.023   2001< -.016   1999> -.012   1974< -.010   2011< -.008  Higher   1994  .019   1960  .017

====================================================================================================================================

 NIGL32    1962 to  2009      48 years                                                                                    Series  17

 [B] Entire series, effect on correlation (  .593) is:
       Lower   2008> -.023   1980< -.023   1968> -.018   1963< -.018   1969< -.014   1964< -.013  Higher   1994  .035   2005  .026

====================================================================================================================================

 NIGL33    1962 to  2017      56 years                                                                                    Series  18

 [B] Entire series, effect on correlation (  .804) is:
       Lower   1962< -.044   1999> -.018   1981> -.017   1963< -.016   1976< -.008   1989< -.007  Higher   1994  .015   2012  .013

====================================================================================================================================

 NIGL34    1961 to  2006      46 years                                                                                    Series  19

 [B] Entire series, effect on correlation (  .793) is:
       Lower   1997< -.021   1998> -.020   1973< -.014   1975> -.010   2005> -.008   2006< -.006  Higher   1961  .014   1999  .014

====================================================================================================================================

 NIGL35    1961 to  2017      57 years                                                                                    Series  20

 [B] Entire series, effect on correlation (  .709) is:
       Lower   1962< -.041   2004< -.020   1999> -.014   1995> -.012   2005> -.011   1984< -.007  Higher   1961  .015   1983  .011

====================================================================================================================================

 NIGL36    1963 to  2017      55 years                                                                                    Series  21

 [B] Entire series, effect on correlation (  .653) is:
       Lower   1965> -.039   1996< -.029   1964< -.029   1974< -.018   1963< -.014   2004> -.012  Higher   1999  .026   1987  .025

====================================================================================================================================

 NIGL37    1961 to  2017      57 years                                                                                    Series  22

 [B] Entire series, effect on correlation (  .699) is:
       Lower   1998< -.028   1986> -.024   2016> -.020   1964< -.017   1999> -.014   1976> -.011  Higher   1961  .020   1987  .018

====================================================================================================================================

 NIGL38    1961 to  2017      57 years                                                                                    Series  23

 [B] Entire series, effect on correlation (  .809) is:
       Lower   2004< -.028   1975< -.016   1981> -.009   2005> -.008   1998< -.007   1994> -.006  Higher   2012  .018   1990  .009

====================================================================================================================================

 NIGL39    1959 to  2017      59 years                                                                                    Series  24

 [B] Entire series, effect on correlation (  .805) is:
       Lower   1986< -.026   1962> -.012   1999> -.009   2009< -.008   1961> -.005   1998< -.005  Higher   2012  .017   1987  .009

====================================================================================================================================

 NIGL40    1959 to  2017      59 years                                                                                    Series  25

 [B] Entire series, effect on correlation (  .611) is:
       Lower   1991< -.062   1962> -.035   1969< -.022   1967< -.019   1960> -.016   1981> -.013  Higher   1994  .031   2012  .019

 [E] Outliers     1   3.0 SD above or -4.5 SD below mean for year
       1962 +3.3 SD
====================================================================================================================================

 NIGL41    1959 to  2017      59 years                                                                                    Series  26

 [B] Entire series, effect on correlation (  .802) is:
       Lower   1963< -.032   1999> -.017   1959> -.012   1976< -.011   1965> -.011   1998< -.006  Higher   2012  .017   1994  .013

====================================================================================================================================

 NIGL43    1959 to  2017      59 years                                                                                    Series  27

 [B] Entire series, effect on correlation (  .798) is:
       Lower   1961> -.017   1996< -.015   1981> -.015   1999< -.011   1965> -.011   1968< -.005  Higher   2012  .013   1960  .009

====================================================================================================================================

 NIGL44    1959 to  2017      59 years                                                                                    Series  28

 [B] Entire series, effect on correlation (  .656) is:
       Lower   1963< -.087   1961> -.029   1960> -.012   1985< -.009   1998< -.008   2000< -.007  Higher   1994  .019   1990  .017

 [E] Outliers     2   3.0 SD above or -4.5 SD below mean for year
       1961 +3.1 SD;    1963 -5.5 SD
====================================================================================================================================

 NIGL46    1961 to  2017      57 years                                                                                    Series  29

 [B] Entire series, effect on correlation (  .644) is:
       Lower   1972< -.103   1977< -.020   1998> -.014   1962> -.013   1971< -.008   1991> -.007  Higher   1999  .021   1961  .021

 [E] Outliers     1   3.0 SD above or -4.5 SD below mean for year
       1972 -7.1 SD
====================================================================================================================================

 NIGL47    1960 to  2017      58 years                                                                                    Series  30

 [B] Entire series, effect on correlation (  .787) is:
       Lower   1987> -.020   1962> -.015   1998> -.014   1977< -.014   1996< -.013   1985> -.007  Higher   1960  .015   1999  .011

====================================================================================================================================

 NIGL48    1961 to  2010      50 years                                                                                    Series  31

 [B] Entire series, effect on correlation (  .708) is:
       Lower   1998> -.015   1962> -.013   1991> -.010   1986> -.009   2003< -.009   1995> -.008  Higher   1999  .017   1994  .016

====================================================================================================================================

 NIGL49    1960 to  2017      58 years                                                                                    Series  32

 [B] Entire series, effect on correlation (  .769) is:
       Lower   1991> -.027   1968< -.014   1992< -.013   1994> -.010   1962> -.010   1981> -.010  Higher   1961  .012   1999  .010

====================================================================================================================================

 NIGL50    1961 to  2017      57 years                                                                                    Series  33

 [B] Entire series, effect on correlation (  .861) is:
       Lower   1963< -.009   1999> -.007   1965> -.005   2014> -.005   2008< -.004   1976> -.004  Higher   2012  .011   1994  .008

====================================================================================================================================

 NIGL51    1962 to  2017      56 years                                                                                    Series  34

 [B] Entire series, effect on correlation (  .727) is:
       Lower   1994> -.036   2004< -.019   1965< -.013   1963< -.009   1985< -.008   2008> -.006  Higher   2012  .018   1987  .015

====================================================================================================================================

 NIGL52    1959 to  2017      59 years                                                                                    Series  35

 [B] Entire series, effect on correlation (  .804) is:
       Lower   1999> -.023   1976< -.022   1998< -.020   1972> -.009   1959> -.007   1960> -.006  Higher   2012  .017   1994  .013

====================================================================================================================================

 NIGL53    1962 to  2013      52 years                                                                                    Series  36

 [B] Entire series, effect on correlation (  .787) is:
       Lower   1962< -.042   1974> -.017   2013< -.011   1998> -.008   1963< -.005   1976> -.005  Higher   1994  .019   1987  .014

====================================================================================================================================

 NIGL55    1961 to  2015      55 years                                                                                    Series  37

 [B] Entire series, effect on correlation (  .702) is:
       Lower   2012> -.079   1967< -.019   1987> -.011   2002< -.007   2007> -.007   2006< -.007  Higher   1994  .029   1981  .017

====================================================================================================================================

 NIGL56    1959 to  2017      59 years                                                                                    Series  38

 [B] Entire series, effect on correlation (  .703) is:
       Lower   1969< -.027   2011< -.021   1961> -.019   1962> -.012   2014< -.010   1986> -.009  Higher   2016  .014   1978  .011

====================================================================================================================================

 NIGL57    1960 to  2017      58 years                                                                                    Series  39

 [B] Entire series, effect on correlation (  .863) is:
       Lower   1972> -.014   1964< -.013   2014> -.007   1968> -.005   2016> -.005   1983> -.004  Higher   1994  .008   1987  .007

====================================================================================================================================

 [*] All segments correlate highest as dated with correlation with master series over   .3281
PART 7:  DESCRIPTIVE STATISTICS:                                                                   18:57  Tue 22 Feb 2022  Page   6
------------------------------------------------------------------------------------------------------------------------------------

                                                Corr   //-------- Unfiltered --------\\  //---- Filtered -----\\
                           No.    No.    No.    with   Mean   Max     Std   Auto   Mean   Max     Std   Auto  AR
 Seq Series   Interval   Years  Segmt  Flags   Master  msmt   msmt    dev   corr   sens  value    dev   corr  ()
 --- -------- ---------  -----  -----  -----   ------ -----  -----  -----  -----  -----  -----  -----  -----  --
   1 NIGL08   1960 2017     58      2      0    .840   1.55   3.51   .911   .832   .377   2.51   .585  -.025   3
   2 NIGL10   1960 2017     58      2      0    .782    .99   3.33   .912   .853   .504   2.76   .592   .003   1
   3 NIGL12   1962 2017     56      2      0    .744   1.31   4.46  1.410   .922   .492   2.61   .506  -.111   1
   4 NIGL13   1960 2017     58      2      0    .791   1.11   3.84   .999   .901   .513   2.53   .486  -.145   2
   5 NIGL14   1960 2015     56      2      0    .624   1.24   5.04  1.130   .821   .488   2.66   .674   .026   2
   6 NIGL18   1960 2017     58      2      0    .784   1.06   3.51  1.038   .933   .487   2.53   .502  -.027   1
   7 NIGL19   1959 2017     59      2      0    .754   1.19   4.52  1.170   .881   .571   2.67   .649  -.103   1
   8 NIGL20   1960 2017     58      2      0    .770   1.26   4.92  1.392   .923   .455   2.69   .587  -.042   1
   9 NIGL21   1961 2017     57      2      0    .775   1.54   3.87  1.119   .776   .559   2.55   .506  -.004   4
  10 NIGL22   1960 2016     57      2      0    .822   1.28   5.01  1.399   .924   .522   2.84   .575  -.001   2
  11 NIGL23   1961 2017     57      2      0    .816   1.48   3.85  1.025   .806   .474   2.62   .521   .001   1
  12 NIGL24   1961 2017     57      2      0    .730   1.34   4.22  1.174   .881   .460   2.75   .520  -.080   2
  13 NIGL25   1961 2013     53      2      0    .804   1.37   4.41  1.273   .914   .521   2.64   .548   .159   2
  14 NIGL26   1960 2017     58      2      0    .849   1.35   3.73  1.090   .892   .516   2.69   .560  -.077   1
  15 NIGL27   1960 2017     58      2      0    .744   1.58   5.85  1.438   .894   .442   2.54   .432  -.120   3
  16 NIGL30   1960 2017     58      2      0    .750   1.56   4.54  1.420   .890   .602   2.85   .636  -.121   2
  17 NIGL32   1962 2009     48      1      0    .593   1.08   3.48  1.115   .920   .448   2.73   .571   .001   1
  18 NIGL33   1962 2017     56      2      0    .804   1.44   4.50  1.223   .882   .514   2.69   .531  -.025   3
  19 NIGL34   1961 2006     46      1      0    .793    .96   3.05   .713   .764   .487   2.71   .552  -.024   1
  20 NIGL35   1961 2017     57      2      0    .709   1.58   4.20  1.275   .904   .461   2.57   .508   .147   2
  21 NIGL36   1963 2017     55      2      0    .653   1.03   3.04   .927   .784   .680   2.89   .666   .044   1
  22 NIGL37   1961 2017     57      2      0    .699   1.31   3.35   .923   .796   .496   2.87   .697   .026   2
  23 NIGL38   1961 2017     57      2      0    .809   1.33   5.82  1.409   .888   .550   2.67   .557   .024   3
  24 NIGL39   1959 2017     59      2      0    .805   1.52   6.32  1.423   .867   .508   2.70   .567   .104   5
  25 NIGL40   1959 2017     59      2      0    .611   1.39   5.27  1.051   .760   .457   2.63   .506  -.140   2
  26 NIGL41   1959 2017     59      2      0    .802   1.84   6.86  1.661   .831   .469   3.04   .790  -.017   2
  27 NIGL43   1959 2017     59      2      0    .798   1.43   4.65  1.033   .781   .439   2.77   .544  -.121   3
  28 NIGL44   1959 2017     59      2      0    .656   1.87   5.40  1.302   .796   .377   2.93   .651  -.108   2
  29 NIGL46   1961 2017     57      2      0    .644   1.52   8.32  1.518   .820   .458   2.88   .492  -.054   1
  30 NIGL47   1960 2017     58      2      0    .787   1.40   4.84  1.289   .844   .531   2.78   .690  -.148   2
  31 NIGL48   1961 2010     50      1      0    .708    .92   3.41   .963   .914   .495   2.50   .475  -.087   1
  32 NIGL49   1960 2017     58      2      0    .769   1.96   7.95  2.057   .897   .555   2.62   .479  -.089   2
  33 NIGL50   1961 2017     57      2      0    .861   1.66   4.97  1.179   .827   .504   2.61   .571  -.047   3
  34 NIGL51   1962 2017     56      2      0    .727   1.01   3.95  1.132   .915   .565   2.70   .638  -.023   1
  35 NIGL52   1959 2017     59      2      0    .804   1.73   5.27  1.460   .791   .497   2.89   .672  -.060   2
  36 NIGL53   1962 2013     52      2      0    .787   1.26   3.23  1.029   .892   .528   2.54   .540   .059   1
  37 NIGL55   1961 2015     55      2      0    .702   1.38   5.16  1.262   .842   .502   2.79   .629  -.133   2
  38 NIGL56   1959 2017     59      2      0    .703   1.04   3.42  1.032   .906   .575   2.76   .605  -.113   2
  39 NIGL57   1960 2017     58      2      0    .863   1.39   4.42  1.147   .905   .480   2.71   .551   .007   3
 --- -------- ---------  -----  -----  -----   ------ -----  -----  -----  -----  -----  -----  -----  -----  --
 Total or mean:           2206     75      0    .756   1.37   8.32  1.210   .861   .501   3.04   .574  -.038

                                              - = [  COFECHA CORESCOF  ] = -
