[]  Dendrochronology Program Library                                        Run CORES  Program COF  18:58  Tue 22 Feb 2022  Page   1
[]
[]  P R O G R A M      C O F E C H A                                                                          Version 6.06P    31831
------------------------------------------------------------------------------------------------------------------------------------

 QUALITY CONTROL AND DATING CHECK OF TREE-RING MEASUREMENTS

 File of DATED series:   2-PINI_LOW_cores.rwl

 CONTENTS:

    Part 1:  Title page, options selected, summary, absent rings by series
    Part 2:  Histogram of time spans
    Part 3:  Master series with sample depth and absent rings by year
    Part 4:  Bar plot of Master Dating Series
    Part 5:  Correlation by segment of each series with Master
    Part 6:  Potential problems: low correlation, divergent year-to-year changes, absent rings, outliers
    Part 7:  Descriptive statistics

 RUN CONTROL OPTIONS SELECTED                             VALUE

         1  Cubic smoothing spline 50% wavelength cutoff for filtering
                                                            32 years
         2  Segments examined are                           50 years lagged successively by  25 years
         3  Autoregressive model applied                     A  Residuals are used in master dating series and testing
         4  Series transformed to logarithms                 Y  Each series log-transformed for master dating series and testing
         5  CORRELATION is Pearson (parametric, quantitative)
            Critical correlation, 99% confidence level   .3281
         6  Master dating series saved                       N
         7  Ring measurements listed                         N
         8  Parts printed                              1234567 
         9  Absent rings are omitted from master series and segment correlations  (Y)

 Time span of Master dating series is  1959 to  2017    59 years
 Continuous time span is               1959 to  2017    59 years
 Portion with two or more series is    1959 to  2017    59 years


                                        ****************************************
                                        *C* Number of dated series        78 *C*
                                        *O* Master series 1959 2017   59 yrs *O*
                                        *F* Total rings in all series   4371 *F*
                                        *E* Total dated rings checked   4371 *E*
                                        *C* Series intercorrelation     .721 *C*
                                        *H* Average mean sensitivity    .517 *H*
                                        *A* Segments, possible problems    1 *A*
                                        *** Mean length of series       56.0 ***
                                        ****************************************

 ABSENT RINGS listed by SERIES:            (See Master Dating Series for absent rings listed by year)

               No ring measurements of zero value
PART 2:  TIME PLOT OF TREE-RING SERIES:                                                            18:58  Tue 22 Feb 2022  Page   2
------------------------------------------------------------------------------------------------------------------------------------
 1050 1100 1150 1200 1250 1300 1350 1400 1450 1500 1550 1600 1650 1700 1750 1800 1850 1900 1950 2000 2050 Ident   Seq Time-span  Yrs
   :    :    :    :    :    :    :    :    :    :    :    :    :    :    :    :    :    :    :    :    : -------- --- ---- ---- ----
   .    .    .    .    .    .    .    .    .    .    .    .    .    .    .    .    .    .    .<====>   . NIGL08A    1 1960 2017   58
   .    .    .    .    .    .    .    .    .    .    .    .    .    .    .    .    .    .    .<====>   . NIGL08B    2 1960 2017   58
   .    .    .    .    .    .    .    .    .    .    .    .    .    .    .    .    .    .    .<====>   . NIGL10A    3 1960 2017   58
   .    .    .    .    .    .    .    .    .    .    .    .    .    .    .    .    .    .    .<====>   . NIGL10B    4 1960 2017   58
   .    .    .    .    .    .    .    .    .    .    .    .    .    .    .    .    .    .    .<====>   . NIGL12A    5 1962 2017   56
   .    .    .    .    .    .    .    .    .    .    .    .    .    .    .    .    .    .    .<====>   . NIGL12B    6 1962 2017   56
   .    .    .    .    .    .    .    .    .    .    .    .    .    .    .    .    .    .    .<====>   . NIGL13A    7 1960 2017   58
   .    .    .    .    .    .    .    .    .    .    .    .    .    .    .    .    .    .    .<====>   . NIGL13B    8 1960 2017   58
   .    .    .    .    .    .    .    .    .    .    .    .    .    .    .    .    .    .    .<====>   . NIGL14A    9 1960 2015   56
   .    .    .    .    .    .    .    .    .    .    .    .    .    .    .    .    .    .    .<====>   . NIGL14B   10 1960 2015   56
   .    .    .    .    .    .    .    .    .    .    .    .    .    .    .    .    .    .    .<====>   . NIGL18A   11 1960 2017   58
   .    .    .    .    .    .    .    .    .    .    .    .    .    .    .    .    .    .    .<====>   . NIGL18B   12 1960 2014   55
   .    .    .    .    .    .    .    .    .    .    .    .    .    .    .    .    .    .    <=====>   . NIGL19A   13 1959 2017   59
   .    .    .    .    .    .    .    .    .    .    .    .    .    .    .    .    .    .    <=====>   . NIGL19B   14 1959 2017   59
   .    .    .    .    .    .    .    .    .    .    .    .    .    .    .    .    .    .    .<====>   . NIGL20A   15 1960 2017   58
   .    .    .    .    .    .    .    .    .    .    .    .    .    .    .    .    .    .    .<====>   . NIGL20B   16 1960 2015   56
   .    .    .    .    .    .    .    .    .    .    .    .    .    .    .    .    .    .    .<====>   . NIGL21A   17 1961 2017   57
   .    .    .    .    .    .    .    .    .    .    .    .    .    .    .    .    .    .    .<====>   . NIGL21B   18 1961 2017   57
   .    .    .    .    .    .    .    .    .    .    .    .    .    .    .    .    .    .    .<====>   . NIGL22A   19 1960 2015   56
   .    .    .    .    .    .    .    .    .    .    .    .    .    .    .    .    .    .    .<====>   . NIGL22B   20 1960 2016   57
   .    .    .    .    .    .    .    .    .    .    .    .    .    .    .    .    .    .    .<====>   . NIGL23A   21 1961 2017   57
   .    .    .    .    .    .    .    .    .    .    .    .    .    .    .    .    .    .    .<====>   . NIGL23B   22 1961 2017   57
   .    .    .    .    .    .    .    .    .    .    .    .    .    .    .    .    .    .    .<====>   . NIGL24A   23 1961 2017   57
   .    .    .    .    .    .    .    .    .    .    .    .    .    .    .    .    .    .    .<====>   . NIGL24B   24 1961 2017   57
   .    .    .    .    .    .    .    .    .    .    .    .    .    .    .    .    .    .    .<====>   . NIGL25A   25 1961 2013   53
   .    .    .    .    .    .    .    .    .    .    .    .    .    .    .    .    .    .    .<====>   . NIGL25B   26 1961 2013   53
   .    .    .    .    .    .    .    .    .    .    .    .    .    .    .    .    .    .    .<====>   . NIGL26A   27 1960 2017   58
   .    .    .    .    .    .    .    .    .    .    .    .    .    .    .    .    .    .    .<====>   . NIGL26B   28 1960 2017   58
   .    .    .    .    .    .    .    .    .    .    .    .    .    .    .    .    .    .    .<====>   . NIGL27A   29 1960 2017   58
   .    .    .    .    .    .    .    .    .    .    .    .    .    .    .    .    .    .    .<====>   . NIGL27B   30 1960 2017   58
   .    .    .    .    .    .    .    .    .    .    .    .    .    .    .    .    .    .    .<====>   . NIGL30A   31 1961 2017   57
   .    .    .    .    .    .    .    .    .    .    .    .    .    .    .    .    .    .    .<====>   . NIGL30B   32 1960 2017   58
   .    .    .    .    .    .    .    .    .    .    .    .    .    .    .    .    .    .    .<===>    . NIGL32A   33 1962 2008   47
   .    .    .    .    .    .    .    .    .    .    .    .    .    .    .    .    .    .    .<===>    . NIGL32B   34 1962 2009   48
   .    .    .    .    .    .    .    .    .    .    .    .    .    .    .    .    .    .    .<====>   . NIGL33A   35 1962 2017   56
   .    .    .    .    .    .    .    .    .    .    .    .    .    .    .    .    .    .    .<====>   . NIGL33B   36 1962 2017   56
   .    .    .    .    .    .    .    .    .    .    .    .    .    .    .    .    .    .    .<===>    . NIGL34A   37 1961 2006   46
   .    .    .    .    .    .    .    .    .    .    .    .    .    .    .    .    .    .    .<===>    . NIGL34B   38 1961 2006   46
   .    .    .    .    .    .    .    .    .    .    .    .    .    .    .    .    .    .    .<====>   . NIGL35A   39 1961 2017   57
   .    .    .    .    .    .    .    .    .    .    .    .    .    .    .    .    .    .    .<====>   . NIGL35B   40 1961 2017   57
   .    .    .    .    .    .    .    .    .    .    .    .    .    .    .    .    .    .    .<====>   . NIGL36A   41 1963 2017   55
   .    .    .    .    .    .    .    .    .    .    .    .    .    .    .    .    .    .    .<====>   . NIGL36B   42 1963 2017   55
   .    .    .    .    .    .    .    .    .    .    .    .    .    .    .    .    .    .    .<====>   . NIGL37A   43 1961 2015   55
   .    .    .    .    .    .    .    .    .    .    .    .    .    .    .    .    .    .    .<====>   . NIGL37B   44 1961 2017   57
   .    .    .    .    .    .    .    .    .    .    .    .    .    .    .    .    .    .    .<====>   . NIGL38A   45 1961 2017   57
   .    .    .    .    .    .    .    .    .    .    .    .    .    .    .    .    .    .    .<====>   . NIGL38B   46 1961 2017   57
   .    .    .    .    .    .    .    .    .    .    .    .    .    .    .    .    .    .    <=====>   . NIGL39A   47 1959 2017   59
   .    .    .    .    .    .    .    .    .    .    .    .    .    .    .    .    .    .    .<====>   . NIGL39B   48 1960 2017   58
   .    .    .    .    .    .    .    .    .    .    .    .    .    .    .    .    .    .    <=====>   . NIGL40A   49 1959 2017   59
   .    .    .    .    .    .    .    .    .    .    .    .    .    .    .    .    .    .    <=====>   . NIGL40B   50 1959 2017   59
   :    :    :    :    :    :    :    :    :    :    :    :    :    :    :    :    :    :    :    :    :
 1050 1100 1150 1200 1250 1300 1350 1400 1450 1500 1550 1600 1650 1700 1750 1800 1850 1900 1950 2000 2050
PART 2:  TIME PLOT OF TREE-RING SERIES:                                                            18:58  Tue 22 Feb 2022  Page   3
------------------------------------------------------------------------------------------------------------------------------------
 1050 1100 1150 1200 1250 1300 1350 1400 1450 1500 1550 1600 1650 1700 1750 1800 1850 1900 1950 2000 2050 Ident   Seq Time-span  Yrs
   :    :    :    :    :    :    :    :    :    :    :    :    :    :    :    :    :    :    :    :    : -------- --- ---- ---- ----
   .    .    .    .    .    .    .    .    .    .    .    .    .    .    .    .    .    .    <=====>   . NIGL41A   51 1959 2017   59
   .    .    .    .    .    .    .    .    .    .    .    .    .    .    .    .    .    .    <=====>   . NIGL41B   52 1959 2017   59
   .    .    .    .    .    .    .    .    .    .    .    .    .    .    .    .    .    .    <=====>   . NIGL43A   53 1959 2017   59
   .    .    .    .    .    .    .    .    .    .    .    .    .    .    .    .    .    .    .<====>   . NIGL43B   54 1961 2017   57
   .    .    .    .    .    .    .    .    .    .    .    .    .    .    .    .    .    .    <=====>   . NIGL44A   55 1959 2017   59
   .    .    .    .    .    .    .    .    .    .    .    .    .    .    .    .    .    .    <=====>   . NIGL44B   56 1959 2017   59
   .    .    .    .    .    .    .    .    .    .    .    .    .    .    .    .    .    .    .<====>   . NIGL46A   57 1961 2017   57
   .    .    .    .    .    .    .    .    .    .    .    .    .    .    .    .    .    .    .<====>   . NIGL46B   58 1961 2017   57
   .    .    .    .    .    .    .    .    .    .    .    .    .    .    .    .    .    .    .<====>   . NIGL47A   59 1960 2017   58
   .    .    .    .    .    .    .    .    .    .    .    .    .    .    .    .    .    .    .<====>   . NIGL47B   60 1960 2013   54
   .    .    .    .    .    .    .    .    .    .    .    .    .    .    .    .    .    .    .<====>   . NIGL48A   61 1961 2010   50
   .    .    .    .    .    .    .    .    .    .    .    .    .    .    .    .    .    .    .<===>    . NIGL48B   62 1961 2006   46
   .    .    .    .    .    .    .    .    .    .    .    .    .    .    .    .    .    .    .<====>   . NIGL49A   63 1960 2015   56
   .    .    .    .    .    .    .    .    .    .    .    .    .    .    .    .    .    .    .<====>   . NIGL49B   64 1960 2017   58
   .    .    .    .    .    .    .    .    .    .    .    .    .    .    .    .    .    .    .<====>   . NIGL50A   65 1961 2017   57
   .    .    .    .    .    .    .    .    .    .    .    .    .    .    .    .    .    .    .<====>   . NIGL50B   66 1961 2017   57
   .    .    .    .    .    .    .    .    .    .    .    .    .    .    .    .    .    .    .<====>   . NIGL51A   67 1962 2017   56
   .    .    .    .    .    .    .    .    .    .    .    .    .    .    .    .    .    .    .<===>    . NIGL51B   68 1962 2009   48
   .    .    .    .    .    .    .    .    .    .    .    .    .    .    .    .    .    .    <=====>   . NIGL52A   69 1959 2017   59
   .    .    .    .    .    .    .    .    .    .    .    .    .    .    .    .    .    .    .<====>   . NIGL52B   70 1964 2017   54
   .    .    .    .    .    .    .    .    .    .    .    .    .    .    .    .    .    .    .<====>   . NIGL53A   71 1962 2013   52
   .    .    .    .    .    .    .    .    .    .    .    .    .    .    .    .    .    .    .<====>   . NIGL53B   72 1962 2013   52
   .    .    .    .    .    .    .    .    .    .    .    .    .    .    .    .    .    .    .<====>   . NIGL55A   73 1961 2013   53
   .    .    .    .    .    .    .    .    .    .    .    .    .    .    .    .    .    .    .<====>   . NIGL55B   74 1961 2015   55
   .    .    .    .    .    .    .    .    .    .    .    .    .    .    .    .    .    .    <=====>   . NIGL56A   75 1959 2015   57
   .    .    .    .    .    .    .    .    .    .    .    .    .    .    .    .    .    .    .<====>   . NIGL56B   76 1960 2017   58
   .    .    .    .    .    .    .    .    .    .    .    .    .    .    .    .    .    .    .<====>   . NIGL57A   77 1960 2017   58
   .    .    .    .    .    .    .    .    .    .    .    .    .    .    .    .    .    .    .<====>   . NIGL57B   78 1960 2017   58
   :    :    :    :    :    :    :    :    :    :    :    :    :    :    :    :    :    :    :    :    :
 1050 1100 1150 1200 1250 1300 1350 1400 1450 1500 1550 1600 1650 1700 1750 1800 1850 1900 1950 2000 2050
PART 3:  Master Dating Series:                                                                     18:58  Tue 22 Feb 2022  Page   4
------------------------------------------------------------------------------------------------------------------------------------
  Year  Value  No Ab    Year  Value  No Ab    Year  Value  No Ab    Year  Value  No Ab    Year  Value  No Ab    Year  Value  No Ab
  ------------------    ------------------    ------------------    ------------------    ------------------    ------------------
                        2000   .509  78
                        2001   .728  78
                        2002   .431  78
                        2003   .925  78
                        2004   .221  78
                        2005 -1.400  78
                        2006  -.088  78
                        2007  -.305  75
                        2008 -1.049  75
  1959 -1.232  12       2009   .891  74

  1960 -1.637  39       2010  1.725  72
  1961 -1.644  65       2011  1.763  71
  1962  -.975  75       2012  -.872  71
  1963   .528  77       2013   .298  71
  1964   .974  78       2014  -.660  65
  1965  -.534  78       2015   .474  64
  1966   .790  78       2016  -.956  56
  1967   .700  78       2017   .767  55
  1968   .018  78
  1969   .923  78

  1970   .593  78
  1971   .920  78
  1972   .130  78
  1973   .072  78
  1974  -.084  78
  1975  -.267  78
  1976  -.264  78
  1977   .440  78
  1978  1.505  78
  1979  1.318  78

  1980   .427  78
  1981 -1.865  78
  1982  -.841  78
  1983 -1.431  78
  1984   .110  78
  1985   .374  78
  1986  -.775  78
  1987 -2.398  78
  1988  -.979  78
  1989   .349  78

  1990  1.763  78
  1991   .668  78
  1992   .258  78
  1993   .466  78
  1994 -1.548  78
  1995 -1.455  78
  1996   .588  78
  1997  1.354  78
  1998   .714  78
  1999 -1.458  78
------------------------------------------------------------------------------------------------------------------------------------
PART 4:  Master Bar Plot:                                                                          18:58  Tue 22 Feb 2022  Page   5
------------------------------------------------------------------------------------------------------------------------------------
   Year Rel value  Year Rel value  Year Rel value  Year Rel value  Year Rel value  Year Rel value  Year Rel value  Year Rel value
                   2000------B
                   2001--------C
                   2002------B
                   2003---------D
                   2004-----A
                   2005-f
                   2006----@
                   2007---a
                   2008--d
   1959-e          2009---------D
   1960g           2010----------G
   1961g           2011----------G
   1962--d         2012--c
   1963-------B    2013-----A
   1964---------D  2014--c
   1965---b        2015------B
   1966--------C   2016--d
   1967--------C   2017--------C
   1968----@
   1969---------D
   1970-------B
   1971---------D
   1972----A
   1973----@
   1974----@
   1975---a
   1976---a
   1977------B
   1978----------F
   1979---------E
   1980------B
   1981g
   1982--c
   1983-f
   1984----@
   1985------A
   1986--c
   1987j
   1988--d
   1989-----A
   1990----------G
   1991-------C
   1992-----A
   1993------B
   1994f
   1995-f
   1996-------B
   1997----------E
   1998--------C
   1999-f
PART 5:  CORRELATION OF SERIES BY SEGMENTS:                                                        18:58  Tue 22 Feb 2022  Page   5
------------------------------------------------------------------------------------------------------------------------------------
 Correlations of  50-year dated segments, lagged  25 years
 Flags:  A = correlation under   .3281 but highest as dated;  B = correlation higher at other than dated position

 Seq Series  Time_span   1950 1975
                         1999 2024
 --- -------- ---------  ---- ---- ---- ---- ---- ---- ---- ---- ---- ---- ---- ---- ---- ---- ---- ---- ---- ---- ---- ----
   1 NIGL08A  1960 2017   .76  .76
   2 NIGL08B  1960 2017   .76  .82
   3 NIGL10A  1960 2017   .66  .71
   4 NIGL10B  1960 2017   .78  .77
   5 NIGL12A  1962 2017   .69  .80
   6 NIGL12B  1962 2017   .72  .79
   7 NIGL13A  1960 2017   .65  .71
   8 NIGL13B  1960 2017   .73  .80
   9 NIGL14A  1960 2015   .63  .36B
  10 NIGL14B  1960 2015   .55  .60
  11 NIGL18A  1960 2017   .78  .83
  12 NIGL18B  1960 2014   .62  .67
  13 NIGL19A  1959 2017   .70  .84
  14 NIGL19B  1959 2017   .71  .81
  15 NIGL20A  1960 2017   .75  .79
  16 NIGL20B  1960 2015   .71  .76
  17 NIGL21A  1961 2017   .71  .82
  18 NIGL21B  1961 2017   .76  .83
  19 NIGL22A  1960 2015   .70  .70
  20 NIGL22B  1960 2016   .78  .80
  21 NIGL23A  1961 2017   .75  .73
  22 NIGL23B  1961 2017   .83  .84
  23 NIGL24A  1961 2017   .73  .66
  24 NIGL24B  1961 2017   .74  .74
  25 NIGL25A  1961 2013   .75  .77
  26 NIGL25B  1961 2013   .74  .77
  27 NIGL26A  1960 2017   .79  .78
  28 NIGL26B  1960 2017   .82  .84
  29 NIGL27A  1960 2017   .68  .73
  30 NIGL27B  1960 2017   .73  .74
  31 NIGL30A  1961 2017   .72  .71
  32 NIGL30B  1960 2017   .79  .81
  33 NIGL32A  1962 2008   .52
  34 NIGL32B  1962 2009   .50
  35 NIGL33A  1962 2017   .70  .76
  36 NIGL33B  1962 2017   .77  .85
  37 NIGL34A  1961 2006   .78
  38 NIGL34B  1961 2006   .76
  39 NIGL35A  1961 2017   .69  .74
  40 NIGL35B  1961 2017   .71  .73
  41 NIGL36A  1963 2017   .69  .77
  42 NIGL36B  1963 2017   .57  .70
  43 NIGL37A  1961 2015   .66  .63
  44 NIGL37B  1961 2017   .73  .77
  45 NIGL38A  1961 2017   .75  .76
  46 NIGL38B  1961 2017   .71  .73
  47 NIGL39A  1959 2017   .82  .87
  48 NIGL39B  1960 2017   .65  .70
  49 NIGL40A  1959 2017   .48  .67
  50 NIGL40B  1959 2017   .58  .73
  51 NIGL41A  1959 2017   .78  .85
  52 NIGL41B  1959 2017   .64  .77
  53 NIGL43A  1959 2017   .73  .78
  54 NIGL43B  1961 2017   .68  .73
  55 NIGL44A  1959 2017   .52  .79
  56 NIGL44B  1959 2017   .62  .73
  57 NIGL46A  1961 2017   .64  .68
  58 NIGL46B  1961 2017   .63  .65
  59 NIGL47A  1960 2017   .64  .66
  60 NIGL47B  1960 2013   .70  .72
  61 NIGL48A  1961 2010   .71
  62 NIGL48B  1961 2006   .68
  63 NIGL49A  1960 2015   .67  .70
  64 NIGL49B  1960 2017   .53  .59
  65 NIGL50A  1961 2017   .78  .81
  66 NIGL50B  1961 2017   .85  .88
  67 NIGL51A  1962 2017   .70  .72
  68 NIGL51B  1962 2009   .67
  69 NIGL52A  1959 2017   .60  .66
  70 NIGL52B  1964 2017   .80  .83
  71 NIGL53A  1962 2013   .82  .85
  72 NIGL53B  1962 2013   .76  .79
  73 NIGL55A  1961 2013   .70  .63
  74 NIGL55B  1961 2015   .71  .58
  75 NIGL56A  1959 2015   .53  .55
  76 NIGL56B  1960 2017   .72  .75
  77 NIGL57A  1960 2017   .86  .85
  78 NIGL57B  1960 2017   .81  .87
 Av segment correlation   .70  .74
PART 6:  POTENTIAL PROBLEMS:                                                                       18:58  Tue 22 Feb 2022  Page   6
------------------------------------------------------------------------------------------------------------------------------------

 For each series with potential problems the following diagnostics may appear:

 [A] Correlations with master dating series of flagged  50-year segments of series filtered with  32-year spline,
     at every point from ten years earlier (-10) to ten years later (+10) than dated

 [B] Effect of those data values which most lower or raise correlation with master series
     Symbol following year indicates value in series is greater (>) or lesser (<) than master series value

 [C] Year-to-year changes very different from the mean change in other series

 [D] Absent rings (zero values)

 [E] Values which are statistical outliers from mean for the year
====================================================================================================================================

 NIGL08A   1960 to  2017      58 years                                                                                    Series   1

 [B] Entire series, effect on correlation (  .781) is:
       Lower   1976< -.058   1997< -.011   1981> -.011   1970< -.008   1973< -.006   1990< -.005  Higher   1994  .016   1961  .012

====================================================================================================================================

 NIGL08B   1960 to  2017      58 years                                                                                    Series   2

 [B] Entire series, effect on correlation (  .808) is:
       Lower   1965> -.016   1976> -.011   1997< -.008   1982< -.008   1986> -.008   1987< -.006  Higher   2012  .017   1994  .013

====================================================================================================================================

 NIGL10A   1960 to  2017      58 years                                                                                    Series   3

 [B] Entire series, effect on correlation (  .707) is:
       Lower   1970< -.058   1961> -.019   1983> -.012   1965> -.009   1968> -.008   1969< -.007  Higher   1981  .015   1987  .014

====================================================================================================================================

 NIGL10B   1960 to  2017      58 years                                                                                    Series   4

 [B] Entire series, effect on correlation (  .775) is:
       Lower   2017< -.020   1997< -.012   1970< -.010   1996< -.008   1991> -.007   2014> -.007  Higher   2012  .012   1994  .010

====================================================================================================================================

 NIGL12A   1962 to  2017      56 years                                                                                    Series   5

 [B] Entire series, effect on correlation (  .735) is:
       Lower   1962< -.058   1997< -.010   1998> -.010   1985< -.008   1999> -.007   2008> -.007  Higher   2012  .030   1994  .016

 [E] Outliers     1   3.0 SD above or -4.5 SD below mean for year
       1962 -5.1 SD
====================================================================================================================================

 NIGL12B   1962 to  2017      56 years                                                                                    Series   6

 [B] Entire series, effect on correlation (  .759) is:
       Lower   1966< -.017   2008> -.017   1962< -.015   1997< -.010   1998> -.009   2007> -.008  Higher   2012  .019   1994  .011

====================================================================================================================================

 NIGL13A   1960 to  2017      58 years                                                                                    Series   7

 [B] Entire series, effect on correlation (  .705) is:
       Lower   1961> -.033   1968< -.030   1970< -.029   1998< -.012   1976> -.010   1986> -.007  Higher   2012  .022   1987  .016

====================================================================================================================================

 NIGL13B   1960 to  2017      58 years                                                                                    Series   8

 [B] Entire series, effect on correlation (  .751) is:
       Lower   2012< -.022   1965> -.019   1961> -.015   1969< -.012   1962> -.008   2003< -.007  Higher   1994  .013   1978  .010

====================================================================================================================================

 NIGL14A   1960 to  2015      56 years                                                                                    Series   9

 [A] Segment   High   -10   -9   -8   -7   -6   -5   -4   -3   -2   -1   +0   +1   +2   +3   +4   +5   +6   +7   +8   +9  +10
    ---------  ----   ---  ---  ---  ---  ---  ---  ---  ---  ---  ---  ---  ---  ---  ---  ---  ---  ---  ---  ---  ---  ---
    1966 2015    1      -    -    - -.05  .13 -.03  .03  .13 -.12 -.14  .36| .38*-.33    -    -    -    -    -    -    -    -

 [B] Entire series, effect on correlation (  .389) is:
       Lower   2011< -.185   2012> -.059   1981> -.025   1962> -.016   1966< -.013   1973< -.009  Higher   1994  .032   1960  .025
     1966 to 2015 segment:
       Lower   2011< -.195   2012> -.071   1981> -.031   1966< -.013   1973< -.007   2014> -.007  Higher   1994  .040   2008  .028

====================================================================================================================================

 NIGL14B   1960 to  2015      56 years                                                                                    Series  10

 [B] Entire series, effect on correlation (  .587) is:
       Lower   2002< -.087   1962> -.024   1981> -.022   1997< -.013   1961> -.012   1971< -.011  Higher   1990  .023   1994  .021

====================================================================================================================================

 NIGL18A   1960 to  2017      58 years                                                                                    Series  11

 [B] Entire series, effect on correlation (  .825) is:
       Lower   1981> -.022   1983> -.008   1996< -.008   1964< -.008   1961> -.007   2004< -.006  Higher   1994  .009   1999  .008

====================================================================================================================================

 NIGL18B   1960 to  2014      55 years                                                                                    Series  12

 [B] Entire series, effect on correlation (  .611) is:
       Lower   2008> -.038   1962> -.035   2002< -.029   1963< -.029   1961> -.020   2011< -.014  Higher   1960  .031   1999  .029

====================================================================================================================================

 NIGL19A   1959 to  2017      59 years                                                                                    Series  13

 [B] Entire series, effect on correlation (  .748) is:
       Lower   1966< -.027   1962> -.021   1961> -.015   1960> -.011   1965> -.011   1973< -.008  Higher   2012  .022   1999  .014

====================================================================================================================================

 NIGL19B   1959 to  2017      59 years                                                                                    Series  14

 [B] Entire series, effect on correlation (  .755) is:
       Lower   1961> -.022   1962> -.015   1966< -.010   1998> -.010   1972< -.010   2004> -.007  Higher   2012  .022   1999  .010

====================================================================================================================================

 NIGL20A   1960 to  2017      58 years                                                                                    Series  15

 [B] Entire series, effect on correlation (  .781) is:
       Lower   1961> -.020   2004< -.020   1979< -.019   1962> -.009   1998< -.008   1974> -.008  Higher   1990  .012   2012  .010

====================================================================================================================================

 NIGL20B   1960 to  2015      56 years                                                                                    Series  16

 [B] Entire series, effect on correlation (  .722) is:
       Lower   1965< -.035   1999> -.016   1962> -.012   1961> -.011   2004< -.011   1979< -.011  Higher   2012  .017   1960  .015

====================================================================================================================================

 NIGL21A   1961 to  2017      57 years                                                                                    Series  17

 [B] Entire series, effect on correlation (  .744) is:
       Lower   1965< -.078   1981> -.026   2004> -.007   1983> -.006   1989< -.006   1976> -.006  Higher   2016  .013   1961  .013

====================================================================================================================================

 NIGL21B   1961 to  2017      57 years                                                                                    Series  18

 [B] Entire series, effect on correlation (  .804) is:
       Lower   1980< -.036   1964< -.018   1962< -.016   1968> -.010   1976> -.009   1992< -.007  Higher   2012  .016   1994  .013

====================================================================================================================================

 NIGL22A   1960 to  2015      56 years                                                                                    Series  19

 [B] Entire series, effect on correlation (  .696) is:
       Lower   2002< -.048   2012> -.034   1999> -.014   1965< -.012   1967< -.010   1981> -.006  Higher   1960  .019   1994  .019

====================================================================================================================================

 NIGL22B   1960 to  2016      57 years                                                                                    Series  20

 [B] Entire series, effect on correlation (  .798) is:
       Lower   2001< -.040   1961> -.011   1977< -.010   1967< -.006   1984< -.006   2002< -.005  Higher   1990  .013   1999  .012

====================================================================================================================================

 NIGL23A   1961 to  2017      57 years                                                                                    Series  21

 [B] Entire series, effect on correlation (  .749) is:
       Lower   2016> -.024   2010< -.015   2009< -.014   1965< -.011   1992< -.008   2006< -.007  Higher   1961  .016   2012  .011

====================================================================================================================================

 NIGL23B   1961 to  2017      57 years                                                                                    Series  22

 [B] Entire series, effect on correlation (  .851) is:
       Lower   1973< -.014   2009< -.012   1981< -.008   1992< -.007   2006< -.005   1968> -.005  Higher   2012  .014   1961  .009

====================================================================================================================================

 NIGL24A   1961 to  2017      57 years                                                                                    Series  23

 [B] Entire series, effect on correlation (  .687) is:
       Lower   1998< -.038   2012> -.032   2011< -.029   1999> -.020   1981> -.013   2004> -.007  Higher   1990  .019   2016  .019

====================================================================================================================================

 NIGL24B   1961 to  2017      57 years                                                                                    Series  24

 [B] Entire series, effect on correlation (  .749) is:
       Lower   1999> -.021   1976< -.015   2012> -.011   1977< -.007   2011< -.007   1998< -.006  Higher   2016  .014   1990  .014

====================================================================================================================================

 NIGL25A   1961 to  2013      53 years                                                                                    Series  25

 [B] Entire series, effect on correlation (  .755) is:
       Lower   2001< -.028   1998< -.014   1999> -.012   1987> -.008   1980< -.005   1968> -.005  Higher   1994  .014   1990  .013

====================================================================================================================================

 NIGL25B   1961 to  2013      53 years                                                                                    Series  26

 [B] Entire series, effect on correlation (  .777) is:
       Lower   1979< -.044   1965> -.021   1987> -.020   1999> -.010   1976> -.008   1962< -.007  Higher   2012  .025   1994  .016

====================================================================================================================================

 NIGL26A   1960 to  2017      58 years                                                                                    Series  27

 [B] Entire series, effect on correlation (  .802) is:
       Lower   2004> -.021   1996< -.020   1970< -.009   1979< -.008   1991> -.006   1998> -.006  Higher   1960  .011   1999  .011

====================================================================================================================================

 NIGL26B   1960 to  2017      58 years                                                                                    Series  28

 [B] Entire series, effect on correlation (  .844) is:
       Lower   1998> -.009   1989< -.008   1996< -.007   2001< -.006   1976> -.006   2007> -.006  Higher   2012  .011   1961  .009

====================================================================================================================================

 NIGL27A   1960 to  2017      58 years                                                                                    Series  29

 [B] Entire series, effect on correlation (  .725) is:
       Lower   1962> -.022   1984< -.020   1981> -.018   1970< -.011   2015< -.008   1983> -.007  Higher   2012  .027   1990  .011

====================================================================================================================================

 NIGL27B   1960 to  2017      58 years                                                                                    Series  30

 [B] Entire series, effect on correlation (  .754) is:
       Lower   1999< -.036   1962> -.018   1983> -.012   1984< -.009   2014> -.007   1991> -.007  Higher   2012  .024   1960  .012

====================================================================================================================================

 NIGL30A   1961 to  2017      57 years                                                                                    Series  31

 [B] Entire series, effect on correlation (  .678) is:
       Lower   2012> -.049   1965< -.032   1962> -.018   1999> -.017   2001< -.013   2011< -.010  Higher   1994  .022   1990  .018

====================================================================================================================================

 NIGL30B   1960 to  2017      58 years                                                                                    Series  32

 [B] Entire series, effect on correlation (  .796) is:
       Lower   1962> -.032   2014< -.021   2001< -.011   2003< -.008   2004> -.006   1995> -.006  Higher   1994  .013   1960  .013

====================================================================================================================================

 NIGL32A   1962 to  2008      47 years                                                                                    Series  33

 [B] Entire series, effect on correlation (  .522) is:
       Lower   1979< -.038   1971< -.034   2004> -.025   2008> -.024   1963< -.020   1968> -.019  Higher   1994  .048   2005  .040

====================================================================================================================================

 NIGL32B   1962 to  2009      48 years                                                                                    Series  34

 [B] Entire series, effect on correlation (  .501) is:
       Lower   1980< -.067   2004< -.033   1999> -.030   1964< -.015   1968> -.013   2008> -.012  Higher   1987  .028   1978  .020

====================================================================================================================================

 NIGL33A   1962 to  2017      56 years                                                                                    Series  35

 [B] Entire series, effect on correlation (  .720) is:
       Lower   1976< -.036   1962< -.034   1981> -.028   1999> -.014   1963< -.012   1991< -.010  Higher   2012  .018   1994  .017

 [E] Outliers     1   3.0 SD above or -4.5 SD below mean for year
       1976 -5.3 SD
====================================================================================================================================

 NIGL33B   1962 to  2017      56 years                                                                                    Series  36

 [B] Entire series, effect on correlation (  .798) is:
       Lower   1962< -.033   1999> -.026   1963< -.019   1989< -.012   2001< -.009   2004> -.007  Higher   1994  .017   1990  .012

====================================================================================================================================

 NIGL34A   1961 to  2006      46 years                                                                                    Series  37

 [B] Entire series, effect on correlation (  .776) is:
       Lower   1973< -.049   1997< -.020   1998> -.018   2005> -.014   2004< -.007   1975> -.006  Higher   1981  .017   1987  .013

====================================================================================================================================

 NIGL34B   1961 to  2006      46 years                                                                                    Series  38

 [B] Entire series, effect on correlation (  .756) is:
       Lower   1997< -.021   1979< -.020   1977< -.013   1998> -.012   1975> -.011   1964< -.007  Higher   1994  .021   1961  .020

====================================================================================================================================

 NIGL35A   1961 to  2017      57 years                                                                                    Series  39

 [B] Entire series, effect on correlation (  .728) is:
       Lower   1962< -.040   2004< -.028   1999> -.017   1995> -.014   2005> -.010   1998< -.008  Higher   1961  .018   2012  .013

====================================================================================================================================

 NIGL35B   1961 to  2017      57 years                                                                                    Series  40

 [B] Entire series, effect on correlation (  .701) is:
       Lower   2012> -.021   1962< -.018   1999> -.014   1995> -.012   2005> -.011   2004< -.009  Higher   1994  .014   2010  .013

====================================================================================================================================

 NIGL36A   1963 to  2017      55 years                                                                                    Series  41

 [B] Entire series, effect on correlation (  .694) is:
       Lower   1965> -.040   1996< -.035   1963< -.028   1974< -.016   1964< -.013   2016> -.012  Higher   1999  .025   2012  .022

====================================================================================================================================

 NIGL36B   1963 to  2017      55 years                                                                                    Series  42

 [B] Entire series, effect on correlation (  .589) is:
       Lower   1964< -.075   1965> -.037   1996< -.019   1970< -.016   2004> -.015   2000< -.011  Higher   1987  .033   1999  .030

 [E] Outliers     1   3.0 SD above or -4.5 SD below mean for year
       1964 -5.3 SD
====================================================================================================================================

 NIGL37A   1961 to  2015      55 years                                                                                    Series  43

 [B] Entire series, effect on correlation (  .646) is:
       Lower   1998< -.043   1986> -.026   1964< -.023   2012> -.021   1999> -.020   2014> -.010  Higher   1961  .027   1987  .025

====================================================================================================================================

 NIGL37B   1961 to  2017      57 years                                                                                    Series  44

 [B] Entire series, effect on correlation (  .754) is:
       Lower   1965< -.022   1976> -.016   1986> -.015   1998< -.014   1999> -.012   1975< -.010  Higher   1981  .013   1961  .012

====================================================================================================================================

 NIGL38A   1961 to  2017      57 years                                                                                    Series  45

 [B] Entire series, effect on correlation (  .775) is:
       Lower   2004< -.039   1975< -.015   2005> -.014   1981> -.012   1965> -.006   1996< -.006  Higher   2012  .024   1999  .013

====================================================================================================================================

 NIGL38B   1961 to  2017      57 years                                                                                    Series  46

 [B] Entire series, effect on correlation (  .757) is:
       Lower   1998< -.058   1999> -.029   2004< -.013   1976< -.007   1975< -.007   1965> -.005  Higher   1961  .016   2012  .011

====================================================================================================================================

 NIGL39A   1959 to  2017      59 years                                                                                    Series  47

 [B] Entire series, effect on correlation (  .835) is:
       Lower   1960> -.014   1984< -.009   1961> -.008   1999> -.008   1965> -.007   1972< -.006  Higher   1990  .009   1994  .009

====================================================================================================================================

 NIGL39B   1960 to  2017      58 years                                                                                    Series  48

 [B] Entire series, effect on correlation (  .692) is:
       Lower   1986< -.032   1962> -.019   1999> -.019   2007< -.011   2009< -.011   1974> -.008  Higher   2012  .017   1990  .013

====================================================================================================================================

 NIGL40A   1959 to  2017      59 years                                                                                    Series  49

 [B] Entire series, effect on correlation (  .584) is:
       Lower   1991< -.061   1962> -.045   1960> -.025   1969< -.021   1971< -.016   1981> -.012  Higher   2012  .036   1994  .027

 [E] Outliers     1   3.0 SD above or -4.5 SD below mean for year
       1962 +3.5 SD
====================================================================================================================================

 NIGL40B   1959 to  2017      59 years                                                                                    Series  50

 [B] Entire series, effect on correlation (  .642) is:
       Lower   1969< -.027   1981> -.023   1961> -.021   1962> -.016   1967< -.016   1959> -.011  Higher   1990  .020   1994  .019

====================================================================================================================================

 NIGL41A   1959 to  2017      59 years                                                                                    Series  51

 [B] Entire series, effect on correlation (  .789) is:
       Lower   1981< -.022   1963< -.019   1965> -.017   1959> -.007   2015< -.006   2009< -.005  Higher   1990  .013   1994  .012

====================================================================================================================================

 NIGL41B   1959 to  2017      59 years                                                                                    Series  52

 [B] Entire series, effect on correlation (  .721) is:
       Lower   1963< -.030   1999> -.022   1976< -.020   1998< -.011   1977< -.010   1959> -.009  Higher   2012  .021   2016  .014

====================================================================================================================================

 NIGL43A   1959 to  2017      59 years                                                                                    Series  53

 [B] Entire series, effect on correlation (  .761) is:
       Lower   1961> -.019   1996< -.019   1980< -.016   1981> -.013   1965> -.010   2014> -.006  Higher   2012  .012   1987  .009

====================================================================================================================================

 NIGL43B   1961 to  2017      57 years                                                                                    Series  54

 [B] Entire series, effect on correlation (  .727) is:
       Lower   1968< -.038   1996< -.031   1965> -.014   1991> -.010   1975< -.010   1970< -.009  Higher   1999  .019   1961  .015

====================================================================================================================================

 NIGL44A   1959 to  2017      59 years                                                                                    Series  55

 [B] Entire series, effect on correlation (  .604) is:
       Lower   1963< -.118   1961> -.029   1960> -.024   1975< -.016   1985< -.010   1998< -.008  Higher   2012  .032   1990  .023

 [C] Year-to-year changes diverging by over 4.0 std deviations:
       1962 1963  -4.1 SD

 [E] Outliers     1   3.0 SD above or -4.5 SD below mean for year
       1963 -6.2 SD
====================================================================================================================================

 NIGL44B   1959 to  2017      59 years                                                                                    Series  56

 [B] Entire series, effect on correlation (  .678) is:
       Lower   1961> -.029   1963< -.028   1999> -.017   1971< -.014   2001< -.011   2000< -.010  Higher   1994  .020   2010  .016

====================================================================================================================================

 NIGL46A   1961 to  2017      57 years                                                                                    Series  57

 [B] Entire series, effect on correlation (  .672) is:
       Lower   1972< -.089   1998> -.016   1977< -.015   1962> -.013   1994> -.010   1981> -.009  Higher   1999  .022   1961  .019

 [E] Outliers     1   3.0 SD above or -4.5 SD below mean for year
       1972 -6.2 SD
====================================================================================================================================

 NIGL46B   1961 to  2017      57 years                                                                                    Series  58

 [B] Entire series, effect on correlation (  .658) is:
       Lower   1972< -.073   1977< -.018   1962> -.013   1982< -.011   1998> -.010   1971< -.009  Higher   1961  .024   1999  .023

 [E] Outliers     1   3.0 SD above or -4.5 SD below mean for year
       1972 -5.9 SD
====================================================================================================================================

 NIGL47A   1960 to  2017      58 years                                                                                    Series  59

 [B] Entire series, effect on correlation (  .686) is:
       Lower   1996< -.025   1987> -.021   1977< -.018   1998> -.015   1974> -.015   1962> -.014  Higher   1960  .019   1994  .014

====================================================================================================================================

 NIGL47B   1960 to  2013      54 years                                                                                    Series  60

 [B] Entire series, effect on correlation (  .728) is:
       Lower   1964< -.023   1987> -.016   1979< -.015   1977< -.013   1967< -.012   1998> -.010  Higher   1999  .019   1981  .016

====================================================================================================================================

 NIGL48A   1961 to  2010      50 years                                                                                    Series  61

 [B] Entire series, effect on correlation (  .708) is:
       Lower   1962> -.016   1987> -.013   1972> -.010   1973< -.009   1998> -.009   2009< -.008  Higher   1961  .020   1981  .018

====================================================================================================================================

 NIGL48B   1961 to  2006      46 years                                                                                    Series  62

 [B] Entire series, effect on correlation (  .681) is:
       Lower   2003< -.050   1998> -.018   1995> -.014   2005> -.014   1986> -.012   1991> -.011  Higher   1994  .033   1999  .031

====================================================================================================================================

 NIGL49A   1960 to  2015      56 years                                                                                    Series  63

 [B] Entire series, effect on correlation (  .724) is:
       Lower   1998< -.035   2004< -.027   1999> -.012   1991< -.009   2005> -.008   2000< -.007  Higher   2012  .028   1990  .019

====================================================================================================================================

 NIGL49B   1960 to  2017      58 years                                                                                    Series  64

 [B] Entire series, effect on correlation (  .600) is:
       Lower   1991> -.048   1968< -.033   1994> -.021   1992< -.014   1965> -.013   1962> -.012  Higher   2012  .034   2010  .018

====================================================================================================================================

 NIGL50A   1961 to  2017      57 years                                                                                    Series  65

 [B] Entire series, effect on correlation (  .801) is:
       Lower   1999> -.020   1987> -.015   1963< -.010   1985< -.007   1995> -.006   1971< -.006  Higher   1994  .013   2012  .011

====================================================================================================================================

 NIGL50B   1961 to  2017      57 years                                                                                    Series  66

 [B] Entire series, effect on correlation (  .863) is:
       Lower   2008< -.012   1963< -.007   1962< -.007   2016> -.007   1976> -.006   1967> -.005  Higher   2012  .013   1987  .007

====================================================================================================================================

 NIGL51A   1962 to  2017      56 years                                                                                    Series  67

 [B] Entire series, effect on correlation (  .719) is:
       Lower   2004< -.062   1994> -.025   2002> -.009   1985< -.008   1963< -.007   2005> -.007  Higher   1999  .020   2012  .015

====================================================================================================================================

 NIGL51B   1962 to  2009      48 years                                                                                    Series  68

 [B] Entire series, effect on correlation (  .670) is:
       Lower   1994> -.052   1999> -.024   1963< -.014   2008> -.013   1995< -.010   1985< -.009  Higher   1987  .028   1978  .013

====================================================================================================================================

 NIGL52A   1959 to  2017      59 years                                                                                    Series  69

 [B] Entire series, effect on correlation (  .658) is:
       Lower   1976< -.105   1999> -.022   1964< -.013   2003< -.011   1972> -.009   2001< -.009  Higher   1994  .017   2010  .016

 [E] Outliers     1   3.0 SD above or -4.5 SD below mean for year
       1976 -5.5 SD
====================================================================================================================================

 NIGL52B   1964 to  2017      54 years                                                                                    Series  70

 [B] Entire series, effect on correlation (  .795) is:
       Lower   1965< -.025   1999> -.022   1972> -.009   1970> -.007   1975> -.006   1998< -.005  Higher   2012  .020   1994  .016

====================================================================================================================================

 NIGL53A   1962 to  2013      52 years                                                                                    Series  71

 [B] Entire series, effect on correlation (  .811) is:
       Lower   1962< -.024   1974> -.015   1963< -.010   2013< -.008   1990< -.006   1984> -.006  Higher   1994  .017   1987  .012

====================================================================================================================================

 NIGL53B   1962 to  2013      52 years                                                                                    Series  72

 [B] Entire series, effect on correlation (  .740) is:
       Lower   1962< -.048   1974> -.017   2013< -.010   2012> -.010   1998> -.009   1972> -.008  Higher   1987  .019   1994  .015

 [E] Outliers     1   3.0 SD above or -4.5 SD below mean for year
       1962 -4.5 SD
====================================================================================================================================

 NIGL55A   1961 to  2013      53 years                                                                                    Series  73

 [B] Entire series, effect on correlation (  .643) is:
       Lower   2012> -.058   2002< -.049   1968< -.020   1998< -.019   2007> -.015   1967< -.008  Higher   1994  .017   1987  .013

====================================================================================================================================

 NIGL55B   1961 to  2015      55 years                                                                                    Series  74

 [B] Entire series, effect on correlation (  .597) is:
       Lower   2012> -.088   2011< -.033   1987> -.021   1996< -.020   2003< -.016   1967< -.015  Higher   1999  .034   1994  .027

====================================================================================================================================

 NIGL56A   1959 to  2015      57 years                                                                                    Series  75

 [B] Entire series, effect on correlation (  .519) is:
       Lower   1961> -.046   1969< -.031   2011< -.020   2012> -.016   1986> -.015   1962> -.013  Higher   1987  .033   1983  .017

 [E] Outliers     1   3.0 SD above or -4.5 SD below mean for year
       1961 +3.6 SD
====================================================================================================================================

 NIGL56B   1960 to  2017      58 years                                                                                    Series  76

 [B] Entire series, effect on correlation (  .752) is:
       Lower   1990< -.021   1969< -.018   1993< -.016   2011< -.013   1998> -.012   2004> -.012  Higher   2012  .017   1981  .012

====================================================================================================================================

 NIGL57A   1960 to  2017      58 years                                                                                    Series  77

 [B] Entire series, effect on correlation (  .858) is:
       Lower   1977< -.026   2014> -.009   1968> -.007   1964< -.006   1972> -.004   1975> -.003  Higher   1994  .008   1999  .007

====================================================================================================================================

 NIGL57B   1960 to  2017      58 years                                                                                    Series  78

 [B] Entire series, effect on correlation (  .838) is:
       Lower   1966< -.016   1972> -.011   1981< -.009   1964< -.008   1962> -.007   1968> -.006  Higher   2012  .015   1994  .010

====================================================================================================================================
PART 7:  DESCRIPTIVE STATISTICS:                                                                   18:58  Tue 22 Feb 2022  Page   7
------------------------------------------------------------------------------------------------------------------------------------

                                                Corr   //-------- Unfiltered --------\\  //---- Filtered -----\\
                           No.    No.    No.    with   Mean   Max     Std   Auto   Mean   Max     Std   Auto  AR
 Seq Series   Interval   Years  Segmt  Flags   Master  msmt   msmt    dev   corr   sens  value    dev   corr  ()
 --- -------- ---------  -----  -----  -----   ------ -----  -----  -----  -----  -----  -----  -----  -----  --
   1 NIGL08A  1960 2017     58      2      0    .781   1.63   4.35   .933   .750   .397   2.69   .622  -.083   2
   2 NIGL08B  1960 2017     58      2      0    .808   1.47   3.48   .941   .841   .419   2.54   .558  -.035   1
   3 NIGL10A  1960 2017     58      2      0    .707   1.01   3.21   .895   .841   .528   2.79   .597  -.012   1
   4 NIGL10B  1960 2017     58      2      0    .775    .98   3.45   .945   .837   .527   2.63   .580  -.019   1
   5 NIGL12A  1962 2017     56      2      0    .735   1.36   4.71  1.431   .901   .488   2.63   .471  -.077   1
   6 NIGL12B  1962 2017     56      2      0    .759   1.27   4.27  1.400   .935   .513   2.61   .488  -.114   1
   7 NIGL13A  1960 2017     58      2      0    .705   1.19   4.05  1.044   .870   .507   2.65   .559  -.102   1
   8 NIGL13B  1960 2017     58      2      0    .751   1.04   3.95  1.052   .893   .563   2.67   .404  -.095   1
   9 NIGL14A  1960 2015     56      2      1    .389   1.28   5.34  1.297   .844   .540   2.54   .498  -.034   2
  10 NIGL14B  1960 2015     56      2      0    .587   1.19   4.74  1.056   .765   .524   2.88   .541  -.064   2
  11 NIGL18A  1960 2017     58      2      0    .825   1.05   3.77  1.031   .902   .560   2.62   .543  -.136   2
  12 NIGL18B  1960 2014     55      2      0    .611   1.12   3.29  1.080   .916   .496   2.72   .609   .009   1
  13 NIGL19A  1959 2017     59      2      0    .748   1.23   5.01  1.227   .866   .614   2.78   .699  -.045   1
  14 NIGL19B  1959 2017     59      2      0    .755   1.15   4.04  1.133   .878   .565   2.63   .625  -.122   1
  15 NIGL20A  1960 2017     58      2      0    .781   1.33   5.28  1.480   .925   .495   2.80   .611  -.013   1
  16 NIGL20B  1960 2015     56      2      0    .722   1.22   4.57  1.322   .911   .432   2.84   .533  -.025   1
  17 NIGL21A  1961 2017     57      2      0    .744   1.62   4.24  1.186   .747   .579   2.61   .446  -.014   4
  18 NIGL21B  1961 2017     57      2      0    .804   1.47   3.84  1.082   .779   .578   2.73   .657   .007   1
  19 NIGL22A  1960 2015     56      2      0    .696   1.34   4.43  1.446   .915   .476   2.65   .582  -.034   2
  20 NIGL22B  1960 2016     57      2      0    .798   1.26   5.60  1.390   .912   .568   3.03   .615  -.055   2
  21 NIGL23A  1961 2017     57      2      0    .749   1.49   3.80  1.067   .793   .512   2.60   .526  -.012   1
  22 NIGL23B  1961 2017     57      2      0    .851   1.47   4.16  1.011   .803   .459   2.70   .583  -.019   1
  23 NIGL24A  1961 2017     57      2      0    .687   1.48   4.70  1.274   .884   .476   2.74   .501  -.057   2
  24 NIGL24B  1961 2017     57      2      0    .749   1.20   4.67  1.107   .845   .473   2.75   .559  -.093   2
  25 NIGL25A  1961 2013     53      2      0    .755   1.45   4.71  1.373   .908   .567   2.62   .506   .178   2
  26 NIGL25B  1961 2013     53      2      0    .777   1.30   4.56  1.196   .902   .510   2.64   .588   .029   2
  27 NIGL26A  1960 2017     58      2      0    .802   1.37   4.53  1.116   .863   .514   2.88   .602  -.110   2
  28 NIGL26B  1960 2017     58      2      0    .844   1.34   3.63  1.093   .875   .531   2.77   .575  -.069   1
  29 NIGL27A  1960 2017     58      2      0    .725   1.50   5.85  1.297   .850   .495   2.59   .495  -.128   3
  30 NIGL27B  1960 2017     58      2      0    .754   1.67   6.34  1.608   .916   .398   2.50   .429  -.119   3
  31 NIGL30A  1961 2017     57      2      0    .678   1.76   5.39  1.597   .851   .633   2.80   .511  -.180   2
  32 NIGL30B  1960 2017     58      2      0    .796   1.35   3.91  1.280   .916   .569   2.79   .670  -.110   2
  33 NIGL32A  1962 2008     47      1      0    .522   1.21   3.90  1.232   .904   .510   2.71   .582  -.088   1
  34 NIGL32B  1962 2009     48      1      0    .501    .97   3.07  1.029   .912   .459   2.81   .611   .054   1
  35 NIGL33A  1962 2017     56      2      0    .720   1.39   4.51  1.146   .844   .518   2.61   .522  -.039   3
  36 NIGL33B  1962 2017     56      2      0    .798   1.50   5.00  1.322   .898   .538   2.78   .558  -.038   2
  37 NIGL34A  1961 2006     46      1      0    .776   1.01   3.43   .740   .653   .541   2.88   .708   .002   1
  38 NIGL34B  1961 2006     46      1      0    .756    .92   2.67   .721   .817   .475   2.63   .510  -.017   1
  39 NIGL35A  1961 2017     57      2      0    .728   1.63   4.12  1.220   .887   .451   2.43   .513   .065   2
  40 NIGL35B  1961 2017     57      2      0    .701   1.53   4.45  1.341   .911   .498   2.63   .506   .190   2
  41 NIGL36A  1963 2017     55      2      0    .694   1.06   3.22   .947   .803   .650   2.88   .634   .032   1
  42 NIGL36B  1963 2017     55      2      0    .589   1.01   2.95   .919   .742   .719   2.85   .671   .027   1
  43 NIGL37A  1961 2015     55      2      0    .646   1.37   3.45   .910   .773   .456   2.65   .643  -.012   3
  44 NIGL37B  1961 2017     57      2      0    .754   1.31   3.26   .931   .782   .534   2.66   .590  -.039   2
  45 NIGL38A  1961 2017     57      2      0    .775   1.44   5.95  1.520   .884   .552   2.78   .578  -.030   3
  46 NIGL38B  1961 2017     57      2      0    .757   1.24   5.70  1.313   .880   .560   2.86   .665  -.053   2
  47 NIGL39A  1959 2017     59      2      0    .835   1.44   6.34  1.371   .840   .529   2.72   .549  -.122   3
  48 NIGL39B  1960 2017     58      2      0    .692   1.61   6.35  1.549   .849   .520   2.53   .495   .122   5
PART 7:  DESCRIPTIVE STATISTICS:                                                                   18:58  Tue 22 Feb 2022  Page   8
------------------------------------------------------------------------------------------------------------------------------------

                                                Corr   //-------- Unfiltered --------\\  //---- Filtered -----\\
                           No.    No.    No.    with   Mean   Max     Std   Auto   Mean   Max     Std   Auto  AR
 Seq Series   Interval   Years  Segmt  Flags   Master  msmt   msmt    dev   corr   sens  value    dev   corr  ()
 --- -------- ---------  -----  -----  -----   ------ -----  -----  -----  -----  -----  -----  -----  -----  --
  49 NIGL40A  1959 2017     59      2      0    .584   1.58   5.01  1.262   .750   .467   2.66   .518  -.132   3
  50 NIGL40B  1959 2017     59      2      0    .642   1.20   5.54   .924   .713   .491   2.79   .504  -.028   2
  51 NIGL41A  1959 2017     59      2      0    .789   1.92   6.46  1.699   .847   .492   2.84   .500   .050   1
  52 NIGL41B  1959 2017     59      2      0    .721   1.77   7.26  1.647   .798   .461   2.94   .723  -.055   2
  53 NIGL43A  1959 2017     59      2      0    .761   1.62   4.71  1.131   .707   .473   2.84   .547  -.093   4
  54 NIGL43B  1961 2017     57      2      0    .727   1.26   4.86  1.001   .843   .425   2.75   .701  -.200   2
  55 NIGL44A  1959 2017     59      2      0    .604   1.99   5.76  1.413   .751   .427   2.83   .548  -.083   1
  56 NIGL44B  1959 2017     59      2      0    .678   1.75   5.04  1.216   .831   .339   2.82   .524  -.041   2
  57 NIGL46A  1961 2017     57      2      0    .672   1.54   8.51  1.532   .813   .459   2.86   .515  -.066   1
  58 NIGL46B  1961 2017     57      2      0    .658   1.51   8.14  1.513   .823   .458   2.98   .548  -.038   1
  59 NIGL47A  1960 2017     58      2      0    .686   1.41   5.05  1.299   .808   .568   2.77   .602  -.143   2
  60 NIGL47B  1960 2013     54      2      0    .728   1.48   4.75  1.338   .838   .565   2.75   .561  -.055   2
  61 NIGL48A  1961 2010     50      1      0    .708    .89   3.39   .926   .905   .492   2.58   .479  -.111   1
  62 NIGL48B  1961 2006     46      1      0    .681   1.03   3.57  1.024   .894   .496   2.60   .487  -.053   1
  63 NIGL49A  1960 2015     56      2      0    .724   1.91   7.83  2.027   .875   .555   2.93   .552  -.088   2
  64 NIGL49B  1960 2017     58      2      0    .600   2.06   8.08  2.150   .858   .592   2.93   .467  -.062   1
  65 NIGL50A  1961 2017     57      2      0    .801   1.61   5.24  1.187   .843   .493   2.60   .517  -.058   3
  66 NIGL50B  1961 2017     57      2      0    .863   1.71   5.25  1.190   .794   .525   2.69   .678  -.021   3
  67 NIGL51A  1962 2017     56      2      0    .719    .96   3.61  1.078   .904   .606   2.73   .566  -.055   1
  68 NIGL51B  1962 2009     48      1      0    .670   1.21   4.44  1.237   .907   .500   2.80   .684   .067   1
  69 NIGL52A  1959 2017     59      2      0    .658   1.59   5.27  1.378   .768   .524   2.66   .472  -.035   2
  70 NIGL52B  1964 2017     54      2      0    .795   1.87   5.77  1.573   .821   .547   2.94   .589  -.118   2
  71 NIGL53A  1962 2013     52      2      0    .811   1.40   3.59  1.105   .876   .515   2.63   .608   .095   1
  72 NIGL53B  1962 2013     52      2      0    .740   1.12   2.95   .973   .896   .560   2.53   .501   .014   1
  73 NIGL55A  1961 2013     53      2      0    .643   1.45   4.09  1.205   .845   .564   2.94   .682  -.088   3
  74 NIGL55B  1961 2015     55      2      0    .597   1.36   6.23  1.363   .814   .517   3.03   .553  -.105   2
  75 NIGL56A  1959 2015     57      2      0    .519   1.09   3.49  1.033   .877   .637   2.93   .589  -.118   2
  76 NIGL56B  1960 2017     58      2      0    .752   1.03   4.02  1.108   .877   .599   2.74   .621  -.037   1
  77 NIGL57A  1960 2017     58      2      0    .858   1.43   4.39  1.158   .887   .490   2.72   .531  -.026   3
  78 NIGL57B  1960 2017     58      2      0    .838   1.36   4.46  1.174   .903   .487   2.73   .578  -.007   1
 --- -------- ---------  -----  -----  -----   ------ -----  -----  -----  -----  -----  -----  -----  -----  --
 Total or mean:           4371    149      1    .721   1.38   8.51  1.228   .847   .517   3.03   .564  -.044

                                              - = [  COFECHA CORESCOF  ] = -
