 []  Dendrochronology Program Library                                        Run CORES  Program COF  18:27  Tue 15 Feb 2022  Page   1
[]
[]  P R O G R A M      C O F E C H A                                                                          Version 6.06P    31824
------------------------------------------------------------------------------------------------------------------------------------

 QUALITY CONTROL AND DATING CHECK OF TREE-RING MEASUREMENTS

 File of DATED series:   1-Nacimiento_PIHA_cores.rwl

 CONTENTS:

    Part 1:  Title page, options selected, summary, absent rings by series
    Part 2:  Histogram of time spans
    Part 3:  Master series with sample depth and absent rings by year
    Part 4:  Bar plot of Master Dating Series
    Part 5:  Correlation by segment of each series with Master
    Part 6:  Potential problems: low correlation, divergent year-to-year changes, absent rings, outliers
    Part 7:  Descriptive statistics

 RUN CONTROL OPTIONS SELECTED                             VALUE

         1  Cubic smoothing spline 50% wavelength cutoff for filtering
                                                            32 years
         2  Segments examined are                           50 years lagged successively by  25 years
         3  Autoregressive model applied                     A  Residuals are used in master dating series and testing
         4  Series transformed to logarithms                 Y  Each series log-transformed for master dating series and testing
         5  CORRELATION is Pearson (parametric, quantitative)
            Critical correlation, 99% confidence level   .3281
         6  Master dating series saved                       N
         7  Ring measurements listed                         N
         8  Parts printed                              1234567 
         9  Absent rings are omitted from master series and segment correlations  (Y)

 Time span of Master dating series is  1977 to  2018    42 years
 Continuous time span is               1977 to  2018    42 years
 Portion with two or more series is    1977 to  2018    42 years


                                        ****************************************
                                        *C* Number of dated series        76 *C*
                                        *O* Master series 1977 2018   42 yrs *O*
                                        *F* Total rings in all series   2760 *F*
                                        *E* Total dated rings checked   2760 *E*
                                        *C* Series intercorrelation     .805 *C*
                                        *H* Average mean sensitivity    .563 *H*
                                        *A* Segments, possible problems    0 *A*
                                        *** Mean length of series       36.3 ***
                                        ****************************************

 ABSENT RINGS listed by SERIES:            (See Master Dating Series for absent rings listed by year)

               No ring measurements of zero value
PART 2:  TIME PLOT OF TREE-RING SERIES:                                                            18:27  Tue 15 Feb 2022  Page   2
------------------------------------------------------------------------------------------------------------------------------------
 1050 1100 1150 1200 1250 1300 1350 1400 1450 1500 1550 1600 1650 1700 1750 1800 1850 1900 1950 2000 2050 Ident   Seq Time-span  Yrs
   :    :    :    :    :    :    :    :    :    :    :    :    :    :    :    :    :    :    :    :    : -------- --- ---- ---- ----
   .    .    .    .    .    .    .    .    .    .    .    .    .    .    .    .    .    .    .  <==>   . NAC0101    1 1988 2018   31
   .    .    .    .    .    .    .    .    .    .    .    .    .    .    .    .    .    .    .  <==>   . NAC0102    2 1985 2018   34
   .    .    .    .    .    .    .    .    .    .    .    .    .    .    .    .    .    .    . <===>   . NAC0201    3 1979 2018   40
   .    .    .    .    .    .    .    .    .    .    .    .    .    .    .    .    .    .    . <===>   . NAC0202    4 1979 2018   40
   .    .    .    .    .    .    .    .    .    .    .    .    .    .    .    .    .    .    . <===>   . NAC0301    5 1979 2016   38
   .    .    .    .    .    .    .    .    .    .    .    .    .    .    .    .    .    .    . <===>   . NAC0302    6 1977 2016   40
   .    .    .    .    .    .    .    .    .    .    .    .    .    .    .    .    .    .    .   <=>   . NAC0401    7 1990 2018   29
   .    .    .    .    .    .    .    .    .    .    .    .    .    .    .    .    .    .    .  <==>   . NAC0402    8 1988 2018   31
   .    .    .    .    .    .    .    .    .    .    .    .    .    .    .    .    .    .    . <===>   . NAC0501    9 1979 2018   40
   .    .    .    .    .    .    .    .    .    .    .    .    .    .    .    .    .    .    . <===>   . NAC0502   10 1979 2018   40
   .    .    .    .    .    .    .    .    .    .    .    .    .    .    .    .    .    .    . <===>   . NAC0601   11 1979 2018   40
   .    .    .    .    .    .    .    .    .    .    .    .    .    .    .    .    .    .    . <===>   . NAC0602   12 1979 2018   40
   .    .    .    .    .    .    .    .    .    .    .    .    .    .    .    .    .    .    .  <==>   . NAC0701   13 1989 2018   30
   .    .    .    .    .    .    .    .    .    .    .    .    .    .    .    .    .    .    .  <==>   . NAC0702   14 1986 2017   32
   .    .    .    .    .    .    .    .    .    .    .    .    .    .    .    .    .    .    .  <==>   . NAC0801   15 1983 2018   36
   .    .    .    .    .    .    .    .    .    .    .    .    .    .    .    .    .    .    .  <==>   . NAC0802   16 1983 2018   36
   .    .    .    .    .    .    .    .    .    .    .    .    .    .    .    .    .    .    . <===>   . NAC0901   17 1979 2018   40
   .    .    .    .    .    .    .    .    .    .    .    .    .    .    .    .    .    .    . <===>   . NAC0902   18 1979 2018   40
   .    .    .    .    .    .    .    .    .    .    .    .    .    .    .    .    .    .    .  <==>   . NAC1001   19 1988 2018   31
   .    .    .    .    .    .    .    .    .    .    .    .    .    .    .    .    .    .    .  <==>   . NAC1002   20 1983 2018   36
   .    .    .    .    .    .    .    .    .    .    .    .    .    .    .    .    .    .    . <===>   . NAC1101   21 1978 2016   39
   .    .    .    .    .    .    .    .    .    .    .    .    .    .    .    .    .    .    . <===>   . NAC1102   22 1978 2011   34
   .    .    .    .    .    .    .    .    .    .    .    .    .    .    .    .    .    .    .  <==>   . NAC1201   23 1985 2018   34
   .    .    .    .    .    .    .    .    .    .    .    .    .    .    .    .    .    .    .   <=>   . NAC1202   24 1990 2017   28
   .    .    .    .    .    .    .    .    .    .    .    .    .    .    .    .    .    .    . <===>   . NAC1301   25 1979 2018   40
   .    .    .    .    .    .    .    .    .    .    .    .    .    .    .    .    .    .    . <===>   . NAC1302   26 1978 2018   41
   .    .    .    .    .    .    .    .    .    .    .    .    .    .    .    .    .    .    . <===>   . NAC1401   27 1979 2018   40
   .    .    .    .    .    .    .    .    .    .    .    .    .    .    .    .    .    .    . <===>   . NAC1402   28 1978 2018   41
   .    .    .    .    .    .    .    .    .    .    .    .    .    .    .    .    .    .    .  <==>   . NAC1501   29 1989 2018   30
   .    .    .    .    .    .    .    .    .    .    .    .    .    .    .    .    .    .    .  <==>   . NAC1502   30 1988 2018   31
   .    .    .    .    .    .    .    .    .    .    .    .    .    .    .    .    .    .    . <===>   . NAC1601   31 1978 2018   41
   .    .    .    .    .    .    .    .    .    .    .    .    .    .    .    .    .    .    . <===>   . NAC1602   32 1978 2018   41
   .    .    .    .    .    .    .    .    .    .    .    .    .    .    .    .    .    .    .  <==>   . NAC1701   33 1988 2018   31
   .    .    .    .    .    .    .    .    .    .    .    .    .    .    .    .    .    .    .   <=>   . NAC1702   34 1990 2018   29
   .    .    .    .    .    .    .    .    .    .    .    .    .    .    .    .    .    .    . <===>   . NAC1801   35 1978 2018   41
   .    .    .    .    .    .    .    .    .    .    .    .    .    .    .    .    .    .    . <===>   . NAC1802   36 1978 2018   41
   .    .    .    .    .    .    .    .    .    .    .    .    .    .    .    .    .    .    . <===>   . NAC1901   37 1978 2018   41
   .    .    .    .    .    .    .    .    .    .    .    .    .    .    .    .    .    .    . <===>   . NAC1902   38 1978 2018   41
   .    .    .    .    .    .    .    .    .    .    .    .    .    .    .    .    .    .    .  <==>   . NAC2001   39 1988 2018   31
   .    .    .    .    .    .    .    .    .    .    .    .    .    .    .    .    .    .    .  <==>   . NAC2002   40 1989 2018   30
   .    .    .    .    .    .    .    .    .    .    .    .    .    .    .    .    .    .    .  <=>    . NAC2101   41 1985 2008   24
   .    .    .    .    .    .    .    .    .    .    .    .    .    .    .    .    .    .    .  <==>   . NAC2102   42 1985 2017   33
   .    .    .    .    .    .    .    .    .    .    .    .    .    .    .    .    .    .    . <===>   . NAC2201   43 1979 2018   40
   .    .    .    .    .    .    .    .    .    .    .    .    .    .    .    .    .    .    . <===>   . NAC2202   44 1979 2018   40
   .    .    .    .    .    .    .    .    .    .    .    .    .    .    .    .    .    .    . <===>   . NAC2301   45 1977 2018   42
   .    .    .    .    .    .    .    .    .    .    .    .    .    .    .    .    .    .    . <===>   . NAC2302   46 1978 2018   41
   .    .    .    .    .    .    .    .    .    .    .    .    .    .    .    .    .    .    .  <==>   . NAC2401   47 1989 2018   30
   .    .    .    .    .    .    .    .    .    .    .    .    .    .    .    .    .    .    .  <==>   . NAC2402   48 1989 2018   30
   .    .    .    .    .    .    .    .    .    .    .    .    .    .    .    .    .    .    . <===>   . NAC2501   49 1978 2018   41
   .    .    .    .    .    .    .    .    .    .    .    .    .    .    .    .    .    .    . <===>   . NAC2502   50 1978 2018   41
   :    :    :    :    :    :    :    :    :    :    :    :    :    :    :    :    :    :    :    :    :
 1050 1100 1150 1200 1250 1300 1350 1400 1450 1500 1550 1600 1650 1700 1750 1800 1850 1900 1950 2000 2050
PART 2:  TIME PLOT OF TREE-RING SERIES:                                                            18:27  Tue 15 Feb 2022  Page   3
------------------------------------------------------------------------------------------------------------------------------------
 1050 1100 1150 1200 1250 1300 1350 1400 1450 1500 1550 1600 1650 1700 1750 1800 1850 1900 1950 2000 2050 Ident   Seq Time-span  Yrs
   :    :    :    :    :    :    :    :    :    :    :    :    :    :    :    :    :    :    :    :    : -------- --- ---- ---- ----
   .    .    .    .    .    .    .    .    .    .    .    .    .    .    .    .    .    .    .  <==>   . NAC2601   51 1983 2018   36
   .    .    .    .    .    .    .    .    .    .    .    .    .    .    .    .    .    .    .  <==>   . NAC2602   52 1986 2018   33
   .    .    .    .    .    .    .    .    .    .    .    .    .    .    .    .    .    .    . <===>   . NAC2701   53 1977 2018   42
   .    .    .    .    .    .    .    .    .    .    .    .    .    .    .    .    .    .    . <===>   . NAC2702   54 1977 2017   41
   .    .    .    .    .    .    .    .    .    .    .    .    .    .    .    .    .    .    .  <==>   . NAC2801   55 1983 2015   33
   .    .    .    .    .    .    .    .    .    .    .    .    .    .    .    .    .    .    .  <==>   . NAC2802   56 1983 2018   36
   .    .    .    .    .    .    .    .    .    .    .    .    .    .    .    .    .    .    . <===>   . NAC2901   57 1978 2018   41
   .    .    .    .    .    .    .    .    .    .    .    .    .    .    .    .    .    .    . <===>   . NAC2902   58 1978 2015   38
   .    .    .    .    .    .    .    .    .    .    .    .    .    .    .    .    .    .    .  <==>   . NAC3001   59 1982 2018   37
   .    .    .    .    .    .    .    .    .    .    .    .    .    .    .    .    .    .    .  <==>   . NAC3002   60 1989 2018   30
   .    .    .    .    .    .    .    .    .    .    .    .    .    .    .    .    .    .    . <===>   . NAC3101   61 1977 2018   42
   .    .    .    .    .    .    .    .    .    .    .    .    .    .    .    .    .    .    . <===>   . NAC3102   62 1978 2016   39
   .    .    .    .    .    .    .    .    .    .    .    .    .    .    .    .    .    .    . <===>   . NAC3201   63 1979 2014   36
   .    .    .    .    .    .    .    .    .    .    .    .    .    .    .    .    .    .    . <===>   . NAC3202   64 1979 2016   38
   .    .    .    .    .    .    .    .    .    .    .    .    .    .    .    .    .    .    .  <==>   . NAC3301   65 1985 2018   34
   .    .    .    .    .    .    .    .    .    .    .    .    .    .    .    .    .    .    .  <==>   . NAC3302   66 1989 2018   30
   .    .    .    .    .    .    .    .    .    .    .    .    .    .    .    .    .    .    .   <=>   . NAC3401   67 1991 2018   28
   .    .    .    .    .    .    .    .    .    .    .    .    .    .    .    .    .    .    .   <=>   . NAC3402   68 1991 2018   28
   .    .    .    .    .    .    .    .    .    .    .    .    .    .    .    .    .    .    . <===>   . NAC3501   69 1978 2018   41
   .    .    .    .    .    .    .    .    .    .    .    .    .    .    .    .    .    .    . <===>   . NAC3502   70 1978 2017   40
   .    .    .    .    .    .    .    .    .    .    .    .    .    .    .    .    .    .    . <===>   . NAC3601   71 1978 2018   41
   .    .    .    .    .    .    .    .    .    .    .    .    .    .    .    .    .    .    . <===>   . NAC3602   72 1978 2018   41
   .    .    .    .    .    .    .    .    .    .    .    .    .    .    .    .    .    .    .  <==>   . NAC3701   73 1985 2018   34
   .    .    .    .    .    .    .    .    .    .    .    .    .    .    .    .    .    .    .  <==>   . NAC3702   74 1989 2018   30
   .    .    .    .    .    .    .    .    .    .    .    .    .    .    .    .    .    .    . <===>   . NAC3801   75 1979 2018   40
   .    .    .    .    .    .    .    .    .    .    .    .    .    .    .    .    .    .    . <===>   . NAC3802   76 1979 2018   40
   :    :    :    :    :    :    :    :    :    :    :    :    :    :    :    :    :    :    :    :    :
 1050 1100 1150 1200 1250 1300 1350 1400 1450 1500 1550 1600 1650 1700 1750 1800 1850 1900 1950 2000 2050
PART 3:  Master Dating Series:                                                                     18:27  Tue 15 Feb 2022  Page   4
------------------------------------------------------------------------------------------------------------------------------------
  Year  Value  No Ab    Year  Value  No Ab    Year  Value  No Ab    Year  Value  No Ab    Year  Value  No Ab    Year  Value  No Ab
  ------------------    ------------------    ------------------    ------------------    ------------------    ------------------
                        2000  -.508  76
                        2001  -.512  76
                        2002   .128  76
                        2003  -.372  76
                        2004  1.218  76
                        2005 -1.339  76
                        2006 -1.219  76
                        2007   .027  76
                        2008   .669  76
                        2009   .264  75

                        2010  1.406  75
                        2011  1.169  75
                        2012 -1.187  74
                        2013   .209  74
                        2014  -.204  74
                        2015   .530  73
                        2016  -.121  71
                        2017  1.455  66
                        2018  1.987  61









  1977  -.541   5
  1978  -.719  25
  1979  -.274  42

  1980  -.809  42
  1981  -.016  42
  1982   .197  43
  1983 -1.192  49
  1984   .426  49
  1985 -1.440  55
  1986  -.617  57
  1987   .236  57
  1988   .536  63
  1989  1.121  71

  1990  1.795  74
  1991   .417  76
  1992   .689  76
  1993  -.384  76
  1994  -.441  76
  1995 -1.790  76
  1996  1.102  76
  1997  1.422  76
  1998  -.811  76
  1999 -2.509  76
------------------------------------------------------------------------------------------------------------------------------------
PART 4:  Master Bar Plot:                                                                          18:27  Tue 15 Feb 2022  Page   5
------------------------------------------------------------------------------------------------------------------------------------
   Year Rel value  Year Rel value  Year Rel value  Year Rel value  Year Rel value  Year Rel value  Year Rel value  Year Rel value
                   2000---b
                   2001---b
                   2002-----A
                   2003----a
                   2004---------E
                   2005e
                   2006-e
                   2007-----@
                   2008--------C
                   2009------A
                   2010---------F
                   2011---------E
                   2012-e
                   2013------A
                   2014----a
                   2015-------B
                   2016-----@
                   2017---------F
                   2018----------H








   1977---b
   1978--c
   1979----a
   1980--c
   1981-----@
   1982------A
   1983-e
   1984-------B
   1985f
   1986--b
   1987------A
   1988-------B
   1989---------D
   1990----------G
   1991-------B
   1992--------C
   1993----b
   1994---b
   1995g
   1996---------D
   1997---------F
   1998--c
   1999j
PART 5:  CORRELATION OF SERIES BY SEGMENTS:                                                        18:27  Tue 15 Feb 2022  Page   5
------------------------------------------------------------------------------------------------------------------------------------
 Correlations of  50-year dated segments, lagged  25 years
 Flags:  A = correlation under   .3281 but highest as dated;  B = correlation higher at other than dated position

 Seq Series  Time_span   1975
                         2024
 --- -------- ---------  ---- ---- ---- ---- ---- ---- ---- ---- ---- ---- ---- ---- ---- ---- ---- ---- ---- ---- ---- ----
   1 NAC0101  1988 2018   .86
   2 NAC0102  1985 2018   .90
   3 NAC0201  1979 2018   .85
   4 NAC0202  1979 2018   .81
   5 NAC0301  1979 2016   .59
   6 NAC0302  1977 2016   .63
   7 NAC0401  1990 2018   .89
   8 NAC0402  1988 2018   .76
   9 NAC0501  1979 2018   .81
  10 NAC0502  1979 2018   .81
  11 NAC0601  1979 2018   .82
  12 NAC0602  1979 2018   .69
  13 NAC0701  1989 2018   .86
  14 NAC0702  1986 2017   .77
  15 NAC0801  1983 2018   .85
  16 NAC0802  1983 2018   .81
  17 NAC0901  1979 2018   .87
  18 NAC0902  1979 2018   .84
  19 NAC1001  1988 2018   .84
  20 NAC1002  1983 2018   .82
  21 NAC1101  1978 2016   .60
  22 NAC1102  1978 2011   .81
  23 NAC1201  1985 2018   .75
  24 NAC1202  1990 2017   .91
  25 NAC1301  1979 2018   .66
  26 NAC1302  1978 2018   .78
  27 NAC1401  1979 2018   .87
  28 NAC1402  1978 2018   .93
  29 NAC1501  1989 2018   .82
  30 NAC1502  1988 2018   .87
  31 NAC1601  1978 2018   .83
  32 NAC1602  1978 2018   .81
  33 NAC1701  1988 2018   .73
  34 NAC1702  1990 2018   .79
  35 NAC1801  1978 2018   .85
  36 NAC1802  1978 2018   .87
  37 NAC1901  1978 2018   .90
  38 NAC1902  1978 2018   .88
  39 NAC2001  1988 2018   .83
  40 NAC2002  1989 2018   .87
  41 NAC2101  1985 2008   .74
  42 NAC2102  1985 2017   .83
  43 NAC2201  1979 2018   .73
  44 NAC2202  1979 2018   .77
  45 NAC2301  1977 2018   .84
  46 NAC2302  1978 2018   .78
  47 NAC2401  1989 2018   .80
  48 NAC2402  1989 2018   .83
  49 NAC2501  1978 2018   .64
  50 NAC2502  1978 2018   .65
  51 NAC2601  1983 2018   .91
  52 NAC2602  1986 2018   .90
  53 NAC2701  1977 2018   .83
  54 NAC2702  1977 2017   .87
  55 NAC2801  1983 2015   .64
  56 NAC2802  1983 2018   .86
  57 NAC2901  1978 2018   .87
  58 NAC2902  1978 2015   .82
  59 NAC3001  1982 2018   .87
  60 NAC3002  1989 2018   .90
  61 NAC3101  1977 2018   .85
  62 NAC3102  1978 2016   .59
  63 NAC3201  1979 2014   .61
  64 NAC3202  1979 2016   .78
  65 NAC3301  1985 2018   .87
  66 NAC3302  1989 2018   .87
  67 NAC3401  1991 2018   .68
  68 NAC3402  1991 2018   .77
  69 NAC3501  1978 2018   .73
  70 NAC3502  1978 2017   .84
  71 NAC3601  1978 2018   .86
  72 NAC3602  1978 2018   .85
  73 NAC3701  1985 2018   .88
  74 NAC3702  1989 2018   .85
  75 NAC3801  1979 2018   .86
  76 NAC3802  1979 2018   .87
 Av segment correlation   .81
PART 6:  POTENTIAL PROBLEMS:                                                                       18:27  Tue 15 Feb 2022  Page   6
------------------------------------------------------------------------------------------------------------------------------------

 For each series with potential problems the following diagnostics may appear:

 [A] Correlations with master dating series of flagged  50-year segments of series filtered with  32-year spline,
     at every point from ten years earlier (-10) to ten years later (+10) than dated

 [B] Effect of those data values which most lower or raise correlation with master series
     Symbol following year indicates value in series is greater (>) or lesser (<) than master series value

 [C] Year-to-year changes very different from the mean change in other series

 [D] Absent rings (zero values)

 [E] Values which are statistical outliers from mean for the year
====================================================================================================================================

 NAC0101   1988 to  2018      31 years                                                                                    Series   1

 [B] Entire series, effect on correlation (  .856) is:
       Lower   1991> -.015   2012> -.014   2016< -.011   1988< -.010   2006> -.009   1995< -.008  Higher   2005  .033   1998  .011

====================================================================================================================================

 NAC0102   1985 to  2018      34 years                                                                                    Series   2

 [B] Entire series, effect on correlation (  .897) is:
       Lower   2005> -.014   1991> -.010   2016< -.008   1999> -.006   2018< -.005   2001< -.003  Higher   1985  .009   1990  .006

====================================================================================================================================

 NAC0201   1979 to  2018      40 years                                                                                    Series   3

 [B] Entire series, effect on correlation (  .849) is:
       Lower   1983> -.033   1994> -.010   1981< -.008   2005> -.008   1979< -.007   1988< -.005  Higher   2012  .016   1998  .012

====================================================================================================================================

 NAC0202   1979 to  2018      40 years                                                                                    Series   4

 [B] Entire series, effect on correlation (  .811) is:
       Lower   1999< -.027   1983> -.023   1994> -.010   1980< -.008   1988< -.005   2001> -.004  Higher   1985  .016   1990  .011

====================================================================================================================================

 NAC0301   1979 to  2016      38 years                                                                                    Series   5

 [B] Entire series, effect on correlation (  .594) is:
       Lower   1997< -.068   2016> -.045   1999> -.039   1995> -.023   2002< -.015   1994> -.011  Higher   2012  .051   2005  .047

 [E] Outliers     2   3.0 SD above or -4.5 SD below mean for year
       1995 +3.5 SD;    2016 +4.0 SD
====================================================================================================================================

 NAC0302   1977 to  2016      40 years                                                                                    Series   6

 [B] Entire series, effect on correlation (  .631) is:
       Lower   1983< -.039   1977> -.038   1990< -.033   1995> -.023   2014> -.018   1984< -.011  Higher   2005  .052   1998  .033

 [E] Outliers     1   3.0 SD above or -4.5 SD below mean for year
       1977 +3.0 SD
====================================================================================================================================

 NAC0401   1990 to  2018      29 years                                                                                    Series   7

 [B] Entire series, effect on correlation (  .889) is:
       Lower   2015< -.011   1998< -.011   2012> -.010   2005> -.008   2009< -.003   2003> -.003  Higher   2018  .007   2017  .006

====================================================================================================================================

 NAC0402   1988 to  2018      31 years                                                                                    Series   8

 [B] Entire series, effect on correlation (  .764) is:
       Lower   1998> -.053   1995< -.023   1988< -.020   2012> -.010   2016< -.005   1991> -.004  Higher   2005  .048   2010  .013

====================================================================================================================================

 NAC0501   1979 to  2018      40 years                                                                                    Series   9

 [B] Entire series, effect on correlation (  .806) is:
       Lower   1983> -.026   1991< -.016   1996< -.015   1998> -.013   1992< -.008   1979< -.006  Higher   2005  .031   2012  .012

====================================================================================================================================

 NAC0502   1979 to  2018      40 years                                                                                    Series  10

 [B] Entire series, effect on correlation (  .811) is:
       Lower   1981< -.012   1991> -.011   2008< -.009   1987< -.009   1993> -.007   1980> -.007  Higher   1999  .012   2017  .010

====================================================================================================================================

 NAC0601   1979 to  2018      40 years                                                                                    Series  11

 [B] Entire series, effect on correlation (  .815) is:
       Lower   1983> -.031   1998> -.022   1982< -.010   1992> -.006   1995> -.006   1985< -.005  Higher   2005  .025   1999  .013

====================================================================================================================================

 NAC0602   1979 to  2018      40 years                                                                                    Series  12

 [B] Entire series, effect on correlation (  .693) is:
       Lower   1990< -.056   1998< -.053   1986> -.011   2012> -.011   1983> -.011   1985> -.008  Higher   2005  .029   2018  .025

====================================================================================================================================

 NAC0701   1989 to  2018      30 years                                                                                    Series  13

 [B] Entire series, effect on correlation (  .855) is:
       Lower   2016> -.028   1989< -.010   2003> -.008   1991> -.005   2007< -.004   2018< -.004  Higher   1995  .012   1990  .009

====================================================================================================================================

 NAC0702   1986 to  2017      32 years                                                                                    Series  14

 [B] Entire series, effect on correlation (  .768) is:
       Lower   1989< -.099   1991> -.015   2006< -.013   2016> -.011   2003> -.007   1998> -.006  Higher   2012  .035   1999  .022

====================================================================================================================================

 NAC0801   1983 to  2018      36 years                                                                                    Series  15

 [B] Entire series, effect on correlation (  .847) is:
       Lower   1989< -.049   1991> -.013   1984< -.012   1983> -.007   1985> -.007   2013< -.006  Higher   2005  .025   2012  .015

====================================================================================================================================

 NAC0802   1983 to  2018      36 years                                                                                    Series  16

 [B] Entire series, effect on correlation (  .811) is:
       Lower   2010< -.039   2009> -.027   2008< -.014   2015< -.013   1997< -.010   2016> -.009  Higher   2005  .036   2012  .021

====================================================================================================================================

 NAC0901   1979 to  2018      40 years                                                                                    Series  17

 [B] Entire series, effect on correlation (  .866) is:
       Lower   2012< -.029   1982< -.008   2005> -.008   1999> -.008   1989> -.003   2007< -.003  Higher   2018  .010   2017  .007

====================================================================================================================================

 NAC0902   1979 to  2018      40 years                                                                                    Series  18

 [B] Entire series, effect on correlation (  .843) is:
       Lower   2005> -.024   1999> -.017   1980< -.015   1986> -.008   2000< -.006   1991< -.006  Higher   1998  .013   2018  .012

====================================================================================================================================

 NAC1001   1988 to  2018      31 years                                                                                    Series  19

 [B] Entire series, effect on correlation (  .838) is:
       Lower   1993< -.061   1991> -.018   1988< -.010   1990< -.009   2009> -.002   2016< -.001  Higher   1999  .013   2018  .010

====================================================================================================================================

 NAC1002   1983 to  2018      36 years                                                                                    Series  20

 [B] Entire series, effect on correlation (  .823) is:
       Lower   1984< -.036   1999> -.020   2012> -.012   1985> -.011   2006> -.006   1991> -.005  Higher   2018  .015   1998  .015

====================================================================================================================================

 NAC1101   1978 to  2016      39 years                                                                                    Series  21

 [B] Entire series, effect on correlation (  .599) is:
       Lower   1991< -.155   2012> -.052   1982< -.008   2016> -.006   2014> -.006   1985> -.006  Higher   1998  .039   1990  .033

 [E] Outliers     1   3.0 SD above or -4.5 SD below mean for year
       2012 +3.3 SD
====================================================================================================================================

 NAC1102   1978 to  2011      34 years                                                                                    Series  22

 [B] Entire series, effect on correlation (  .806) is:
       Lower   1978< -.055   1985> -.015   1994< -.009   1991< -.008   1992< -.006   2006> -.005  Higher   1998  .015   1990  .012

====================================================================================================================================

 NAC1201   1985 to  2018      34 years                                                                                    Series  23

 [B] Entire series, effect on correlation (  .746) is:
       Lower   1989< -.043   1996< -.031   2005> -.019   1991> -.016   2015< -.008   1986> -.008  Higher   2012  .031   1990  .017

====================================================================================================================================

 NAC1202   1990 to  2017      28 years                                                                                    Series  24

 [B] Entire series, effect on correlation (  .910) is:
       Lower   2016> -.021   1993< -.013   2005> -.009   1998> -.005   2003> -.004   2009> -.002  Higher   2012  .008   1995  .007

====================================================================================================================================

 NAC1301   1979 to  2018      40 years                                                                                    Series  25

 [B] Entire series, effect on correlation (  .662) is:
       Lower   1983> -.056   2012> -.016   1986> -.014   1981< -.013   2000> -.013   2004< -.012  Higher   2005  .041   2010  .018

 [E] Outliers     1   3.0 SD above or -4.5 SD below mean for year
       1983 +3.7 SD
====================================================================================================================================

 NAC1302   1978 to  2018      41 years                                                                                    Series  26

 [B] Entire series, effect on correlation (  .781) is:
       Lower   1995> -.034   1991< -.025   2012> -.016   1992< -.009   1986> -.007   1985> -.004  Higher   2018  .017   1999  .015

====================================================================================================================================

 NAC1401   1979 to  2018      40 years                                                                                    Series  27

 [B] Entire series, effect on correlation (  .872) is:
       Lower   1999> -.017   1981> -.016   2014< -.014   1984< -.010   2011< -.005   1983> -.005  Higher   2005  .017   2012  .013

====================================================================================================================================

 NAC1402   1978 to  2018      41 years                                                                                    Series  28

 [B] Entire series, effect on correlation (  .930) is:
       Lower   1978> -.011   1981> -.011   1982> -.006   1984< -.005   2001> -.005   1979< -.003  Higher   2005  .012   2012  .006

====================================================================================================================================

 NAC1501   1989 to  2018      30 years                                                                                    Series  29

 [B] Entire series, effect on correlation (  .822) is:
       Lower   2012> -.033   1989< -.016   2016> -.015   2014> -.013   2001> -.005   2010< -.002  Higher   2005  .039   2018  .017

====================================================================================================================================

 NAC1502   1988 to  2018      31 years                                                                                    Series  30

 [B] Entire series, effect on correlation (  .867) is:
       Lower   2012> -.035   1988< -.012   1989< -.008   1991> -.008   2014> -.006   2016> -.004  Higher   2005  .019   1998  .014

====================================================================================================================================

 NAC1601   1978 to  2018      41 years                                                                                    Series  31

 [B] Entire series, effect on correlation (  .830) is:
       Lower   1983< -.052   1996< -.010   2011< -.009   2003> -.008   2009< -.005   2000> -.004  Higher   2005  .020   1998  .013

====================================================================================================================================

 NAC1602   1978 to  2018      41 years                                                                                    Series  32

 [B] Entire series, effect on correlation (  .809) is:
       Lower   1983< -.057   2001> -.011   1979> -.008   1993> -.008   2003> -.006   1987< -.006  Higher   2005  .035   1998  .013

====================================================================================================================================

 NAC1701   1988 to  2018      31 years                                                                                    Series  33

 [B] Entire series, effect on correlation (  .734) is:
       Lower   1999> -.056   1988< -.026   2008< -.018   1994< -.016   2001> -.011   2010< -.009  Higher   2005  .071   1990  .017

====================================================================================================================================

 NAC1702   1990 to  2018      29 years                                                                                    Series  34

 [B] Entire series, effect on correlation (  .785) is:
       Lower   1999> -.049   2014< -.032   1994< -.013   1991> -.013   1998> -.010   2009< -.007  Higher   2005  .052   1995  .017

====================================================================================================================================

 NAC1801   1978 to  2018      41 years                                                                                    Series  35

 [B] Entire series, effect on correlation (  .850) is:
       Lower   2005> -.028   1983< -.026   1995> -.019   1981> -.009   2002< -.004   1993> -.003  Higher   2012  .015   1985  .012

====================================================================================================================================

 NAC1802   1978 to  2018      41 years                                                                                    Series  36

 [B] Entire series, effect on correlation (  .867) is:
       Lower   1983< -.013   2005> -.013   2006> -.006   2000< -.005   1981> -.005   2009> -.003  Higher   1998  .010   1985  .010

====================================================================================================================================

 NAC1901   1978 to  2018      41 years                                                                                    Series  37

 [B] Entire series, effect on correlation (  .896) is:
       Lower   1995> -.031   1985< -.012   1999> -.006   1981> -.003   1984> -.002   1993> -.002  Higher   2012  .010   2018  .008

====================================================================================================================================

 NAC1902   1978 to  2018      41 years                                                                                    Series  38

 [B] Entire series, effect on correlation (  .879) is:
       Lower   1995> -.015   2001> -.010   1999< -.008   1991> -.005   2012> -.004   1978> -.003  Higher   2005  .016   1985  .009

====================================================================================================================================

 NAC2001   1988 to  2018      31 years                                                                                    Series  39

 [B] Entire series, effect on correlation (  .827) is:
       Lower   2012> -.029   1993< -.021   2005> -.020   1988< -.012   1989< -.008   1991> -.005  Higher   1998  .019   1995  .014

====================================================================================================================================

 NAC2002   1989 to  2018      30 years                                                                                    Series  40

 [B] Entire series, effect on correlation (  .867) is:
       Lower   2012> -.032   1994< -.009   2007> -.008   2003> -.007   2006> -.006   1989< -.005  Higher   2005  .021   1998  .014

====================================================================================================================================

 NAC2101   1985 to  2008      24 years                                                                                    Series  41

 [B] Entire series, effect on correlation (  .743) is:
       Lower   2006< -.094   1989< -.043   2008< -.023   1998> -.014   1993> -.009   1991> -.008  Higher   2005  .045   1990  .033

====================================================================================================================================

 NAC2102   1985 to  2017      33 years                                                                                    Series  42

 [B] Entire series, effect on correlation (  .833) is:
       Lower   2012> -.044   2008< -.018   1992< -.007   2011< -.004   1985> -.004   2014> -.004  Higher   2005  .036   1999  .012

====================================================================================================================================

 NAC2201   1979 to  2018      40 years                                                                                    Series  43

 [B] Entire series, effect on correlation (  .727) is:
       Lower   1983> -.049   1981< -.021   2005> -.010   1992< -.008   1996< -.008   1982> -.006  Higher   2012  .028   1990  .018

 [E] Outliers     1   3.0 SD above or -4.5 SD below mean for year
       1983 +3.4 SD
====================================================================================================================================

 NAC2202   1979 to  2018      40 years                                                                                    Series  44

 [B] Entire series, effect on correlation (  .775) is:
       Lower   1981< -.041   1983> -.016   1992< -.012   1991< -.011   1982> -.006   1986> -.005  Higher   2018  .018   2012  .017

====================================================================================================================================

 NAC2301   1977 to  2018      42 years                                                                                    Series  45

 [B] Entire series, effect on correlation (  .841) is:
       Lower   2005> -.012   1979> -.010   1982< -.008   1978> -.008   1992< -.007   1981> -.005  Higher   2012  .012   2017  .010

 [E] Outliers     1   3.0 SD above or -4.5 SD below mean for year
       2018 +3.4 SD
====================================================================================================================================

 NAC2302   1978 to  2018      41 years                                                                                    Series  46

 [B] Entire series, effect on correlation (  .776) is:
       Lower   1985< -.042   1981< -.024   1980> -.016   2005> -.015   2013< -.004   2007< -.004  Higher   2018  .021   2017  .013

====================================================================================================================================

 NAC2401   1989 to  2018      30 years                                                                                    Series  47

 [B] Entire series, effect on correlation (  .800) is:
       Lower   2005> -.058   1989< -.025   2001< -.012   2007> -.006   1993> -.005   2009> -.003  Higher   1999  .017   2018  .013

====================================================================================================================================

 NAC2402   1989 to  2018      30 years                                                                                    Series  48

 [B] Entire series, effect on correlation (  .833) is:
       Lower   1989< -.089   1998> -.020   2003> -.004   1994> -.002   2012> -.001   2008< -.001  Higher   2005  .040   1995  .013

====================================================================================================================================

 NAC2501   1978 to  2018      41 years                                                                                    Series  49

 [B] Entire series, effect on correlation (  .639) is:
       Lower   1983> -.044   1985> -.044   1990< -.044   1999> -.018   1991< -.017   1993> -.015  Higher   2005  .062   2012  .042

 [E] Outliers     1   3.0 SD above or -4.5 SD below mean for year
       1983 +3.3 SD
====================================================================================================================================

 NAC2502   1978 to  2018      41 years                                                                                    Series  50

 [B] Entire series, effect on correlation (  .650) is:
       Lower   1985> -.049   1990< -.044   1983> -.033   1984< -.016   1992< -.010   1991< -.008  Higher   2005  .034   2018  .033

 [E] Outliers     1   3.0 SD above or -4.5 SD below mean for year
       1983 +3.0 SD
====================================================================================================================================

 NAC2601   1983 to  2018      36 years                                                                                    Series  51

 [B] Entire series, effect on correlation (  .914) is:
       Lower   1983> -.008   1998> -.007   2016< -.007   1984< -.005   2011< -.003   1991> -.003  Higher   2005  .012   1990  .005

====================================================================================================================================

 NAC2602   1986 to  2018      33 years                                                                                    Series  52

 [B] Entire series, effect on correlation (  .900) is:
       Lower   1991> -.015   1998> -.013   1986< -.013   2003> -.005   1994> -.004   2016< -.003  Higher   2005  .023   2012  .013

====================================================================================================================================

 NAC2701   1977 to  2018      42 years                                                                                    Series  53

 [B] Entire series, effect on correlation (  .832) is:
       Lower   1981> -.017   2012> -.017   1982< -.014   1978> -.013   1984< -.011   1977> -.006  Higher   2005  .020   1985  .013

====================================================================================================================================

 NAC2702   1977 to  2017      41 years                                                                                    Series  54

 [B] Entire series, effect on correlation (  .865) is:
       Lower   1998> -.020   1991> -.015   1983< -.015   1981> -.010   1985> -.005   2013< -.005  Higher   2012  .014   2005  .009

====================================================================================================================================

 NAC2801   1983 to  2015      33 years                                                                                    Series  55

 [B] Entire series, effect on correlation (  .641) is:
       Lower   2015> -.154   1984< -.016   1991> -.009   2007< -.009   2012> -.008   2002< -.005  Higher   1990  .026   1995  .025

 [E] Outliers     1   3.0 SD above or -4.5 SD below mean for year
       2015 +6.3 SD
====================================================================================================================================

 NAC2802   1983 to  2018      36 years                                                                                    Series  56

 [B] Entire series, effect on correlation (  .858) is:
       Lower   2011< -.030   1999> -.012   1984< -.008   2014< -.006   1983> -.005   1987< -.005  Higher   2005  .019   2018  .011

====================================================================================================================================

 NAC2901   1978 to  2018      41 years                                                                                    Series  57

 [B] Entire series, effect on correlation (  .873) is:
       Lower   1983< -.038   1998> -.014   1992< -.011   2013< -.008   1996< -.003   1981> -.003  Higher   2005  .013   2012  .013

====================================================================================================================================

 NAC2902   1978 to  2015      38 years                                                                                    Series  58

 [B] Entire series, effect on correlation (  .819) is:
       Lower   1992< -.029   2014> -.018   1995> -.015   2008< -.011   1981> -.008   2007< -.005  Higher   1990  .015   2012  .011

====================================================================================================================================

 NAC3001   1982 to  2018      37 years                                                                                    Series  59

 [B] Entire series, effect on correlation (  .867) is:
       Lower   2011< -.023   2012> -.014   1982< -.010   2010< -.006   2000> -.003   1985> -.003  Higher   2005  .018   1998  .011

====================================================================================================================================

 NAC3002   1989 to  2018      30 years                                                                                    Series  60

 [B] Entire series, effect on correlation (  .896) is:
       Lower   2005> -.024   1993< -.010   1989< -.008   2003> -.005   1999< -.005   2001> -.004  Higher   1998  .009   1995  .008

====================================================================================================================================

 NAC3101   1977 to  2018      42 years                                                                                    Series  61

 [B] Entire series, effect on correlation (  .852) is:
       Lower   1977< -.062   1986> -.009   2013< -.007   1992< -.005   1999> -.005   1980> -.004  Higher   2005  .014   1985  .011

====================================================================================================================================

 NAC3102   1978 to  2016      39 years                                                                                    Series  62

 [B] Entire series, effect on correlation (  .587) is:
       Lower   2012> -.073   2013< -.052   1991< -.038   2009< -.025   2014> -.018   2016> -.010  Higher   1990  .034   1998  .028

 [E] Outliers     1   3.0 SD above or -4.5 SD below mean for year
       2012 +3.6 SD
====================================================================================================================================

 NAC3201   1979 to  2014      36 years                                                                                    Series  63

 [B] Entire series, effect on correlation (  .611) is:
       Lower   1981< -.174   1983> -.019   2009< -.012   1995> -.012   1980> -.009   2014> -.008  Higher   1985  .031   1999  .027

 [E] Outliers     1   3.0 SD above or -4.5 SD below mean for year
       1981 -5.5 SD
====================================================================================================================================

 NAC3202   1979 to  2016      38 years                                                                                    Series  64

 [B] Entire series, effect on correlation (  .782) is:
       Lower   1991< -.025   2016> -.023   1981< -.021   1983> -.012   2005> -.011   1985> -.010  Higher   1998  .019   2010  .015

====================================================================================================================================

 NAC3301   1985 to  2018      34 years                                                                                    Series  65

 [B] Entire series, effect on correlation (  .875) is:
       Lower   1989< -.046   1998> -.026   1991> -.019   2013< -.001   1987<  .000   2007<  .000  Higher   2005  .025   2012  .013

====================================================================================================================================

 NAC3302   1989 to  2018      30 years                                                                                    Series  66

 [B] Entire series, effect on correlation (  .869) is:
       Lower   1990< -.031   1998> -.027   1992< -.019   2015< -.004   2009> -.003   2013< -.002  Higher   2005  .031   2012  .011

====================================================================================================================================

 NAC3401   1991 to  2018      28 years                                                                                    Series  67

 [B] Entire series, effect on correlation (  .683) is:
       Lower   2016< -.094   1999> -.034   1991> -.017   2015< -.015   2001< -.009   1998> -.006  Higher   1995  .031   2010  .022

====================================================================================================================================

 NAC3402   1991 to  2018      28 years                                                                                    Series  68

 [B] Entire series, effect on correlation (  .767) is:
       Lower   1999> -.029   1991> -.027   2016< -.025   2014< -.022   2012> -.020   2000< -.006  Higher   2005  .055   2010  .017

====================================================================================================================================

 NAC3501   1978 to  2018      41 years                                                                                    Series  69

 [B] Entire series, effect on correlation (  .733) is:
       Lower   2012> -.035   2006> -.011   1999< -.009   1978> -.009   1983> -.007   2002< -.007  Higher   2018  .026   2005  .019

====================================================================================================================================

 NAC3502   1978 to  2017      40 years                                                                                    Series  70

 [B] Entire series, effect on correlation (  .838) is:
       Lower   1983< -.027   1998> -.017   2016> -.013   2004< -.008   2003< -.008   1980< -.006  Higher   2005  .025   2012  .011

====================================================================================================================================

 NAC3601   1978 to  2018      41 years                                                                                    Series  71

 [B] Entire series, effect on correlation (  .858) is:
       Lower   1978> -.023   1983< -.012   1994> -.008   1991> -.007   1998> -.006   1986< -.005  Higher   2012  .012   1985  .012

====================================================================================================================================

 NAC3602   1978 to  2018      41 years                                                                                    Series  72

 [B] Entire series, effect on correlation (  .850) is:
       Lower   1983< -.032   1995> -.018   1986< -.010   1978> -.008   1981> -.007   1993> -.006  Higher   2005  .016   2012  .013

====================================================================================================================================

 NAC3701   1985 to  2018      34 years                                                                                    Series  73

 [B] Entire series, effect on correlation (  .879) is:
       Lower   1999> -.024   2012> -.014   2007< -.011   2016< -.010   1998> -.006   1986< -.003  Higher   2005  .021   1985  .010

====================================================================================================================================

 NAC3702   1989 to  2018      30 years                                                                                    Series  74

 [B] Entire series, effect on correlation (  .851) is:
       Lower   2005> -.032   2018< -.013   2016< -.012   2006> -.008   2007> -.008   1993< -.006  Higher   1998  .014   2012  .013

====================================================================================================================================

 NAC3801   1979 to  2018      40 years                                                                                    Series  75

 [B] Entire series, effect on correlation (  .859) is:
       Lower   1990< -.013   1983> -.011   1996< -.010   2012> -.007   1989> -.007   1987> -.004  Higher   2005  .014   2018  .013

====================================================================================================================================

 NAC3802   1979 to  2018      40 years                                                                                    Series  76

 [B] Entire series, effect on correlation (  .871) is:
       Lower   2001> -.014   1995> -.014   1983> -.012   1981< -.008   1980> -.004   1987> -.003  Higher   2005  .015   2017  .007

====================================================================================================================================

 [*] All segments correlate highest as dated with correlation with master series over   .3281
PART 7:  DESCRIPTIVE STATISTICS:                                                                   18:27  Tue 15 Feb 2022  Page   7
------------------------------------------------------------------------------------------------------------------------------------

                                                Corr   //-------- Unfiltered --------\\  //---- Filtered -----\\
                           No.    No.    No.    with   Mean   Max     Std   Auto   Mean   Max     Std   Auto  AR
 Seq Series   Interval   Years  Segmt  Flags   Master  msmt   msmt    dev   corr   sens  value    dev   corr  ()
 --- -------- ---------  -----  -----  -----   ------ -----  -----  -----  -----  -----  -----  -----  -----  --
   1 NAC0101  1988 2018     31      1      0    .856   2.55   8.77  2.364   .795   .530   2.67   .662  -.130   2
   2 NAC0102  1985 2018     34      1      0    .897   2.25   8.58  2.046   .726   .591   2.72   .656  -.093   1
   3 NAC0201  1979 2018     40      1      0    .849   2.41   7.57  2.204   .756   .587   3.36   .606   .033   1
   4 NAC0202  1979 2018     40      1      0    .811   2.73   8.61  2.107   .656   .630   2.67   .537   .101   1
   5 NAC0301  1979 2016     38      1      0    .594   2.16   9.94  2.166   .789   .440   2.78   .517  -.073   1
   6 NAC0302  1977 2016     40      1      0    .631   2.13  10.73  2.135   .735   .415   2.93   .509  -.066   2
   7 NAC0401  1990 2018     29      1      0    .889   1.93   6.66  1.664   .658   .565   2.69   .657  -.094   3
   8 NAC0402  1988 2018     31      1      0    .764   1.73   4.44  1.224   .647   .534   2.60   .556  -.132   2
   9 NAC0501  1979 2018     40      1      0    .806   2.26  15.40  3.141   .644   .604   2.97   .601  -.068   1
  10 NAC0502  1979 2018     40      1      0    .811   1.82   8.79  1.904   .691   .614   2.64   .456  -.108   2
  11 NAC0601  1979 2018     40      1      0    .815   1.80   6.62  1.483   .621   .525   2.77   .575  -.034   1
  12 NAC0602  1979 2018     40      1      0    .693   2.72  13.23  3.012   .822   .518   2.60   .430   .118   1
  13 NAC0701  1989 2018     30      1      0    .855   1.98   7.93  1.819   .742   .434   2.63   .625  -.022   1
  14 NAC0702  1986 2017     32      1      0    .768   2.22   8.30  1.818   .434   .522   2.89   .746   .005   1
  15 NAC0801  1983 2018     36      1      0    .847   1.81   8.34  1.853   .610   .597   3.00   .734   .022   1
  16 NAC0802  1983 2018     36      1      0    .811   2.08  10.70  2.286   .786   .530   2.75   .606  -.081   1
  17 NAC0901  1979 2018     40      1      0    .866   1.01   4.15   .963   .732   .599   2.78   .510  -.037   1
  18 NAC0902  1979 2018     40      1      0    .843   1.40   5.30  1.331   .790   .562   2.73   .581  -.082   1
  19 NAC1001  1988 2018     31      1      0    .838   1.76   5.33  1.541   .853   .542   2.61   .674   .002   1
  20 NAC1002  1983 2018     36      1      0    .823   1.54   4.51  1.268   .743   .423   2.67   .489  -.053   2
  21 NAC1101  1978 2016     39      1      0    .599   1.65   8.39  1.912   .787   .565   2.67   .471  -.086   1
  22 NAC1102  1978 2011     34      1      0    .806   1.52   5.34  1.435   .756   .548   2.76   .671  -.040   1
  23 NAC1201  1985 2018     34      1      0    .746   1.90   6.38  1.496   .441   .566   2.70   .602  -.033   1
  24 NAC1202  1990 2017     28      1      0    .910   2.69  11.98  2.818   .636   .550   2.68   .748  -.046   1
  25 NAC1301  1979 2018     40      1      0    .662   1.45   3.68  1.092   .686   .621   2.63   .525  -.007   2
  26 NAC1302  1978 2018     41      1      0    .781   2.09   6.94  1.813   .721   .555   2.79   .612   .081   1
  27 NAC1401  1979 2018     40      1      0    .872   2.28   7.53  1.834   .564   .593   2.77   .703  -.028   2
  28 NAC1402  1978 2018     41      1      0    .930   1.95   7.17  1.747   .558   .651   2.84   .666  -.040   1
  29 NAC1501  1989 2018     30      1      0    .822   2.73  10.28  2.566   .830   .380   2.80   .588   .000   1
  30 NAC1502  1988 2018     31      1      0    .867   2.23   7.89  2.126   .837   .563   2.68   .561   .037   1
  31 NAC1601  1978 2018     41      1      0    .830   1.84   5.68  1.270   .669   .476   2.63   .556  -.020   1
  32 NAC1602  1978 2018     41      1      0    .809   1.69   5.20  1.030   .696   .420   2.73   .540   .013   1
  33 NAC1701  1988 2018     31      1      0    .734   2.43   8.14  1.707   .715   .339   2.63   .577  -.025   2
  34 NAC1702  1990 2018     29      1      0    .785   2.29   5.64  1.322   .805   .300   2.60   .708  -.020   2
  35 NAC1801  1978 2018     41      1      0    .850   2.22   9.76  1.889   .601   .520   2.87   .639  -.019   1
  36 NAC1802  1978 2018     41      1      0    .867   1.54   7.92  1.637   .662   .603   2.91   .694   .040   1
  37 NAC1901  1978 2018     41      1      0    .896   3.55  12.21  3.094   .748   .504   2.81   .611  -.051   1
  38 NAC1902  1978 2018     41      1      0    .879   3.30  10.51  2.570   .667   .543   2.63   .654   .088   1
  39 NAC2001  1988 2018     31      1      0    .827   2.14   7.27  2.256   .704   .681   2.89   .743   .083   1
  40 NAC2002  1989 2018     30      1      0    .867   2.06   6.69  2.062   .687   .697   2.76   .719   .158   1
  41 NAC2101  1985 2008     24      1      0    .743   2.69   9.15  2.027   .183   .531   2.93   .676   .109   1
  42 NAC2102  1985 2017     33      1      0    .833   1.40   5.55  1.299   .681   .620   3.03   .655   .003   2
  43 NAC2201  1979 2018     40      1      0    .727   1.74   7.64  1.424   .524   .501   3.06   .569   .061   1
  44 NAC2202  1979 2018     40      1      0    .775   2.03   9.13  1.811   .610   .458   2.91   .600  -.002   1
  45 NAC2301  1977 2018     42      1      0    .841   1.85   7.16  1.774   .434   .727   3.73   .640  -.076   1
  46 NAC2302  1978 2018     41      1      0    .776   1.61   5.62  1.500   .553   .698   2.97   .471  -.026   1
  47 NAC2401  1989 2018     30      1      0    .800   1.46   4.15  1.137   .754   .595   2.74   .658   .009   1
  48 NAC2402  1989 2018     30      1      0    .833   2.39   8.56  2.054   .446   .624   2.82   .635  -.059   1
PART 7:  DESCRIPTIVE STATISTICS:                                                                   18:27  Tue 15 Feb 2022  Page   8
------------------------------------------------------------------------------------------------------------------------------------

                                                Corr   //-------- Unfiltered --------\\  //---- Filtered -----\\
                           No.    No.    No.    with   Mean   Max     Std   Auto   Mean   Max     Std   Auto  AR
 Seq Series   Interval   Years  Segmt  Flags   Master  msmt   msmt    dev   corr   sens  value    dev   corr  ()
 --- -------- ---------  -----  -----  -----   ------ -----  -----  -----  -----  -----  -----  -----  -----  --
  49 NAC2501  1978 2018     41      1      0    .639   2.79  10.87  2.726   .838   .500   2.60   .578  -.051   1
  50 NAC2502  1978 2018     41      1      0    .650   2.46  10.80  2.645   .834   .508   2.81   .469  -.083   1
  51 NAC2601  1983 2018     36      1      0    .914   2.24   7.98  1.765   .647   .613   2.67   .627  -.057   1
  52 NAC2602  1986 2018     33      1      0    .900   2.53   9.28  2.343   .807   .539   2.51   .672  -.024   1
  53 NAC2701  1977 2018     42      1      0    .832   1.39   4.55  1.048   .618   .610   2.67   .524  -.049   2
  54 NAC2702  1977 2017     41      1      0    .865   1.21   4.42   .995   .694   .538   3.46   .704   .018   1
  55 NAC2801  1983 2015     33      1      0    .641   1.27   6.73  1.426   .690   .619   4.63   .868   .315   1
  56 NAC2802  1983 2018     36      1      0    .858   1.52   7.50  1.622   .625   .686   3.04   .565  -.119   2
  57 NAC2901  1978 2018     41      1      0    .873   1.86   7.24  1.711   .576   .635   3.04   .607  -.060   1
  58 NAC2902  1978 2015     38      1      0    .819   1.74   7.38  1.785   .584   .572   2.93   .680  -.051   1
  59 NAC3001  1982 2018     37      1      0    .867   1.64   7.68  1.620   .730   .640   2.75   .569   .014   1
  60 NAC3002  1989 2018     30      1      0    .896   2.35  11.31  2.587   .723   .622   2.72   .716   .104   1
  61 NAC3101  1977 2018     42      1      0    .852   2.97   9.75  2.446   .682   .581   2.83   .732  -.033   1
  62 NAC3102  1978 2016     39      1      0    .587   2.22  10.63  2.222   .749   .471   2.97   .694  -.173   1
  63 NAC3201  1979 2014     36      1      0    .611   1.71   6.07  1.521   .790   .574   2.63   .557  -.091   1
  64 NAC3202  1979 2016     38      1      0    .782   1.34   6.07  1.407   .748   .541   2.70   .582  -.152   1
  65 NAC3301  1985 2018     34      1      0    .875   1.93   7.49  1.725   .582   .670   2.88   .713  -.066   1
  66 NAC3302  1989 2018     30      1      0    .869   1.96   8.27  1.869   .488   .634   2.85   .709  -.063   1
  67 NAC3401  1991 2018     28      1      0    .683   1.87   5.54  1.455   .544   .614   2.69   .655  -.129   3
  68 NAC3402  1991 2018     28      1      0    .767   2.79   8.77  2.341   .597   .617   2.83   .721  -.222   2
  69 NAC3501  1978 2018     41      1      0    .733   1.77   6.29  1.406   .682   .531   2.99   .539   .203   1
  70 NAC3502  1978 2017     40      1      0    .838   1.57   7.96  1.456   .540   .591   3.16   .632  -.139   1
  71 NAC3601  1978 2018     41      1      0    .858   2.27   9.04  2.189   .505   .613   2.81   .691  -.096   1
  72 NAC3602  1978 2018     41      1      0    .850   1.75   5.85  1.550   .526   .636   2.71   .618  -.054   1
  73 NAC3701  1985 2018     34      1      0    .879   2.25   7.78  1.958   .608   .613   2.79   .608  -.132   2
  74 NAC3702  1989 2018     30      1      0    .851   2.66  12.14  2.702   .738   .564   2.60   .675  -.104   1
  75 NAC3801  1979 2018     40      1      0    .859   2.90  17.03  3.286   .718   .569   2.90   .527   .060   1
  76 NAC3802  1979 2018     40      1      0    .871   3.31  13.42  3.338   .734   .649   2.69   .606  -.017   1
 --- -------- ---------  -----  -----  -----   ------ -----  -----  -----  -----  -----  -----  -----  -----  --
 Total or mean:           2760     76      0    .805   2.06  17.03  1.895   .669   .563   4.63   .614  -.025

                                              - = [  COFECHA CORESCOF  ] = -
