[]  Dendrochronology Program Library                                        Run TREES  Program COF  18:26  Tue 15 Feb 2022  Page   1
[]
[]  P R O G R A M      C O F E C H A                                                                          Version 6.06P    31824
------------------------------------------------------------------------------------------------------------------------------------

 QUALITY CONTROL AND DATING CHECK OF TREE-RING MEASUREMENTS

 File of DATED series:   1-Nacimiento_PIHA_trees.rwl

 CONTENTS:

    Part 1:  Title page, options selected, summary, absent rings by series
    Part 2:  Histogram of time spans
    Part 3:  Master series with sample depth and absent rings by year
    Part 4:  Bar plot of Master Dating Series
    Part 5:  Correlation by segment of each series with Master
    Part 6:  Potential problems: low correlation, divergent year-to-year changes, absent rings, outliers
    Part 7:  Descriptive statistics

 RUN CONTROL OPTIONS SELECTED                             VALUE

         1  Cubic smoothing spline 50% wavelength cutoff for filtering
                                                            32 years
         2  Segments examined are                           50 years lagged successively by  25 years
         3  Autoregressive model applied                     A  Residuals are used in master dating series and testing
         4  Series transformed to logarithms                 Y  Each series log-transformed for master dating series and testing
         5  CORRELATION is Pearson (parametric, quantitative)
            Critical correlation, 99% confidence level   .3281
         6  Master dating series saved                       N
         7  Ring measurements listed                         N
         8  Parts printed                              1234567 
         9  Absent rings are omitted from master series and segment correlations  (Y)

 Time span of Master dating series is  1977 to  2018    42 years
 Continuous time span is               1977 to  2018    42 years
 Portion with two or more series is    1977 to  2018    42 years


                                        ****************************************
                                        *C* Number of dated series        38 *C*
                                        *O* Master series 1977 2018   42 yrs *O*
                                        *F* Total rings in all series   1417 *F*
                                        *E* Total dated rings checked   1417 *E*
                                        *C* Series intercorrelation     .837 *C*
                                        *H* Average mean sensitivity    .543 *H*
                                        *A* Segments, possible problems    0 *A*
                                        *** Mean length of series       37.3 ***
                                        ****************************************

 ABSENT RINGS listed by SERIES:            (See Master Dating Series for absent rings listed by year)

               No ring measurements of zero value
PART 2:  TIME PLOT OF TREE-RING SERIES:                                                            18:26  Tue 15 Feb 2022  Page   2
------------------------------------------------------------------------------------------------------------------------------------
 1050 1100 1150 1200 1250 1300 1350 1400 1450 1500 1550 1600 1650 1700 1750 1800 1850 1900 1950 2000 2050 Ident   Seq Time-span  Yrs
   :    :    :    :    :    :    :    :    :    :    :    :    :    :    :    :    :    :    :    :    : -------- --- ---- ---- ----
   .    .    .    .    .    .    .    .    .    .    .    .    .    .    .    .    .    .    .  <==>   . NAC01      1 1985 2018   34
   .    .    .    .    .    .    .    .    .    .    .    .    .    .    .    .    .    .    . <===>   . NAC02      2 1979 2018   40
   .    .    .    .    .    .    .    .    .    .    .    .    .    .    .    .    .    .    . <===>   . NAC03      3 1977 2016   40
   .    .    .    .    .    .    .    .    .    .    .    .    .    .    .    .    .    .    .  <==>   . NAC04      4 1988 2018   31
   .    .    .    .    .    .    .    .    .    .    .    .    .    .    .    .    .    .    . <===>   . NAC05      5 1979 2018   40
   .    .    .    .    .    .    .    .    .    .    .    .    .    .    .    .    .    .    . <===>   . NAC06      6 1979 2018   40
   .    .    .    .    .    .    .    .    .    .    .    .    .    .    .    .    .    .    .  <==>   . NAC07      7 1986 2018   33
   .    .    .    .    .    .    .    .    .    .    .    .    .    .    .    .    .    .    .  <==>   . NAC08      8 1983 2018   36
   .    .    .    .    .    .    .    .    .    .    .    .    .    .    .    .    .    .    . <===>   . NAC09      9 1979 2018   40
   .    .    .    .    .    .    .    .    .    .    .    .    .    .    .    .    .    .    .  <==>   . NAC10     10 1983 2018   36
   .    .    .    .    .    .    .    .    .    .    .    .    .    .    .    .    .    .    . <===>   . NAC11     11 1978 2016   39
   .    .    .    .    .    .    .    .    .    .    .    .    .    .    .    .    .    .    .  <==>   . NAC12     12 1985 2018   34
   .    .    .    .    .    .    .    .    .    .    .    .    .    .    .    .    .    .    . <===>   . NAC13     13 1978 2018   41
   .    .    .    .    .    .    .    .    .    .    .    .    .    .    .    .    .    .    . <===>   . NAC14     14 1978 2018   41
   .    .    .    .    .    .    .    .    .    .    .    .    .    .    .    .    .    .    .  <==>   . NAC15     15 1988 2018   31
   .    .    .    .    .    .    .    .    .    .    .    .    .    .    .    .    .    .    . <===>   . NAC16     16 1978 2018   41
   .    .    .    .    .    .    .    .    .    .    .    .    .    .    .    .    .    .    .  <==>   . NAC17     17 1988 2018   31
   .    .    .    .    .    .    .    .    .    .    .    .    .    .    .    .    .    .    . <===>   . NAC18     18 1978 2018   41
   .    .    .    .    .    .    .    .    .    .    .    .    .    .    .    .    .    .    . <===>   . NAC19     19 1978 2018   41
   .    .    .    .    .    .    .    .    .    .    .    .    .    .    .    .    .    .    .  <==>   . NAC20     20 1988 2018   31
   .    .    .    .    .    .    .    .    .    .    .    .    .    .    .    .    .    .    .  <==>   . NAC21     21 1985 2017   33
   .    .    .    .    .    .    .    .    .    .    .    .    .    .    .    .    .    .    . <===>   . NAC22     22 1979 2018   40
   .    .    .    .    .    .    .    .    .    .    .    .    .    .    .    .    .    .    . <===>   . NAC23     23 1977 2018   42
   .    .    .    .    .    .    .    .    .    .    .    .    .    .    .    .    .    .    .  <==>   . NAC24     24 1989 2018   30
   .    .    .    .    .    .    .    .    .    .    .    .    .    .    .    .    .    .    . <===>   . NAC25     25 1978 2018   41
   .    .    .    .    .    .    .    .    .    .    .    .    .    .    .    .    .    .    .  <==>   . NAC26     26 1983 2018   36
   .    .    .    .    .    .    .    .    .    .    .    .    .    .    .    .    .    .    . <===>   . NAC27     27 1977 2018   42
   .    .    .    .    .    .    .    .    .    .    .    .    .    .    .    .    .    .    .  <==>   . NAC28     28 1983 2018   36
   .    .    .    .    .    .    .    .    .    .    .    .    .    .    .    .    .    .    . <===>   . NAC29     29 1978 2018   41
   .    .    .    .    .    .    .    .    .    .    .    .    .    .    .    .    .    .    .  <==>   . NAC30     30 1982 2018   37
   .    .    .    .    .    .    .    .    .    .    .    .    .    .    .    .    .    .    . <===>   . NAC31     31 1977 2018   42
   .    .    .    .    .    .    .    .    .    .    .    .    .    .    .    .    .    .    . <===>   . NAC32     32 1979 2016   38
   .    .    .    .    .    .    .    .    .    .    .    .    .    .    .    .    .    .    .  <==>   . NAC33     33 1985 2018   34
   .    .    .    .    .    .    .    .    .    .    .    .    .    .    .    .    .    .    .   <=>   . NAC34     34 1991 2018   28
   .    .    .    .    .    .    .    .    .    .    .    .    .    .    .    .    .    .    . <===>   . NAC35     35 1978 2018   41
   .    .    .    .    .    .    .    .    .    .    .    .    .    .    .    .    .    .    . <===>   . NAC36     36 1978 2018   41
   .    .    .    .    .    .    .    .    .    .    .    .    .    .    .    .    .    .    .  <==>   . NAC37     37 1985 2018   34
   .    .    .    .    .    .    .    .    .    .    .    .    .    .    .    .    .    .    . <===>   . NAC38     38 1979 2018   40
   :    :    :    :    :    :    :    :    :    :    :    :    :    :    :    :    :    :    :    :    :
 1050 1100 1150 1200 1250 1300 1350 1400 1450 1500 1550 1600 1650 1700 1750 1800 1850 1900 1950 2000 2050
PART 3:  Master Dating Series:                                                                     18:26  Tue 15 Feb 2022  Page   3
------------------------------------------------------------------------------------------------------------------------------------
  Year  Value  No Ab    Year  Value  No Ab    Year  Value  No Ab    Year  Value  No Ab    Year  Value  No Ab    Year  Value  No Ab
  ------------------    ------------------    ------------------    ------------------    ------------------    ------------------
                        2000  -.471  38
                        2001  -.480  38
                        2002   .129  38
                        2003  -.376  38
                        2004  1.193  38
                        2005 -1.420  38
                        2006 -1.272  38
                        2007   .027  38
                        2008   .695  38
                        2009   .165  38

                        2010  1.387  38
                        2011  1.145  38
                        2012 -1.276  38
                        2013   .174  38
                        2014  -.280  38
                        2015   .478  38
                        2016  -.113  38
                        2017  1.390  35
                        2018  1.901  34









  1977 -1.029   4
  1978  -.586  14
  1979  -.266  21

  1980  -.796  21
  1981  -.028  21
  1982   .213  22
  1983 -1.158  26
  1984   .426  26
  1985 -1.422  31
  1986  -.589  32
  1987   .236  32
  1988   .506  36
  1989  1.210  37

  1990  1.865  37
  1991   .506  38
  1992   .746  38
  1993  -.254  38
  1994  -.325  38
  1995 -1.590  38
  1996  1.155  38
  1997  1.446  38
  1998  -.763  38
  1999 -2.500  38
------------------------------------------------------------------------------------------------------------------------------------
PART 4:  Master Bar Plot:                                                                          18:26  Tue 15 Feb 2022  Page   4
------------------------------------------------------------------------------------------------------------------------------------
   Year Rel value  Year Rel value  Year Rel value  Year Rel value  Year Rel value  Year Rel value  Year Rel value  Year Rel value
                   2000---b
                   2001---b
                   2002------A
                   2003---b
                   2004---------E
                   2005f
                   2006-e
                   2007-----@
                   2008--------C
                   2009------A
                   2010---------F
                   2011---------E
                   2012-e
                   2013------A
                   2014----a
                   2015-------B
                   2016-----@
                   2017---------F
                   2018----------H








   1977-d
   1978--b
   1979----a
   1980--c
   1981-----@
   1982------A
   1983-e
   1984-------B
   1985f
   1986--b
   1987------A
   1988-------B
   1989---------E
   1990----------G
   1991-------B
   1992--------C
   1993----a
   1994----a
   1995f
   1996---------E
   1997---------F
   1998--c
   1999j
PART 5:  CORRELATION OF SERIES BY SEGMENTS:                                                        18:26  Tue 15 Feb 2022  Page   5
------------------------------------------------------------------------------------------------------------------------------------
 Correlations of  50-year dated segments, lagged  25 years
 Flags:  A = correlation under   .3281 but highest as dated;  B = correlation higher at other than dated position

 Seq Series  Time_span   1975
                         2024
 --- -------- ---------  ---- ---- ---- ---- ---- ---- ---- ---- ---- ---- ---- ---- ---- ---- ---- ---- ---- ---- ---- ----
   1 NAC01    1985 2018   .94
   2 NAC02    1979 2018   .86
   3 NAC03    1977 2016   .68
   4 NAC04    1988 2018   .78
   5 NAC05    1979 2018   .86
   6 NAC06    1979 2018   .89
   7 NAC07    1986 2018   .88
   8 NAC08    1983 2018   .83
   9 NAC09    1979 2018   .88
  10 NAC10    1983 2018   .89
  11 NAC11    1978 2016   .65
  12 NAC12    1985 2018   .84
  13 NAC13    1978 2018   .80
  14 NAC14    1978 2018   .91
  15 NAC15    1988 2018   .83
  16 NAC16    1978 2018   .82
  17 NAC17    1988 2018   .75
  18 NAC18    1978 2018   .85
  19 NAC19    1978 2018   .92
  20 NAC20    1988 2018   .84
  21 NAC21    1985 2017   .86
  22 NAC22    1979 2018   .76
  23 NAC23    1977 2018   .82
  24 NAC24    1989 2018   .72
  25 NAC25    1978 2018   .67
  26 NAC26    1983 2018   .92
  27 NAC27    1977 2018   .83
  28 NAC28    1983 2018   .94
  29 NAC29    1978 2018   .82
  30 NAC30    1982 2018   .92
  31 NAC31    1977 2018   .80
  32 NAC32    1979 2016   .75
  33 NAC33    1985 2018   .92
  34 NAC34    1991 2018   .74
  35 NAC35    1978 2018   .91
  36 NAC36    1978 2018   .85
  37 NAC37    1985 2018   .95
  38 NAC38    1979 2018   .90
 Av segment correlation   .84
PART 6:  POTENTIAL PROBLEMS:                                                                       18:26  Tue 15 Feb 2022  Page   5
------------------------------------------------------------------------------------------------------------------------------------

 For each series with potential problems the following diagnostics may appear:

 [A] Correlations with master dating series of flagged  50-year segments of series filtered with  32-year spline,
     at every point from ten years earlier (-10) to ten years later (+10) than dated

 [B] Effect of those data values which most lower or raise correlation with master series
     Symbol following year indicates value in series is greater (>) or lesser (<) than master series value

 [C] Year-to-year changes very different from the mean change in other series

 [D] Absent rings (zero values)

 [E] Values which are statistical outliers from mean for the year
====================================================================================================================================

 NAC01     1985 to  2018      34 years                                                                                    Series   1

 [B] Entire series, effect on correlation (  .942) is:
       Lower   1991> -.014   2016< -.007   1999> -.003   2018< -.002   2009> -.002   1992> -.002  Higher   1998  .005   2005  .005

====================================================================================================================================

 NAC02     1979 to  2018      40 years                                                                                    Series   2

 [B] Entire series, effect on correlation (  .862) is:
       Lower   1983> -.028   1985< -.012   1994> -.010   2005> -.008   1981< -.006   1988< -.004  Higher   2012  .016   1998  .008

====================================================================================================================================

 NAC03     1977 to  2016      40 years                                                                                    Series   3

 [B] Entire series, effect on correlation (  .677) is:
       Lower   2016> -.056   1977> -.054   1995> -.016   1984< -.008   1997< -.007   1999> -.007  Higher   2005  .049   2012  .044

 [E] Outliers     3   3.0 SD above or -4.5 SD below mean for year
       1977 +4.1 SD;    1995 +3.3 SD;    2016 +4.6 SD
====================================================================================================================================

 NAC04     1988 to  2018      31 years                                                                                    Series   4

 [B] Entire series, effect on correlation (  .781) is:
       Lower   1988< -.038   2015< -.015   2012> -.013   1999> -.013   1993> -.011   1995< -.008  Higher   2005  .034   1990  .014

====================================================================================================================================

 NAC05     1979 to  2018      40 years                                                                                    Series   5

 [B] Entire series, effect on correlation (  .860) is:
       Lower   1983> -.010   1981< -.010   2006> -.007   1996< -.006   2016< -.006   1982> -.005  Higher   2005  .014   1999  .008

====================================================================================================================================

 NAC06     1979 to  2018      40 years                                                                                    Series   6

 [B] Entire series, effect on correlation (  .891) is:
       Lower   1990< -.017   1983> -.014   1986> -.010   2016> -.009   1995> -.004   1988> -.004  Higher   2005  .020   2012  .010

====================================================================================================================================

 NAC07     1986 to  2018      33 years                                                                                    Series   7

 [B] Entire series, effect on correlation (  .875) is:
       Lower   1989< -.018   2016> -.016   1991> -.010   1986< -.008   2003> -.007   1987< -.003  Higher   2005  .013   1990  .008

====================================================================================================================================

 NAC08     1983 to  2018      36 years                                                                                    Series   8

 [B] Entire series, effect on correlation (  .826) is:
       Lower   2012> -.031   1998< -.027   1985> -.011   2010< -.008   2009> -.007   2016> -.006  Higher   2005  .037   2018  .013

====================================================================================================================================

 NAC09     1979 to  2018      40 years                                                                                    Series   9

 [B] Entire series, effect on correlation (  .885) is:
       Lower   2005> -.025   2012< -.013   1999> -.011   1986> -.004   2004< -.003   2000< -.003  Higher   1998  .009   2018  .009

====================================================================================================================================

 NAC10     1983 to  2018      36 years                                                                                    Series  10

 [B] Entire series, effect on correlation (  .892) is:
       Lower   1985> -.018   1984< -.018   1991> -.009   2012> -.006   2014> -.003   1990< -.002  Higher   2005  .013   2018  .008

====================================================================================================================================

 NAC11     1978 to  2016      39 years                                                                                    Series  11

 [B] Entire series, effect on correlation (  .650) is:
       Lower   2012> -.080   1991< -.072   1978< -.018   2009< -.013   2014> -.010   2016> -.010  Higher   1998  .035   1990  .027

 [E] Outliers     1   3.0 SD above or -4.5 SD below mean for year
       2012 +3.8 SD
====================================================================================================================================

 NAC12     1985 to  2018      34 years                                                                                    Series  12

 [B] Entire series, effect on correlation (  .840) is:
       Lower   1989< -.052   1991> -.012   1998> -.008   2016> -.005   1986> -.004   2003> -.004  Higher   2012  .021   1985  .013

====================================================================================================================================

 NAC13     1978 to  2018      41 years                                                                                    Series  13

 [B] Entire series, effect on correlation (  .800) is:
       Lower   1999< -.024   2003< -.021   2012> -.015   1983> -.014   1986> -.007   1992< -.007  Higher   1998  .018   2005  .017

====================================================================================================================================

 NAC14     1978 to  2018      41 years                                                                                    Series  14

 [B] Entire series, effect on correlation (  .909) is:
       Lower   1999> -.016   1981> -.013   1978> -.009   2014< -.009   1984< -.004   1992> -.003  Higher   2005  .017   2012  .009

====================================================================================================================================

 NAC15     1988 to  2018      31 years                                                                                    Series  15

 [B] Entire series, effect on correlation (  .834) is:
       Lower   2012> -.050   1988< -.015   2014> -.011   2016> -.010   1989< -.005   1993< -.002  Higher   2005  .036   2018  .014

====================================================================================================================================

 NAC16     1978 to  2018      41 years                                                                                    Series  16

 [B] Entire series, effect on correlation (  .823) is:
       Lower   1983< -.076   2003> -.008   2001> -.006   1979> -.006   1981> -.005   1996< -.004  Higher   2005  .028   1998  .015

====================================================================================================================================

 NAC17     1988 to  2018      31 years                                                                                    Series  17

 [B] Entire series, effect on correlation (  .753) is:
       Lower   1999> -.052   1988< -.038   1998> -.016   1994< -.012   2003> -.007   2014< -.007  Higher   2005  .070   1990  .014

====================================================================================================================================

 NAC18     1978 to  2018      41 years                                                                                    Series  18

 [B] Entire series, effect on correlation (  .855) is:
       Lower   1983< -.034   2005> -.032   1981> -.007   1995> -.007   2009> -.005   1982< -.002  Higher   2012  .018   1985  .010

====================================================================================================================================

 NAC19     1978 to  2018      41 years                                                                                    Series  19

 [B] Entire series, effect on correlation (  .921) is:
       Lower   1995> -.019   1991> -.004   1985< -.002   2001> -.002   2005> -.002   1993> -.002  Higher   1998  .006   2018  .004

====================================================================================================================================

 NAC20     1988 to  2018      31 years                                                                                    Series  20

 [B] Entire series, effect on correlation (  .841) is:
       Lower   2012> -.042   1988< -.010   1993< -.009   1989< -.005   1999< -.004   2014> -.004  Higher   1998  .018   2005  .013

====================================================================================================================================

 NAC21     1985 to  2017      33 years                                                                                    Series  21

 [B] Entire series, effect on correlation (  .858) is:
       Lower   2009< -.029   2008< -.014   2016> -.006   2014> -.006   2006< -.006   2017> -.004  Higher   2012  .022   1985  .010

====================================================================================================================================

 NAC22     1979 to  2018      40 years                                                                                    Series  22

 [B] Entire series, effect on correlation (  .755) is:
       Lower   1981< -.041   1983> -.029   2005> -.012   1992< -.012   1999< -.010   1982> -.007  Higher   2012  .028   1990  .017

 [E] Outliers     1   3.0 SD above or -4.5 SD below mean for year
       1983 +3.2 SD
====================================================================================================================================

 NAC23     1977 to  2018      42 years                                                                                    Series  23

 [B] Entire series, effect on correlation (  .819) is:
       Lower   1985< -.049   2005> -.019   1979> -.013   1978> -.004   2007< -.004   1991< -.002  Higher   2017  .010   2018  .008

====================================================================================================================================

 NAC24     1989 to  2018      30 years                                                                                    Series  24

 [B] Entire series, effect on correlation (  .718) is:
       Lower   1989< -.063   2001< -.044   1998> -.031   2012> -.020   1999> -.016   2009> -.004  Higher   2005  .047   2018  .019

====================================================================================================================================

 NAC25     1978 to  2018      41 years                                                                                    Series  25

 [B] Entire series, effect on correlation (  .666) is:
       Lower   1990< -.048   1985> -.045   1983> -.037   1984< -.015   1991< -.015   1992< -.012  Higher   2005  .049   2012  .040

 [E] Outliers     2   3.0 SD above or -4.5 SD below mean for year
       1983 +3.6 SD;    1985 +3.4 SD
====================================================================================================================================

 NAC26     1983 to  2018      36 years                                                                                    Series  26

 [B] Entire series, effect on correlation (  .921) is:
       Lower   1998> -.008   1984< -.008   1991> -.007   2016< -.006   1983> -.004   1997< -.004  Higher   2012  .010   2005  .007

====================================================================================================================================

 NAC27     1977 to  2018      42 years                                                                                    Series  27

 [B] Entire series, effect on correlation (  .833) is:
       Lower   2012> -.026   1977> -.015   1981> -.015   1982< -.009   1991> -.008   1998> -.008  Higher   2005  .014   2018  .012

====================================================================================================================================

 NAC28     1983 to  2018      36 years                                                                                    Series  28

 [B] Entire series, effect on correlation (  .941) is:
       Lower   2011< -.013   1984< -.006   1985> -.005   1983> -.004   1995> -.003   2015> -.003  Higher   2005  .012   2012  .006

====================================================================================================================================

 NAC29     1978 to  2018      41 years                                                                                    Series  29

 [B] Entire series, effect on correlation (  .822) is:
       Lower   1983< -.022   1998> -.019   1992< -.015   2013< -.012   1981> -.007   2016< -.005  Higher   1990  .012   1999  .008

====================================================================================================================================

 NAC30     1982 to  2018      37 years                                                                                    Series  30

 [B] Entire series, effect on correlation (  .919) is:
       Lower   2012> -.020   1982< -.008   1985> -.007   1983> -.002   2011< -.002   1995> -.002  Higher   2005  .013   2018  .005

====================================================================================================================================

 NAC31     1977 to  2018      42 years                                                                                    Series  31

 [B] Entire series, effect on correlation (  .798) is:
       Lower   1977< -.103   2013< -.012   2012> -.009   1992< -.008   1980> -.006   1991< -.004  Higher   1998  .018   1990  .012

 [E] Outliers     1   3.0 SD above or -4.5 SD below mean for year
       1977 -5.7 SD
====================================================================================================================================

 NAC32     1979 to  2016      38 years                                                                                    Series  32

 [B] Entire series, effect on correlation (  .746) is:
       Lower   1981< -.082   2016> -.019   1983> -.013   2005> -.006   2009< -.006   1980> -.006  Higher   2012  .037   1998  .018

 [E] Outliers     1   3.0 SD above or -4.5 SD below mean for year
       1981 -5.6 SD
====================================================================================================================================

 NAC33     1985 to  2018      34 years                                                                                    Series  33

 [B] Entire series, effect on correlation (  .916) is:
       Lower   1995< -.028   1998> -.019   2012> -.005   1991> -.003   2009> -.002   1987< -.001  Higher   2005  .018   2018  .006

====================================================================================================================================

 NAC34     1991 to  2018      28 years                                                                                    Series  34

 [B] Entire series, effect on correlation (  .744) is:
       Lower   2016< -.067   1999> -.033   1991> -.025   2012> -.022   2015< -.006   2002< -.003  Higher   2005  .041   2010  .018

====================================================================================================================================

 NAC35     1978 to  2018      41 years                                                                                    Series  35

 [B] Entire series, effect on correlation (  .914) is:
       Lower   1998> -.018   2017< -.009   2004< -.004   2001> -.004   2007> -.002   2003< -.002  Higher   2005  .017   2018  .006

====================================================================================================================================

 NAC36     1978 to  2018      41 years                                                                                    Series  36

 [B] Entire series, effect on correlation (  .847) is:
       Lower   1983< -.039   1978> -.011   1986< -.010   1981> -.007   1987< -.005   1998> -.005  Higher   2012  .019   1985  .011

====================================================================================================================================

 NAC37     1985 to  2018      34 years                                                                                    Series  37

 [B] Entire series, effect on correlation (  .951) is:
       Lower   2016< -.010   2012< -.005   2018< -.004   2009> -.002   2013< -.001   2008> -.001  Higher   1998  .003   1990  .003

====================================================================================================================================

 NAC38     1979 to  2018      40 years                                                                                    Series  38

 [B] Entire series, effect on correlation (  .904) is:
       Lower   1983> -.010   2012< -.007   2001> -.007   1995> -.006   1981< -.006   1987> -.004  Higher   2005  .015   1998  .008

====================================================================================================================================

 [*] All segments correlate highest as dated with correlation with master series over   .3281
PART 7:  DESCRIPTIVE STATISTICS:                                                                   18:26  Tue 15 Feb 2022  Page   6
------------------------------------------------------------------------------------------------------------------------------------

                                                Corr   //-------- Unfiltered --------\\  //---- Filtered -----\\
                           No.    No.    No.    with   Mean   Max     Std   Auto   Mean   Max     Std   Auto  AR
 Seq Series   Interval   Years  Segmt  Flags   Master  msmt   msmt    dev   corr   sens  value    dev   corr  ()
 --- -------- ---------  -----  -----  -----   ------ -----  -----  -----  -----  -----  -----  -----  -----  --
   1 NAC01    1985 2018     34      1      0    .942   2.41   8.67  2.146   .760   .544   2.66   .691  -.064   1
   2 NAC02    1979 2018     40      1      0    .862   2.57   8.09  2.118   .720   .595   2.79   .613   .008   1
   3 NAC03    1977 2016     40      1      0    .677   2.12   8.28  1.983   .858   .306   3.00   .587  -.033   1
   4 NAC04    1988 2018     31      1      0    .781   1.87   5.52  1.419   .656   .545   2.62   .657  -.115   3
   5 NAC05    1979 2018     40      1      0    .860   2.04  11.71  2.438   .661   .580   2.84   .505  -.128   2
   6 NAC06    1979 2018     40      1      0    .891   2.26   8.49  2.062   .783   .522   2.62   .588  -.003   1
   7 NAC07    1986 2018     33      1      0    .875   2.13   8.11  1.750   .617   .439   2.77   .588   .002   1
   8 NAC08    1983 2018     36      1      0    .826   1.94   9.52  2.004   .756   .444   2.71   .543   .099   1
   9 NAC09    1979 2018     40      1      0    .885   1.21   4.48  1.135   .780   .555   2.70   .525  -.046   1
  10 NAC10    1983 2018     36      1      0    .892   1.63   4.67  1.337   .803   .452   2.72   .560   .050   1
  11 NAC11    1978 2016     39      1      0    .650   1.49   6.86  1.645   .801   .549   2.79   .610  -.111   1
  12 NAC12    1985 2018     34      1      0    .840   2.24   9.18  2.003   .454   .557   2.86   .658  -.024   1
  13 NAC13    1978 2018     41      1      0    .800   1.76   5.27  1.376   .755   .510   2.61   .564   .071   1
  14 NAC14    1978 2018     41      1      0    .909   2.10   7.00  1.757   .567   .605   2.66   .630  -.113   2
  15 NAC15    1988 2018     31      1      0    .834   2.51   9.08  2.321   .833   .426   2.77   .555   .025   1
  16 NAC16    1978 2018     41      1      0    .823   1.77   5.44  1.108   .684   .443   2.66   .536  -.007   1
  17 NAC17    1988 2018     31      1      0    .753   2.41   6.89  1.527   .774   .313   2.56   .599  -.043   2
  18 NAC18    1978 2018     41      1      0    .855   1.88   8.84  1.743   .632   .530   2.88   .645  -.018   1
  19 NAC19    1978 2018     41      1      0    .921   3.42  11.36  2.805   .715   .506   2.67   .627  -.051   1
  20 NAC20    1988 2018     31      1      0    .841   2.14   6.84  2.165   .712   .666   2.82   .700   .137   1
  21 NAC21    1985 2017     33      1      0    .858   1.72   6.18  1.523   .605   .596   3.42   .732   .031   1
  22 NAC22    1979 2018     40      1      0    .755   1.88   8.38  1.580   .572   .475   3.01   .581   .034   1
  23 NAC23    1977 2018     42      1      0    .819   1.72   6.39  1.584   .533   .672   3.14   .496  -.040   1
  24 NAC24    1989 2018     30      1      0    .718   1.92   6.35  1.548   .575   .613   2.78   .707  -.161   2
  25 NAC25    1978 2018     41      1      0    .666   2.62  10.83  2.672   .839   .504   2.58   .495  -.069   1
  26 NAC26    1983 2018     36      1      0    .921   2.34   8.63  1.990   .745   .574   2.56   .576  -.051   1
  27 NAC27    1977 2018     42      1      0    .833   1.29   4.48  1.002   .660   .581   2.66   .491  -.070   2
  28 NAC28    1983 2018     36      1      0    .941   1.35   7.11  1.496   .664   .673   3.17   .710  -.007   1
  29 NAC29    1978 2018     41      1      0    .822   1.74   7.31  1.717   .599   .613   2.95   .673  -.108   1
  30 NAC30    1982 2018     37      1      0    .919   1.91   9.49  1.989   .718   .628   2.74   .597   .088   1
  31 NAC31    1977 2018     42      1      0    .798   2.52  10.19  2.267   .738   .529   2.66   .567   .011   1
  32 NAC32    1979 2016     38      1      0    .746   1.48   5.92  1.445   .787   .527   2.65   .596  -.172   1
  33 NAC33    1985 2018     34      1      0    .916   1.99   5.66  1.582   .651   .605   2.76   .667  -.035   1
  34 NAC34    1991 2018     28      1      0    .744   2.32   6.70  1.886   .587   .610   2.80   .747  -.190   3
  35 NAC35    1978 2018     41      1      0    .914   1.65   7.12  1.398   .642   .554   2.92   .616  -.140   1
  36 NAC36    1978 2018     41      1      0    .847   2.01   7.44  1.843   .531   .615   2.74   .622  -.076   1
  37 NAC37    1985 2018     34      1      0    .951   2.45   9.96  2.208   .648   .580   2.69   .637  -.068   1
  38 NAC38    1979 2018     40      1      0    .904   3.11  15.00  3.251   .746   .576   2.81   .556  -.020   1
 --- -------- ---------  -----  -----  -----   ------ -----  -----  -----  -----  -----  -----  -----  -----  --
 Total or mean:           1417     38      0    .837   2.05  15.00  1.839   .689   .543   3.42   .602  -.037

                                              - = [  COFECHA TREESCOF  ] = -
