[]  Dendrochronology Program Library                                        Run TREES  Program COF  12:02  Thu 23 Dec 2021  Page   1
[]
[]  P R O G R A M      C O F E C H A                                                                          Version 6.06P    31770
------------------------------------------------------------------------------------------------------------------------------------

 QUALITY CONTROL AND DATING CHECK OF TREE-RING MEASUREMENTS

 File of DATED series:   4-LPH_trees.rwl

 CONTENTS:

    Part 1:  Title page, options selected, summary, absent rings by series
    Part 2:  Histogram of time spans
    Part 3:  Master series with sample depth and absent rings by year
    Part 4:  Bar plot of Master Dating Series
    Part 5:  Correlation by segment of each series with Master
    Part 6:  Potential problems: low correlation, divergent year-to-year changes, absent rings, outliers
    Part 7:  Descriptive statistics

 RUN CONTROL OPTIONS SELECTED                             VALUE

         1  Cubic smoothing spline 50% wavelength cutoff for filtering
                                                            32 years
         2  Segments examined are                           50 years lagged successively by  25 years
         3  Autoregressive model applied                     A  Residuals are used in master dating series and testing
         4  Series transformed to logarithms                 Y  Each series log-transformed for master dating series and testing
         5  CORRELATION is Pearson (parametric, quantitative)
            Critical correlation, 99% confidence level   .3281
         6  Master dating series saved                       N
         7  Ring measurements listed                         N
         8  Parts printed                              1234567 
         9  Absent rings are omitted from master series and segment correlations  (Y)

 Time span of Master dating series is  1969 to  2020    52 years
 Continuous time span is               1969 to  2020    52 years
 Portion with two or more series is    1970 to  2020    51 years


                                        ****************************************
                                        *C* Number of dated series        40 *C*
                                        *O* Master series 1969 2020   52 yrs *O*
                                        *F* Total rings in all series   1705 *F*
                                        *E* Total dated rings checked   1704 *E*
                                        *C* Series intercorrelation     .790 *C*
                                        *H* Average mean sensitivity    .494 *H*
                                        *A* Segments, possible problems    0 *A*
                                        *** Mean length of series       42.6 ***
                                        ****************************************

 ABSENT RINGS listed by SERIES:            (See Master Dating Series for absent rings listed by year)

               No ring measurements of zero value
PART 2:  TIME PLOT OF TREE-RING SERIES:                                                            12:02  Thu 23 Dec 2021  Page   2
------------------------------------------------------------------------------------------------------------------------------------
 1050 1100 1150 1200 1250 1300 1350 1400 1450 1500 1550 1600 1650 1700 1750 1800 1850 1900 1950 2000 2050 Ident   Seq Time-span  Yrs
   :    :    :    :    :    :    :    :    :    :    :    :    :    :    :    :    :    :    :    :    : -------- --- ---- ---- ----
   .    .    .    .    .    .    .    .    .    .    .    .    .    .    .    .    .    .    . <====>  . LANH01     1 1976 2020   45
   .    .    .    .    .    .    .    .    .    .    .    .    .    .    .    .    .    .    .  <===>  . LANH02     2 1986 2020   35
   .    .    .    .    .    .    .    .    .    .    .    .    .    .    .    .    .    .    . <====>  . LANH03     3 1974 2020   47
   .    .    .    .    .    .    .    .    .    .    .    .    .    .    .    .    .    .    . <====>  . LANH04     4 1974 2020   47
   .    .    .    .    .    .    .    .    .    .    .    .    .    .    .    .    .    .    . <====>  . LANH05     5 1971 2020   50
   .    .    .    .    .    .    .    .    .    .    .    .    .    .    .    .    .    .    .  <===>  . LANH06     6 1986 2020   35
   .    .    .    .    .    .    .    .    .    .    .    .    .    .    .    .    .    .    . <====>  . LANH07     7 1972 2020   49
   .    .    .    .    .    .    .    .    .    .    .    .    .    .    .    .    .    .    .  <===>  . LANH08     8 1984 2020   37
   .    .    .    .    .    .    .    .    .    .    .    .    .    .    .    .    .    .    .  <===>  . LANH09     9 1983 2020   38
   .    .    .    .    .    .    .    .    .    .    .    .    .    .    .    .    .    .    . <====>  . LANH10    10 1975 2020   46
   .    .    .    .    .    .    .    .    .    .    .    .    .    .    .    .    .    .    .  <===>  . LANH11    11 1983 2020   38
   .    .    .    .    .    .    .    .    .    .    .    .    .    .    .    .    .    .    .  <===>  . LANH12    12 1988 2020   33
   .    .    .    .    .    .    .    .    .    .    .    .    .    .    .    .    .    .    .  <===>  . LANH13    13 1981 2020   40
   .    .    .    .    .    .    .    .    .    .    .    .    .    .    .    .    .    .    .  <==>   . LANH14    14 1985 2015   31
   .    .    .    .    .    .    .    .    .    .    .    .    .    .    .    .    .    .    .  <===>  . LANH15    15 1980 2020   41
   .    .    .    .    .    .    .    .    .    .    .    .    .    .    .    .    .    .    .  <===>  . LANH16    16 1981 2020   40
   .    .    .    .    .    .    .    .    .    .    .    .    .    .    .    .    .    .    . <====>  . LANH17    17 1976 2020   45
   .    .    .    .    .    .    .    .    .    .    .    .    .    .    .    .    .    .    . <====>  . LANH18    18 1974 2020   47
   .    .    .    .    .    .    .    .    .    .    .    .    .    .    .    .    .    .    . <====>  . LANH19    19 1973 2020   48
   .    .    .    .    .    .    .    .    .    .    .    .    .    .    .    .    .    .    .  <==>   . LANH20    20 1986 2017   32
   .    .    .    .    .    .    .    .    .    .    .    .    .    .    .    .    .    .    . <====>  . LANH22    21 1973 2020   48
   .    .    .    .    .    .    .    .    .    .    .    .    .    .    .    .    .    .    . <====>  . LANH23    22 1970 2020   51
   .    .    .    .    .    .    .    .    .    .    .    .    .    .    .    .    .    .    . <====>  . LANH24    23 1974 2020   47
   .    .    .    .    .    .    .    .    .    .    .    .    .    .    .    .    .    .    .  <===>  . LANH25    24 1982 2020   39
   .    .    .    .    .    .    .    .    .    .    .    .    .    .    .    .    .    .    .  <===>  . LANH26    25 1980 2020   41
   .    .    .    .    .    .    .    .    .    .    .    .    .    .    .    .    .    .    . <====>  . LANH27    26 1977 2020   44
   .    .    .    .    .    .    .    .    .    .    .    .    .    .    .    .    .    .    . <====>  . LANH28    27 1974 2020   47
   .    .    .    .    .    .    .    .    .    .    .    .    .    .    .    .    .    .    .  <===>  . LANH29    28 1980 2020   41
   .    .    .    .    .    .    .    .    .    .    .    .    .    .    .    .    .    .    .  <===>  . LANH30    29 1983 2020   38
   .    .    .    .    .    .    .    .    .    .    .    .    .    .    .    .    .    .    .  <===>  . LANH31    30 1983 2020   38
   .    .    .    .    .    .    .    .    .    .    .    .    .    .    .    .    .    .    .  <==>   . LANH32    31 1987 2019   33
   .    .    .    .    .    .    .    .    .    .    .    .    .    .    .    .    .    .    . <====>  . LANH33    32 1972 2020   49
   .    .    .    .    .    .    .    .    .    .    .    .    .    .    .    .    .    .    .  <===>  . LANH34    33 1980 2020   41
   .    .    .    .    .    .    .    .    .    .    .    .    .    .    .    .    .    .    .<=====>  . LANH35    34 1969 2020   52
   .    .    .    .    .    .    .    .    .    .    .    .    .    .    .    .    .    .    . <====>  . LANH36    35 1971 2020   50
   .    .    .    .    .    .    .    .    .    .    .    .    .    .    .    .    .    .    . <====>  . LANH37    36 1979 2020   42
   .    .    .    .    .    .    .    .    .    .    .    .    .    .    .    .    .    .    .  <===>  . LANH38    37 1981 2020   40
   .    .    .    .    .    .    .    .    .    .    .    .    .    .    .    .    .    .    . <====>  . LANH39    38 1977 2020   44
   .    .    .    .    .    .    .    .    .    .    .    .    .    .    .    .    .    .    . <====>  . LANH40    39 1970 2020   51
   .    .    .    .    .    .    .    .    .    .    .    .    .    .    .    .    .    .    . <====>  . LANH41    40 1976 2020   45
   :    :    :    :    :    :    :    :    :    :    :    :    :    :    :    :    :    :    :    :    :
 1050 1100 1150 1200 1250 1300 1350 1400 1450 1500 1550 1600 1650 1700 1750 1800 1850 1900 1950 2000 2050
PART 3:  Master Dating Series:                                                                     12:02  Thu 23 Dec 2021  Page   3
------------------------------------------------------------------------------------------------------------------------------------
  Year  Value  No Ab    Year  Value  No Ab    Year  Value  No Ab    Year  Value  No Ab    Year  Value  No Ab    Year  Value  No Ab
  ------------------    ------------------    ------------------    ------------------    ------------------    ------------------
                        2000  -.052  40
                        2001   .678  40
                        2002   .222  40
                        2003   .779  40
                        2004   .762  40
                        2005 -1.613  40
                        2006  -.111  40
                        2007  -.630  40
                        2008  -.744  40
                        2009   .630  40

                        2010  1.564  40
                        2011  1.089  40
                        2012 -1.193  40
                        2013   .953  40
                        2014  -.620  40
                        2015   .702  40
                        2016  -.957  39
                        2017   .349  39
                        2018   .590  38
  1969   .663   1       2019  -.496  38

  1970   .053   3       2020  1.461  37
  1971 -1.010   5
  1972  -.375   7
  1973  -.607   9
  1974 -1.116  14
  1975  -.510  15
  1976   .638  18
  1977   .908  20
  1978   .769  20
  1979   .446  21

  1980   .819  25
  1981 -1.613  28
  1982 -1.039  29
  1983 -1.105  33
  1984   .048  34
  1985   .494  35
  1986   .388  38
  1987  -.304  39
  1988   .418  40
  1989  1.090  40

  1990  1.439  40
  1991   .572  40
  1992   .747  40
  1993   .317  40
  1994 -1.165  40
  1995 -3.068  40
  1996 -1.270  40
  1997  1.118  40
  1998  1.104  40
  1999 -2.212  40
------------------------------------------------------------------------------------------------------------------------------------
PART 4:  Master Bar Plot:                                                                          12:02  Thu 23 Dec 2021  Page   4
------------------------------------------------------------------------------------------------------------------------------------
   Year Rel value  Year Rel value  Year Rel value  Year Rel value  Year Rel value  Year Rel value  Year Rel value  Year Rel value
                   2000----@
                   2001-------C
                   2002-----A
                   2003--------C
                   2004--------C
                   2005f
                   2006----@
                   2007--c
                   2008--c
                   2009-------C
                   2010----------F
                   2011---------D
                   2012-e
                   2013---------D
                   2014--b
                   2015-------C
                   2016-d
                   2017-----A
                   2018------B
   1969-------C    2019---b
   1970----@       2020----------F
   1971-d
   1972---b
   1973---b
   1974-d
   1975---b
   1976-------C
   1977--------D
   1978--------C
   1979-----B
   1980--------C
   1981f
   1982-d
   1983-d
   1984----@
   1985------B
   1986-----B
   1987---a
   1988-----B
   1989---------D
   1990----------F
   1991------B
   1992--------C
   1993-----A
   1994-e
   1995l
   1996-e
   1997---------D
   1998---------D
   1999i
PART 5:  CORRELATION OF SERIES BY SEGMENTS:                                                        12:02  Thu 23 Dec 2021  Page   5
------------------------------------------------------------------------------------------------------------------------------------
 Correlations of  50-year dated segments, lagged  25 years
 Flags:  A = correlation under   .3281 but highest as dated;  B = correlation higher at other than dated position

 Seq Series  Time_span   1950 1975
                         1999 2024
 --- -------- ---------  ---- ---- ---- ---- ---- ---- ---- ---- ---- ---- ---- ---- ---- ---- ---- ---- ---- ---- ---- ----
   1 LANH01   1976 2020        .86
   2 LANH02   1986 2020        .85
   3 LANH03   1974 2020   .76
   4 LANH04   1974 2020   .81
   5 LANH05   1971 2020   .81
   6 LANH06   1986 2020        .89
   7 LANH07   1972 2020   .89
   8 LANH08   1984 2020        .76
   9 LANH09   1983 2020        .92
  10 LANH10   1975 2020        .58
  11 LANH11   1983 2020        .90
  12 LANH12   1988 2020        .47
  13 LANH13   1981 2020        .85
  14 LANH14   1985 2015        .75
  15 LANH15   1980 2020        .79
  16 LANH16   1981 2020        .91
  17 LANH17   1976 2020        .64
  18 LANH18   1974 2020   .89
  19 LANH19   1973 2020   .90
  20 LANH20   1986 2017        .58
  21 LANH22   1973 2020   .71
  22 LANH23   1970 2020   .72  .78
  23 LANH24   1974 2020   .76
  24 LANH25   1982 2020        .56
  25 LANH26   1980 2020        .71
  26 LANH27   1977 2020        .80
  27 LANH28   1974 2020   .87
  28 LANH29   1980 2020        .86
  29 LANH30   1983 2020        .73
  30 LANH31   1983 2020        .78
  31 LANH32   1987 2019        .58
  32 LANH33   1972 2020   .71
  33 LANH34   1980 2020        .88
  34 LANH35   1969 2020   .86  .90
  35 LANH36   1971 2020   .87
  36 LANH37   1979 2020        .91
  37 LANH38   1981 2020        .90
  38 LANH39   1977 2020        .91
  39 LANH40   1970 2020   .72  .73
  40 LANH41   1976 2020        .79
 Av segment correlation   .81  .78
PART 6:  POTENTIAL PROBLEMS:                                                                       12:02  Thu 23 Dec 2021  Page   5
------------------------------------------------------------------------------------------------------------------------------------

 For each series with potential problems the following diagnostics may appear:

 [A] Correlations with master dating series of flagged  50-year segments of series filtered with  32-year spline,
     at every point from ten years earlier (-10) to ten years later (+10) than dated

 [B] Effect of those data values which most lower or raise correlation with master series
     Symbol following year indicates value in series is greater (>) or lesser (<) than master series value

 [C] Year-to-year changes very different from the mean change in other series

 [D] Absent rings (zero values)

 [E] Values which are statistical outliers from mean for the year
====================================================================================================================================

 LANH01    1976 to  2020      45 years                                                                                    Series   1

 [B] Entire series, effect on correlation (  .860) is:
       Lower   1977< -.016   1995> -.015   1979< -.015   1986> -.013   1978< -.012   1991< -.007  Higher   1999  .036   2005  .011

====================================================================================================================================

 LANH02    1986 to  2020      35 years                                                                                    Series   2

 [B] Entire series, effect on correlation (  .853) is:
       Lower   1986> -.023   2005> -.019   1994< -.012   1987> -.008   1991< -.008   1989< -.006  Higher   1999  .031   1995  .021

====================================================================================================================================

 LANH03    1974 to  2020      47 years                                                                                    Series   3

 [B] Entire series, effect on correlation (  .761) is:
       Lower   1979< -.137   1985< -.006   1987> -.005   2017< -.004   1976> -.004   1986> -.003  Higher   1999  .039   2005  .012

 [E] Outliers     1   3.0 SD above or -4.5 SD below mean for year
       1979 -5.9 SD
====================================================================================================================================

 LANH04    1974 to  2020      47 years                                                                                    Series   4

 [B] Entire series, effect on correlation (  .809) is:
       Lower   1975< -.077   1977< -.031   1983> -.019   2008> -.005   1984> -.004   1982> -.002  Higher   1999  .032   1995  .014

 [E] Outliers     1   3.0 SD above or -4.5 SD below mean for year
       1975 -4.7 SD
====================================================================================================================================

 LANH05    1971 to  2020      50 years                                                                                    Series   5

 [B] Entire series, effect on correlation (  .807) is:
       Lower   1971< -.044   2018< -.014   1973> -.012   1972> -.007   1979< -.006   1975> -.006  Higher   1999  .044   2005  .012

====================================================================================================================================

 LANH06    1986 to  2020      35 years                                                                                    Series   6

 [B] Entire series, effect on correlation (  .892) is:
       Lower   2018< -.012   1991< -.012   2017< -.010   2011> -.008   2008> -.006   2006> -.005  Higher   1999  .033   1995  .016

====================================================================================================================================

 LANH07    1972 to  2020      49 years                                                                                    Series   7

 [B] Entire series, effect on correlation (  .885) is:
       Lower   1972> -.047   1996> -.012   1976< -.008   2012< -.005   1978< -.004   1985< -.002  Higher   1999  .026   1995  .018

 [E] Outliers     1   3.0 SD above or -4.5 SD below mean for year
       1972 +3.7 SD
====================================================================================================================================

 LANH08    1984 to  2020      37 years                                                                                    Series   8

 [B] Entire series, effect on correlation (  .759) is:
       Lower   1984< -.101   2011< -.016   2012> -.014   1998< -.008   2014> -.007   1987> -.002  Higher   1995  .054   2005  .025

====================================================================================================================================

 LANH09    1983 to  2020      38 years                                                                                    Series   9

 [B] Entire series, effect on correlation (  .917) is:
       Lower   1986> -.008   2001< -.005   2007> -.005   1985< -.005   2000< -.004   2004> -.004  Higher   1999  .021   2020  .004

====================================================================================================================================

 LANH10    1975 to  2020      46 years                                                                                    Series  10

 [B] Entire series, effect on correlation (  .578) is:
       Lower   1976< -.182   1981> -.046   1999> -.023   1983> -.008   1982> -.007   1978< -.004  Higher   2005  .046   1995  .045

 [E] Outliers     2   3.0 SD above or -4.5 SD below mean for year
       1976 -7.2 SD;    1981 +3.6 SD
====================================================================================================================================

 LANH11    1983 to  2020      38 years                                                                                    Series  11

 [B] Entire series, effect on correlation (  .898) is:
       Lower   1983< -.037   2016> -.006   1996> -.005   2011> -.004   1986> -.003   2000< -.003  Higher   1999  .031   1995  .014

====================================================================================================================================

 LANH12    1988 to  2020      33 years                                                                                    Series  12

 [B] Entire series, effect on correlation (  .470) is:
       Lower   1990< -.098   1996> -.044   2012> -.035   2009< -.035   2010< -.030   2005> -.017  Higher   1995  .139   1999  .036

 [E] Outliers     2   3.0 SD above or -4.5 SD below mean for year
       1990 -4.7 SD;    1996 +3.9 SD
====================================================================================================================================

 LANH13    1981 to  2020      40 years                                                                                    Series  13

 [B] Entire series, effect on correlation (  .852) is:
       Lower   1999> -.061   2005< -.012   1996< -.006   1985> -.003   2001< -.003   1981> -.002  Higher   1995  .016   2020  .008

====================================================================================================================================

 LANH14    1985 to  2015      31 years                                                                                    Series  14

 [B] Entire series, effect on correlation (  .752) is:
       Lower   1999> -.054   2011< -.023   1985< -.017   2012> -.016   1988< -.012   1986< -.011  Higher   1995  .047   2005  .018

====================================================================================================================================

 LANH15    1980 to  2020      41 years                                                                                    Series  15

 [B] Entire series, effect on correlation (  .792) is:
       Lower   2001< -.021   1986< -.020   1996< -.020   2007> -.013   2006< -.011   2011> -.010  Higher   1999  .049   1995  .023

====================================================================================================================================

 LANH16    1981 to  2020      40 years                                                                                    Series  16

 [B] Entire series, effect on correlation (  .912) is:
       Lower   1995> -.015   1987> -.006   2010< -.004   1986> -.003   2004> -.003   2017< -.002  Higher   1999  .018   1981  .006

====================================================================================================================================

 LANH17    1976 to  2020      45 years                                                                                    Series  17

 [B] Entire series, effect on correlation (  .638) is:
       Lower   1982< -.060   1981> -.058   1984< -.030   1979< -.024   1994> -.020   1991> -.007  Higher   1999  .049   1995  .025

 [E] Outliers     1   3.0 SD above or -4.5 SD below mean for year
       1981 +3.5 SD
====================================================================================================================================

 LANH18    1974 to  2020      47 years                                                                                    Series  18

 [B] Entire series, effect on correlation (  .893) is:
       Lower   1999> -.011   1979> -.008   1980< -.007   1996< -.003   1974> -.003   2007> -.003  Higher   2005  .009   2010  .004

====================================================================================================================================

 LANH19    1973 to  2020      48 years                                                                                    Series  19

 [B] Entire series, effect on correlation (  .896) is:
       Lower   2011< -.013   2012> -.012   1977< -.007   1982> -.006   1979> -.006   1973< -.005  Higher   1999  .025   2010  .005

====================================================================================================================================

 LANH20    1986 to  2017      32 years                                                                                    Series  20

 [B] Entire series, effect on correlation (  .576) is:
       Lower   2016> -.044   2011< -.027   2008< -.026   1996> -.019   1994> -.017   1998< -.012  Higher   1995  .120   2005  .028

====================================================================================================================================

 LANH22    1973 to  2020      48 years                                                                                    Series  21

 [B] Entire series, effect on correlation (  .715) is:
       Lower   2011< -.114   2004< -.025   1995> -.016   2012> -.014   2013< -.012   1975> -.008  Higher   1999  .069   1981  .022

====================================================================================================================================

 LANH23    1970 to  2020      51 years                                                                                    Series  22

 [B] Entire series, effect on correlation (  .736) is:
       Lower   1970> -.042   2004< -.042   1973< -.024   1986< -.009   1991< -.006   1975> -.004  Higher   1999  .030   2020  .012

 [E] Outliers     1   3.0 SD above or -4.5 SD below mean for year
       1970 +3.3 SD
====================================================================================================================================

 LANH24    1974 to  2020      47 years                                                                                    Series  23

 [B] Entire series, effect on correlation (  .765) is:
       Lower   1987< -.072   1981> -.017   2005> -.016   1986< -.013   1983< -.007   2004< -.003  Higher   1999  .026   1995  .013

 [E] Outliers     1   3.0 SD above or -4.5 SD below mean for year
       1987 -5.0 SD
====================================================================================================================================

 LANH25    1982 to  2020      39 years                                                                                    Series  24

 [B] Entire series, effect on correlation (  .562) is:
       Lower   1982> -.032   1996> -.029   2016> -.021   2005> -.020   2004< -.020   1997< -.016  Higher   1999  .139   1995  .062

 [E] Outliers     1   3.0 SD above or -4.5 SD below mean for year
       1982 +3.3 SD
====================================================================================================================================

 LANH26    1980 to  2020      41 years                                                                                    Series  25

 [B] Entire series, effect on correlation (  .707) is:
       Lower   2012> -.050   1983> -.040   1982< -.028   2003< -.017   2008> -.012   1996> -.011  Higher   1999  .063   2005  .022

 [E] Outliers     1   3.0 SD above or -4.5 SD below mean for year
       2012 +3.1 SD
====================================================================================================================================

 LANH27    1977 to  2020      44 years                                                                                    Series  26

 [B] Entire series, effect on correlation (  .795) is:
       Lower   1978< -.084   1982> -.023   1979< -.012   1983> -.005   2019> -.004   1977< -.002  Higher   1995  .038   2005  .018

 [E] Outliers     1   3.0 SD above or -4.5 SD below mean for year
       1978 -4.5 SD
====================================================================================================================================

 LANH28    1974 to  2020      47 years                                                                                    Series  27

 [B] Entire series, effect on correlation (  .869) is:
       Lower   2011< -.025   2013< -.010   2008> -.010   2014> -.006   2016> -.004   2006> -.004  Higher   1999  .027   1995  .019

====================================================================================================================================

 LANH29    1980 to  2020      41 years                                                                                    Series  28

 [B] Entire series, effect on correlation (  .856) is:
       Lower   1996> -.017   2008> -.014   1980< -.011   2004< -.008   2007> -.004   1983> -.004  Higher   1999  .014   2005  .009

====================================================================================================================================

 LANH30    1983 to  2020      38 years                                                                                    Series  29

 [B] Entire series, effect on correlation (  .732) is:
       Lower   1994< -.039   1983< -.031   1998< -.014   1990< -.012   1987> -.009   1996> -.008  Higher   1995  .026   2020  .012

====================================================================================================================================

 LANH31    1983 to  2020      38 years                                                                                    Series  30

 [B] Entire series, effect on correlation (  .783) is:
       Lower   1983< -.097   1987> -.010   1986> -.006   1989< -.005   2018< -.002   2000< -.001  Higher   1999  .028   2010  .011

 [E] Outliers     1   3.0 SD above or -4.5 SD below mean for year
       1983 -4.5 SD
====================================================================================================================================

 LANH32    1987 to  2019      33 years                                                                                    Series  31

 [B] Entire series, effect on correlation (  .581) is:
       Lower   1998< -.056   2019> -.046   1994> -.044   1996> -.042   2016> -.019   2012> -.015  Higher   1995  .115   1999  .110

 [E] Outliers     2   3.0 SD above or -4.5 SD below mean for year
       1996 +3.3 SD;    2019 +3.2 SD
====================================================================================================================================

 LANH33    1972 to  2020      49 years                                                                                    Series  32

 [B] Entire series, effect on correlation (  .714) is:
       Lower   1972< -.093   1982< -.024   2004< -.011   1973> -.010   1983> -.006   1991> -.005  Higher   1999  .043   2005  .021

====================================================================================================================================

 LANH34    1980 to  2020      41 years                                                                                    Series  33

 [B] Entire series, effect on correlation (  .882) is:
       Lower   1996< -.013   1980< -.012   1987> -.010   1984> -.008   2002< -.007   2000< -.005  Higher   1995  .018   2005  .006

====================================================================================================================================

 LANH35    1969 to  2020      52 years                                                                                    Series  34

 [*] Early part of series cannot be checked from 1969 to 1969 -- not matched by another series

 [B] Entire series, effect on correlation (  .861) is:
       Lower   1970< -.036   1973> -.011   1995> -.009   2012< -.005   2011> -.003   1987< -.003  Higher   1999  .031   2005  .008

====================================================================================================================================

 LANH36    1971 to  2020      50 years                                                                                    Series  35

 [B] Entire series, effect on correlation (  .867) is:
       Lower   1974> -.015   1973< -.011   1971> -.010   1975> -.007   1986< -.007   1993< -.004  Higher   1999  .030   2010  .007

====================================================================================================================================

 LANH37    1979 to  2020      42 years                                                                                    Series  36

 [B] Entire series, effect on correlation (  .910) is:
       Lower   1979> -.011   1981> -.008   2018< -.007   1996< -.007   1995> -.005   2011< -.005  Higher   1999  .023   2005  .006

====================================================================================================================================

 LANH38    1981 to  2020      40 years                                                                                    Series  37

 [B] Entire series, effect on correlation (  .898) is:
       Lower   1981> -.014   1982< -.007   2007> -.005   2011> -.005   1996< -.004   2020< -.004  Higher   1999  .023   1995  .007

====================================================================================================================================

 LANH39    1977 to  2020      44 years                                                                                    Series  38

 [B] Entire series, effect on correlation (  .912) is:
       Lower   1981< -.008   1991< -.007   1999> -.006   1995> -.005   1986< -.004   1987> -.003  Higher   2005  .005   2010  .004

====================================================================================================================================

 LANH40    1970 to  2020      51 years                                                                                    Series  39

 [B] Entire series, effect on correlation (  .733) is:
       Lower   1981> -.041   2011< -.032   1986< -.013   1982> -.011   1979> -.011   2012> -.010  Higher   1999  .067   1995  .026

====================================================================================================================================

 LANH41    1976 to  2020      45 years                                                                                    Series  40

 [B] Entire series, effect on correlation (  .793) is:
       Lower   1976< -.026   2012> -.017   2004< -.016   1978< -.014   2017< -.013   2014> -.006  Higher   1999  .026   2005  .019

====================================================================================================================================

 [*] All segments correlate highest as dated with correlation with master series over   .3281
PART 7:  DESCRIPTIVE STATISTICS:                                                                   12:02  Thu 23 Dec 2021  Page   6
------------------------------------------------------------------------------------------------------------------------------------

                                                Corr   //-------- Unfiltered --------\\  //---- Filtered -----\\
                           No.    No.    No.    with   Mean   Max     Std   Auto   Mean   Max     Std   Auto  AR
 Seq Series   Interval   Years  Segmt  Flags   Master  msmt   msmt    dev   corr   sens  value    dev   corr  ()
 --- -------- ---------  -----  -----  -----   ------ -----  -----  -----  -----  -----  -----  -----  -----  --
   1 LANH01   1976 2020     45      1      0    .860   1.37   4.05   .980   .746   .493   2.62   .587  -.039   1
   2 LANH02   1986 2020     35      1      0    .853   1.31   5.85  1.264   .815   .545   2.88   .752   .057   1
   3 LANH03   1974 2020     47      1      0    .761   1.63   4.53  1.031   .677   .536   2.71   .579  -.054   1
   4 LANH04   1974 2020     47      1      0    .809   1.65   4.25  1.236   .815   .515   2.65   .642  -.005   1
   5 LANH05   1971 2020     50      1      0    .807   1.07   2.61   .662   .765   .494   2.57   .590  -.032   1
   6 LANH06   1986 2020     35      1      0    .892   1.11   3.60   .883   .746   .518   2.62   .559  -.107   1
   7 LANH07   1972 2020     49      1      0    .885   1.89   7.44  1.289   .643   .476   2.70   .615  -.098   1
   8 LANH08   1984 2020     37      1      0    .759   1.95   5.60  1.637   .862   .460   2.51   .552   .076   2
   9 LANH09   1983 2020     38      1      0    .917   2.02   5.56  1.602   .868   .438   2.54   .531   .040   1
  10 LANH10   1975 2020     46      1      0    .578   1.72   3.55   .864   .759   .362   2.51   .535   .007   1
  11 LANH11   1983 2020     38      1      0    .898   1.90   5.26  1.633   .818   .557   2.61   .572   .011   1
  12 LANH12   1988 2020     33      1      0    .470    .95   2.31   .643   .514   .494   2.65   .597  -.013   1
  13 LANH13   1981 2020     40      1      0    .852   1.58   3.97  1.071   .723   .445   2.64   .576  -.008   1
  14 LANH14   1985 2015     31      1      0    .752    .88   2.38   .718   .617   .685   2.77   .812   .062   2
  15 LANH15   1980 2020     41      1      0    .792    .99   4.02  1.058   .904   .579   2.94   .649   .014   1
  16 LANH16   1981 2020     40      1      0    .912    .97   2.84   .726   .707   .555   2.63   .707  -.094   1
  17 LANH17   1976 2020     45      1      0    .638   1.25   2.86   .903   .796   .486   2.51   .562  -.055   1
  18 LANH18   1974 2020     47      1      0    .893   1.43   3.50   .968   .851   .397   2.71   .668  -.022   1
  19 LANH19   1973 2020     48      1      0    .896   1.69   4.35  1.285   .847   .542   2.73   .560  -.051   2
  20 LANH20   1986 2017     32      1      0    .576    .59   1.60   .365   .596   .429   2.88   .548  -.031   1
  21 LANH22   1973 2020     48      1      0    .715   1.36   4.14  1.171   .861   .490   2.71   .585  -.091   2
  22 LANH23   1970 2020     51      2      0    .736   1.44   3.71   .982   .839   .405   2.73   .583  -.039   1
  23 LANH24   1974 2020     47      1      0    .765   1.11   3.92  1.090   .926   .507   2.72   .608   .020   1
  24 LANH25   1982 2020     39      1      0    .562    .57   1.99   .522   .669   .570   2.72   .562   .023   1
  25 LANH26   1980 2020     41      1      0    .707   1.16   3.48   .782   .579   .584   2.66   .687   .007   1
  26 LANH27   1977 2020     44      1      0    .795   1.49   3.76   .980   .733   .484   2.63   .607   .007   1
  27 LANH28   1974 2020     47      1      0    .869   1.73   4.73  1.351   .869   .453   2.81   .573   .034   1
  28 LANH29   1980 2020     41      1      0    .856   2.17   6.29  1.539   .808   .442   2.45   .491  -.021   1
  29 LANH30   1983 2020     38      1      0    .732   1.42   4.16  1.249   .929   .475   2.47   .564   .103   2
  30 LANH31   1983 2020     38      1      0    .783   1.67   5.34  1.473   .818   .579   2.54   .528  -.049   1
  31 LANH32   1987 2019     33      1      0    .581    .73   2.45   .717   .555   .704   2.58   .546  -.066   1
  32 LANH33   1972 2020     49      1      0    .714   1.33   3.06   .870   .822   .488   2.58   .614   .004   1
  33 LANH34   1980 2020     41      1      0    .882   1.34   4.12  1.112   .747   .569   2.69   .759   .027   1
  34 LANH35   1969 2020     52      2      0    .861   1.33   3.52   .902   .819   .418   2.68   .591  -.146   1
  35 LANH36   1971 2020     50      1      0    .867   1.46   4.80  1.386   .932   .461   2.68   .525  -.091   1
  36 LANH37   1979 2020     42      1      0    .910   1.21   3.94   .859   .696   .502   2.77   .620  -.088   2
  37 LANH38   1981 2020     40      1      0    .898   1.18   2.71   .792   .762   .519   2.57   .538  -.009   1
  38 LANH39   1977 2020     44      1      0    .912   1.32   3.24   .815   .722   .427   2.61   .633  -.028   1
  39 LANH40   1970 2020     51      2      0    .733   1.48   3.85   .977   .847   .415   2.59   .442  -.033   4
  40 LANH41   1976 2020     45      1      0    .793   1.16   2.86   .862   .836   .462   2.71   .597  -.003   1
 --- -------- ---------  -----  -----  -----   ------ -----  -----  -----  -----  -----  -----  -----  -----  --
 Total or mean:           1705     43      0    .790   1.38   7.44  1.036   .778   .494   2.94   .594  -.022

                                              - = [  COFECHA TREESCOF  ] = -
