[]  Dendrochronology Program Library                                        Run CORES  Program COF  12:03  Thu 23 Dec 2021  Page   1
[]
[]  P R O G R A M      C O F E C H A                                                                          Version 6.06P    31770
------------------------------------------------------------------------------------------------------------------------------------

 QUALITY CONTROL AND DATING CHECK OF TREE-RING MEASUREMENTS

 File of DATED series:   4-LPH_cores.rwl

 CONTENTS:

    Part 1:  Title page, options selected, summary, absent rings by series
    Part 2:  Histogram of time spans
    Part 3:  Master series with sample depth and absent rings by year
    Part 4:  Bar plot of Master Dating Series
    Part 5:  Correlation by segment of each series with Master
    Part 6:  Potential problems: low correlation, divergent year-to-year changes, absent rings, outliers
    Part 7:  Descriptive statistics

 RUN CONTROL OPTIONS SELECTED                             VALUE

         1  Cubic smoothing spline 50% wavelength cutoff for filtering
                                                            32 years
         2  Segments examined are                           50 years lagged successively by  25 years
         3  Autoregressive model applied                     A  Residuals are used in master dating series and testing
         4  Series transformed to logarithms                 Y  Each series log-transformed for master dating series and testing
         5  CORRELATION is Pearson (parametric, quantitative)
            Critical correlation, 99% confidence level   .3281
         6  Master dating series saved                       N
         7  Ring measurements listed                         N
         8  Parts printed                              1234567 
         9  Absent rings are omitted from master series and segment correlations  (Y)

 Time span of Master dating series is  1969 to  2020    52 years
 Continuous time span is               1969 to  2020    52 years
 Portion with two or more series is    1969 to  2020    52 years


                                        ****************************************
                                        *C* Number of dated series        81 *C*
                                        *O* Master series 1969 2020   52 yrs *O*
                                        *F* Total rings in all series   3369 *F*
                                        *E* Total dated rings checked   3369 *E*
                                        *C* Series intercorrelation     .771 *C*
                                        *H* Average mean sensitivity    .507 *H*
                                        *A* Segments, possible problems    0 *A*
                                        *** Mean length of series       41.6 ***
                                        ****************************************

 ABSENT RINGS listed by SERIES:            (See Master Dating Series for absent rings listed by year)

               No ring measurements of zero value
PART 2:  TIME PLOT OF TREE-RING SERIES:                                                            12:03  Thu 23 Dec 2021  Page   2
------------------------------------------------------------------------------------------------------------------------------------
 1050 1100 1150 1200 1250 1300 1350 1400 1450 1500 1550 1600 1650 1700 1750 1800 1850 1900 1950 2000 2050 Ident   Seq Time-span  Yrs
   :    :    :    :    :    :    :    :    :    :    :    :    :    :    :    :    :    :    :    :    : -------- --- ---- ---- ----
   .    .    .    .    .    .    .    .    .    .    .    .    .    .    .    .    .    .    . <====>  . LANH01A    1 1977 2020   44
   .    .    .    .    .    .    .    .    .    .    .    .    .    .    .    .    .    .    . <====>  . LANH01C    2 1976 2020   45
   .    .    .    .    .    .    .    .    .    .    .    .    .    .    .    .    .    .    .  <===>  . LANH02C    3 1986 2020   35
   .    .    .    .    .    .    .    .    .    .    .    .    .    .    .    .    .    .    .  <===>  . LANH02D    4 1986 2020   35
   .    .    .    .    .    .    .    .    .    .    .    .    .    .    .    .    .    .    . <====>  . LANH03A    5 1974 2020   47
   .    .    .    .    .    .    .    .    .    .    .    .    .    .    .    .    .    .    . <====>  . LANH03B    6 1974 2020   47
   .    .    .    .    .    .    .    .    .    .    .    .    .    .    .    .    .    .    . <====>  . LANH04A    7 1974 2020   47
   .    .    .    .    .    .    .    .    .    .    .    .    .    .    .    .    .    .    . <====>  . LANH04B    8 1974 2020   47
   .    .    .    .    .    .    .    .    .    .    .    .    .    .    .    .    .    .    . <====>  . LANH05A    9 1971 2020   50
   .    .    .    .    .    .    .    .    .    .    .    .    .    .    .    .    .    .    . <====>  . LANH05B   10 1971 2020   50
   .    .    .    .    .    .    .    .    .    .    .    .    .    .    .    .    .    .    .  <===>  . LANH06A   11 1986 2020   35
   .    .    .    .    .    .    .    .    .    .    .    .    .    .    .    .    .    .    .  <===>  . LANH06B   12 1986 2020   35
   .    .    .    .    .    .    .    .    .    .    .    .    .    .    .    .    .    .    . <====>  . LANH07A   13 1973 2020   48
   .    .    .    .    .    .    .    .    .    .    .    .    .    .    .    .    .    .    . <===>   . LANH07B   14 1972 2010   39
   .    .    .    .    .    .    .    .    .    .    .    .    .    .    .    .    .    .    .  <===>  . LANH08A   15 1984 2020   37
   .    .    .    .    .    .    .    .    .    .    .    .    .    .    .    .    .    .    .  <===>  . LANH08B   16 1984 2020   37
   .    .    .    .    .    .    .    .    .    .    .    .    .    .    .    .    .    .    .  <===>  . LANH09C   17 1983 2020   38
   .    .    .    .    .    .    .    .    .    .    .    .    .    .    .    .    .    .    .  <===>  . LANH09D   18 1983 2020   38
   .    .    .    .    .    .    .    .    .    .    .    .    .    .    .    .    .    .    . <====>  . LANH10C   19 1975 2020   46
   .    .    .    .    .    .    .    .    .    .    .    .    .    .    .    .    .    .    . <====>  . LANH10D   20 1975 2020   46
   .    .    .    .    .    .    .    .    .    .    .    .    .    .    .    .    .    .    .  <===>  . LANH11C   21 1983 2020   38
   .    .    .    .    .    .    .    .    .    .    .    .    .    .    .    .    .    .    .  <===>  . LANH11D   22 1983 2020   38
   .    .    .    .    .    .    .    .    .    .    .    .    .    .    .    .    .    .    .  <===>  . LANH12C   23 1988 2020   33
   .    .    .    .    .    .    .    .    .    .    .    .    .    .    .    .    .    .    .  <==>   . LANH12D   24 1988 2017   30
   .    .    .    .    .    .    .    .    .    .    .    .    .    .    .    .    .    .    .  <===>  . LANH13A   25 1981 2020   40
   .    .    .    .    .    .    .    .    .    .    .    .    .    .    .    .    .    .    .  <===>  . LANH13C   26 1981 2020   40
   .    .    .    .    .    .    .    .    .    .    .    .    .    .    .    .    .    .    .  <==>   . LANH14A   27 1985 2015   31
   .    .    .    .    .    .    .    .    .    .    .    .    .    .    .    .    .    .    .  <==>   . LANH14B   28 1985 2015   31
   .    .    .    .    .    .    .    .    .    .    .    .    .    .    .    .    .    .    .  <===>  . LANH15A   29 1980 2020   41
   .    .    .    .    .    .    .    .    .    .    .    .    .    .    .    .    .    .    .  <=>    . LANH15B   30 1980 2006   27
   .    .    .    .    .    .    .    .    .    .    .    .    .    .    .    .    .    .    .  <===>  . LANH16A   31 1981 2020   40
   .    .    .    .    .    .    .    .    .    .    .    .    .    .    .    .    .    .    .  <==>   . LANH16B   32 1983 2017   35
   .    .    .    .    .    .    .    .    .    .    .    .    .    .    .    .    .    .    . <====>  . LANH17A   33 1976 2020   45
   .    .    .    .    .    .    .    .    .    .    .    .    .    .    .    .    .    .    . <====>  . LANH17C   34 1976 2020   45
   .    .    .    .    .    .    .    .    .    .    .    .    .    .    .    .    .    .    . <===>   . LANH18A   35 1974 2019   46
   .    .    .    .    .    .    .    .    .    .    .    .    .    .    .    .    .    .    . <====>  . LANH18B   36 1975 2020   46
   .    .    .    .    .    .    .    .    .    .    .    .    .    .    .    .    .    .    . <====>  . LANH19A   37 1973 2020   48
   .    .    .    .    .    .    .    .    .    .    .    .    .    .    .    .    .    .    . <====>  . LANH19B   38 1974 2020   47
   .    .    .    .    .    .    .    .    .    .    .    .    .    .    .    .    .    .    .  <==>   . LANH20A   39 1987 2017   31
   .    .    .    .    .    .    .    .    .    .    .    .    .    .    .    .    .    .    .  <==>   . LANH20B   40 1986 2015   30
   .    .    .    .    .    .    .    .    .    .    .    .    .    .    .    .    .    .    . <====>  . LANH21A   41 1973 2020   48
   .    .    .    .    .    .    .    .    .    .    .    .    .    .    .    .    .    .    . <====>  . LANH22A   42 1973 2020   48
   .    .    .    .    .    .    .    .    .    .    .    .    .    .    .    .    .    .    . <====>  . LANH22B   43 1973 2020   48
   .    .    .    .    .    .    .    .    .    .    .    .    .    .    .    .    .    .    . <====>  . LANH23A   44 1970 2020   51
   .    .    .    .    .    .    .    .    .    .    .    .    .    .    .    .    .    .    . <====>  . LANH23B   45 1970 2020   51
   .    .    .    .    .    .    .    .    .    .    .    .    .    .    .    .    .    .    . <====>  . LANH24A   46 1974 2020   47
   .    .    .    .    .    .    .    .    .    .    .    .    .    .    .    .    .    .    . <====>  . LANH24B   47 1974 2020   47
   .    .    .    .    .    .    .    .    .    .    .    .    .    .    .    .    .    .    .  <===>  . LANH25A   48 1982 2020   39
   .    .    .    .    .    .    .    .    .    .    .    .    .    .    .    .    .    .    .  <===>  . LANH25B   49 1982 2020   39
   .    .    .    .    .    .    .    .    .    .    .    .    .    .    .    .    .    .    .  <===>  . LANH26A   50 1980 2020   41
   :    :    :    :    :    :    :    :    :    :    :    :    :    :    :    :    :    :    :    :    :
 1050 1100 1150 1200 1250 1300 1350 1400 1450 1500 1550 1600 1650 1700 1750 1800 1850 1900 1950 2000 2050
PART 2:  TIME PLOT OF TREE-RING SERIES:                                                            12:03  Thu 23 Dec 2021  Page   3
------------------------------------------------------------------------------------------------------------------------------------
 1050 1100 1150 1200 1250 1300 1350 1400 1450 1500 1550 1600 1650 1700 1750 1800 1850 1900 1950 2000 2050 Ident   Seq Time-span  Yrs
   :    :    :    :    :    :    :    :    :    :    :    :    :    :    :    :    :    :    :    :    : -------- --- ---- ---- ----
   .    .    .    .    .    .    .    .    .    .    .    .    .    .    .    .    .    .    .  <===>  . LANH26B   51 1983 2020   38
   .    .    .    .    .    .    .    .    .    .    .    .    .    .    .    .    .    .    . <====>  . LANH27A   52 1977 2020   44
   .    .    .    .    .    .    .    .    .    .    .    .    .    .    .    .    .    .    . <====>  . LANH27B   53 1977 2020   44
   .    .    .    .    .    .    .    .    .    .    .    .    .    .    .    .    .    .    . <====>  . LANH28A   54 1974 2020   47
   .    .    .    .    .    .    .    .    .    .    .    .    .    .    .    .    .    .    . <====>  . LANH28B   55 1975 2020   46
   .    .    .    .    .    .    .    .    .    .    .    .    .    .    .    .    .    .    .  <===>  . LANH29A   56 1980 2020   41
   .    .    .    .    .    .    .    .    .    .    .    .    .    .    .    .    .    .    .  <===>  . LANH29B   57 1981 2020   40
   .    .    .    .    .    .    .    .    .    .    .    .    .    .    .    .    .    .    .  <===>  . LANH30A   58 1984 2020   37
   .    .    .    .    .    .    .    .    .    .    .    .    .    .    .    .    .    .    .  <===>  . LANH30B   59 1983 2020   38
   .    .    .    .    .    .    .    .    .    .    .    .    .    .    .    .    .    .    .  <===>  . LANH31A   60 1983 2020   38
   .    .    .    .    .    .    .    .    .    .    .    .    .    .    .    .    .    .    .  <===>  . LANH31B   61 1983 2020   38
   .    .    .    .    .    .    .    .    .    .    .    .    .    .    .    .    .    .    .  <==>   . LANH32A   62 1987 2017   31
   .    .    .    .    .    .    .    .    .    .    .    .    .    .    .    .    .    .    .  <==>   . LANH32B   63 1988 2019   32
   .    .    .    .    .    .    .    .    .    .    .    .    .    .    .    .    .    .    . <====>  . LANH33A   64 1973 2020   48
   .    .    .    .    .    .    .    .    .    .    .    .    .    .    .    .    .    .    . <====>  . LANH33B   65 1972 2020   49
   .    .    .    .    .    .    .    .    .    .    .    .    .    .    .    .    .    .    .  <===>  . LANH34A   66 1981 2020   40
   .    .    .    .    .    .    .    .    .    .    .    .    .    .    .    .    .    .    .  <===>  . LANH34B   67 1980 2020   41
   .    .    .    .    .    .    .    .    .    .    .    .    .    .    .    .    .    .    .<=====>  . LANH35A   68 1969 2020   52
   .    .    .    .    .    .    .    .    .    .    .    .    .    .    .    .    .    .    .<=> .    . LANH35B   69 1969 1985   17
   .    .    .    .    .    .    .    .    .    .    .    .    .    .    .    .    .    .    . <====>  . LANH36A   70 1972 2020   49
   .    .    .    .    .    .    .    .    .    .    .    .    .    .    .    .    .    .    . <====>  . LANH36B   71 1971 2020   50
   .    .    .    .    .    .    .    .    .    .    .    .    .    .    .    .    .    .    . <====>  . LANH37A   72 1979 2020   42
   .    .    .    .    .    .    .    .    .    .    .    .    .    .    .    .    .    .    . <===>   . LANH37B   73 1979 2018   40
   .    .    .    .    .    .    .    .    .    .    .    .    .    .    .    .    .    .    .  <===>  . LANH38A   74 1981 2020   40
   .    .    .    .    .    .    .    .    .    .    .    .    .    .    .    .    .    .    .  <===>  . LANH38B   75 1981 2020   40
   .    .    .    .    .    .    .    .    .    .    .    .    .    .    .    .    .    .    . <====>  . LANH39A   76 1977 2020   44
   .    .    .    .    .    .    .    .    .    .    .    .    .    .    .    .    .    .    . <====>  . LANH39B   77 1977 2020   44
   .    .    .    .    .    .    .    .    .    .    .    .    .    .    .    .    .    .    . <====>  . LANH40A   78 1970 2020   51
   .    .    .    .    .    .    .    .    .    .    .    .    .    .    .    .    .    .    . <====>  . LANH40B   79 1970 2020   51
   .    .    .    .    .    .    .    .    .    .    .    .    .    .    .    .    .    .    . <====>  . LANH41A   80 1976 2020   45
   .    .    .    .    .    .    .    .    .    .    .    .    .    .    .    .    .    .    . <====>  . LANH41B   81 1976 2020   45
   :    :    :    :    :    :    :    :    :    :    :    :    :    :    :    :    :    :    :    :    :
 1050 1100 1150 1200 1250 1300 1350 1400 1450 1500 1550 1600 1650 1700 1750 1800 1850 1900 1950 2000 2050
PART 3:  Master Dating Series:                                                                     12:03  Thu 23 Dec 2021  Page   4
------------------------------------------------------------------------------------------------------------------------------------
  Year  Value  No Ab    Year  Value  No Ab    Year  Value  No Ab    Year  Value  No Ab    Year  Value  No Ab    Year  Value  No Ab
  ------------------    ------------------    ------------------    ------------------    ------------------    ------------------
                        2000  -.082  80
                        2001   .675  80
                        2002   .201  80
                        2003   .769  80
                        2004   .744  80
                        2005 -1.673  80
                        2006  -.102  80
                        2007  -.618  79
                        2008  -.666  79
                        2009   .683  79

                        2010  1.626  79
                        2011  1.068  78
                        2012 -1.241  78
                        2013   .952  78
                        2014  -.619  78
                        2015   .752  78
                        2016  -.950  75
                        2017   .360  75
                        2018   .532  71
  1969   .667   2       2019  -.532  70

  1970   .020   6       2020  1.527  68
  1971  -.641   9
  1972  -.120  12
  1973  -.718  18
  1974 -1.220  27
  1975  -.561  31
  1976   .664  36
  1977   .852  41
  1978   .704  41
  1979   .417  43

  1980   .897  48
  1981 -1.529  55
  1982  -.914  57
  1983 -1.092  66
  1984   .059  69
  1985   .431  71
  1986   .285  75
  1987  -.385  77
  1988   .380  80
  1989  1.061  80

  1990  1.418  80
  1991   .551  80
  1992   .731  80
  1993   .324  80
  1994 -1.202  80
  1995 -3.045  80
  1996 -1.394  80
  1997  1.108  80
  1998  1.118  80
  1999 -2.272  80
------------------------------------------------------------------------------------------------------------------------------------
PART 4:  Master Bar Plot:                                                                          12:03  Thu 23 Dec 2021  Page   5
------------------------------------------------------------------------------------------------------------------------------------
   Year Rel value  Year Rel value  Year Rel value  Year Rel value  Year Rel value  Year Rel value  Year Rel value  Year Rel value
                   2000----@
                   2001-------C
                   2002-----A
                   2003--------C
                   2004--------C
                   2005g
                   2006----@
                   2007--b
                   2008--c
                   2009-------C
                   2010----------G
                   2011---------D
                   2012-e
                   2013---------D
                   2014--b
                   2015--------C
                   2016-d
                   2017-----A
                   2018------B
   1969-------C    2019---b
   1970----@       2020----------F
   1971--c
   1972----@
   1973--c
   1974-e
   1975---b
   1976-------C
   1977--------C
   1978-------C
   1979-----B
   1980--------D
   1981f
   1982--d
   1983-d
   1984----@
   1985------B
   1986-----A
   1987---b
   1988-----B
   1989---------D
   1990----------F
   1991------B
   1992--------C
   1993-----A
   1994-e
   1995l
   1996-f
   1997---------D
   1998---------D
   1999i
PART 5:  CORRELATION OF SERIES BY SEGMENTS:                                                        12:03  Thu 23 Dec 2021  Page   5
------------------------------------------------------------------------------------------------------------------------------------
 Correlations of  50-year dated segments, lagged  25 years
 Flags:  A = correlation under   .3281 but highest as dated;  B = correlation higher at other than dated position

 Seq Series  Time_span   1950 1975
                         1999 2024
 --- -------- ---------  ---- ---- ---- ---- ---- ---- ---- ---- ---- ---- ---- ---- ---- ---- ---- ---- ---- ---- ---- ----
   1 LANH01A  1977 2020        .84
   2 LANH01C  1976 2020        .77
   3 LANH02C  1986 2020        .84
   4 LANH02D  1986 2020        .84
   5 LANH03A  1974 2020   .64
   6 LANH03B  1974 2020   .86
   7 LANH04A  1974 2020   .87
   8 LANH04B  1974 2020   .72
   9 LANH05A  1971 2020   .87
  10 LANH05B  1971 2020   .80
  11 LANH06A  1986 2020        .85
  12 LANH06B  1986 2020        .83
  13 LANH07A  1973 2020   .86
  14 LANH07B  1972 2010   .88
  15 LANH08A  1984 2020        .80
  16 LANH08B  1984 2020        .76
  17 LANH09C  1983 2020        .86
  18 LANH09D  1983 2020        .90
  19 LANH10C  1975 2020        .64
  20 LANH10D  1975 2020        .70
  21 LANH11C  1983 2020        .85
  22 LANH11D  1983 2020        .84
  23 LANH12C  1988 2020        .42
  24 LANH12D  1988 2017        .57
  25 LANH13A  1981 2020        .82
  26 LANH13C  1981 2020        .88
  27 LANH14A  1985 2015        .66
  28 LANH14B  1985 2015        .88
  29 LANH15A  1980 2020        .79
  30 LANH15B  1980 2006        .58
  31 LANH16A  1981 2020        .89
  32 LANH16B  1983 2017        .91
  33 LANH17A  1976 2020        .62
  34 LANH17C  1976 2020        .58
  35 LANH18A  1974 2019   .84
  36 LANH18B  1975 2020        .86
  37 LANH19A  1973 2020   .83
  38 LANH19B  1974 2020   .87
  39 LANH20A  1987 2017        .49
  40 LANH20B  1986 2015        .53
  41 LANH21A  1973 2020   .87
  42 LANH22A  1973 2020   .74
  43 LANH22B  1973 2020   .68
  44 LANH23A  1970 2020   .75  .80
  45 LANH23B  1970 2020   .68  .71
  46 LANH24A  1974 2020   .75
  47 LANH24B  1974 2020   .73
  48 LANH25A  1982 2020        .57
  49 LANH25B  1982 2020        .43
  50 LANH26A  1980 2020        .66
  51 LANH26B  1983 2020        .69
  52 LANH27A  1977 2020        .83
  53 LANH27B  1977 2020        .73
  54 LANH28A  1974 2020   .86
  55 LANH28B  1975 2020        .81
  56 LANH29A  1980 2020        .83
  57 LANH29B  1981 2020        .83
  58 LANH30A  1984 2020        .80
  59 LANH30B  1983 2020        .73
  60 LANH31A  1983 2020        .72
  61 LANH31B  1983 2020        .84
  62 LANH32A  1987 2017        .42
  63 LANH32B  1988 2019        .40
  64 LANH33A  1973 2020   .63
  65 LANH33B  1972 2020   .81
  66 LANH34A  1981 2020        .91
  67 LANH34B  1980 2020        .81
  68 LANH35A  1969 2020   .87  .89
  69 LANH35B  1969 1985   .65
  70 LANH36A  1972 2020   .74
  71 LANH36B  1971 2020   .86
  72 LANH37A  1979 2020        .87
  73 LANH37B  1979 2018        .88
  74 LANH38A  1981 2020        .84
  75 LANH38B  1981 2020        .88
  76 LANH39A  1977 2020        .84
  77 LANH39B  1977 2020        .90
  78 LANH40A  1970 2020   .85  .86
  79 LANH40B  1970 2020   .68  .70
  80 LANH41A  1976 2020        .84
  81 LANH41B  1976 2020        .79
 Av segment correlation   .78  .76
PART 6:  POTENTIAL PROBLEMS:                                                                       12:03  Thu 23 Dec 2021  Page   6
------------------------------------------------------------------------------------------------------------------------------------

 For each series with potential problems the following diagnostics may appear:

 [A] Correlations with master dating series of flagged  50-year segments of series filtered with  32-year spline,
     at every point from ten years earlier (-10) to ten years later (+10) than dated

 [B] Effect of those data values which most lower or raise correlation with master series
     Symbol following year indicates value in series is greater (>) or lesser (<) than master series value

 [C] Year-to-year changes very different from the mean change in other series

 [D] Absent rings (zero values)

 [E] Values which are statistical outliers from mean for the year
====================================================================================================================================

 LANH01A   1977 to  2020      44 years                                                                                    Series   1

 [B] Entire series, effect on correlation (  .840) is:
       Lower   1986> -.018   1977< -.017   1979< -.015   1995> -.014   1980< -.010   1983> -.010  Higher   1999  .041   2005  .015

====================================================================================================================================

 LANH01C   1976 to  2020      45 years                                                                                    Series   2

 [B] Entire series, effect on correlation (  .768) is:
       Lower   1976< -.021   2012> -.018   2014> -.017   2004< -.017   2006< -.015   1978< -.011  Higher   1999  .046   2005  .022

====================================================================================================================================

 LANH02C   1986 to  2020      35 years                                                                                    Series   3

 [B] Entire series, effect on correlation (  .838) is:
       Lower   2005> -.031   1986> -.022   1989< -.016   1987> -.009   1990< -.006   1991< -.004  Higher   1999  .026   1995  .025

====================================================================================================================================

 LANH02D   1986 to  2020      35 years                                                                                    Series   4

 [B] Entire series, effect on correlation (  .840) is:
       Lower   1986> -.020   1994< -.018   2005> -.011   1991< -.010   2000< -.009   1987> -.009  Higher   1999  .030   1995  .023

====================================================================================================================================

 LANH03A   1974 to  2020      47 years                                                                                    Series   5

 [B] Entire series, effect on correlation (  .637) is:
       Lower   1979< -.231   1981> -.006   2018< -.004   1987> -.004   1984> -.003   1975> -.003  Higher   1999  .037   2005  .017

 [E] Outliers     1   3.0 SD above or -4.5 SD below mean for year
       1979 -7.4 SD
====================================================================================================================================

 LANH03B   1974 to  2020      47 years                                                                                    Series   6

 [B] Entire series, effect on correlation (  .858) is:
       Lower   1979< -.033   1986> -.009   1985< -.008   1987> -.007   1976> -.005   2017< -.004  Higher   1999  .031   2005  .008

====================================================================================================================================

 LANH04A   1974 to  2020      47 years                                                                                    Series   7

 [B] Entire series, effect on correlation (  .871) is:
       Lower   1983> -.026   1975< -.025   1977< -.019   1988< -.004   1979> -.004   2008> -.004  Higher   1999  .026   2005  .010

====================================================================================================================================

 LANH04B   1974 to  2020      47 years                                                                                    Series   8

 [B] Entire series, effect on correlation (  .724) is:
       Lower   1975< -.108   1977< -.039   1983> -.009   2008> -.005   1984> -.005   1993< -.004  Higher   1999  .031   1995  .020

 [E] Outliers     1   3.0 SD above or -4.5 SD below mean for year
       1975 -5.2 SD
====================================================================================================================================

 LANH05A   1971 to  2020      50 years                                                                                    Series   9

 [B] Entire series, effect on correlation (  .868) is:
       Lower   1995> -.016   1975> -.010   2018< -.010   1986< -.009   1973> -.009   1984> -.005  Higher   1999  .030   2005  .009

====================================================================================================================================

 LANH05B   1971 to  2020      50 years                                                                                    Series  10

 [B] Entire series, effect on correlation (  .797) is:
       Lower   1973> -.025   2018< -.019   1979< -.013   1972> -.011   1977< -.008   2000< -.007  Higher   1999  .047   1995  .018

====================================================================================================================================

 LANH06A   1986 to  2020      35 years                                                                                    Series  11

 [B] Entire series, effect on correlation (  .853) is:
       Lower   1997< -.021   2018< -.014   2017< -.011   1991< -.009   1996> -.009   2011> -.009  Higher   1999  .044   1995  .030

====================================================================================================================================

 LANH06B   1986 to  2020      35 years                                                                                    Series  12

 [B] Entire series, effect on correlation (  .833) is:
       Lower   1991< -.015   2017< -.011   2018< -.009   1995> -.008   2008> -.008   2006> -.007  Higher   1999  .054   2010  .010

====================================================================================================================================

 LANH07A   1973 to  2020      48 years                                                                                    Series  13

 [B] Entire series, effect on correlation (  .862) is:
       Lower   1973> -.050   1996> -.011   1976< -.009   1980< -.004   1975> -.002   1979> -.002  Higher   1999  .021   1995  .019

 [E] Outliers     1   3.0 SD above or -4.5 SD below mean for year
       1973 +3.2 SD
====================================================================================================================================

 LANH07B   1972 to  2010      39 years                                                                                    Series  14

 [B] Entire series, effect on correlation (  .883) is:
       Lower   1972> -.031   1996> -.018   1978< -.011   1985< -.008   1976< -.006   1982> -.005  Higher   1999  .036   1995  .022

====================================================================================================================================

 LANH08A   1984 to  2020      37 years                                                                                    Series  15

 [B] Entire series, effect on correlation (  .803) is:
       Lower   1984< -.023   1989< -.014   2014> -.013   2003< -.012   1987> -.010   2002> -.008  Higher   1995  .026   2005  .015

====================================================================================================================================

 LANH08B   1984 to  2020      37 years                                                                                    Series  16

 [B] Entire series, effect on correlation (  .758) is:
       Lower   2011< -.064   1984< -.023   2012> -.022   1998< -.017   2014> -.009   1985< -.007  Higher   1995  .052   2005  .028

====================================================================================================================================

 LANH09C   1983 to  2020      38 years                                                                                    Series  17

 [B] Entire series, effect on correlation (  .857) is:
       Lower   1983< -.048   2007> -.010   1997< -.007   1987> -.007   1985< -.005   2014> -.004  Higher   1995  .028   1999  .023

====================================================================================================================================

 LANH09D   1983 to  2020      38 years                                                                                    Series  18

 [B] Entire series, effect on correlation (  .904) is:
       Lower   1986> -.012   2001< -.008   2000< -.006   1988< -.005   2012> -.004   1985< -.003  Higher   1999  .025   2020  .005

====================================================================================================================================

 LANH10C   1975 to  2020      46 years                                                                                    Series  19

 [B] Entire series, effect on correlation (  .639) is:
       Lower   1981> -.065   1976< -.050   1983> -.029   1977< -.018   1978< -.017   1992< -.009  Higher   1995  .058   2005  .037

 [E] Outliers     1   3.0 SD above or -4.5 SD below mean for year
       1981 +3.5 SD
====================================================================================================================================

 LANH10D   1975 to  2020      46 years                                                                                    Series  20

 [B] Entire series, effect on correlation (  .695) is:
       Lower   1999> -.072   1976< -.061   1981> -.032   1982> -.007   1986< -.007   2002< -.004  Higher   2005  .030   1995  .026

====================================================================================================================================

 LANH11C   1983 to  2020      38 years                                                                                    Series  21

 [B] Entire series, effect on correlation (  .851) is:
       Lower   1984< -.019   1983< -.018   2012> -.015   2016> -.006   2019> -.005   2010< -.005  Higher   1999  .045   2005  .011

====================================================================================================================================

 LANH11D   1983 to  2020      38 years                                                                                    Series  22

 [B] Entire series, effect on correlation (  .841) is:
       Lower   1983< -.091   1996> -.011   2016> -.005   2011> -.004   1991< -.003   2006< -.003  Higher   1999  .038   1995  .018

====================================================================================================================================

 LANH12C   1988 to  2020      33 years                                                                                    Series  23

 [B] Entire series, effect on correlation (  .422) is:
       Lower   1996> -.065   1990< -.044   2012> -.043   1998< -.029   2010< -.028   2009< -.027  Higher   1995  .115   1997  .023

 [E] Outliers     1   3.0 SD above or -4.5 SD below mean for year
       1996 +4.3 SD
====================================================================================================================================

 LANH12D   1988 to  2017      30 years                                                                                    Series  24

 [B] Entire series, effect on correlation (  .573) is:
       Lower   1990< -.108   2014> -.034   2002< -.033   2016> -.024   1994> -.018   2012> -.014  Higher   1995  .097   2005  .059

====================================================================================================================================

 LANH13A   1981 to  2020      40 years                                                                                    Series  25

 [B] Entire series, effect on correlation (  .824) is:
       Lower   1999> -.076   2001< -.007   2005< -.007   1985> -.004   1992< -.003   2018< -.002  Higher   1995  .017   2020  .011

 [E] Outliers     1   3.0 SD above or -4.5 SD below mean for year
       1999 +3.2 SD
====================================================================================================================================

 LANH13C   1981 to  2020      40 years                                                                                    Series  26

 [B] Entire series, effect on correlation (  .885) is:
       Lower   1999> -.033   1996< -.013   1983> -.004   1985> -.003   2005< -.003   1984< -.002  Higher   1995  .016   2010  .005

====================================================================================================================================

 LANH14A   1985 to  2015      31 years                                                                                    Series  27

 [B] Entire series, effect on correlation (  .657) is:
       Lower   1999> -.073   2011< -.028   1988< -.017   1985< -.015   1994> -.008   2014< -.007  Higher   1995  .050   2010  .022

====================================================================================================================================

 LANH14B   1985 to  2015      31 years                                                                                    Series  28

 [B] Entire series, effect on correlation (  .879) is:
       Lower   1994< -.025   2012> -.014   1985< -.012   2011< -.008   2014> -.006   2015> -.005  Higher   1995  .024   1999  .013

====================================================================================================================================

 LANH15A   1980 to  2020      41 years                                                                                    Series  29

 [B] Entire series, effect on correlation (  .790) is:
       Lower   2006< -.036   1996< -.015   2001< -.011   1989< -.009   1985< -.007   2007> -.006  Higher   1999  .024   2005  .020

====================================================================================================================================

 LANH15B   1980 to  2006      27 years                                                                                    Series  30

 [B] Entire series, effect on correlation (  .576) is:
       Lower   1986< -.147   2005> -.098   1994> -.028   1993< -.017   2001< -.014   1992< -.009  Higher   1999  .096   1995  .095

 [E] Outliers     1   3.0 SD above or -4.5 SD below mean for year
       2005 +3.5 SD
====================================================================================================================================

 LANH16A   1981 to  2020      40 years                                                                                    Series  31

 [B] Entire series, effect on correlation (  .893) is:
       Lower   1995> -.017   1987> -.014   1984> -.004   2010< -.003   2013< -.003   1989< -.003  Higher   1999  .021   1981  .007

====================================================================================================================================

 LANH16B   1983 to  2017      35 years                                                                                    Series  32

 [B] Entire series, effect on correlation (  .910) is:
       Lower   1994< -.008   1986> -.007   1995> -.006   2011> -.006   2010< -.005   1984< -.004  Higher   1999  .020   2005  .010

====================================================================================================================================

 LANH17A   1976 to  2020      45 years                                                                                    Series  33

 [B] Entire series, effect on correlation (  .617) is:
       Lower   1981> -.066   1979< -.041   1984< -.041   1994> -.019   1983> -.014   1987< -.008  Higher   1999  .047   1995  .038

 [E] Outliers     1   3.0 SD above or -4.5 SD below mean for year
       1981 +3.4 SD
====================================================================================================================================

 LANH17C   1976 to  2020      45 years                                                                                    Series  34

 [B] Entire series, effect on correlation (  .580) is:
       Lower   1984< -.071   1982< -.066   1981> -.025   1994> -.025   2001< -.007   2015< -.005  Higher   1999  .035   1995  .024

 [C] Year-to-year changes diverging by over 4.0 std deviations:
       1981 1982  -4.1 SD

 [E] Outliers     1   3.0 SD above or -4.5 SD below mean for year
       1982 -5.1 SD
====================================================================================================================================

 LANH18A   1974 to  2019      46 years                                                                                    Series  35

 [B] Entire series, effect on correlation (  .838) is:
       Lower   1999> -.021   2016< -.014   1983< -.010   1974> -.006   1979> -.005   1980< -.004  Higher   1995  .009   2005  .008

====================================================================================================================================

 LANH18B   1975 to  2020      46 years                                                                                    Series  36

 [B] Entire series, effect on correlation (  .861) is:
       Lower   1981< -.020   1980< -.013   1983> -.008   1979> -.008   2007> -.004   1989< -.003  Higher   2005  .013   2012  .008

====================================================================================================================================

 LANH19A   1973 to  2020      48 years                                                                                    Series  37

 [B] Entire series, effect on correlation (  .834) is:
       Lower   1977< -.040   1973< -.032   1983> -.009   1974> -.006   2019> -.006   2004< -.004  Higher   1999  .041   1995  .015

====================================================================================================================================

 LANH19B   1974 to  2020      47 years                                                                                    Series  38

 [B] Entire series, effect on correlation (  .873) is:
       Lower   2011< -.029   2012> -.021   1985< -.007   1979> -.006   2004< -.005   2005> -.005  Higher   1999  .025   1995  .011

====================================================================================================================================

 LANH20A   1987 to  2017      31 years                                                                                    Series  39

 [B] Entire series, effect on correlation (  .489) is:
       Lower   2008< -.071   1988< -.037   2016> -.024   2005> -.018   1996> -.017   1998< -.014  Higher   1995  .116   1999  .044

====================================================================================================================================

 LANH20B   1986 to  2015      30 years                                                                                    Series  40

 [B] Entire series, effect on correlation (  .526) is:
       Lower   1987< -.089   1999> -.043   2014> -.029   1994> -.026   2011< -.016   1996> -.013  Higher   1995  .127   2005  .042

 [E] Outliers     1   3.0 SD above or -4.5 SD below mean for year
       1987 -5.1 SD
====================================================================================================================================

 LANH21A   1973 to  2020      48 years                                                                                    Series  41

 [B] Entire series, effect on correlation (  .870) is:
       Lower   1995> -.022   1986< -.017   1981> -.011   1982> -.009   1975< -.005   2004< -.004  Higher   1999  .031   2005  .010

====================================================================================================================================

 LANH22A   1973 to  2020      48 years                                                                                    Series  42

 [B] Entire series, effect on correlation (  .737) is:
       Lower   2011< -.082   2004< -.024   1995> -.014   2012> -.014   2013< -.010   1975> -.010  Higher   1999  .058   1981  .015

====================================================================================================================================

 LANH22B   1973 to  2020      48 years                                                                                    Series  43

 [B] Entire series, effect on correlation (  .679) is:
       Lower   2011< -.106   2004< -.026   2005> -.013   1995> -.013   2012> -.013   2013< -.012  Higher   1999  .085   1981  .018

====================================================================================================================================

 LANH23A   1970 to  2020      51 years                                                                                    Series  44

 [B] Entire series, effect on correlation (  .759) is:
       Lower   2004< -.054   1970> -.041   1979> -.004   1975> -.004   1980< -.003   1986< -.003  Higher   1999  .026   2020  .010

 [E] Outliers     1   3.0 SD above or -4.5 SD below mean for year
       1970 +3.0 SD
====================================================================================================================================

 LANH23B   1970 to  2020      51 years                                                                                    Series  45

 [B] Entire series, effect on correlation (  .696) is:
       Lower   1973< -.025   1986< -.023   1995> -.021   2004< -.020   1971> -.013   1970> -.013  Higher   1999  .025   1981  .018

====================================================================================================================================

 LANH24A   1974 to  2020      47 years                                                                                    Series  46

 [B] Entire series, effect on correlation (  .746) is:
       Lower   1987< -.053   1983< -.018   2011< -.015   2005> -.010   1986< -.008   2004< -.006  Higher   1995  .028   1999  .016

====================================================================================================================================

 LANH24B   1974 to  2020      47 years                                                                                    Series  47

 [B] Entire series, effect on correlation (  .733) is:
       Lower   1987< -.053   1981> -.035   2005> -.024   1986< -.011   1989< -.006   1980< -.003  Higher   1999  .041   2012  .010

 [E] Outliers     1   3.0 SD above or -4.5 SD below mean for year
       1987 -5.2 SD
====================================================================================================================================

 LANH25A   1982 to  2020      39 years                                                                                    Series  48

 [B] Entire series, effect on correlation (  .572) is:
       Lower   1996> -.037   1982> -.025   1997< -.022   2016> -.019   2009< -.018   2005> -.016  Higher   1999  .103   1995  .059

====================================================================================================================================

 LANH25B   1982 to  2020      39 years                                                                                    Series  49

 [B] Entire series, effect on correlation (  .434) is:
       Lower   2010< -.059   2005> -.034   1982> -.028   1996> -.023   1992< -.021   2013< -.019  Higher   1999  .222   1995  .053

 [E] Outliers     1   3.0 SD above or -4.5 SD below mean for year
       1982 +3.0 SD
====================================================================================================================================

 LANH26A   1980 to  2020      41 years                                                                                    Series  50

 [B] Entire series, effect on correlation (  .656) is:
       Lower   2012> -.067   1983> -.039   2003< -.021   1982< -.020   1996> -.013   2010< -.013  Higher   1999  .070   2005  .027

 [E] Outliers     1   3.0 SD above or -4.5 SD below mean for year
       2012 +3.5 SD
====================================================================================================================================

 LANH26B   1983 to  2020      38 years                                                                                    Series  51

 [B] Entire series, effect on correlation (  .689) is:
       Lower   2001< -.030   1983> -.025   1990< -.020   1996> -.014   1984> -.012   2012> -.012  Higher   2005  .033   1999  .019

====================================================================================================================================

 LANH27A   1977 to  2020      44 years                                                                                    Series  52

 [B] Entire series, effect on correlation (  .828) is:
       Lower   1978< -.033   1979< -.027   1982> -.016   2019> -.011   1983> -.010   2014> -.004  Higher   1995  .031   2005  .017

====================================================================================================================================

 LANH27B   1977 to  2020      44 years                                                                                    Series  53

 [B] Entire series, effect on correlation (  .727) is:
       Lower   1978< -.148   1982> -.021   2013< -.004   1979< -.004   2016> -.002   2002> -.002  Higher   1995  .049   2005  .017

 [E] Outliers     1   3.0 SD above or -4.5 SD below mean for year
       1978 -5.4 SD
====================================================================================================================================

 LANH28A   1974 to  2020      47 years                                                                                    Series  54

 [B] Entire series, effect on correlation (  .859) is:
       Lower   2011< -.017   2014> -.014   2008> -.009   2015< -.007   2013< -.007   1979> -.005  Higher   1999  .034   1995  .021

====================================================================================================================================

 LANH28B   1975 to  2020      46 years                                                                                    Series  55

 [B] Entire series, effect on correlation (  .812) is:
       Lower   1981< -.032   2011< -.020   2013< -.013   2016> -.009   2008> -.008   1996> -.006  Higher   1995  .032   1999  .020

====================================================================================================================================

 LANH29A   1980 to  2020      41 years                                                                                    Series  56

 [B] Entire series, effect on correlation (  .831) is:
       Lower   2012> -.019   2008> -.015   1996> -.014   2005< -.013   2010< -.011   1980< -.006  Higher   1995  .027   1999  .012

====================================================================================================================================

 LANH29B   1981 to  2020      40 years                                                                                    Series  57

 [B] Entire series, effect on correlation (  .825) is:
       Lower   2004< -.024   1996> -.021   2007> -.009   2008> -.008   1986> -.004   1991< -.003  Higher   2005  .012   2010  .009

====================================================================================================================================

 LANH30A   1984 to  2020      37 years                                                                                    Series  58

 [B] Entire series, effect on correlation (  .798) is:
       Lower   1994< -.089   2012> -.017   1986> -.008   1984< -.007   1990< -.006   1987> -.005  Higher   1999  .021   2005  .015

====================================================================================================================================

 LANH30B   1983 to  2020      38 years                                                                                    Series  59

 [B] Entire series, effect on correlation (  .732) is:
       Lower   1993< -.029   1998< -.025   1996> -.023   1983< -.019   1984> -.013   1990< -.011  Higher   1995  .045   2020  .013

====================================================================================================================================

 LANH31A   1983 to  2020      38 years                                                                                    Series  60

 [B] Entire series, effect on correlation (  .723) is:
       Lower   1983< -.133   1987> -.011   1986> -.005   2000< -.004   2018< -.003   1989< -.003  Higher   1999  .023   2010  .013

 [E] Outliers     1   3.0 SD above or -4.5 SD below mean for year
       1983 -5.1 SD
====================================================================================================================================

 LANH31B   1983 to  2020      38 years                                                                                    Series  61

 [B] Entire series, effect on correlation (  .838) is:
       Lower   1983< -.049   1987> -.010   1986> -.010   1996< -.006   1989< -.006   2007> -.002  Higher   1999  .032   2010  .009

====================================================================================================================================

 LANH32A   1987 to  2017      31 years                                                                                    Series  62

 [B] Entire series, effect on correlation (  .424) is:
       Lower   1998< -.123   2016> -.034   2012> -.028   2014> -.020   2017> -.018   1996> -.017  Higher   1999  .183   1995  .130

 [E] Outliers     1   3.0 SD above or -4.5 SD below mean for year
       2017 +3.6 SD
====================================================================================================================================

 LANH32B   1988 to  2019      32 years                                                                                    Series  63

 [B] Entire series, effect on correlation (  .399) is:
       Lower   1998< -.063   2019> -.049   1994> -.048   1996> -.043   1993< -.028   2012> -.025  Higher   1995  .172   1999  .088

 [E] Outliers     2   3.0 SD above or -4.5 SD below mean for year
       1996 +3.3 SD;    2019 +3.3 SD
====================================================================================================================================

 LANH33A   1973 to  2020      48 years                                                                                    Series  64

 [B] Entire series, effect on correlation (  .631) is:
       Lower   1984< -.044   1973< -.038   1994> -.023   1974> -.017   1981> -.012   1989< -.011  Higher   1995  .042   2005  .016

====================================================================================================================================

 LANH33B   1972 to  2020      49 years                                                                                    Series  65

 [B] Entire series, effect on correlation (  .805) is:
       Lower   1972< -.045   1973> -.016   2004< -.015   1995> -.013   1983> -.010   2016> -.003  Higher   1999  .033   2005  .014

====================================================================================================================================

 LANH34A   1981 to  2020      40 years                                                                                    Series  66

 [B] Entire series, effect on correlation (  .910) is:
       Lower   2005> -.013   1987> -.009   2000< -.007   1996< -.005   1984> -.005   2004> -.005  Higher   1999  .021   1995  .012

====================================================================================================================================

 LANH34B   1980 to  2020      41 years                                                                                    Series  67

 [B] Entire series, effect on correlation (  .813) is:
       Lower   1999> -.024   1987> -.010   1984> -.010   2002< -.009   1980< -.008   1982< -.006  Higher   1995  .025   2005  .018

====================================================================================================================================

 LANH35A   1969 to  2020      52 years                                                                                    Series  68

 [B] Entire series, effect on correlation (  .873) is:
       Lower   1973> -.017   1970< -.013   1995> -.008   1969< -.006   1978> -.005   2011> -.004  Higher   1999  .028   2005  .006

====================================================================================================================================

 LANH35B   1969 to  1985      17 years                                                                                    Series  69

 [B] Entire series, effect on correlation (  .648) is:
       Lower   1970< -.126   1978< -.045   1973> -.044   1983> -.022   1984< -.011   1971> -.010  Higher   1981  .185   1974  .046

====================================================================================================================================

 LANH36A   1972 to  2020      49 years                                                                                    Series  70

 [B] Entire series, effect on correlation (  .745) is:
       Lower   1981> -.039   1988< -.019   1995> -.018   1991> -.014   1984< -.010   1989< -.008  Higher   1999  .067   2012  .014

 [E] Outliers     1   3.0 SD above or -4.5 SD below mean for year
       1981 +3.0 SD
====================================================================================================================================

 LANH36B   1971 to  2020      50 years                                                                                    Series  71

 [B] Entire series, effect on correlation (  .856) is:
       Lower   1995> -.017   1980< -.011   1975> -.010   1986< -.009   2020< -.007   1974> -.007  Higher   1999  .033   1981  .008

====================================================================================================================================

 LANH37A   1979 to  2020      42 years                                                                                    Series  72

 [B] Entire series, effect on correlation (  .871) is:
       Lower   2011< -.025   2018< -.019   1979> -.009   2012> -.005   1981> -.004   1982< -.003  Higher   1999  .033   2020  .007

====================================================================================================================================

 LANH37B   1979 to  2018      40 years                                                                                    Series  73

 [B] Entire series, effect on correlation (  .885) is:
       Lower   1980< -.014   1979> -.011   1983> -.009   1995> -.008   2012< -.007   2008> -.004  Higher   2005  .011   1999  .006

====================================================================================================================================

 LANH38A   1981 to  2020      40 years                                                                                    Series  74

 [B] Entire series, effect on correlation (  .839) is:
       Lower   1982< -.035   1981> -.030   1987> -.007   2011> -.005   2007> -.005   1986> -.005  Higher   1999  .043   1995  .012

====================================================================================================================================

 LANH38B   1981 to  2020      40 years                                                                                    Series  75

 [B] Entire series, effect on correlation (  .884) is:
       Lower   2019< -.023   2000< -.012   2020< -.010   1984> -.006   2014> -.006   2007> -.004  Higher   1999  .030   1995  .008

====================================================================================================================================

 LANH39A   1977 to  2020      44 years                                                                                    Series  76

 [B] Entire series, effect on correlation (  .843) is:
       Lower   1979< -.066   1999> -.012   1978> -.010   1991< -.005   1987> -.005   2002> -.003  Higher   1981  .012   2005  .010

====================================================================================================================================

 LANH39B   1977 to  2020      44 years                                                                                    Series  77

 [B] Entire series, effect on correlation (  .899) is:
       Lower   2006< -.013   1986< -.011   1978< -.009   1999> -.007   1979> -.006   1996> -.005  Higher   1995  .017   1981  .007

====================================================================================================================================

 LANH40A   1970 to  2020      51 years                                                                                    Series  78

 [B] Entire series, effect on correlation (  .859) is:
       Lower   2011< -.020   1986< -.012   2008> -.010   1979> -.007   1973> -.007   2013< -.007  Higher   1999  .030   1995  .013

====================================================================================================================================

 LANH40B   1970 to  2020      51 years                                                                                    Series  79

 [B] Entire series, effect on correlation (  .692) is:
       Lower   2011< -.050   1981> -.046   1976< -.024   1979> -.012   2012> -.012   2008> -.012  Higher   1999  .080   1995  .045

====================================================================================================================================

 LANH41A   1976 to  2020      45 years                                                                                    Series  80

 [B] Entire series, effect on correlation (  .836) is:
       Lower   1981< -.013   2004< -.012   2012> -.012   1978< -.012   2017< -.012   1976< -.011  Higher   1999  .028   2005  .016

====================================================================================================================================

 LANH41B   1976 to  2020      45 years                                                                                    Series  81

 [B] Entire series, effect on correlation (  .790) is:
       Lower   2004< -.022   1976< -.019   2012> -.018   2017< -.015   2006< -.014   1979< -.011  Higher   1999  .044   2005  .021

====================================================================================================================================

 [*] All segments correlate highest as dated with correlation with master series over   .3281
PART 7:  DESCRIPTIVE STATISTICS:                                                                   12:03  Thu 23 Dec 2021  Page   7
------------------------------------------------------------------------------------------------------------------------------------

                                                Corr   //-------- Unfiltered --------\\  //---- Filtered -----\\
                           No.    No.    No.    with   Mean   Max     Std   Auto   Mean   Max     Std   Auto  AR
 Seq Series   Interval   Years  Segmt  Flags   Master  msmt   msmt    dev   corr   sens  value    dev   corr  ()
 --- -------- ---------  -----  -----  -----   ------ -----  -----  -----  -----  -----  -----  -----  -----  --
   1 LANH01A  1977 2020     44      1      0    .840   1.56   6.15  1.420   .745   .609   2.69   .586  -.061   1
   2 LANH01C  1976 2020     45      1      0    .768   1.16   2.89   .825   .815   .441   2.72   .689   .029   1
   3 LANH02C  1986 2020     35      1      0    .838   1.38   6.50  1.398   .786   .583   2.87   .811  -.008   1
   4 LANH02D  1986 2020     35      1      0    .840   1.25   5.21  1.156   .819   .544   2.74   .695   .132   1
   5 LANH03A  1974 2020     47      1      0    .637   1.42   3.69   .908   .710   .499   2.51   .441  -.010   1
   6 LANH03B  1974 2020     47      1      0    .858   1.83   5.37  1.183   .637   .560   2.79   .633  -.057   1
   7 LANH04A  1974 2020     47      1      0    .871   1.79   4.74  1.298   .776   .524   2.69   .658  -.003   1
   8 LANH04B  1974 2020     47      1      0    .724   1.51   4.15  1.194   .833   .492   2.63   .531  -.027   1
   9 LANH05A  1971 2020     50      1      0    .868   1.10   3.08   .775   .795   .501   2.56   .515  -.038   1
  10 LANH05B  1971 2020     50      1      0    .797   1.04   2.72   .614   .691   .501   2.68   .579  -.010   1
  11 LANH06A  1986 2020     35      1      0    .853   1.35   4.48   .995   .627   .506   2.75   .630  -.102   1
  12 LANH06B  1986 2020     35      1      0    .833    .88   3.08   .827   .813   .571   2.72   .579  -.126   1
  13 LANH07A  1973 2020     48      1      0    .862   1.88   4.39  1.093   .588   .476   2.74   .570  -.081   2
  14 LANH07B  1972 2010     39      1      0    .883   2.08   7.44  1.253   .517   .457   2.68   .595  -.046   1
  15 LANH08A  1984 2020     37      1      0    .803   1.38   5.37  1.246   .800   .534   2.53   .496   .074   1
  16 LANH08B  1984 2020     37      1      0    .758   2.52   8.31  2.205   .848   .435   2.59   .662   .054   2
  17 LANH09C  1983 2020     38      1      0    .857   1.57   3.85  1.154   .880   .399   2.59   .618   .021   1
  18 LANH09D  1983 2020     38      1      0    .904   2.48   7.58  2.077   .837   .474   2.49   .520   .032   1
  19 LANH10C  1975 2020     46      1      0    .639   1.90   4.50  1.011   .735   .390   2.57   .532   .020   1
  20 LANH10D  1975 2020     46      1      0    .695   1.54   3.40   .826   .711   .380   2.55   .576  -.053   1
  21 LANH11C  1983 2020     38      1      0    .851   1.84   5.87  1.627   .804   .518   2.78   .554   .030   3
  22 LANH11D  1983 2020     38      1      0    .841   1.96   5.52  1.677   .812   .592   2.58   .546  -.023   1
  23 LANH12C  1988 2020     33      1      0    .422   1.29   4.07   .931   .389   .506   2.85   .703  -.058   1
  24 LANH12D  1988 2017     30      1      0    .573    .64   2.56   .671   .722   .563   2.65   .722   .023   1
  25 LANH13A  1981 2020     40      1      0    .824   1.81   4.89  1.238   .699   .454   2.68   .554  -.022   1
  26 LANH13C  1981 2020     40      1      0    .885   1.35   3.34   .943   .725   .477   2.59   .625   .040   1
  27 LANH14A  1985 2015     31      1      0    .657    .97   2.60   .776   .495   .709   2.77   .722   .021   2
  28 LANH14B  1985 2015     31      1      0    .879    .79   2.73   .715   .740   .654   2.79   .704   .173   1
  29 LANH15A  1980 2020     41      1      0    .790   1.00   3.69  1.015   .852   .593   2.93   .777   .071   1
  30 LANH15B  1980 2006     27      1      0    .576   1.38   4.36  1.219   .892   .491   2.52   .672  -.005   1
  31 LANH16A  1981 2020     40      1      0    .893    .95   2.76   .730   .698   .588   2.65   .713  -.092   1
  32 LANH16B  1983 2017     35      1      0    .910   1.04   3.13   .784   .678   .547   2.72   .722  -.036   1
  33 LANH17A  1976 2020     45      1      0    .617   1.20   3.13   .891   .803   .514   2.79   .809  -.070   1
  34 LANH17C  1976 2020     45      1      0    .580   1.31   3.06   .934   .774   .487   2.49   .536  -.020   2
  35 LANH18A  1974 2019     46      1      0    .838   1.51   3.47   .940   .783   .418   2.77   .670  -.018   1
  36 LANH18B  1975 2020     46      1      0    .861   1.33   3.72   .991   .878   .399   2.56   .543   .024   1
  37 LANH19A  1973 2020     48      1      0    .834   1.81   4.48  1.300   .846   .513   2.64   .556  -.003   1
  38 LANH19B  1974 2020     47      1      0    .873   1.55   4.83  1.328   .816   .596   2.93   .662  -.044   2
  39 LANH20A  1987 2017     31      1      0    .489    .58   1.66   .371   .378   .574   2.81   .568  -.038   1
  40 LANH20B  1986 2015     30      1      0    .526    .62   1.54   .402   .672   .471   2.72   .584   .012   1
  41 LANH21A  1973 2020     48      1      0    .870   1.69   3.73  1.006   .794   .440   2.55   .533  -.048   1
  42 LANH22A  1973 2020     48      1      0    .737   1.53   4.66  1.244   .836   .512   2.70   .618  -.067   2
  43 LANH22B  1973 2020     48      1      0    .679   1.19   4.05  1.132   .860   .484   2.68   .525  -.115   2
  44 LANH23A  1970 2020     51      2      0    .759   1.60   4.68  1.025   .746   .449   2.76   .598  -.062   1
  45 LANH23B  1970 2020     51      2      0    .696   1.29   3.82  1.033   .908   .379   2.68   .617  -.041   1
  46 LANH24A  1974 2020     47      1      0    .746   1.11   3.86  1.022   .856   .562   2.82   .645   .072   1
  47 LANH24B  1974 2020     47      1      0    .733   1.12   4.49  1.186   .944   .462   2.62   .644  -.098   1
  48 LANH25A  1982 2020     39      1      0    .572    .54   1.92   .474   .586   .667   2.88   .680   .054   1
PART 7:  DESCRIPTIVE STATISTICS:                                                                   12:03  Thu 23 Dec 2021  Page   8
------------------------------------------------------------------------------------------------------------------------------------

                                                Corr   //-------- Unfiltered --------\\  //---- Filtered -----\\
                           No.    No.    No.    with   Mean   Max     Std   Auto   Mean   Max     Std   Auto  AR
 Seq Series   Interval   Years  Segmt  Flags   Master  msmt   msmt    dev   corr   sens  value    dev   corr  ()
 --- -------- ---------  -----  -----  -----   ------ -----  -----  -----  -----  -----  -----  -----  -----  --
  49 LANH25B  1982 2020     39      1      0    .434    .61   2.39   .602   .703   .578   2.63   .480  -.105   2
  50 LANH26A  1980 2020     41      1      0    .656   1.56   4.84  1.136   .596   .644   2.63   .672  -.012   1
  51 LANH26B  1983 2020     38      1      0    .689    .75   2.32   .542   .609   .589   2.66   .640  -.107   2
  52 LANH27A  1977 2020     44      1      0    .828   1.50   3.89   .985   .717   .468   2.67   .631  -.041   1
  53 LANH27B  1977 2020     44      1      0    .727   1.48   3.74   .998   .736   .515   2.54   .599   .023   1
  54 LANH28A  1974 2020     47      1      0    .859   1.86   5.54  1.518   .852   .502   2.86   .573   .049   1
  55 LANH28B  1975 2020     46      1      0    .812   1.56   4.21  1.208   .849   .461   2.63   .491   .012   1
  56 LANH29A  1980 2020     41      1      0    .831   2.10   6.74  1.502   .776   .482   2.51   .539  -.045   1
  57 LANH29B  1981 2020     40      1      0    .825   2.24   6.33  1.632   .810   .450   2.52   .470  -.002   1
  58 LANH30A  1984 2020     37      1      0    .798   1.43   3.78  1.109   .868   .511   2.53   .499   .062   2
  59 LANH30B  1983 2020     38      1      0    .732   1.35   4.79  1.363   .933   .478   2.60   .693   .068   1
  60 LANH31A  1983 2020     38      1      0    .723   1.68   5.15  1.530   .805   .576   2.49   .468  -.037   1
  61 LANH31B  1983 2020     38      1      0    .838   1.67   5.53  1.436   .820   .586   2.66   .629  -.054   1
  62 LANH32A  1987 2017     31      1      0    .424    .79   2.87   .797   .672   .722   3.49   .649   .393   1
  63 LANH32B  1988 2019     32      1      0    .399    .70   2.14   .735   .375   .807   2.71   .577  -.129   1
  64 LANH33A  1973 2020     48      1      0    .631   1.31   3.45   .889   .745   .561   2.72   .597  -.028   2
  65 LANH33B  1972 2020     49      1      0    .805   1.35   3.39   .913   .810   .490   2.67   .632  -.044   1
  66 LANH34A  1981 2020     40      1      0    .910   1.31   4.13  1.152   .763   .629   2.62   .654   .046   1
  67 LANH34B  1980 2020     41      1      0    .813   1.36   4.11  1.104   .720   .550   2.79   .793   .024   1
  68 LANH35A  1969 2020     52      2      0    .873   1.42   4.57  1.038   .827   .430   2.68   .590  -.145   1
  69 LANH35B  1969 1985     17      1      0    .648   1.87   3.23   .593   .587   .208   2.66   .730  -.071   1
  70 LANH36A  1972 2020     49      1      0    .745   1.68   5.13  1.542   .921   .435   2.67   .502  -.049   1
  71 LANH36B  1971 2020     50      1      0    .856   1.28   5.47  1.291   .904   .483   2.63   .509  -.102   1
  72 LANH37A  1979 2020     42      1      0    .871   1.43   5.11  1.097   .697   .508   2.81   .547  -.060   2
  73 LANH37B  1979 2018     40      1      0    .885   1.03   2.97   .653   .666   .478   2.74   .707  -.075   1
  74 LANH38A  1981 2020     40      1      0    .839   1.19   2.63   .757   .693   .510   2.67   .557  -.017   1
  75 LANH38B  1981 2020     40      1      0    .884   1.17   2.81   .845   .800   .537   2.50   .579   .003   1
  76 LANH39A  1977 2020     44      1      0    .843   1.50   4.00   .905   .625   .450   2.93   .796  -.055   1
  77 LANH39B  1977 2020     44      1      0    .899   1.16   3.00   .771   .774   .460   2.69   .662  -.004   1
  78 LANH40A  1970 2020     51      2      0    .859   1.49   3.47   .933   .787   .427   2.59   .481  -.050   1
  79 LANH40B  1970 2020     51      2      0    .692   1.48   4.24  1.050   .870   .409   2.76   .510   .018   4
  80 LANH41A  1976 2020     45      1      0    .836   1.15   2.87   .888   .833   .493   2.52   .556  -.050   1
  81 LANH41B  1976 2020     45      1      0    .790   1.18   2.89   .849   .821   .468   2.73   .668   .066   1
 --- -------- ---------  -----  -----  -----   ------ -----  -----  -----  -----  -----  -----  -----  -----  --
 Total or mean:           3369     86      0    .771   1.40   8.31  1.063   .760   .507   3.49   .605  -.017

                                              - = [  COFECHA CORESCOF  ] = -
