[]  Dendrochronology Program Library                                        Run CORES  Program COF  17:39  Wed 10 Nov 2021  Page   1
[]
[]  P R O G R A M      C O F E C H A                                                                          Version 6.06P    31727
------------------------------------------------------------------------------------------------------------------------------------

 QUALITY CONTROL AND DATING CHECK OF TREE-RING MEASUREMENTS

 File of DATED series:   10-PMED_cores.rwl

 CONTENTS:

    Part 1:  Title page, options selected, summary, absent rings by series
    Part 2:  Histogram of time spans
    Part 3:  Master series with sample depth and absent rings by year
    Part 4:  Bar plot of Master Dating Series
    Part 5:  Correlation by segment of each series with Master
    Part 6:  Potential problems: low correlation, divergent year-to-year changes, absent rings, outliers
    Part 7:  Descriptive statistics

 RUN CONTROL OPTIONS SELECTED                             VALUE

         1  Cubic smoothing spline 50% wavelength cutoff for filtering
                                                            32 years
         2  Segments examined are                           50 years lagged successively by  25 years
         3  Autoregressive model applied                     A  Residuals are used in master dating series and testing
         4  Series transformed to logarithms                 Y  Each series log-transformed for master dating series and testing
         5  CORRELATION is Pearson (parametric, quantitative)
            Critical correlation, 99% confidence level   .3281
         6  Master dating series saved                       N
         7  Ring measurements listed                         N
         8  Parts printed                              1234567 
         9  Absent rings are omitted from master series and segment correlations  (Y)

 Time span of Master dating series is  1965 to  2018    54 years
 Continuous time span is               1965 to  2018    54 years
 Portion with two or more series is    1965 to  2018    54 years


                                        ****************************************
                                        *C* Number of dated series        88 *C*
                                        *O* Master series 1965 2018   54 yrs *O*
                                        *F* Total rings in all series   4252 *F*
                                        *E* Total dated rings checked   4252 *E*
                                        *C* Series intercorrelation     .686 *C*
                                        *H* Average mean sensitivity    .378 *H*
                                        *A* Segments, possible problems    1 *A*
                                        *** Mean length of series       48.3 ***
                                        ****************************************

 ABSENT RINGS listed by SERIES:            (See Master Dating Series for absent rings listed by year)

               No ring measurements of zero value
PART 2:  TIME PLOT OF TREE-RING SERIES:                                                            17:39  Wed 10 Nov 2021  Page   2
------------------------------------------------------------------------------------------------------------------------------------
 1050 1100 1150 1200 1250 1300 1350 1400 1450 1500 1550 1600 1650 1700 1750 1800 1850 1900 1950 2000 2050 Ident   Seq Time-span  Yrs
   :    :    :    :    :    :    :    :    :    :    :    :    :    :    :    :    :    :    :    :    : -------- --- ---- ---- ----
   .    .    .    .    .    .    .    .    .    .    .    .    .    .    .    .    .    .    . <===>   . PM0101     1 1973 2018   46
   .    .    .    .    .    .    .    .    .    .    .    .    .    .    .    .    .    .    .<====>   . PM0102     2 1969 2018   50
   .    .    .    .    .    .    .    .    .    .    .    .    .    .    .    .    .    .    .<====>   . PM02A      3 1967 2018   52
   .    .    .    .    .    .    .    .    .    .    .    .    .    .    .    .    .    .    .<====>   . PM02B      4 1967 2018   52
   .    .    .    .    .    .    .    .    .    .    .    .    .    .    .    .    .    .    .<====>   . PM02C      5 1968 2018   51
   .    .    .    .    .    .    .    .    .    .    .    .    .    .    .    .    .    .    .<====>   . PM03A      6 1969 2018   50
   .    .    .    .    .    .    .    .    .    .    .    .    .    .    .    .    .    .    .<====>   . PM03B      7 1969 2018   50
   .    .    .    .    .    .    .    .    .    .    .    .    .    .    .    .    .    .    .  <=>    . PM0401     8 1982 2007   26
   .    .    .    .    .    .    .    .    .    .    .    .    .    .    .    .    .    .    . <===>   . PM0402     9 1978 2018   41
   .    .    .    .    .    .    .    .    .    .    .    .    .    .    .    .    .    .    .<====>   . PM05A     10 1966 2018   53
   .    .    .    .    .    .    .    .    .    .    .    .    .    .    .    .    .    .    .<====>   . PM05B     11 1966 2018   53
   .    .    .    .    .    .    .    .    .    .    .    .    .    .    .    .    .    .    . <===>   . PM0601    12 1974 2018   45
   .    .    .    .    .    .    .    .    .    .    .    .    .    .    .    .    .    .    . <===>   . PM0602    13 1976 2018   43
   .    .    .    .    .    .    .    .    .    .    .    .    .    .    .    .    .    .    .<====>   . PM07A     14 1967 2018   52
   .    .    .    .    .    .    .    .    .    .    .    .    .    .    .    .    .    .    .<====>   . PM07B     15 1967 2018   52
   .    .    .    .    .    .    .    .    .    .    .    .    .    .    .    .    .    .    . <===>   . PM0801    16 1973 2018   46
   .    .    .    .    .    .    .    .    .    .    .    .    .    .    .    .    .    .    . <===>   . PM0802    17 1973 2018   46
   .    .    .    .    .    .    .    .    .    .    .    .    .    .    .    .    .    .    .<====>   . PM09C     18 1968 2013   46
   .    .    .    .    .    .    .    .    .    .    .    .    .    .    .    .    .    .    .<====>   . PM09E     19 1968 2013   46
   .    .    .    .    .    .    .    .    .    .    .    .    .    .    .    .    .    .    .<====>   . PM10A     20 1969 2018   50
   .    .    .    .    .    .    .    .    .    .    .    .    .    .    .    .    .    .    .<====>   . PM10C     21 1969 2018   50
   .    .    .    .    .    .    .    .    .    .    .    .    .    .    .    .    .    .    .<====>   . PM11A     22 1967 2018   52
   .    .    .    .    .    .    .    .    .    .    .    .    .    .    .    .    .    .    .<====>   . PM11C     23 1967 2018   52
   .    .    .    .    .    .    .    .    .    .    .    .    .    .    .    .    .    .    .<====>   . PM12A     24 1966 2014   49
   .    .    .    .    .    .    .    .    .    .    .    .    .    .    .    .    .    .    .<====>   . PM12C     25 1965 2012   48
   .    .    .    .    .    .    .    .    .    .    .    .    .    .    .    .    .    .    .<====>   . PM13A     26 1966 2018   53
   .    .    .    .    .    .    .    .    .    .    .    .    .    .    .    .    .    .    .<====>   . PM13B     27 1966 2018   53
   .    .    .    .    .    .    .    .    .    .    .    .    .    .    .    .    .    .    . <===>   . PM1401    28 1972 2018   47
   .    .    .    .    .    .    .    .    .    .    .    .    .    .    .    .    .    .    . <===>   . PM1402    29 1972 2018   47
   .    .    .    .    .    .    .    .    .    .    .    .    .    .    .    .    .    .    .<====>   . PM15A     30 1967 2018   52
   .    .    .    .    .    .    .    .    .    .    .    .    .    .    .    .    .    .    .<====>   . PM15B     31 1966 2018   53
   .    .    .    .    .    .    .    .    .    .    .    .    .    .    .    .    .    .    .<====>   . PM15C     32 1967 2018   52
   .    .    .    .    .    .    .    .    .    .    .    .    .    .    .    .    .    .    . <===>   . PM1601    33 1973 2018   46
   .    .    .    .    .    .    .    .    .    .    .    .    .    .    .    .    .    .    . <===>   . PM1602    34 1973 2018   46
   .    .    .    .    .    .    .    .    .    .    .    .    .    .    .    .    .    .    .<====>   . PM17A     35 1967 2018   52
   .    .    .    .    .    .    .    .    .    .    .    .    .    .    .    .    .    .    .<====>   . PM17B     36 1967 2018   52
   .    .    .    .    .    .    .    .    .    .    .    .    .    .    .    .    .    .    . <===>   . PM1801    37 1979 2017   39
   .    .    .    .    .    .    .    .    .    .    .    .    .    .    .    .    .    .    . <===>   . PM1802    38 1978 2018   41
   .    .    .    .    .    .    .    .    .    .    .    .    .    .    .    .    .    .    .<====>   . PM19A     39 1966 2018   53
   .    .    .    .    .    .    .    .    .    .    .    .    .    .    .    .    .    .    .<====>   . PM19B     40 1966 2018   53
   .    .    .    .    .    .    .    .    .    .    .    .    .    .    .    .    .    .    .<====>   . PM20A     41 1966 2018   53
   .    .    .    .    .    .    .    .    .    .    .    .    .    .    .    .    .    .    .<====>   . PM20B     42 1966 2018   53
   .    .    .    .    .    .    .    .    .    .    .    .    .    .    .    .    .    .    . <===>   . PM2101    43 1973 2017   45
   .    .    .    .    .    .    .    .    .    .    .    .    .    .    .    .    .    .    . <===>   . PM2102    44 1973 2018   46
   .    .    .    .    .    .    .    .    .    .    .    .    .    .    .    .    .    .    . <===>   . PM2201    45 1974 2018   45
   .    .    .    .    .    .    .    .    .    .    .    .    .    .    .    .    .    .    . <===>   . PM2202    46 1978 2018   41
   .    .    .    .    .    .    .    .    .    .    .    .    .    .    .    .    .    .    .<====>   . PM23B     47 1965 2018   54
   .    .    .    .    .    .    .    .    .    .    .    .    .    .    .    .    .    .    .<====>   . PM23C     48 1965 2018   54
   .    .    .    .    .    .    .    .    .    .    .    .    .    .    .    .    .    .    . <===>   . PM2401    49 1973 2018   46
   .    .    .    .    .    .    .    .    .    .    .    .    .    .    .    .    .    .    . <===>   . PM2402b   50 1975 2018   44
   :    :    :    :    :    :    :    :    :    :    :    :    :    :    :    :    :    :    :    :    :
 1050 1100 1150 1200 1250 1300 1350 1400 1450 1500 1550 1600 1650 1700 1750 1800 1850 1900 1950 2000 2050
PART 2:  TIME PLOT OF TREE-RING SERIES:                                                            17:39  Wed 10 Nov 2021  Page   3
------------------------------------------------------------------------------------------------------------------------------------
 1050 1100 1150 1200 1250 1300 1350 1400 1450 1500 1550 1600 1650 1700 1750 1800 1850 1900 1950 2000 2050 Ident   Seq Time-span  Yrs
   :    :    :    :    :    :    :    :    :    :    :    :    :    :    :    :    :    :    :    :    : -------- --- ---- ---- ----
   .    .    .    .    .    .    .    .    .    .    .    .    .    .    .    .    .    .    . <==>    . PM25A     51 1974 2009   36
   .    .    .    .    .    .    .    .    .    .    .    .    .    .    .    .    .    .    . <==>    . PM25B     52 1974 2009   36
   .    .    .    .    .    .    .    .    .    .    .    .    .    .    .    .    .    .    .<====>   . PM26A     53 1967 2018   52
   .    .    .    .    .    .    .    .    .    .    .    .    .    .    .    .    .    .    .<====>   . PM26B     54 1967 2018   52
   .    .    .    .    .    .    .    .    .    .    .    .    .    .    .    .    .    .    .<====>   . PM27A     55 1969 2018   50
   .    .    .    .    .    .    .    .    .    .    .    .    .    .    .    .    .    .    .<====>   . PM27B     56 1969 2018   50
   .    .    .    .    .    .    .    .    .    .    .    .    .    .    .    .    .    .    .<====>   . PM28A     57 1967 2018   52
   .    .    .    .    .    .    .    .    .    .    .    .    .    .    .    .    .    .    .<====>   . PM28B     58 1967 2018   52
   .    .    .    .    .    .    .    .    .    .    .    .    .    .    .    .    .    .    .<====>   . PM29A     59 1968 2017   50
   .    .    .    .    .    .    .    .    .    .    .    .    .    .    .    .    .    .    .<====>   . PM29B     60 1967 2017   51
   .    .    .    .    .    .    .    .    .    .    .    .    .    .    .    .    .    .    . <===>   . PM3001    61 1976 2018   43
   .    .    .    .    .    .    .    .    .    .    .    .    .    .    .    .    .    .    . <===>   . PM3002    62 1976 2018   43
   .    .    .    .    .    .    .    .    .    .    .    .    .    .    .    .    .    .    .<====>   . PM31A     63 1967 2018   52
   .    .    .    .    .    .    .    .    .    .    .    .    .    .    .    .    .    .    .<====>   . PM31B     64 1967 2018   52
   .    .    .    .    .    .    .    .    .    .    .    .    .    .    .    .    .    .    .<====>   . PM32A     65 1966 2018   53
   .    .    .    .    .    .    .    .    .    .    .    .    .    .    .    .    .    .    .<====>   . PM32B     66 1966 2018   53
   .    .    .    .    .    .    .    .    .    .    .    .    .    .    .    .    .    .    . <===>   . PM33A     67 1971 2017   47
   .    .    .    .    .    .    .    .    .    .    .    .    .    .    .    .    .    .    . <===>   . PM33C     68 1972 2016   45
   .    .    .    .    .    .    .    .    .    .    .    .    .    .    .    .    .    .    . <===>   . PM3401    69 1974 2018   45
   .    .    .    .    .    .    .    .    .    .    .    .    .    .    .    .    .    .    . <===>   . PM3402    70 1978 2018   41
   .    .    .    .    .    .    .    .    .    .    .    .    .    .    .    .    .    .    . <===>   . PM3501    71 1973 2018   46
   .    .    .    .    .    .    .    .    .    .    .    .    .    .    .    .    .    .    . <===>   . PM3502    72 1974 2018   45
   .    .    .    .    .    .    .    .    .    .    .    .    .    .    .    .    .    .    .<====>   . PM36A     73 1966 2018   53
   .    .    .    .    .    .    .    .    .    .    .    .    .    .    .    .    .    .    .<====>   . PM36B     74 1966 2018   53
   .    .    .    .    .    .    .    .    .    .    .    .    .    .    .    .    .    .    .<====>   . PM37A     75 1965 2018   54
   .    .    .    .    .    .    .    .    .    .    .    .    .    .    .    .    .    .    .<====>   . PM37B     76 1965 2018   54
   .    .    .    .    .    .    .    .    .    .    .    .    .    .    .    .    .    .    . <===>   . PM3801    77 1970 2013   44
   .    .    .    .    .    .    .    .    .    .    .    .    .    .    .    .    .    .    . <===>   . PM3802    78 1978 2018   41
   .    .    .    .    .    .    .    .    .    .    .    .    .    .    .    .    .    .    .<====>   . PM39A     79 1967 2018   52
   .    .    .    .    .    .    .    .    .    .    .    .    .    .    .    .    .    .    .<====>   . PM39B     80 1967 2018   52
   .    .    .    .    .    .    .    .    .    .    .    .    .    .    .    .    .    .    . <===>   . PM4001    81 1978 2017   40
   .    .    .    .    .    .    .    .    .    .    .    .    .    .    .    .    .    .    . <===>   . PM4002    82 1973 2018   46
   .    .    .    .    .    .    .    .    .    .    .    .    .    .    .    .    .    .    . <===>   . PM4101    83 1972 2018   47
   .    .    .    .    .    .    .    .    .    .    .    .    .    .    .    .    .    .    . <===>   . PM4102    84 1971 2018   48
   .    .    .    .    .    .    .    .    .    .    .    .    .    .    .    .    .    .    .<====>   . PM42A     85 1965 2018   54
   .    .    .    .    .    .    .    .    .    .    .    .    .    .    .    .    .    .    .<====>   . PM42B     86 1965 2018   54
   .    .    .    .    .    .    .    .    .    .    .    .    .    .    .    .    .    .    . <===>   . PM4301    87 1976 2018   43
   .    .    .    .    .    .    .    .    .    .    .    .    .    .    .    .    .    .    .<====>   . PM4302    88 1969 2018   50
   :    :    :    :    :    :    :    :    :    :    :    :    :    :    :    :    :    :    :    :    :
 1050 1100 1150 1200 1250 1300 1350 1400 1450 1500 1550 1600 1650 1700 1750 1800 1850 1900 1950 2000 2050
PART 3:  Master Dating Series:                                                                     17:39  Wed 10 Nov 2021  Page   4
------------------------------------------------------------------------------------------------------------------------------------
  Year  Value  No Ab    Year  Value  No Ab    Year  Value  No Ab    Year  Value  No Ab    Year  Value  No Ab    Year  Value  No Ab
  ------------------    ------------------    ------------------    ------------------    ------------------    ------------------
                        2000  1.661  88
                        2001  1.708  88
                        2002   .752  88
                        2003  1.419  88
                        2004  1.411  88
                        2005  -.796  88
                        2006  -.599  88
                        2007  -.911  88
                        2008   .630  87
                        2009   .339  87

                        2010   .355  85
                        2011  1.121  85
                        2012 -1.560  85
                        2013  1.545  84
                        2014   .397  81
  1965 -1.440   7       2015  -.498  80
  1966 -1.938  21       2016  -.707  80
  1967 -1.308  40       2017  -.290  79
  1968  -.978  44       2018   .998  73
  1969  -.331  52

  1970   .043  53
  1971   .306  55
  1972   .783  59
  1973   .569  69
  1974   .247  75
  1975  -.299  76
  1976   .387  80
  1977  1.618  80
  1978  1.564  86
  1979  1.297  87

  1980   .686  87
  1981  -.060  87
  1982  -.903  88
  1983  -.203  88
  1984  -.179  88
  1985   .776  88
  1986  -.191  88
  1987 -1.066  88
  1988  -.744  88
  1989  -.544  88

  1990   .254  88
  1991   .567  88
  1992  -.284  88
  1993  -.245  88
  1994  -.846  88
  1995 -3.032  88
  1996  -.611  88
  1997  -.216  88
  1998   .533  88
  1999 -1.186  88
------------------------------------------------------------------------------------------------------------------------------------
PART 4:  Master Bar Plot:                                                                          17:39  Wed 10 Nov 2021  Page   5
------------------------------------------------------------------------------------------------------------------------------------
   Year Rel value  Year Rel value  Year Rel value  Year Rel value  Year Rel value  Year Rel value  Year Rel value  Year Rel value
                   2000----------G
                   2001----------G
                   2002--------C
                   2003---------F
                   2004---------F
                   2005--c
                   2006---b
                   2007-d
                   2008-------C
                   2009------A
                   2010------A
                   2011---------D
                   2012f
                   2013----------F
                   2014------B
   1965f           2015---b
   1966h           2016--c
   1967e           2017----a
   1968-d          2018--------D
   1969----a
   1970-----@
   1971------A
   1972--------C
   1973-------B
   1974------A
   1975----a
   1976------B
   1977----------F
   1978----------F
   1979---------E
   1980--------C
   1981-----@
   1982-d
   1983----a
   1984----a
   1985--------C
   1986----a
   1987-d
   1988--c
   1989---b
   1990------A
   1991-------B
   1992----a
   1993----a
   1994--c
   1995l
   1996---b
   1997----a
   1998-------B
   1999-e
PART 5:  CORRELATION OF SERIES BY SEGMENTS:                                                        17:39  Wed 10 Nov 2021  Page   5
------------------------------------------------------------------------------------------------------------------------------------
 Correlations of  50-year dated segments, lagged  25 years
 Flags:  A = correlation under   .3281 but highest as dated;  B = correlation higher at other than dated position

 Seq Series  Time_span   1950 1975
                         1999 2024
 --- -------- ---------  ---- ---- ---- ---- ---- ---- ---- ---- ---- ---- ---- ---- ---- ---- ---- ---- ---- ---- ---- ----
   1 PM0101   1973 2018   .57
   2 PM0102   1969 2018   .69
   3 PM02A    1967 2018   .77  .76
   4 PM02B    1967 2018   .70  .69
   5 PM02C    1968 2018   .72  .72
   6 PM03A    1969 2018   .65
   7 PM03B    1969 2018   .79
   8 PM0401   1982 2007        .35B
   9 PM0402   1978 2018        .80
  10 PM05A    1966 2018   .82  .80
  11 PM05B    1966 2018   .76  .75
  12 PM0601   1974 2018   .80
  13 PM0602   1976 2018        .61
  14 PM07A    1967 2018   .81  .81
  15 PM07B    1967 2018   .77  .77
  16 PM0801   1973 2018   .80
  17 PM0802   1973 2018   .74
  18 PM09C    1968 2013   .74
  19 PM09E    1968 2013   .70
  20 PM10A    1969 2018   .72
  21 PM10C    1969 2018   .63
  22 PM11A    1967 2018   .68  .69
  23 PM11C    1967 2018   .72  .74
  24 PM12A    1966 2014   .49
  25 PM12C    1965 2012   .47
  26 PM13A    1966 2018   .75  .76
  27 PM13B    1966 2018   .73  .73
  28 PM1401   1972 2018   .58
  29 PM1402   1972 2018   .65
  30 PM15A    1967 2018   .75  .73
  31 PM15B    1966 2018   .74  .73
  32 PM15C    1967 2018   .77  .77
  33 PM1601   1973 2018   .66
  34 PM1602   1973 2018   .60
  35 PM17A    1967 2018   .52  .52
  36 PM17B    1967 2018   .71  .70
  37 PM1801   1979 2017        .64
  38 PM1802   1978 2018        .65
  39 PM19A    1966 2018   .67  .67
  40 PM19B    1966 2018   .67  .66
  41 PM20A    1966 2018   .68  .77
  42 PM20B    1966 2018   .64  .71
  43 PM2101   1973 2017   .70
  44 PM2102   1973 2018   .63
  45 PM2201   1974 2018   .68
  46 PM2202   1978 2018        .70
  47 PM23B    1965 2018   .69  .70
  48 PM23C    1965 2018   .73  .77
  49 PM2401   1973 2018   .67
  50 PM2402b  1975 2018        .74
  51 PM25A    1974 2009   .39
  52 PM25B    1974 2009   .56
  53 PM26A    1967 2018   .77  .78
  54 PM26B    1967 2018   .73  .67
  55 PM27A    1969 2018   .67
  56 PM27B    1969 2018   .74
  57 PM28A    1967 2018   .76  .75
  58 PM28B    1967 2018   .80  .79
  59 PM29A    1968 2017   .61
  60 PM29B    1967 2017   .58  .52
  61 PM3001   1976 2018        .71
  62 PM3002   1976 2018        .74
  63 PM31A    1967 2018   .84  .84
  64 PM31B    1967 2018   .76  .74
  65 PM32A    1966 2018   .78  .79
  66 PM32B    1966 2018   .73  .72
  67 PM33A    1971 2017   .61
  68 PM33C    1972 2016   .67
  69 PM3401   1974 2018   .63
  70 PM3402   1978 2018        .69
  71 PM3501   1973 2018   .73
  72 PM3502   1974 2018   .71
  73 PM36A    1966 2018   .72  .74
  74 PM36B    1966 2018   .77  .77
  75 PM37A    1965 2018   .50  .53
  76 PM37B    1965 2018   .72  .74
  77 PM3801   1970 2013   .55
  78 PM3802   1978 2018        .76
  79 PM39A    1967 2018   .62  .67
  80 PM39B    1967 2018   .66  .66
  81 PM4001   1978 2017        .51
  82 PM4002   1973 2018   .42
  83 PM4101   1972 2018   .68
  84 PM4102   1971 2018   .76
  85 PM42A    1965 2018   .75  .77
  86 PM42B    1965 2018   .71  .74
  87 PM4301   1976 2018        .57
  88 PM4302   1969 2018   .87
 Av segment correlation   .69  .70
PART 6:  POTENTIAL PROBLEMS:                                                                       17:39  Wed 10 Nov 2021  Page   6
------------------------------------------------------------------------------------------------------------------------------------

 For each series with potential problems the following diagnostics may appear:

 [A] Correlations with master dating series of flagged  50-year segments of series filtered with  32-year spline,
     at every point from ten years earlier (-10) to ten years later (+10) than dated

 [B] Effect of those data values which most lower or raise correlation with master series
     Symbol following year indicates value in series is greater (>) or lesser (<) than master series value

 [C] Year-to-year changes very different from the mean change in other series

 [D] Absent rings (zero values)

 [E] Values which are statistical outliers from mean for the year
====================================================================================================================================

 PM0101    1973 to  2018      46 years                                                                                    Series   1

 [B] Entire series, effect on correlation (  .566) is:
       Lower   1976< -.147   1981> -.019   1986> -.013   1975> -.011   1974> -.010   2014> -.009  Higher   1995  .035   1999  .021

 [E] Outliers     1   3.0 SD above or -4.5 SD below mean for year
       1976 -5.2 SD
====================================================================================================================================

 PM0102    1969 to  2018      50 years                                                                                    Series   2

 [B] Entire series, effect on correlation (  .689) is:
       Lower   1971< -.042   1987< -.038   1993< -.009   1981> -.007   1986> -.007   1994> -.006  Higher   2005  .012   2001  .012

====================================================================================================================================

 PM02A     1967 to  2018      52 years                                                                                    Series   3

 [B] Entire series, effect on correlation (  .767) is:
       Lower   1972< -.031   1982> -.024   1973< -.010   1991< -.009   1984> -.009   2007> -.009  Higher   2012  .041   1995  .032

====================================================================================================================================

 PM02B     1967 to  2018      52 years                                                                                    Series   4

 [B] Entire series, effect on correlation (  .700) is:
       Lower   1983< -.058   1977< -.026   1982> -.017   1972< -.016   1975> -.013   1974> -.010  Higher   1995  .068   2012  .025

====================================================================================================================================

 PM02C     1968 to  2018      51 years                                                                                    Series   5

 [B] Entire series, effect on correlation (  .724) is:
       Lower   1972< -.049   1973< -.024   2007> -.015   1982> -.014   1992> -.012   1984> -.011  Higher   2012  .057   1995  .048

====================================================================================================================================

 PM03A     1969 to  2018      50 years                                                                                    Series   6

 [B] Entire series, effect on correlation (  .651) is:
       Lower   1969< -.049   1988< -.029   2009< -.028   1994> -.018   1992> -.012   1981> -.010  Higher   2012  .029   1999  .024

====================================================================================================================================

 PM03B     1969 to  2018      50 years                                                                                    Series   7

 [B] Entire series, effect on correlation (  .792) is:
       Lower   1969< -.034   1981> -.018   1970< -.010   1986> -.008   1982> -.007   2016> -.006  Higher   2012  .042   1977  .012

====================================================================================================================================

 PM0401    1982 to  2007      26 years                                                                                    Series   8

 [A] Segment   High   -10   -9   -8   -7   -6   -5   -4   -3   -2   -1   +0   +1   +2   +3   +4   +5   +6   +7   +8   +9  +10
    ---------  ----   ---  ---  ---  ---  ---  ---  ---  ---  ---  ---  ---  ---  ---  ---  ---  ---  ---  ---  ---  ---  ---
    1982 2007   -4    .08  .10 -.03  .12 -.05 -.11  .37*-.15 -.20 -.12  .35|-.25 -.23  .07  .01 -.25  .31  .00 -.09 -.25 -.12

 [B] Entire series, effect on correlation (  .352) is:
       Lower   1987> -.046   2007> -.031   2004< -.030   2005> -.021   2003< -.019   1990< -.016  Higher   1999  .116   1995  .028
     1982 to 2007 segment:
       Lower   1987> -.046   2007> -.031   2004< -.030   2005> -.021   2003< -.019   1990< -.016  Higher   1999  .116   1995  .028

====================================================================================================================================

 PM0402    1978 to  2018      41 years                                                                                    Series   9

 [B] Entire series, effect on correlation (  .803) is:
       Lower   1982< -.020   2005> -.014   1986> -.009   1992> -.008   1997< -.007   1984< -.007  Higher   2012  .030   1995  .018

====================================================================================================================================

 PM05A     1966 to  2018      53 years                                                                                    Series  10

 [B] Entire series, effect on correlation (  .801) is:
       Lower   2018< -.021   1982> -.014   1984> -.012   1967> -.010   1989> -.010   1969> -.009  Higher   1995  .035   1966  .019

====================================================================================================================================

 PM05B     1966 to  2018      53 years                                                                                    Series  11

 [B] Entire series, effect on correlation (  .749) is:
       Lower   1988> -.020   1987> -.016   1970< -.015   1967> -.015   1969> -.012   1968> -.012  Higher   2012  .039   1966  .024

====================================================================================================================================

 PM0601    1974 to  2018      45 years                                                                                    Series  12

 [B] Entire series, effect on correlation (  .798) is:
       Lower   1996< -.029   1995> -.016   1984< -.014   2017< -.014   2005> -.011   1986> -.010  Higher   2012  .041   2013  .011

====================================================================================================================================

 PM0602    1976 to  2018      43 years                                                                                    Series  13

 [B] Entire series, effect on correlation (  .612) is:
       Lower   1996< -.067   1980< -.052   1981> -.030   1995> -.018   1982> -.010   1994> -.008  Higher   2012  .028   1999  .022

====================================================================================================================================

 PM07A     1967 to  2018      52 years                                                                                    Series  14

 [B] Entire series, effect on correlation (  .814) is:
       Lower   1982> -.034   1987> -.023   1999> -.015   1986< -.011   1976> -.011   1997> -.006  Higher   1995  .037   2012  .032

====================================================================================================================================

 PM07B     1967 to  2018      52 years                                                                                    Series  15

 [B] Entire series, effect on correlation (  .779) is:
       Lower   1981< -.057   1982> -.018   1995> -.011   1987> -.011   1984> -.010   1976> -.006  Higher   2012  .036   2005  .020

====================================================================================================================================

 PM0801    1973 to  2018      46 years                                                                                    Series  16

 [B] Entire series, effect on correlation (  .798) is:
       Lower   1982< -.055   1983> -.011   1989< -.006   2007> -.006   1973< -.005   2018< -.005  Higher   2012  .022   2005  .014

====================================================================================================================================

 PM0802    1973 to  2018      46 years                                                                                    Series  17

 [B] Entire series, effect on correlation (  .741) is:
       Lower   1995> -.033   1973< -.027   1981> -.017   2017> -.010   1983> -.010   1982> -.009  Higher   2012  .038   2000  .019

====================================================================================================================================

 PM09C     1968 to  2013      46 years                                                                                    Series  18

 [B] Entire series, effect on correlation (  .740) is:
       Lower   1999> -.016   1973> -.015   1975< -.013   1968< -.012   1981> -.011   1986> -.011  Higher   1995  .061   1977  .016

====================================================================================================================================

 PM09E     1968 to  2013      46 years                                                                                    Series  19

 [B] Entire series, effect on correlation (  .703) is:
       Lower   2012> -.052   1971< -.028   1981> -.017   1994> -.017   1973> -.011   1975< -.008  Higher   1995  .076   1977  .015

====================================================================================================================================

 PM10A     1969 to  2018      50 years                                                                                    Series  20

 [B] Entire series, effect on correlation (  .724) is:
       Lower   2014< -.047   1995> -.024   1982< -.016   2008< -.007   1986> -.007   1969< -.007  Higher   2013  .018   2012  .014

====================================================================================================================================

 PM10C     1969 to  2018      50 years                                                                                    Series  21

 [B] Entire series, effect on correlation (  .633) is:
       Lower   2017< -.116   1995> -.017   1973< -.012   1981> -.012   1978< -.011   2008< -.010  Higher   2012  .066   1977  .020

 [E] Outliers     1   3.0 SD above or -4.5 SD below mean for year
       2017 -6.0 SD
====================================================================================================================================

 PM11A     1967 to  2018      52 years                                                                                    Series  22

 [B] Entire series, effect on correlation (  .691) is:
       Lower   1999> -.055   1995> -.025   1978< -.024   1979< -.011   1994> -.007   1975> -.007  Higher   2012  .049   2005  .020

====================================================================================================================================

 PM11C     1967 to  2018      52 years                                                                                    Series  23

 [B] Entire series, effect on correlation (  .725) is:
       Lower   1999> -.039   1984< -.016   1967< -.014   1982> -.012   1983> -.008   1971< -.008  Higher   2012  .030   2013  .017

====================================================================================================================================

 PM12A     1966 to  2014      49 years                                                                                    Series  24

 [B] Entire series, effect on correlation (  .494) is:
       Lower   1976< -.059   2002< -.041   2012> -.039   2009< -.017   1995> -.015   2014> -.013  Higher   1966  .065   2005  .020

 [E] Outliers     1   3.0 SD above or -4.5 SD below mean for year
       1999 +3.0 SD
====================================================================================================================================

 PM12C     1965 to  2012      48 years                                                                                    Series  25

 [B] Entire series, effect on correlation (  .466) is:
       Lower   2009< -.072   2012> -.047   1965> -.033   1984< -.028   2002< -.012   2004< -.012  Higher   2005  .047   2000  .029

====================================================================================================================================

 PM13A     1966 to  2018      53 years                                                                                    Series  26

 [B] Entire series, effect on correlation (  .756) is:
       Lower   1967> -.020   1999> -.018   1969> -.012   1982> -.010   1985< -.010   1995> -.010  Higher   2012  .036   2013  .016

====================================================================================================================================

 PM13B     1966 to  2018      53 years                                                                                    Series  27

 [B] Entire series, effect on correlation (  .733) is:
       Lower   1967> -.024   2012> -.023   1985< -.019   1991< -.015   1982> -.014   1969> -.012  Higher   1995  .048   1966  .027

====================================================================================================================================

 PM1401    1972 to  2018      47 years                                                                                    Series  28

 [B] Entire series, effect on correlation (  .580) is:
       Lower   1976< -.095   1999> -.028   1992< -.020   2017< -.019   1979< -.011   2018< -.010  Higher   2000  .027   2013  .027

====================================================================================================================================

 PM1402    1972 to  2018      47 years                                                                                    Series  29

 [B] Entire series, effect on correlation (  .648) is:
       Lower   1976< -.127   1981> -.011   1999> -.010   1973< -.009   1995> -.008   2014> -.006  Higher   2000  .028   2005  .020

====================================================================================================================================

 PM15A     1967 to  2018      52 years                                                                                    Series  30

 [B] Entire series, effect on correlation (  .734) is:
       Lower   1971< -.082   2017< -.014   1986> -.013   1981> -.009   1973> -.008   1998< -.007  Higher   2012  .024   1977  .015

====================================================================================================================================

 PM15B     1966 to  2018      53 years                                                                                    Series  31

 [B] Entire series, effect on correlation (  .730) is:
       Lower   1971< -.041   1973> -.014   2014> -.012   1967> -.011   1998< -.011   2017> -.009  Higher   2012  .044   1966  .020

====================================================================================================================================

 PM15C     1967 to  2018      52 years                                                                                    Series  32

 [B] Entire series, effect on correlation (  .772) is:
       Lower   1984< -.025   1971< -.025   1995> -.023   1973> -.018   1983> -.008   1990< -.005  Higher   2012  .022   2005  .020

====================================================================================================================================

 PM1601    1973 to  2018      46 years                                                                                    Series  33

 [B] Entire series, effect on correlation (  .662) is:
       Lower   2018< -.108   2016> -.018   1974< -.013   1987> -.010   1983> -.008   2007> -.008  Higher   2012  .077   1995  .048

====================================================================================================================================

 PM1602    1973 to  2018      46 years                                                                                    Series  34

 [B] Entire series, effect on correlation (  .597) is:
       Lower   2017< -.176   2005> -.014   1973< -.013   2016> -.012   1981> -.008   2015> -.006  Higher   2012  .071   1977  .022

 [C] Year-to-year changes diverging by over 4.0 std deviations:
       2016 2017  -4.1 SD

 [E] Outliers     1   3.0 SD above or -4.5 SD below mean for year
       2017 -5.2 SD
====================================================================================================================================

 PM17A     1967 to  2018      52 years                                                                                    Series  35

 [B] Entire series, effect on correlation (  .531) is:
       Lower   1973< -.135   2012> -.028   1975> -.014   1974< -.013   1990< -.011   1981> -.010  Higher   2005  .046   1995  .024

 [C] Year-to-year changes diverging by over 4.0 std deviations:
       1974 1975   4.2 SD

 [E] Outliers     1   3.0 SD above or -4.5 SD below mean for year
       1974 -5.3 SD
====================================================================================================================================

 PM17B     1967 to  2018      52 years                                                                                    Series  36

 [B] Entire series, effect on correlation (  .708) is:
       Lower   1987< -.046   2011< -.025   1970< -.011   2002< -.009   2016> -.009   2009< -.008  Higher   2005  .025   2012  .016

====================================================================================================================================

 PM1801    1979 to  2017      39 years                                                                                    Series  37

 [B] Entire series, effect on correlation (  .638) is:
       Lower   1982< -.051   1995> -.018   1999> -.018   1996< -.017   1986> -.013   1989< -.010  Higher   2005  .021   2013  .018

====================================================================================================================================

 PM1802    1978 to  2018      41 years                                                                                    Series  38

 [B] Entire series, effect on correlation (  .650) is:
       Lower   1992< -.061   2012> -.027   1995> -.021   1999> -.012   1982< -.012   1994> -.009  Higher   2000  .028   2005  .025

====================================================================================================================================

 PM19A     1966 to  2018      53 years                                                                                    Series  39

 [B] Entire series, effect on correlation (  .675) is:
       Lower   1986< -.032   1999> -.019   1985< -.017   1982> -.009   1987> -.009   1998< -.008  Higher   1995  .065   2013  .017

====================================================================================================================================

 PM19B     1966 to  2018      53 years                                                                                    Series  40

 [B] Entire series, effect on correlation (  .675) is:
       Lower   1983< -.058   1986< -.048   1995> -.043   1982> -.015   1988> -.014   2008< -.006  Higher   2012  .043   2013  .018

====================================================================================================================================

 PM20A     1966 to  2018      53 years                                                                                    Series  41

 [B] Entire series, effect on correlation (  .663) is:
       Lower   1966> -.058   1967> -.032   1970< -.031   2018< -.014   1987> -.011   1982> -.010  Higher   2012  .054   1995  .053

====================================================================================================================================

 PM20B     1966 to  2018      53 years                                                                                    Series  42

 [B] Entire series, effect on correlation (  .641) is:
       Lower   1970< -.107   1967> -.035   1966> -.028   1982> -.013   1979< -.005   1969> -.005  Higher   1995  .050   2012  .034

====================================================================================================================================

 PM2101    1973 to  2017      45 years                                                                                    Series  43

 [B] Entire series, effect on correlation (  .698) is:
       Lower   2016> -.038   1982< -.027   1976< -.027   1980< -.020   1975> -.010   1994> -.008  Higher   2012  .038   2000  .027

====================================================================================================================================

 PM2102    1973 to  2018      46 years                                                                                    Series  44

 [B] Entire series, effect on correlation (  .635) is:
       Lower   1976< -.125   1977< -.018   1975> -.013   1984< -.011   2017< -.009   1993> -.008  Higher   2012  .030   1999  .026

====================================================================================================================================

 PM2201    1974 to  2018      45 years                                                                                    Series  45

 [B] Entire series, effect on correlation (  .684) is:
       Lower   1982< -.089   1995> -.016   1990< -.010   1986> -.009   1984< -.008   1992> -.007  Higher   1999  .022   2012  .022

 [E] Outliers     1   3.0 SD above or -4.5 SD below mean for year
       1982 -4.9 SD
====================================================================================================================================

 PM2202    1978 to  2018      41 years                                                                                    Series  46

 [B] Entire series, effect on correlation (  .704) is:
       Lower   2013< -.066   1990< -.033   1982< -.018   1995> -.015   1988> -.007   2017> -.006  Higher   2012  .031   1999  .018

====================================================================================================================================

 PM23B     1965 to  2018      54 years                                                                                    Series  47

 [B] Entire series, effect on correlation (  .695) is:
       Lower   1978< -.038   1966> -.021   1981< -.020   1992> -.015   2012> -.013   1982> -.009  Higher   1995  .052   2013  .020

====================================================================================================================================

 PM23C     1965 to  2018      54 years                                                                                    Series  48

 [B] Entire series, effect on correlation (  .736) is:
       Lower   1974< -.025   1967> -.021   2012> -.018   1982> -.015   1968> -.014   1989< -.013  Higher   1995  .043   2013  .017

====================================================================================================================================

 PM2401    1973 to  2018      46 years                                                                                    Series  49

 [B] Entire series, effect on correlation (  .666) is:
       Lower   1973< -.021   1995> -.017   2016> -.014   2015< -.013   1986> -.012   2011< -.011  Higher   2012  .032   2013  .023

====================================================================================================================================

 PM2402b   1975 to  2018      44 years                                                                                    Series  50

 [B] Entire series, effect on correlation (  .738) is:
       Lower   1984< -.045   1997< -.018   1981> -.014   1994> -.008   1986> -.008   2005> -.007  Higher   1995  .028   2013  .018

====================================================================================================================================

 PM25A     1974 to  2009      36 years                                                                                    Series  51

 [B] Entire series, effect on correlation (  .394) is:
       Lower   2001< -.060   1995> -.056   1999> -.023   1981> -.019   2006> -.018   1974< -.015  Higher   2005  .046   2000  .033

====================================================================================================================================

 PM25B     1974 to  2009      36 years                                                                                    Series  52

 [B] Entire series, effect on correlation (  .562) is:
       Lower   1995> -.066   2001< -.057   1974< -.026   1997> -.022   1981> -.014   2009> -.014  Higher   2005  .063   1999  .043

====================================================================================================================================

 PM26A     1967 to  2018      52 years                                                                                    Series  53

 [B] Entire series, effect on correlation (  .775) is:
       Lower   1983< -.023   1982> -.023   1996> -.018   1968< -.009   1974> -.006   1976> -.005  Higher   1995  .044   2005  .020

====================================================================================================================================

 PM26B     1967 to  2018      52 years                                                                                    Series  54

 [B] Entire series, effect on correlation (  .679) is:
       Lower   2018< -.046   1982> -.029   1987> -.028   1978< -.022   1991< -.009   1984> -.008  Higher   1995  .072   2012  .024

====================================================================================================================================

 PM27A     1969 to  2018      50 years                                                                                    Series  55

 [B] Entire series, effect on correlation (  .668) is:
       Lower   1982> -.049   1970< -.031   1999> -.021   1987> -.011   1984> -.009   1997> -.007  Higher   1995  .078   2013  .019

====================================================================================================================================

 PM27B     1969 to  2018      50 years                                                                                    Series  56

 [B] Entire series, effect on correlation (  .739) is:
       Lower   1984> -.021   1999> -.017   1982> -.016   1987> -.016   1990< -.013   1974> -.013  Higher   1995  .060   2012  .047

====================================================================================================================================

 PM28A     1967 to  2018      52 years                                                                                    Series  57

 [B] Entire series, effect on correlation (  .763) is:
       Lower   1987> -.022   1982> -.015   1984> -.014   1997> -.012   2005> -.010   2012> -.009  Higher   1995  .050   1999  .012

====================================================================================================================================

 PM28B     1967 to  2018      52 years                                                                                    Series  58

 [B] Entire series, effect on correlation (  .800) is:
       Lower   1984> -.024   1986< -.022   1987> -.017   1979< -.014   1971> -.009   1982> -.007  Higher   1995  .041   2012  .028

====================================================================================================================================

 PM29A     1968 to  2017      50 years                                                                                    Series  59

 [B] Entire series, effect on correlation (  .613) is:
       Lower   1995> -.032   1988> -.031   2017> -.027   1979< -.023   2015> -.022   2016> -.019  Higher   2012  .067   2005  .043

 [E] Outliers     1   3.0 SD above or -4.5 SD below mean for year
       2017 +3.2 SD
====================================================================================================================================

 PM29B     1967 to  2017      51 years                                                                                    Series  60

 [B] Entire series, effect on correlation (  .539) is:
       Lower   2017> -.044   1988> -.021   2016> -.020   2012> -.018   1995> -.014   2015> -.012  Higher   2005  .043   1999  .028

 [E] Outliers     1   3.0 SD above or -4.5 SD below mean for year
       2017 +4.8 SD
====================================================================================================================================

 PM3001    1976 to  2018      43 years                                                                                    Series  61

 [B] Entire series, effect on correlation (  .705) is:
       Lower   1981< -.044   1982> -.032   1992> -.013   2003< -.012   1995> -.012   1988< -.011  Higher   2012  .023   1999  .018

====================================================================================================================================

 PM3002    1976 to  2018      43 years                                                                                    Series  62

 [B] Entire series, effect on correlation (  .739) is:
       Lower   1982> -.034   2015> -.024   1976< -.017   2005> -.014   1999> -.010   2003< -.009  Higher   2012  .053   1995  .048

====================================================================================================================================

 PM31A     1967 to  2018      52 years                                                                                    Series  63

 [B] Entire series, effect on correlation (  .838) is:
       Lower   1987> -.026   1996> -.012   1986< -.012   1984> -.007   2015> -.007   1979< -.007  Higher   1995  .030   2012  .025

====================================================================================================================================

 PM31B     1967 to  2018      52 years                                                                                    Series  64

 [B] Entire series, effect on correlation (  .756) is:
       Lower   2001< -.024   1996> -.015   1979< -.013   1986< -.008   1999> -.008   1984> -.007  Higher   1995  .053   2013  .016

====================================================================================================================================

 PM32A     1966 to  2018      53 years                                                                                    Series  65

 [B] Entire series, effect on correlation (  .785) is:
       Lower   1995> -.027   1993< -.022   1986> -.016   1968> -.011   1974> -.008   1990< -.006  Higher   2012  .033   2005  .012

====================================================================================================================================

 PM32B     1966 to  2018      53 years                                                                                    Series  66

 [B] Entire series, effect on correlation (  .734) is:
       Lower   1999< -.026   1986> -.025   1990< -.012   1982> -.008   1998< -.007   1974> -.005  Higher   1995  .038   2005  .020

 [E] Outliers     1   3.0 SD above or -4.5 SD below mean for year
       1999 -4.6 SD
====================================================================================================================================

 PM33A     1971 to  2017      47 years                                                                                    Series  67

 [B] Entire series, effect on correlation (  .607) is:
       Lower   2001< -.051   1986> -.029   1990< -.018   1972< -.018   1971< -.017   1999> -.016  Higher   1995  .111   2013  .023

====================================================================================================================================

 PM33C     1972 to  2016      45 years                                                                                    Series  68

 [B] Entire series, effect on correlation (  .669) is:
       Lower   1995> -.064   1972< -.029   1981> -.017   1994> -.013   2007> -.012   1973< -.010  Higher   2012  .067   2000  .016

 [E] Outliers     1   3.0 SD above or -4.5 SD below mean for year
       1995 +3.1 SD
====================================================================================================================================

 PM3401    1974 to  2018      45 years                                                                                    Series  69

 [B] Entire series, effect on correlation (  .629) is:
       Lower   1982> -.046   2012> -.042   1991< -.026   1987> -.015   2018< -.012   1992> -.012  Higher   1995  .096   2013  .032

====================================================================================================================================

 PM3402    1978 to  2018      41 years                                                                                    Series  70

 [B] Entire series, effect on correlation (  .693) is:
       Lower   2012> -.049   1982> -.039   1978< -.022   1994> -.010   2016< -.007   1993> -.005  Higher   1995  .062   2013  .024

====================================================================================================================================

 PM3501    1973 to  2018      46 years                                                                                    Series  71

 [B] Entire series, effect on correlation (  .731) is:
       Lower   1975< -.054   2012> -.044   1987> -.017   1982> -.013   1974< -.005   2014< -.005  Higher   1995  .064   2013  .019

====================================================================================================================================

 PM3502    1974 to  2018      45 years                                                                                    Series  72

 [B] Entire series, effect on correlation (  .708) is:
       Lower   1981< -.120   1982> -.023   1979< -.007   1985< -.007   1980< -.007   1988> -.006  Higher   1995  .059   2005  .025

 [E] Outliers     1   3.0 SD above or -4.5 SD below mean for year
       1981 -5.7 SD
====================================================================================================================================

 PM36A     1966 to  2018      53 years                                                                                    Series  73

 [B] Entire series, effect on correlation (  .724) is:
       Lower   1967> -.021   1968> -.015   1974< -.014   1986< -.014   1983< -.013   1987> -.012  Higher   1995  .049   1966  .025

====================================================================================================================================

 PM36B     1966 to  2018      53 years                                                                                    Series  74

 [B] Entire series, effect on correlation (  .761) is:
       Lower   1991< -.020   2003< -.019   1967> -.017   1968> -.012   1984> -.011   1992> -.011  Higher   1995  .045   1966  .019

====================================================================================================================================

 PM37A     1965 to  2018      54 years                                                                                    Series  75

 [B] Entire series, effect on correlation (  .525) is:
       Lower   1986< -.054   1983< -.026   1966> -.022   1987> -.019   1982> -.017   1984> -.013  Higher   1995  .061   2018  .016

====================================================================================================================================

 PM37B     1965 to  2018      54 years                                                                                    Series  76

 [B] Entire series, effect on correlation (  .723) is:
       Lower   1987> -.034   1999> -.023   1967> -.017   1974< -.013   1982> -.009   1973> -.009  Higher   1995  .043   2005  .016

====================================================================================================================================

 PM3801    1970 to  2013      44 years                                                                                    Series  77

 [B] Entire series, effect on correlation (  .548) is:
       Lower   1971< -.235   1986> -.020   2013< -.010   1983> -.008   1990< -.006   1992> -.004  Higher   1995  .032   2000  .024

 [E] Outliers     1   3.0 SD above or -4.5 SD below mean for year
       1971 -6.8 SD
====================================================================================================================================

 PM3802    1978 to  2018      41 years                                                                                    Series  78

 [B] Entire series, effect on correlation (  .759) is:
       Lower   1982< -.056   1986> -.017   1988> -.010   1993< -.009   1985< -.009   1990< -.006  Higher   2000  .014   2005  .013

====================================================================================================================================

 PM39A     1967 to  2018      52 years                                                                                    Series  79

 [B] Entire series, effect on correlation (  .628) is:
       Lower   1967< -.031   1994> -.019   2016> -.019   1987> -.015   1968> -.012   1972< -.011  Higher   2013  .023   2000  .018

====================================================================================================================================

 PM39B     1967 to  2018      52 years                                                                                    Series  80

 [B] Entire series, effect on correlation (  .646) is:
       Lower   1974< -.074   1968> -.030   1998< -.018   1969< -.014   1982> -.014   1981> -.009  Higher   2012  .030   2013  .023

====================================================================================================================================

 PM4001    1978 to  2017      40 years                                                                                    Series  81

 [B] Entire series, effect on correlation (  .506) is:
       Lower   2010< -.049   1981< -.042   1985< -.032   2015> -.020   1982> -.016   2013< -.016  Higher   1995  .118   2000  .032

====================================================================================================================================

 PM4002    1973 to  2018      46 years                                                                                    Series  82

 [B] Entire series, effect on correlation (  .419) is:
       Lower   1975< -.092   2005> -.029   1977< -.016   1985< -.015   1983< -.014   2018< -.014  Higher   2012  .057   1995  .032

 [E] Outliers     1   3.0 SD above or -4.5 SD below mean for year
       1975 -6.3 SD
====================================================================================================================================

 PM4101    1972 to  2018      47 years                                                                                    Series  83

 [B] Entire series, effect on correlation (  .680) is:
       Lower   1995> -.046   1973< -.038   1981> -.015   1994> -.015   1972< -.015   1986> -.014  Higher   2012  .049   2005  .027

====================================================================================================================================

 PM4102    1971 to  2018      48 years                                                                                    Series  84

 [B] Entire series, effect on correlation (  .763) is:
       Lower   1973< -.058   1975> -.014   1974> -.011   1981> -.009   1972< -.009   2014> -.008  Higher   2012  .048   2000  .019

====================================================================================================================================

 PM42A     1965 to  2018      54 years                                                                                    Series  85

 [B] Entire series, effect on correlation (  .756) is:
       Lower   1984< -.051   1976< -.022   1967> -.021   1968> -.017   1981> -.011   1977< -.010  Higher   1995  .037   2012  .028

====================================================================================================================================

 PM42B     1965 to  2018      54 years                                                                                    Series  86

 [B] Entire series, effect on correlation (  .719) is:
       Lower   1988< -.062   1984< -.023   1968> -.022   1967> -.015   1974> -.007   1976< -.007  Higher   1995  .031   2012  .017

====================================================================================================================================

 PM4301    1976 to  2018      43 years                                                                                    Series  87

 [B] Entire series, effect on correlation (  .570) is:
       Lower   1976< -.096   1981> -.037   1996< -.012   1986> -.010   1998< -.009   1997< -.008  Higher   1999  .036   2003  .015

====================================================================================================================================

 PM4302    1969 to  2018      50 years                                                                                    Series  88

 [B] Entire series, effect on correlation (  .870) is:
       Lower   1971< -.052   1969< -.022   1975> -.006   1974> -.005   1994> -.003   1981> -.002  Higher   2012  .025   1995  .013

====================================================================================================================================
PART 7:  DESCRIPTIVE STATISTICS:                                                                   17:39  Wed 10 Nov 2021  Page   7
------------------------------------------------------------------------------------------------------------------------------------

                                                Corr   //-------- Unfiltered --------\\  //---- Filtered -----\\
                           No.    No.    No.    with   Mean   Max     Std   Auto   Mean   Max     Std   Auto  AR
 Seq Series   Interval   Years  Segmt  Flags   Master  msmt   msmt    dev   corr   sens  value    dev   corr  ()
 --- -------- ---------  -----  -----  -----   ------ -----  -----  -----  -----  -----  -----  -----  -----  --
   1 PM0101   1973 2018     46      1      0    .566   2.48   7.80  2.138   .927   .353   2.46   .515  -.110   1
   2 PM0102   1969 2018     50      1      0    .689   2.28   7.05  1.891   .825   .417   2.55   .492  -.081   1
   3 PM02A    1967 2018     52      2      0    .767   1.35   3.73   .879   .723   .457   2.58   .476  -.059   1
   4 PM02B    1967 2018     52      2      0    .700   1.46   4.13   .896   .653   .453   2.54   .498   .012   1
   5 PM02C    1968 2018     51      2      0    .724   1.32   3.65   .851   .768   .457   2.64   .550  -.019   1
   6 PM03A    1969 2018     50      1      0    .651   1.49   3.02   .701   .685   .307   2.83   .672  -.010   1
   7 PM03B    1969 2018     50      1      0    .792   1.33   3.97   .815   .747   .356   2.78   .560  -.066   1
   8 PM0401   1982 2007     26      1      1    .352   2.54   5.37  1.398   .791   .356   2.34   .468  -.092   1
   9 PM0402   1978 2018     41      1      0    .803   1.53   6.61  1.322   .849   .351   2.73   .658  -.099   1
  10 PM05A    1966 2018     53      2      0    .801   1.63   4.01  1.030   .789   .391   2.60   .589   .030   1
  11 PM05B    1966 2018     53      2      0    .749   1.57   4.18  1.171   .875   .342   2.55   .568  -.057   1
  12 PM0601   1974 2018     45      1      0    .798   1.98   5.97  1.266   .793   .357   2.61   .560  -.109   1
  13 PM0602   1976 2018     43      1      0    .612   1.91   4.88  1.139   .793   .360   2.67   .646   .011   1
  14 PM07A    1967 2018     52      2      0    .814   3.24   8.32  1.777   .779   .336   2.77   .600  -.027   1
  15 PM07B    1967 2018     52      2      0    .779   2.78   6.89  1.634   .751   .353   2.78   .599  -.064   1
  16 PM0801   1973 2018     46      1      0    .798   2.44   6.64  1.796   .913   .275   2.62   .518  -.059   1
  17 PM0802   1973 2018     46      1      0    .741   2.45   6.91  1.762   .906   .293   2.61   .427  -.148   1
  18 PM09C    1968 2013     46      1      0    .740   1.15   4.09  1.025   .874   .365   2.99   .579   .004   1
  19 PM09E    1968 2013     46      1      0    .703   1.17   3.61  1.012   .868   .417   2.66   .518  -.019   1
  20 PM10A    1969 2018     50      1      0    .724   1.22   6.15  1.364   .796   .397   2.86   .569  -.097   1
  21 PM10C    1969 2018     50      1      0    .633   1.24   6.09  1.365   .774   .412   2.74   .492  -.120   1
  22 PM11A    1967 2018     52      2      0    .691   1.63   6.41  1.341   .858   .299   2.68   .503  -.038   1
  23 PM11C    1967 2018     52      2      0    .725   1.92   5.99  1.400   .810   .391   2.74   .559  -.024   1
  24 PM12A    1966 2014     49      1      0    .494   1.82   5.48  1.495   .796   .370   3.02   .634   .039   1
  25 PM12C    1965 2012     48      1      0    .466   2.04   5.46  1.618   .871   .441   2.63   .625  -.086   1
  26 PM13A    1966 2018     53      2      0    .756   1.91   5.41  1.435   .777   .426   2.73   .481  -.113   1
  27 PM13B    1966 2018     53      2      0    .733   2.07   5.67  1.293   .734   .377   2.89   .593  -.028   1
  28 PM1401   1972 2018     47      1      0    .580   2.01   7.02  1.853   .927   .272   2.86   .611  -.161   1
  29 PM1402   1972 2018     47      1      0    .648   1.88   7.31  1.901   .945   .334   2.91   .559  -.099   1
  30 PM15A    1967 2018     52      2      0    .734   1.60   4.21   .832   .583   .381   2.88   .659  -.086   1
  31 PM15B    1966 2018     53      2      0    .730   1.76   5.68  1.158   .719   .362   2.71   .492  -.067   1
  32 PM15C    1967 2018     52      2      0    .772   1.66   4.44   .932   .632   .358   2.94   .640  -.071   1
  33 PM1601   1973 2018     46      1      0    .662   1.30   5.16  1.314   .944   .328   2.69   .468  -.099   1
  34 PM1602   1973 2018     46      1      0    .597   1.29   5.07  1.371   .934   .437   2.54   .442  -.168   1
  35 PM17A    1967 2018     52      2      0    .531   1.85   5.35  1.420   .860   .334   2.78   .483   .018   1
  36 PM17B    1967 2018     52      2      0    .708   1.57   4.95  1.347   .923   .323   2.66   .484  -.003   1
  37 PM1801   1979 2017     39      1      0    .638   2.30   7.94  1.533   .848   .306   2.68   .503  -.037   1
  38 PM1802   1978 2018     41      1      0    .650   1.70   5.39  1.177   .824   .319   2.79   .591  -.082   1
  39 PM19A    1966 2018     53      2      0    .675   2.10   5.18  1.221   .811   .376   2.59   .499   .105   1
  40 PM19B    1966 2018     53      2      0    .675   1.88   4.53  1.138   .788   .394   2.71   .573  -.088   1
  41 PM20A    1966 2018     53      2      0    .663   1.84   5.22  1.011   .590   .444   2.80   .617  -.078   1
  42 PM20B    1966 2018     53      2      0    .641   1.31   3.14   .765   .622   .406   2.72   .538  -.053   1
  43 PM2101   1973 2017     45      1      0    .698   1.29   4.66  1.335   .951   .335   2.95   .544  -.048   1
  44 PM2102   1973 2018     46      1      0    .635   1.27   4.79  1.124   .918   .389   2.62   .568  -.072   1
  45 PM2201   1974 2018     45      1      0    .684   2.30   6.21  1.621   .916   .321   2.47   .440  -.046   1
  46 PM2202   1978 2018     41      1      0    .704   2.30   8.16  1.636   .790   .427   2.58   .603  -.074   1
  47 PM23B    1965 2018     54      2      0    .695   1.63   5.58  1.201   .729   .469   2.84   .560   .025   1
  48 PM23C    1965 2018     54      2      0    .736   2.05   6.76  1.716   .896   .425   2.89   .612   .053   1
PART 7:  DESCRIPTIVE STATISTICS:                                                                   17:39  Wed 10 Nov 2021  Page   8
------------------------------------------------------------------------------------------------------------------------------------

                                                Corr   //-------- Unfiltered --------\\  //---- Filtered -----\\
                           No.    No.    No.    with   Mean   Max     Std   Auto   Mean   Max     Std   Auto  AR
 Seq Series   Interval   Years  Segmt  Flags   Master  msmt   msmt    dev   corr   sens  value    dev   corr  ()
 --- -------- ---------  -----  -----  -----   ------ -----  -----  -----  -----  -----  -----  -----  -----  --
  49 PM2401   1973 2018     46      1      0    .666   1.80   5.62  1.323   .887   .319   2.80   .599  -.105   1
  50 PM2402b  1975 2018     44      1      0    .738   1.87   6.74  1.675   .929   .337   2.89   .694  -.140   1
  51 PM25A    1974 2009     36      1      0    .394    .80   2.73   .781   .914   .440   2.69   .638   .094   2
  52 PM25B    1974 2009     36      1      0    .562    .78   2.69   .757   .910   .347   2.92   .747   .059   1
  53 PM26A    1967 2018     52      2      0    .775   2.63   6.92  1.507   .707   .359   2.69   .607  -.005   2
  54 PM26B    1967 2018     52      2      0    .679   2.17   5.24  1.116   .755   .354   2.52   .422  -.007   1
  55 PM27A    1969 2018     50      1      0    .668   1.94   3.76   .860   .771   .277   2.65   .545   .129   1
  56 PM27B    1969 2018     50      1      0    .739   1.80   3.82   .918   .749   .320   2.75   .549   .022   1
  57 PM28A    1967 2018     52      2      0    .763   2.27   6.40  1.735   .887   .406   2.56   .552   .102   1
  58 PM28B    1967 2018     52      2      0    .800   2.43   8.31  2.003   .837   .448   2.64   .558   .016   1
  59 PM29A    1968 2017     50      1      0    .613   1.76   3.99  1.195   .882   .301   2.83   .555   .067   1
  60 PM29B    1967 2017     51      2      0    .539   1.44   4.60  1.234   .859   .525   3.48   .697   .010   1
  61 PM3001   1976 2018     43      1      0    .705   2.01   5.74  1.341   .819   .381   2.63   .662  -.020   1
  62 PM3002   1976 2018     43      1      0    .739   1.69   5.75  1.412   .853   .468   2.48   .486  -.054   1
  63 PM31A    1967 2018     52      2      0    .838   2.51   6.02  1.336   .657   .419   2.61   .628  -.002   1
  64 PM31B    1967 2018     52      2      0    .756   1.70   5.43   .972   .687   .369   2.70   .491   .025   1
  65 PM32A    1966 2018     53      2      0    .785   2.39   5.60  1.536   .841   .363   2.57   .523  -.046   1
  66 PM32B    1966 2018     53      2      0    .734   2.16   5.42  1.749   .932   .372   2.57   .472  -.023   1
  67 PM33A    1971 2017     47      1      0    .607    .96   3.81  1.005   .908   .537   2.52   .441  -.069   1
  68 PM33C    1972 2016     45      1      0    .669    .97   3.62  1.009   .911   .477   2.60   .573  -.155   2
  69 PM3401   1974 2018     45      1      0    .629   2.46   6.53  1.592   .728   .455   2.76   .410   .068   1
  70 PM3402   1978 2018     41      1      0    .693   2.03   5.91  1.307   .752   .463   2.59   .417   .001   1
  71 PM3501   1973 2018     46      1      0    .731   2.26   7.11  1.946   .936   .366   2.76   .540   .049   3
  72 PM3502   1974 2018     45      1      0    .708   2.23   7.59  1.907   .933   .366   2.62   .490   .014   1
  73 PM36A    1966 2018     53      2      0    .724   1.34   3.58   .708   .740   .360   2.50   .454   .019   1
  74 PM36B    1966 2018     53      2      0    .761   1.63   3.36   .830   .727   .355   2.74   .539   .004   1
  75 PM37A    1965 2018     54      2      0    .525   2.25   7.19  1.718   .891   .326   2.63   .501  -.008   1
  76 PM37B    1965 2018     54      2      0    .723   2.23   5.62  1.506   .858   .366   2.77   .636   .029   1
  77 PM3801   1970 2013     44      1      0    .548   2.20   5.19  1.450   .859   .325   2.46   .434  -.064   1
  78 PM3802   1978 2018     41      1      0    .759   2.41   6.69  1.445   .806   .344   2.58   .529  -.004   1
  79 PM39A    1967 2018     52      2      0    .628   1.08   3.40  1.006   .908   .366   2.61   .461  -.019   1
  80 PM39B    1967 2018     52      2      0    .646   1.36   3.46   .982   .821   .392   2.81   .588  -.088   1
  81 PM4001   1978 2017     40      1      0    .506   1.13   5.07  1.194   .907   .422   2.65   .615  -.084   1
  82 PM4002   1973 2018     46      1      0    .419    .92   4.37  1.142   .930   .476   2.58   .423  -.097   1
  83 PM4101   1972 2018     47      1      0    .680   1.69   5.17  1.261   .829   .339   2.54   .546  -.081   1
  84 PM4102   1971 2018     48      1      0    .763   1.68   5.66  1.348   .779   .397   3.05   .594  -.128   1
  85 PM42A    1965 2018     54      2      0    .756   3.12   7.19  1.859   .786   .382   2.61   .654  -.048   1
  86 PM42B    1965 2018     54      2      0    .719   2.57   6.40  1.740   .818   .416   2.68   .580   .010   1
  87 PM4301   1976 2018     43      1      0    .570   2.13   4.85  1.229   .725   .381   2.76   .629  -.008   1
  88 PM4302   1969 2018     50      1      0    .870   2.21   6.14  1.564   .865   .303   2.67   .560  -.158   1
 --- -------- ---------  -----  -----  -----   ------ -----  -----  -----  -----  -----  -----  -----  -----  --
 Total or mean:           4252    127      1    .686   1.85   8.32  1.324   .817   .378   3.48   .551  -.036

                                              - = [  COFECHA CORESCOF  ] = -
