[]  Dendrochronology Program Library                                        Run TREES  Program COF  17:38  Wed 10 Nov 2021  Page   1
[]
[]  P R O G R A M      C O F E C H A                                                                          Version 6.06P    31727
------------------------------------------------------------------------------------------------------------------------------------

 QUALITY CONTROL AND DATING CHECK OF TREE-RING MEASUREMENTS

 File of DATED series:   10-PMED_trees.rwl

 CONTENTS:

    Part 1:  Title page, options selected, summary, absent rings by series
    Part 2:  Histogram of time spans
    Part 3:  Master series with sample depth and absent rings by year
    Part 4:  Bar plot of Master Dating Series
    Part 5:  Correlation by segment of each series with Master
    Part 6:  Potential problems: low correlation, divergent year-to-year changes, absent rings, outliers
    Part 7:  Descriptive statistics

 RUN CONTROL OPTIONS SELECTED                             VALUE

         1  Cubic smoothing spline 50% wavelength cutoff for filtering
                                                            32 years
         2  Segments examined are                           50 years lagged successively by  25 years
         3  Autoregressive model applied                     A  Residuals are used in master dating series and testing
         4  Series transformed to logarithms                 Y  Each series log-transformed for master dating series and testing
         5  CORRELATION is Pearson (parametric, quantitative)
            Critical correlation, 99% confidence level   .3281
         6  Master dating series saved                       N
         7  Ring measurements listed                         N
         8  Parts printed                              1234567 
         9  Absent rings are omitted from master series and segment correlations  (Y)

 Time span of Master dating series is  1965 to  2018    54 years
 Continuous time span is               1965 to  2018    54 years
 Portion with two or more series is    1965 to  2018    54 years


                                        ****************************************
                                        *C* Number of dated series        43 *C*
                                        *O* Master series 1965 2018   54 yrs *O*
                                        *F* Total rings in all series   2109 *F*
                                        *E* Total dated rings checked   2109 *E*
                                        *C* Series intercorrelation     .720 *C*
                                        *H* Average mean sensitivity    .357 *H*
                                        *A* Segments, possible problems    0 *A*
                                        *** Mean length of series       49.0 ***
                                        ****************************************

 ABSENT RINGS listed by SERIES:            (See Master Dating Series for absent rings listed by year)

               No ring measurements of zero value
PART 2:  TIME PLOT OF TREE-RING SERIES:                                                            17:38  Wed 10 Nov 2021  Page   2
------------------------------------------------------------------------------------------------------------------------------------
 1050 1100 1150 1200 1250 1300 1350 1400 1450 1500 1550 1600 1650 1700 1750 1800 1850 1900 1950 2000 2050 Ident   Seq Time-span  Yrs
   :    :    :    :    :    :    :    :    :    :    :    :    :    :    :    :    :    :    :    :    : -------- --- ---- ---- ----
   .    .    .    .    .    .    .    .    .    .    .    .    .    .    .    .    .    .    .<====>   . PM01       1 1969 2018   50
   .    .    .    .    .    .    .    .    .    .    .    .    .    .    .    .    .    .    .<====>   . PM02       2 1967 2018   52
   .    .    .    .    .    .    .    .    .    .    .    .    .    .    .    .    .    .    .<====>   . PM03       3 1969 2018   50
   .    .    .    .    .    .    .    .    .    .    .    .    .    .    .    .    .    .    . <===>   . PM04       4 1978 2018   41
   .    .    .    .    .    .    .    .    .    .    .    .    .    .    .    .    .    .    .<====>   . PM05       5 1966 2018   53
   .    .    .    .    .    .    .    .    .    .    .    .    .    .    .    .    .    .    . <===>   . PM06       6 1974 2018   45
   .    .    .    .    .    .    .    .    .    .    .    .    .    .    .    .    .    .    .<====>   . PM07       7 1967 2018   52
   .    .    .    .    .    .    .    .    .    .    .    .    .    .    .    .    .    .    . <===>   . PM08       8 1973 2018   46
   .    .    .    .    .    .    .    .    .    .    .    .    .    .    .    .    .    .    .<====>   . PM09       9 1968 2013   46
   .    .    .    .    .    .    .    .    .    .    .    .    .    .    .    .    .    .    .<====>   . PM10      10 1969 2018   50
   .    .    .    .    .    .    .    .    .    .    .    .    .    .    .    .    .    .    .<====>   . PM11      11 1967 2018   52
   .    .    .    .    .    .    .    .    .    .    .    .    .    .    .    .    .    .    .<====>   . PM12      12 1965 2014   50
   .    .    .    .    .    .    .    .    .    .    .    .    .    .    .    .    .    .    .<====>   . PM13      13 1966 2018   53
   .    .    .    .    .    .    .    .    .    .    .    .    .    .    .    .    .    .    . <===>   . PM14      14 1972 2018   47
   .    .    .    .    .    .    .    .    .    .    .    .    .    .    .    .    .    .    .<====>   . PM15      15 1966 2018   53
   .    .    .    .    .    .    .    .    .    .    .    .    .    .    .    .    .    .    . <===>   . PM16      16 1973 2018   46
   .    .    .    .    .    .    .    .    .    .    .    .    .    .    .    .    .    .    .<====>   . PM17      17 1967 2018   52
   .    .    .    .    .    .    .    .    .    .    .    .    .    .    .    .    .    .    . <===>   . PM18      18 1978 2018   41
   .    .    .    .    .    .    .    .    .    .    .    .    .    .    .    .    .    .    .<====>   . PM19      19 1966 2018   53
   .    .    .    .    .    .    .    .    .    .    .    .    .    .    .    .    .    .    .<====>   . PM20      20 1966 2018   53
   .    .    .    .    .    .    .    .    .    .    .    .    .    .    .    .    .    .    . <===>   . PM21      21 1973 2018   46
   .    .    .    .    .    .    .    .    .    .    .    .    .    .    .    .    .    .    . <===>   . PM22      22 1974 2018   45
   .    .    .    .    .    .    .    .    .    .    .    .    .    .    .    .    .    .    .<====>   . PM23      23 1965 2018   54
   .    .    .    .    .    .    .    .    .    .    .    .    .    .    .    .    .    .    . <===>   . PM24      24 1973 2018   46
   .    .    .    .    .    .    .    .    .    .    .    .    .    .    .    .    .    .    . <==>    . PM25      25 1974 2009   36
   .    .    .    .    .    .    .    .    .    .    .    .    .    .    .    .    .    .    .<====>   . PM26      26 1967 2018   52
   .    .    .    .    .    .    .    .    .    .    .    .    .    .    .    .    .    .    .<====>   . PM27      27 1969 2018   50
   .    .    .    .    .    .    .    .    .    .    .    .    .    .    .    .    .    .    .<====>   . PM28      28 1967 2018   52
   .    .    .    .    .    .    .    .    .    .    .    .    .    .    .    .    .    .    .<====>   . PM29      29 1967 2017   51
   .    .    .    .    .    .    .    .    .    .    .    .    .    .    .    .    .    .    . <===>   . PM30      30 1976 2018   43
   .    .    .    .    .    .    .    .    .    .    .    .    .    .    .    .    .    .    .<====>   . PM31      31 1967 2018   52
   .    .    .    .    .    .    .    .    .    .    .    .    .    .    .    .    .    .    .<====>   . PM32      32 1966 2018   53
   .    .    .    .    .    .    .    .    .    .    .    .    .    .    .    .    .    .    . <===>   . PM33      33 1971 2017   47
   .    .    .    .    .    .    .    .    .    .    .    .    .    .    .    .    .    .    . <===>   . PM34      34 1974 2018   45
   .    .    .    .    .    .    .    .    .    .    .    .    .    .    .    .    .    .    . <===>   . PM35      35 1973 2018   46
   .    .    .    .    .    .    .    .    .    .    .    .    .    .    .    .    .    .    .<====>   . PM36      36 1966 2018   53
   .    .    .    .    .    .    .    .    .    .    .    .    .    .    .    .    .    .    .<====>   . PM37      37 1965 2018   54
   .    .    .    .    .    .    .    .    .    .    .    .    .    .    .    .    .    .    . <===>   . PM38      38 1970 2018   49
   .    .    .    .    .    .    .    .    .    .    .    .    .    .    .    .    .    .    .<====>   . PM39      39 1967 2018   52
   .    .    .    .    .    .    .    .    .    .    .    .    .    .    .    .    .    .    . <===>   . PM40      40 1973 2018   46
   .    .    .    .    .    .    .    .    .    .    .    .    .    .    .    .    .    .    . <===>   . PM41      41 1971 2018   48
   .    .    .    .    .    .    .    .    .    .    .    .    .    .    .    .    .    .    .<====>   . PM42      42 1965 2018   54
   .    .    .    .    .    .    .    .    .    .    .    .    .    .    .    .    .    .    .<====>   . PM43      43 1969 2018   50
   :    :    :    :    :    :    :    :    :    :    :    :    :    :    :    :    :    :    :    :    :
 1050 1100 1150 1200 1250 1300 1350 1400 1450 1500 1550 1600 1650 1700 1750 1800 1850 1900 1950 2000 2050
PART 3:  Master Dating Series:                                                                     17:38  Wed 10 Nov 2021  Page   3
------------------------------------------------------------------------------------------------------------------------------------
  Year  Value  No Ab    Year  Value  No Ab    Year  Value  No Ab    Year  Value  No Ab    Year  Value  No Ab    Year  Value  No Ab
  ------------------    ------------------    ------------------    ------------------    ------------------    ------------------
                        2000  1.655  43
                        2001  1.687  43
                        2002   .725  43
                        2003  1.394  43
                        2004  1.388  43
                        2005  -.788  43
                        2006  -.610  43
                        2007  -.949  43
                        2008   .626  43
                        2009   .361  43

                        2010   .365  42
                        2011  1.152  42
                        2012 -1.517  42
                        2013  1.544  42
                        2014   .418  41
  1965 -1.267   4       2015  -.505  40
  1966 -1.895  11       2016  -.756  40
  1967 -1.332  20       2017  -.295  40
  1968  -.976  21       2018  1.023  38
  1969  -.387  26

  1970   .034  27
  1971   .096  29
  1972   .824  30
  1973   .624  36
  1974   .275  40
  1975  -.336  40
  1976   .489  41
  1977  1.593  41
  1978  1.600  43
  1979  1.347  43

  1980   .715  43
  1981  -.061  43
  1982  -.855  43
  1983  -.186  43
  1984  -.165  43
  1985   .823  43
  1986  -.221  43
  1987 -1.058  43
  1988  -.754  43
  1989  -.537  43

  1990   .221  43
  1991   .542  43
  1992  -.360  43
  1993  -.296  43
  1994  -.885  43
  1995 -3.077  43
  1996  -.614  43
  1997  -.210  43
  1998   .520  43
  1999 -1.151  43
------------------------------------------------------------------------------------------------------------------------------------
PART 4:  Master Bar Plot:                                                                          17:38  Wed 10 Nov 2021  Page   4
------------------------------------------------------------------------------------------------------------------------------------
   Year Rel value  Year Rel value  Year Rel value  Year Rel value  Year Rel value  Year Rel value  Year Rel value  Year Rel value
                   2000----------G
                   2001----------G
                   2002--------C
                   2003---------F
                   2004---------F
                   2005--c
                   2006---b
                   2007-d
                   2008-------C
                   2009------A
                   2010------A
                   2011---------E
                   2012f
                   2013----------F
                   2014------B
   1965e           2015---b
   1966h           2016--c
   1967e           2017----a
   1968-d          2018--------D
   1969----b
   1970-----@
   1971-----@
   1972--------C
   1973-------B
   1974------A
   1975----a
   1976-------B
   1977----------F
   1978----------F
   1979---------E
   1980--------C
   1981-----@
   1982--c
   1983----a
   1984-----a
   1985--------C
   1986----a
   1987-d
   1988--c
   1989---b
   1990------A
   1991-------B
   1992----a
   1993----a
   1994-d
   1995l
   1996---b
   1997----a
   1998-------B
   1999-e
PART 5:  CORRELATION OF SERIES BY SEGMENTS:                                                        17:38  Wed 10 Nov 2021  Page   5
------------------------------------------------------------------------------------------------------------------------------------
 Correlations of  50-year dated segments, lagged  25 years
 Flags:  A = correlation under   .3281 but highest as dated;  B = correlation higher at other than dated position

 Seq Series  Time_span   1950 1975
                         1999 2024
 --- -------- ---------  ---- ---- ---- ---- ---- ---- ---- ---- ---- ---- ---- ---- ---- ---- ---- ---- ---- ---- ---- ----
   1 PM01     1969 2018   .73
   2 PM02     1967 2018   .76  .75
   3 PM03     1969 2018   .77
   4 PM04     1978 2018        .62
   5 PM05     1966 2018   .82  .81
   6 PM06     1974 2018   .77
   7 PM07     1967 2018   .82  .82
   8 PM08     1973 2018   .84
   9 PM09     1968 2013   .76
  10 PM10     1969 2018   .75
  11 PM11     1967 2018   .74  .76
  12 PM12     1965 2014   .53
  13 PM13     1966 2018   .77  .77
  14 PM14     1972 2018   .62
  15 PM15     1966 2018   .80  .80
  16 PM16     1973 2018   .73
  17 PM17     1967 2018   .72  .71
  18 PM18     1978 2018        .65
  19 PM19     1966 2018   .69  .69
  20 PM20     1966 2018   .64  .73
  21 PM21     1973 2018   .71
  22 PM22     1974 2018   .69
  23 PM23     1965 2018   .71  .76
  24 PM24     1973 2018   .76
  25 PM25     1974 2009   .50
  26 PM26     1967 2018   .78  .78
  27 PM27     1969 2018   .72
  28 PM28     1967 2018   .79  .79
  29 PM29     1967 2017   .63  .58
  30 PM30     1976 2018        .77
  31 PM31     1967 2018   .83  .83
  32 PM32     1966 2018   .83  .82
  33 PM33     1971 2017   .67
  34 PM34     1974 2018   .66
  35 PM35     1973 2018   .75
  36 PM36     1966 2018   .81  .79
  37 PM37     1965 2018   .65  .69
  38 PM38     1970 2018   .64
  39 PM39     1967 2018   .72  .76
  40 PM40     1973 2018   .46
  41 PM41     1971 2018   .74
  42 PM42     1965 2018   .74  .77
  43 PM43     1969 2018   .78
 Av segment correlation   .72  .75
PART 6:  POTENTIAL PROBLEMS:                                                                       17:38  Wed 10 Nov 2021  Page   5
------------------------------------------------------------------------------------------------------------------------------------

 For each series with potential problems the following diagnostics may appear:

 [A] Correlations with master dating series of flagged  50-year segments of series filtered with  32-year spline,
     at every point from ten years earlier (-10) to ten years later (+10) than dated

 [B] Effect of those data values which most lower or raise correlation with master series
     Symbol following year indicates value in series is greater (>) or lesser (<) than master series value

 [C] Year-to-year changes very different from the mean change in other series

 [D] Absent rings (zero values)

 [E] Values which are statistical outliers from mean for the year
====================================================================================================================================

 PM01      1969 to  2018      50 years                                                                                    Series   1

 [B] Entire series, effect on correlation (  .732) is:
       Lower   1971< -.045   1987< -.027   1981> -.013   1986> -.011   1969< -.008   1974> -.007  Higher   2012  .017   2005  .014

====================================================================================================================================

 PM02      1967 to  2018      52 years                                                                                    Series   2

 [B] Entire series, effect on correlation (  .758) is:
       Lower   1972< -.031   1982> -.018   1983< -.018   1971> -.014   1992> -.010   2007> -.009  Higher   1995  .047   2012  .046

====================================================================================================================================

 PM03      1969 to  2018      50 years                                                                                    Series   3

 [B] Entire series, effect on correlation (  .767) is:
       Lower   1988< -.033   1969< -.031   1981> -.017   1994> -.012   1992> -.011   1971> -.007  Higher   2012  .049   1999  .014

====================================================================================================================================

 PM04      1978 to  2018      41 years                                                                                    Series   4

 [B] Entire series, effect on correlation (  .615) is:
       Lower   1999< -.047   1987> -.020   2006< -.016   1986> -.014   2003< -.011   2004< -.009  Higher   2012  .025   1995  .021

 [E] Outliers     1   3.0 SD above or -4.5 SD below mean for year
       1999 -5.0 SD
====================================================================================================================================

 PM05      1966 to  2018      53 years                                                                                    Series   5

 [B] Entire series, effect on correlation (  .805) is:
       Lower   2018< -.014   1967> -.014   1969> -.013   1980< -.013   1971> -.009   1968> -.008  Higher   1995  .030   2012  .024

====================================================================================================================================

 PM06      1974 to  2018      45 years                                                                                    Series   6

 [B] Entire series, effect on correlation (  .774) is:
       Lower   1996< -.052   1981> -.020   1995> -.016   2017< -.012   1974< -.007   2005> -.007  Higher   2012  .049   1999  .011

====================================================================================================================================

 PM07      1967 to  2018      52 years                                                                                    Series   7

 [B] Entire series, effect on correlation (  .825) is:
       Lower   1981< -.028   1982> -.027   1987> -.018   1976> -.008   1984> -.007   1988< -.004  Higher   2012  .034   2005  .017

====================================================================================================================================

 PM08      1973 to  2018      46 years                                                                                    Series   8

 [B] Entire series, effect on correlation (  .837) is:
       Lower   1973< -.022   1995> -.022   1983> -.012   1981> -.010   1989< -.009   2018< -.008  Higher   2012  .029   2005  .013

====================================================================================================================================

 PM09      1968 to  2013      46 years                                                                                    Series   9

 [B] Entire series, effect on correlation (  .755) is:
       Lower   2012> -.026   1975< -.016   1981> -.015   1973> -.014   1971< -.010   1994> -.009  Higher   1995  .055   1977  .014

====================================================================================================================================

 PM10      1969 to  2018      50 years                                                                                    Series  10

 [B] Entire series, effect on correlation (  .754) is:
       Lower   2017< -.028   1995> -.023   2014< -.013   1973< -.013   1981> -.011   2008< -.009  Higher   2012  .052   1977  .013

====================================================================================================================================

 PM11      1967 to  2018      52 years                                                                                    Series  11

 [B] Entire series, effect on correlation (  .743) is:
       Lower   1999> -.045   1967< -.016   1995> -.013   1978< -.012   1984< -.012   1975> -.007  Higher   2012  .041   2005  .026

====================================================================================================================================

 PM12      1965 to  2014      50 years                                                                                    Series  12

 [B] Entire series, effect on correlation (  .530) is:
       Lower   2012> -.050   1976< -.041   1965> -.033   2002< -.032   2014> -.029   2009< -.012  Higher   1966  .050   2005  .027

====================================================================================================================================

 PM13      1966 to  2018      53 years                                                                                    Series  13

 [B] Entire series, effect on correlation (  .772) is:
       Lower   1967> -.026   1985< -.015   1969> -.015   1982> -.014   1999> -.012   1971> -.011  Higher   1966  .026   1995  .025

====================================================================================================================================

 PM14      1972 to  2018      47 years                                                                                    Series  14

 [B] Entire series, effect on correlation (  .621) is:
       Lower   1976< -.168   1999> -.017   1981> -.008   2017< -.008   2014> -.005   1975> -.003  Higher   2000  .027   2013  .024

 [E] Outliers     1   3.0 SD above or -4.5 SD below mean for year
       1976 -4.9 SD
====================================================================================================================================

 PM15      1966 to  2018      53 years                                                                                    Series  15

 [B] Entire series, effect on correlation (  .802) is:
       Lower   1971< -.071   1973> -.013   1984< -.009   1967> -.007   1968> -.006   1986> -.004  Higher   2012  .031   1966  .016

====================================================================================================================================

 PM16      1973 to  2018      46 years                                                                                    Series  16

 [B] Entire series, effect on correlation (  .731) is:
       Lower   2018< -.038   2016> -.020   2017< -.019   1973< -.009   1983> -.008   1987> -.007  Higher   2012  .048   1995  .018

====================================================================================================================================

 PM17      1967 to  2018      52 years                                                                                    Series  17

 [B] Entire series, effect on correlation (  .719) is:
       Lower   1973< -.028   1975> -.011   2012> -.010   1983> -.009   1981> -.008   2011< -.007  Higher   2005  .025   1995  .014

====================================================================================================================================

 PM18      1978 to  2018      41 years                                                                                    Series  18

 [B] Entire series, effect on correlation (  .651) is:
       Lower   1982< -.088   1995> -.015   1999> -.013   1989< -.009   1986> -.009   1996< -.008  Higher   2013  .022   2000  .022

====================================================================================================================================

 PM19      1966 to  2018      53 years                                                                                    Series  19

 [B] Entire series, effect on correlation (  .697) is:
       Lower   1986< -.095   1983< -.017   1982> -.012   1988> -.010   1987> -.006   1971> -.006  Higher   2012  .027   2013  .018

====================================================================================================================================

 PM20      1966 to  2018      53 years                                                                                    Series  20

 [B] Entire series, effect on correlation (  .631) is:
       Lower   1970< -.098   1966> -.046   1967> -.037   2018< -.010   1968< -.010   1982> -.009  Higher   1995  .054   2012  .051

 [E] Outliers     1   3.0 SD above or -4.5 SD below mean for year
       1967 +3.1 SD
====================================================================================================================================

 PM21      1973 to  2018      46 years                                                                                    Series  21

 [B] Entire series, effect on correlation (  .714) is:
       Lower   1976< -.100   1975> -.013   1994> -.007   2016> -.007   1993> -.005   1974> -.005  Higher   2012  .052   2000  .019

====================================================================================================================================

 PM22      1974 to  2018      45 years                                                                                    Series  22

 [B] Entire series, effect on correlation (  .691) is:
       Lower   1982< -.071   2013< -.022   1990< -.017   1995> -.016   1976< -.011   1984< -.007  Higher   2012  .028   2005  .018

 [E] Outliers     1   3.0 SD above or -4.5 SD below mean for year
       1982 -5.0 SD
====================================================================================================================================

 PM23      1965 to  2018      54 years                                                                                    Series  23

 [B] Entire series, effect on correlation (  .720) is:
       Lower   2012> -.017   1966> -.015   1981< -.015   1967> -.014   1982> -.013   1978< -.010  Higher   1995  .045   2013  .018

====================================================================================================================================

 PM24      1973 to  2018      46 years                                                                                    Series  24

 [B] Entire series, effect on correlation (  .756) is:
       Lower   1973< -.028   1986> -.013   1981> -.012   1987< -.012   2015< -.009   2016> -.009  Higher   2012  .043   2013  .017

====================================================================================================================================

 PM25      1974 to  2009      36 years                                                                                    Series  25

 [B] Entire series, effect on correlation (  .501) is:
       Lower   2001< -.080   1995> -.062   1974< -.028   1997> -.016   1981> -.014   2009> -.011  Higher   2005  .086   1987  .027

====================================================================================================================================

 PM26      1967 to  2018      52 years                                                                                    Series  26

 [B] Entire series, effect on correlation (  .781) is:
       Lower   1982> -.028   1983< -.025   1996> -.010   1968< -.006   1987> -.006   1978< -.006  Higher   1995  .041   2005  .018

====================================================================================================================================

 PM27      1969 to  2018      50 years                                                                                    Series  27

 [B] Entire series, effect on correlation (  .717) is:
       Lower   1982> -.035   1970< -.019   1984> -.017   1999> -.016   1987> -.014   1974> -.009  Higher   1995  .061   2012  .026

====================================================================================================================================

 PM28      1967 to  2018      52 years                                                                                    Series  28

 [B] Entire series, effect on correlation (  .796) is:
       Lower   1984> -.021   1987> -.020   1971> -.015   1986< -.013   1979< -.010   1982> -.010  Higher   1995  .038   1999  .011

====================================================================================================================================

 PM29      1967 to  2017      51 years                                                                                    Series  29

 [B] Entire series, effect on correlation (  .592) is:
       Lower   2017> -.037   1988> -.028   1979< -.027   2016> -.023   1995> -.021   2015> -.018  Higher   2005  .047   2012  .017

 [E] Outliers     3   3.0 SD above or -4.5 SD below mean for year
       1988 +3.0 SD;    2016 +3.0 SD;    2017 +4.5 SD
====================================================================================================================================

 PM30      1976 to  2018      43 years                                                                                    Series  30

 [B] Entire series, effect on correlation (  .771) is:
       Lower   1982> -.034   1981< -.028   1976< -.012   2003< -.011   1996> -.008   1983< -.008  Higher   2012  .051   1995  .027

====================================================================================================================================

 PM31      1967 to  2018      52 years                                                                                    Series  31

 [B] Entire series, effect on correlation (  .830) is:
       Lower   1986< -.022   1987> -.016   1979< -.013   1996> -.013   1984> -.007   2015> -.006  Higher   1995  .032   2012  .021

====================================================================================================================================

 PM32      1966 to  2018      53 years                                                                                    Series  32

 [B] Entire series, effect on correlation (  .831) is:
       Lower   1986> -.026   1993< -.016   1990< -.009   1974> -.008   1971> -.005   1998< -.004  Higher   2012  .022   2005  .014

====================================================================================================================================

 PM33      1971 to  2017      47 years                                                                                    Series  33

 [B] Entire series, effect on correlation (  .668) is:
       Lower   1992< -.049   1971< -.021   2001< -.020   1981> -.020   1986> -.017   1990< -.015  Higher   1995  .046   2012  .031

====================================================================================================================================

 PM34      1974 to  2018      45 years                                                                                    Series  34

 [B] Entire series, effect on correlation (  .662) is:
       Lower   2012> -.049   1982> -.041   1991< -.016   1992> -.009   2018< -.009   1978< -.007  Higher   1995  .051   2013  .026

====================================================================================================================================

 PM35      1973 to  2018      46 years                                                                                    Series  35

 [B] Entire series, effect on correlation (  .747) is:
       Lower   1981< -.080   1982> -.018   2012> -.009   1979< -.008   1987> -.007   1986> -.005  Higher   1995  .054   2005  .026

====================================================================================================================================

 PM36      1966 to  2018      53 years                                                                                    Series  36

 [B] Entire series, effect on correlation (  .800) is:
       Lower   1992> -.016   1970< -.013   1991< -.012   1982> -.010   1968> -.008   1983< -.008  Higher   1995  .028   1966  .022

====================================================================================================================================

 PM37      1965 to  2018      54 years                                                                                    Series  37

 [B] Entire series, effect on correlation (  .662) is:
       Lower   1987> -.029   1966> -.029   1986< -.020   1999> -.017   1982> -.014   1981< -.012  Higher   1995  .050   2005  .022

====================================================================================================================================

 PM38      1970 to  2018      49 years                                                                                    Series  38

 [B] Entire series, effect on correlation (  .635) is:
       Lower   1971< -.202   1986> -.018   1990< -.006   1983> -.005   1993< -.004   2002< -.003  Higher   2012  .023   2005  .021

 [E] Outliers     1   3.0 SD above or -4.5 SD below mean for year
       1971 -7.0 SD
====================================================================================================================================

 PM39      1967 to  2018      52 years                                                                                    Series  39

 [B] Entire series, effect on correlation (  .711) is:
       Lower   1968> -.026   1967< -.020   1998< -.013   1983< -.013   1994> -.012   1987> -.010  Higher   2012  .029   2013  .020

====================================================================================================================================

 PM40      1973 to  2018      46 years                                                                                    Series  40

 [B] Entire series, effect on correlation (  .464) is:
       Lower   1975< -.087   2010< -.044   2015> -.016   1991< -.013   2018< -.012   1985< -.012  Higher   1995  .067   2000  .025

 [E] Outliers     1   3.0 SD above or -4.5 SD below mean for year
       1975 -5.3 SD
====================================================================================================================================

 PM41      1971 to  2018      48 years                                                                                    Series  41

 [B] Entire series, effect on correlation (  .736) is:
       Lower   1973< -.054   1995> -.018   1975> -.014   1981> -.013   1972< -.010   1994> -.010  Higher   2012  .055   2005  .022

====================================================================================================================================

 PM42      1965 to  2018      54 years                                                                                    Series  42

 [B] Entire series, effect on correlation (  .746) is:
       Lower   1984< -.062   1967> -.020   1968> -.018   1976< -.017   1977< -.007   1981> -.006  Higher   1995  .037   2012  .028

====================================================================================================================================

 PM43      1969 to  2018      50 years                                                                                    Series  43

 [B] Entire series, effect on correlation (  .784) is:
       Lower   1971< -.053   1969< -.020   1981> -.017   1975> -.008   1992< -.007   1974> -.007  Higher   2012  .043   1999  .013

====================================================================================================================================

 [*] All segments correlate highest as dated with correlation with master series over   .3281
PART 7:  DESCRIPTIVE STATISTICS:                                                                   17:38  Wed 10 Nov 2021  Page   6
------------------------------------------------------------------------------------------------------------------------------------

                                                Corr   //-------- Unfiltered --------\\  //---- Filtered -----\\
                           No.    No.    No.    with   Mean   Max     Std   Auto   Mean   Max     Std   Auto  AR
 Seq Series   Interval   Years  Segmt  Flags   Master  msmt   msmt    dev   corr   sens  value    dev   corr  ()
 --- -------- ---------  -----  -----  -----   ------ -----  -----  -----  -----  -----  -----  -----  -----  --
   1 PM01     1969 2018     50      1      0    .732   2.38   6.94  1.976   .854   .383   2.56   .550  -.094   1
   2 PM02     1967 2018     52      2      0    .758   1.37   3.68   .851   .721   .445   2.61   .557  -.007   1
   3 PM03     1969 2018     50      1      0    .767   1.41   3.49   .729   .733   .308   2.70   .593  -.017   1
   4 PM04     1978 2018     41      1      0    .615   1.89   6.61  1.430   .859   .317   2.43   .436  -.059   1
   5 PM05     1966 2018     53      2      0    .805   1.60   4.08  1.080   .849   .351   2.60   .601  -.011   1
   6 PM06     1974 2018     45      1      0    .774   1.96   5.42  1.177   .792   .351   2.56   .595  -.074   1
   7 PM07     1967 2018     52      2      0    .825   3.01   7.47  1.689   .778   .327   2.72   .601  -.053   1
   8 PM08     1973 2018     46      1      0    .837   2.44   6.77  1.753   .916   .267   2.64   .496  -.144   1
   9 PM09     1968 2013     46      1      0    .755   1.16   3.69  1.013   .882   .364   2.77   .518   .003   1
  10 PM10     1969 2018     50      1      0    .754   1.23   6.12  1.360   .788   .392   2.89   .594  -.177   1
  11 PM11     1967 2018     52      2      0    .743   1.77   6.20  1.345   .840   .338   2.79   .579  -.052   1
  12 PM12     1965 2014     50      1      0    .530   1.89   5.03  1.509   .855   .377   3.14   .704   .047   1
  13 PM13     1966 2018     53      2      0    .772   1.99   5.54  1.340   .765   .394   2.97   .687  -.038   1
  14 PM14     1972 2018     47      1      0    .621   1.94   6.64  1.867   .944   .293   2.78   .514  -.121   1
  15 PM15     1966 2018     53      2      0    .802   1.66   4.51   .911   .688   .323   2.87   .656  -.127   1
  16 PM16     1973 2018     46      1      0    .731   1.29   5.11  1.334   .949   .356   2.62   .425  -.153   1
  17 PM17     1967 2018     52      2      0    .719   1.71   4.53  1.335   .905   .304   2.76   .540  -.049   1
  18 PM18     1978 2018     41      1      0    .651   2.02   6.60  1.355   .851   .286   2.62   .457  -.030   1
  19 PM19     1966 2018     53      2      0    .697   1.98   4.52  1.154   .830   .345   2.64   .474  -.014   1
  20 PM20     1966 2018     53      2      0    .631   1.57   4.08   .837   .608   .414   2.77   .570  -.083   1
  21 PM21     1973 2018     46      1      0    .714   1.27   4.54  1.216   .942   .356   2.85   .681  -.092   1
  22 PM22     1974 2018     45      1      0    .691   2.45   7.18  1.717   .880   .351   2.67   .469  -.080   1
  23 PM23     1965 2018     54      2      0    .720   1.84   6.17  1.427   .853   .427   2.83   .551   .057   1
  24 PM24     1973 2018     46      1      0    .756   1.85   6.09  1.474   .912   .311   2.94   .659  -.143   1
  25 PM25     1974 2009     36      1      0    .501    .79   2.71   .769   .913   .386   2.85   .692   .129   1
  26 PM26     1967 2018     52      2      0    .781   2.40   5.35  1.256   .730   .332   2.64   .504  -.012   2
  27 PM27     1969 2018     50      1      0    .717   1.87   3.55   .869   .782   .290   2.71   .539   .092   1
  28 PM28     1967 2018     52      2      0    .796   2.35   6.82  1.843   .870   .406   2.55   .512   .074   1
  29 PM29     1967 2017     51      2      0    .592   1.59   4.26  1.194   .883   .354   3.03   .530   .029   1
  30 PM30     1976 2018     43      1      0    .771   1.84   5.74  1.355   .852   .385   2.64   .597  -.070   1
  31 PM31     1967 2018     52      2      0    .830   2.10   5.56  1.109   .691   .371   2.68   .577  -.006   1
  32 PM32     1966 2018     53      2      0    .831   2.27   5.39  1.611   .903   .354   2.68   .572  -.066   1
  33 PM33     1971 2017     47      1      0    .668    .95   3.70   .994   .922   .468   2.72   .582  -.112   1
  34 PM34     1974 2018     45      1      0    .662   2.37   6.53  1.558   .763   .446   2.67   .388   .042   1
  35 PM35     1973 2018     46      1      0    .747   2.30   7.27  1.969   .943   .350   2.73   .565   .062   1
  36 PM36     1966 2018     53      2      0    .800   1.48   3.47   .743   .760   .339   2.62   .500  -.019   2
  37 PM37     1965 2018     54      2      0    .662   2.23   5.42  1.561   .905   .331   2.67   .629   .008   1
  38 PM38     1970 2018     49      1      0    .635   2.33   5.93  1.405   .834   .331   2.46   .436  -.052   1
  39 PM39     1967 2018     52      2      0    .711   1.22   3.19   .969   .901   .346   2.82   .543  -.097   1
  40 PM40     1973 2018     46      1      0    .464   1.13   4.37  1.229   .904   .424   2.47   .457  -.019   2
  41 PM41     1971 2018     48      1      0    .736   1.69   5.41  1.290   .813   .350   2.88   .612  -.142   1
  42 PM42     1965 2018     54      2      0    .746   2.84   6.50  1.780   .816   .374   2.55   .651  -.063   1
  43 PM43     1969 2018     50      1      0    .784   2.28   5.39  1.453   .810   .337   2.60   .622  -.159   1
 --- -------- ---------  -----  -----  -----   ------ -----  -----  -----  -----  -----  -----  -----  -----  --
 Total or mean:           2109     62      0    .720   1.86   7.47  1.321   .834   .357   3.14   .560  -.044

                                              - = [  COFECHA TREESCOF  ] = -
