[]  Dendrochronology Program Library                                        Run PHTRE  Program COF  12:38  Wed 03 Nov 2021  Page   1
[]
[]  P R O G R A M      C O F E C H A                                                                          Version 6.06P    31720
------------------------------------------------------------------------------------------------------------------------------------

 QUALITY CONTROL AND DATING CHECK OF TREE-RING MEASUREMENTS

 File of DATED series:   11-PH_trees.rwl

 CONTENTS:

    Part 1:  Title page, options selected, summary, absent rings by series
    Part 2:  Histogram of time spans
    Part 3:  Master series with sample depth and absent rings by year
    Part 4:  Bar plot of Master Dating Series
    Part 5:  Correlation by segment of each series with Master
    Part 6:  Potential problems: low correlation, divergent year-to-year changes, absent rings, outliers
    Part 7:  Descriptive statistics

 RUN CONTROL OPTIONS SELECTED                             VALUE

         1  Cubic smoothing spline 50% wavelength cutoff for filtering
                                                            32 years
         2  Segments examined are                           50 years lagged successively by  25 years
         3  Autoregressive model applied                     A  Residuals are used in master dating series and testing
         4  Series transformed to logarithms                 Y  Each series log-transformed for master dating series and testing
         5  CORRELATION is Pearson (parametric, quantitative)
            Critical correlation, 99% confidence level   .3281
         6  Master dating series saved                       N
         7  Ring measurements listed                         N
         8  Parts printed                              1234567 
         9  Absent rings are omitted from master series and segment correlations  (Y)

 Time span of Master dating series is  1969 to  2018    50 years
 Continuous time span is               1969 to  2018    50 years
 Portion with two or more series is    1970 to  2018    49 years


                                        ****************************************
                                        *C* Number of dated series        35 *C*
                                        *O* Master series 1969 2018   50 yrs *O*
                                        *F* Total rings in all series   1444 *F*
                                        *E* Total dated rings checked   1443 *E*
                                        *C* Series intercorrelation     .798 *C*
                                        *H* Average mean sensitivity    .309 *H*
                                        *A* Segments, possible problems    1 *A*
                                        *** Mean length of series       41.3 ***
                                        ****************************************

 ABSENT RINGS listed by SERIES:            (See Master Dating Series for absent rings listed by year)

               No ring measurements of zero value
PART 2:  TIME PLOT OF TREE-RING SERIES:                                                            12:38  Wed 03 Nov 2021  Page   2
------------------------------------------------------------------------------------------------------------------------------------
 1050 1100 1150 1200 1250 1300 1350 1400 1450 1500 1550 1600 1650 1700 1750 1800 1850 1900 1950 2000 2050 Ident   Seq Time-span  Yrs
   :    :    :    :    :    :    :    :    :    :    :    :    :    :    :    :    :    :    :    :    : -------- --- ---- ---- ----
   .    .    .    .    .    .    .    .    .    .    .    .    .    .    .    .    .    .    . <===>   . PH01       1 1971 2018   48
   .    .    .    .    .    .    .    .    .    .    .    .    .    .    .    .    .    .    . <===>   . PH02       2 1973 2018   46
   .    .    .    .    .    .    .    .    .    .    .    .    .    .    .    .    .    .    .  <==>   . PH03       3 1982 2018   37
   .    .    .    .    .    .    .    .    .    .    .    .    .    .    .    .    .    .    . <===>   . PH04       4 1977 2018   42
   .    .    .    .    .    .    .    .    .    .    .    .    .    .    .    .    .    .    .  <==>   . PH05       5 1982 2018   37
   .    .    .    .    .    .    .    .    .    .    .    .    .    .    .    .    .    .    .  <==>   . PH06       6 1983 2018   36
   .    .    .    .    .    .    .    .    .    .    .    .    .    .    .    .    .    .    .<====>   . PH07       7 1969 2018   50
   .    .    .    .    .    .    .    .    .    .    .    .    .    .    .    .    .    .    .  <==>   . PH08       8 1984 2018   35
   .    .    .    .    .    .    .    .    .    .    .    .    .    .    .    .    .    .    . <===>   . PH09       9 1978 2018   41
   .    .    .    .    .    .    .    .    .    .    .    .    .    .    .    .    .    .    . <===>   . PH10      10 1975 2018   44
   .    .    .    .    .    .    .    .    .    .    .    .    .    .    .    .    .    .    .  <==>   . PH11      11 1982 2018   37
   .    .    .    .    .    .    .    .    .    .    .    .    .    .    .    .    .    .    .  <==>   . PH12      12 1983 2018   36
   .    .    .    .    .    .    .    .    .    .    .    .    .    .    .    .    .    .    . <===>   . PH13      13 1972 2018   47
   .    .    .    .    .    .    .    .    .    .    .    .    .    .    .    .    .    .    . <===>   . PH14      14 1977 2018   42
   .    .    .    .    .    .    .    .    .    .    .    .    .    .    .    .    .    .    . <===>   . PH15      15 1975 2011   37
   .    .    .    .    .    .    .    .    .    .    .    .    .    .    .    .    .    .    .  <==>   . PH16      16 1980 2018   39
   .    .    .    .    .    .    .    .    .    .    .    .    .    .    .    .    .    .    . <===>   . PH17      17 1974 2018   45
   .    .    .    .    .    .    .    .    .    .    .    .    .    .    .    .    .    .    .  <==>   . PH18      18 1985 2018   34
   .    .    .    .    .    .    .    .    .    .    .    .    .    .    .    .    .    .    . <===>   . PH19      19 1979 2018   40
   .    .    .    .    .    .    .    .    .    .    .    .    .    .    .    .    .    .    . <===>   . PH20      20 1974 2018   45
   .    .    .    .    .    .    .    .    .    .    .    .    .    .    .    .    .    .    .  <==>   . PH21      21 1981 2018   38
   .    .    .    .    .    .    .    .    .    .    .    .    .    .    .    .    .    .    .  <==>   . PH22      22 1980 2018   39
   .    .    .    .    .    .    .    .    .    .    .    .    .    .    .    .    .    .    .  <==>   . PH23      23 1983 2018   36
   .    .    .    .    .    .    .    .    .    .    .    .    .    .    .    .    .    .    . <===>   . PH25      24 1975 2018   44
   .    .    .    .    .    .    .    .    .    .    .    .    .    .    .    .    .    .    . <===>   . PH26      25 1970 2018   49
   .    .    .    .    .    .    .    .    .    .    .    .    .    .    .    .    .    .    . <===>   . PH27      26 1971 2018   48
   .    .    .    .    .    .    .    .    .    .    .    .    .    .    .    .    .    .    . <===>   . PH28      27 1973 2018   46
   .    .    .    .    .    .    .    .    .    .    .    .    .    .    .    .    .    .    . <===>   . PH29      28 1979 2018   40
   .    .    .    .    .    .    .    .    .    .    .    .    .    .    .    .    .    .    .  <==>   . PH30      29 1980 2018   39
   .    .    .    .    .    .    .    .    .    .    .    .    .    .    .    .    .    .    . <===>   . PH32      30 1976 2018   43
   .    .    .    .    .    .    .    .    .    .    .    .    .    .    .    .    .    .    . <===>   . PH33      31 1974 2018   45
   .    .    .    .    .    .    .    .    .    .    .    .    .    .    .    .    .    .    . <===>   . PH34      32 1978 2018   41
   .    .    .    .    .    .    .    .    .    .    .    .    .    .    .    .    .    .    .  <==>   . PH35      33 1985 2018   34
   .    .    .    .    .    .    .    .    .    .    .    .    .    .    .    .    .    .    .  <==>   . PH36      34 1982 2018   37
   .    .    .    .    .    .    .    .    .    .    .    .    .    .    .    .    .    .    . <===>   . PH37      35 1972 2018   47
   :    :    :    :    :    :    :    :    :    :    :    :    :    :    :    :    :    :    :    :    :
 1050 1100 1150 1200 1250 1300 1350 1400 1450 1500 1550 1600 1650 1700 1750 1800 1850 1900 1950 2000 2050
PART 3:  Master Dating Series:                                                                     12:38  Wed 03 Nov 2021  Page   3
------------------------------------------------------------------------------------------------------------------------------------
  Year  Value  No Ab    Year  Value  No Ab    Year  Value  No Ab    Year  Value  No Ab    Year  Value  No Ab    Year  Value  No Ab
  ------------------    ------------------    ------------------    ------------------    ------------------    ------------------
                        2000   .791  35
                        2001   .479  35
                        2002  -.241  35
                        2003   .425  35
                        2004   .864  35
                        2005  -.472  35
                        2006   .080  35
                        2007  -.723  35
                        2008   .611  35
                        2009  -.683  35

                        2010   .598  35
                        2011  1.050  35
                        2012 -1.309  34
                        2013   .791  34
                        2014   .363  34
                        2015  -.249  34
                        2016   .278  34
                        2017   .309  34
                        2018  1.206  34
  1969 -1.056   1

  1970   .613   2
  1971  -.820   4
  1972  -.394   6
  1973  -.295   8
  1974  -.413  11
  1975  -.905  14
  1976  -.276  15
  1977  -.090  17
  1978   .245  19
  1979  -.044  21

  1980 -1.232  24
  1981   .541  25
  1982   .473  29
  1983   .290  32
  1984   .140  33
  1985   .421  35
  1986   .391  35
  1987   .900  35
  1988   .576  35
  1989   .749  35

  1990   .512  35
  1991   .273  35
  1992   .570  35
  1993   .640  35
  1994   .043  35
  1995 -5.552  35
  1996  -.150  35
  1997   .400  35
  1998   .308  35
  1999 -1.026  35
------------------------------------------------------------------------------------------------------------------------------------
PART 4:  Master Bar Plot:                                                                          12:38  Wed 03 Nov 2021  Page   4
------------------------------------------------------------------------------------------------------------------------------------
   Year Rel value  Year Rel value  Year Rel value  Year Rel value  Year Rel value  Year Rel value  Year Rel value  Year Rel value
                   2000---------C
                   2001-------B
                   2002---a
                   2003------B
                   2004---------C
                   2005--b
                   2006----@
                   2007-c
                   2008--------B
                   2009-c
                   2010--------B
                   2011----------D
                   2012e
                   2013---------C
                   2014------A
                   2015---a
                   2016-----A
                   2017-----A
                   2018----------E
   1969d
   1970--------B
   1971-c
   1972--b
   1973--a
   1974--b
   1975-d
   1976--a
   1977---@
   1978-----A
   1979---@
   1980e
   1981--------B
   1982-------B
   1983-----A
   1984----A
   1985------B
   1986------B
   1987----------D
   1988--------B
   1989---------C
   1990-------B
   1991-----A
   1992--------B
   1993--------C
   1994----@
   1995v
   1996---a
   1997------B
   1998-----A
   1999d
PART 5:  CORRELATION OF SERIES BY SEGMENTS:                                                        12:38  Wed 03 Nov 2021  Page   5
------------------------------------------------------------------------------------------------------------------------------------
 Correlations of  50-year dated segments, lagged  25 years
 Flags:  A = correlation under   .3281 but highest as dated;  B = correlation higher at other than dated position

 Seq Series  Time_span   1950 1975
                         1999 2024
 --- -------- ---------  ---- ---- ---- ---- ---- ---- ---- ---- ---- ---- ---- ---- ---- ---- ---- ---- ---- ---- ---- ----
   1 PH01     1971 2018   .82
   2 PH02     1973 2018   .86
   3 PH03     1982 2018        .90
   4 PH04     1977 2018        .91
   5 PH05     1982 2018        .69
   6 PH06     1983 2018        .85
   7 PH07     1969 2018   .74
   8 PH08     1984 2018        .90
   9 PH09     1978 2018        .91
  10 PH10     1975 2018        .82
  11 PH11     1982 2018        .84
  12 PH12     1983 2018        .19B
  13 PH13     1972 2018   .80
  14 PH14     1977 2018        .88
  15 PH15     1975 2011        .77
  16 PH16     1980 2018        .83
  17 PH17     1974 2018   .85
  18 PH18     1985 2018        .92
  19 PH19     1979 2018        .93
  20 PH20     1974 2018   .77
  21 PH21     1981 2018        .65
  22 PH22     1980 2018        .83
  23 PH23     1983 2018        .90
  24 PH25     1975 2018        .88
  25 PH26     1970 2018   .83
  26 PH27     1971 2018   .85
  27 PH28     1973 2018   .73
  28 PH29     1979 2018        .53
  29 PH30     1980 2018        .89
  30 PH32     1976 2018        .79
  31 PH33     1974 2018   .73
  32 PH34     1978 2018        .89
  33 PH35     1985 2018        .55
  34 PH36     1982 2018        .84
  35 PH37     1972 2018   .80
 Av segment correlation   .80  .79
PART 6:  POTENTIAL PROBLEMS:                                                                       12:38  Wed 03 Nov 2021  Page   5
------------------------------------------------------------------------------------------------------------------------------------

 For each series with potential problems the following diagnostics may appear:

 [A] Correlations with master dating series of flagged  50-year segments of series filtered with  32-year spline,
     at every point from ten years earlier (-10) to ten years later (+10) than dated

 [B] Effect of those data values which most lower or raise correlation with master series
     Symbol following year indicates value in series is greater (>) or lesser (<) than master series value

 [C] Year-to-year changes very different from the mean change in other series

 [D] Absent rings (zero values)

 [E] Values which are statistical outliers from mean for the year
====================================================================================================================================

 PH01      1971 to  2018      48 years                                                                                    Series   1

 [B] Entire series, effect on correlation (  .816) is:
       Lower   1973> -.019   1996< -.018   1974> -.014   1975> -.012   1976< -.009   1999> -.007  Higher   1995  .198   2012  .010

====================================================================================================================================

 PH02      1973 to  2018      46 years                                                                                    Series   2

 [B] Entire series, effect on correlation (  .856) is:
       Lower   1975> -.036   2008< -.011   1999> -.010   1979< -.010   2003< -.007   2005< -.006  Higher   1995  .252   1980  .005

====================================================================================================================================

 PH03      1982 to  2018      37 years                                                                                    Series   3

 [B] Entire series, effect on correlation (  .902) is:
       Lower   1985< -.027   1984< -.008   2012> -.007   1998> -.005   1997> -.004   2014< -.003  Higher   1995  .149   2009  .002

====================================================================================================================================

 PH04      1977 to  2018      42 years                                                                                    Series   4

 [B] Entire series, effect on correlation (  .905) is:
       Lower   1978< -.011   2012> -.009   1983> -.007   2002< -.006   2014< -.006   1981< -.005  Higher   1995  .168   2018  .002

====================================================================================================================================

 PH05      1982 to  2018      37 years                                                                                    Series   5

 [B] Entire series, effect on correlation (  .686) is:
       Lower   1987< -.167   1986< -.018   2008< -.011   2012> -.010   2013< -.009   1994> -.009  Higher   1995  .347   2018  .009

 [E] Outliers     1   3.0 SD above or -4.5 SD below mean for year
       1987 -6.2 SD
====================================================================================================================================

 PH06      1983 to  2018      36 years                                                                                    Series   6

 [B] Entire series, effect on correlation (  .853) is:
       Lower   1987< -.027   1983> -.018   2016< -.017   1986< -.013   2002> -.007   1985< -.006  Higher   1995  .320   2018  .003

====================================================================================================================================

 PH07      1969 to  2018      50 years                                                                                    Series   7

 [*] Early part of series cannot be checked from 1969 to 1969 -- not matched by another series

 [B] Entire series, effect on correlation (  .738) is:
       Lower   1972> -.033   1999> -.018   2012< -.016   1975> -.010   2016< -.008   1981< -.007  Higher   1995  .167   1980  .008

 [E] Outliers     1   3.0 SD above or -4.5 SD below mean for year
       1972 +3.1 SD
====================================================================================================================================

 PH08      1984 to  2018      35 years                                                                                    Series   8

 [B] Entire series, effect on correlation (  .895) is:
       Lower   1985< -.014   1984< -.012   2014< -.011   2010> -.008   2007> -.004   2000> -.004  Higher   1995  .177   2018  .003

====================================================================================================================================

 PH09      1978 to  2018      41 years                                                                                    Series   9

 [B] Entire series, effect on correlation (  .905) is:
       Lower   2009> -.013   1985< -.008   1979> -.007   2003< -.006   2005> -.005   2012> -.005  Higher   1995  .226   2018  .002

====================================================================================================================================

 PH10      1975 to  2018      44 years                                                                                    Series  10

 [B] Entire series, effect on correlation (  .820) is:
       Lower   1975> -.035   1981< -.025   1980> -.015   1978< -.010   1977< -.008   2009> -.008  Higher   1995  .305   2018  .005

====================================================================================================================================

 PH11      1982 to  2018      37 years                                                                                    Series  11

 [B] Entire series, effect on correlation (  .844) is:
       Lower   1982< -.051   2012> -.022   2017< -.013   1998> -.008   2014> -.005   2006< -.004  Higher   1995  .276   2018  .003

====================================================================================================================================

 PH12      1983 to  2018      36 years                                                                                    Series  12

 [A] Segment   High   -10   -9   -8   -7   -6   -5   -4   -3   -2   -1   +0   +1   +2   +3   +4   +5   +6   +7   +8   +9  +10
    ---------  ----   ---  ---  ---  ---  ---  ---  ---  ---  ---  ---  ---  ---  ---  ---  ---  ---  ---  ---  ---  ---  ---
    1983 2018   -8    .09 -.19  .20*-.21 -.16 -.18 -.15  .11 -.10 -.02  .19|   -    -    -    -    -    -    -    -    -    -

 [B] Entire series, effect on correlation (  .187) is:
       Lower   1994< -.068   1999> -.038   2010< -.025   1983< -.017   2002> -.013   2018< -.010  Higher   1995  .064   2011  .022
     1983 to 2018 segment:
       Lower   1994< -.068   1999> -.038   2010< -.025   1983< -.017   2002> -.013   2018< -.010  Higher   1995  .064   2011  .022

 [E] Outliers     1   3.0 SD above or -4.5 SD below mean for year
       1999 +3.5 SD
====================================================================================================================================

 PH13      1972 to  2018      47 years                                                                                    Series  13

 [B] Entire series, effect on correlation (  .803) is:
       Lower   1982< -.033   1983< -.022   1980> -.018   2011< -.007   1993< -.007   2013< -.005  Higher   1995  .247   2000  .004

====================================================================================================================================

 PH14      1977 to  2018      42 years                                                                                    Series  14

 [B] Entire series, effect on correlation (  .879) is:
       Lower   1981< -.016   2005> -.011   1989< -.010   2010< -.008   1983> -.006   1997< -.006  Higher   1995  .272   1980  .004

====================================================================================================================================

 PH15      1975 to  2011      37 years                                                                                    Series  15

 [B] Entire series, effect on correlation (  .772) is:
       Lower   2011< -.054   1981> -.020   1989< -.018   2010< -.013   1975< -.009   2002> -.006  Higher   1995  .292   1980  .008

====================================================================================================================================

 PH16      1980 to  2018      39 years                                                                                    Series  16

 [B] Entire series, effect on correlation (  .825) is:
       Lower   2000< -.026   2013< -.023   2005> -.013   2015< -.008   2002> -.008   2012> -.007  Higher   1995  .227   1980  .007

====================================================================================================================================

 PH17      1974 to  2018      45 years                                                                                    Series  17

 [B] Entire series, effect on correlation (  .849) is:
       Lower   2007> -.011   1992< -.010   1999< -.010   1980> -.010   1982> -.007   1975< -.006  Higher   1995  .126   2018  .004

====================================================================================================================================

 PH18      1985 to  2018      34 years                                                                                    Series  18

 [B] Entire series, effect on correlation (  .918) is:
       Lower   1985< -.015   2012> -.012   2009< -.005   1990> -.004   2003> -.004   2006< -.003  Higher   1995  .180   2013  .001

====================================================================================================================================

 PH19      1979 to  2018      40 years                                                                                    Series  19

 [B] Entire series, effect on correlation (  .932) is:
       Lower   1999> -.009   2010< -.007   1997< -.006   2009> -.004   2012> -.004   1985< -.004  Higher   1995  .169   2018  .002

====================================================================================================================================

 PH20      1974 to  2018      45 years                                                                                    Series  20

 [B] Entire series, effect on correlation (  .767) is:
       Lower   1987< -.032   1981< -.031   1975< -.027   1980> -.009   2008< -.009   1974> -.008  Higher   1995  .244   2012  .012

====================================================================================================================================

 PH21      1981 to  2018      38 years                                                                                    Series  21

 [B] Entire series, effect on correlation (  .655) is:
       Lower   1982< -.036   2012< -.024   2009> -.019   2007> -.008   1984< -.006   1996> -.006  Higher   2018  .009   1999  .008

 [E] Outliers     1   3.0 SD above or -4.5 SD below mean for year
       1995 +3.1 SD
====================================================================================================================================

 PH22      1980 to  2018      39 years                                                                                    Series  22

 [B] Entire series, effect on correlation (  .829) is:
       Lower   1987< -.029   1986< -.027   2011< -.012   2007< -.009   1994> -.007   1992> -.006  Higher   1995  .212   2012  .011

====================================================================================================================================

 PH23      1983 to  2018      36 years                                                                                    Series  23

 [B] Entire series, effect on correlation (  .898) is:
       Lower   1984< -.020   1998< -.013   2007> -.010   2005> -.005   2018< -.004   2001< -.004  Higher   1995  .167   2012  .007

====================================================================================================================================

 PH25      1975 to  2018      44 years                                                                                    Series  24

 [B] Entire series, effect on correlation (  .884) is:
       Lower   1996< -.012   1981< -.009   2009> -.008   1982> -.008   2006> -.007   1978< -.007  Higher   1995  .209   2012  .007

====================================================================================================================================

 PH26      1970 to  2018      49 years                                                                                    Series  25

 [B] Entire series, effect on correlation (  .833) is:
       Lower   2009< -.021   1997< -.021   1982> -.010   2005> -.007   1989< -.007   1998< -.007  Higher   1995  .181   2012  .010

====================================================================================================================================

 PH27      1971 to  2018      48 years                                                                                    Series  26

 [B] Entire series, effect on correlation (  .851) is:
       Lower   1975> -.018   1978> -.012   1993< -.006   1972< -.005   2017< -.004   2018< -.004  Higher   1995  .123   2011  .003

====================================================================================================================================

 PH28      1973 to  2018      46 years                                                                                    Series  27

 [B] Entire series, effect on correlation (  .732) is:
       Lower   1983< -.096   2009< -.025   1980> -.008   2001< -.005   2005> -.004   2015> -.004  Higher   1995  .174   2012  .013

 [E] Outliers     1   3.0 SD above or -4.5 SD below mean for year
       1983 -4.9 SD
====================================================================================================================================

 PH29      1979 to  2018      40 years                                                                                    Series  28

 [B] Entire series, effect on correlation (  .527) is:
       Lower   1997< -.056   1998< -.053   2001< -.013   1980< -.007   2007> -.007   2016> -.006  Higher   1995  .015   2012  .013

 [E] Outliers     2   3.0 SD above or -4.5 SD below mean for year
       1995 +4.2 SD;    1998 -4.9 SD
====================================================================================================================================

 PH30      1980 to  2018      39 years                                                                                    Series  29

 [B] Entire series, effect on correlation (  .885) is:
       Lower   1980< -.023   2004< -.011   2009> -.008   2010> -.005   2016< -.004   2012> -.003  Higher   1995  .138   2011  .002

====================================================================================================================================

 PH32      1976 to  2018      43 years                                                                                    Series  30

 [B] Entire series, effect on correlation (  .788) is:
       Lower   1977< -.033   1998< -.026   2007> -.012   2004< -.011   2012> -.010   2010< -.009  Higher   1995  .256   1980  .007

====================================================================================================================================

 PH33      1974 to  2018      45 years                                                                                    Series  31

 [B] Entire series, effect on correlation (  .732) is:
       Lower   2012< -.072   1980> -.019   1991< -.009   2016< -.005   1978> -.004   1999> -.004  Higher   1995  .038   2018  .007

====================================================================================================================================

 PH34      1978 to  2018      41 years                                                                                    Series  32

 [B] Entire series, effect on correlation (  .890) is:
       Lower   2018< -.010   1979< -.010   2012> -.007   1999< -.006   1997< -.006   2009> -.005  Higher   1995  .206   2013  .002

====================================================================================================================================

 PH35      1985 to  2018      34 years                                                                                    Series  33

 [B] Entire series, effect on correlation (  .550) is:
       Lower   1992< -.063   1999> -.051   2011< -.031   2007< -.020   1997< -.010   2005> -.010  Higher   1995  .376   2018  .015

 [E] Outliers     1   3.0 SD above or -4.5 SD below mean for year
       1999 +3.6 SD
====================================================================================================================================

 PH36      1982 to  2018      37 years                                                                                    Series  34

 [B] Entire series, effect on correlation (  .844) is:
       Lower   1987< -.021   1986< -.019   1994> -.012   2017> -.009   1982< -.009   2001< -.009  Higher   1995  .181   2012  .006

====================================================================================================================================

 PH37      1972 to  2018      47 years                                                                                    Series  35

 [B] Entire series, effect on correlation (  .797) is:
       Lower   1975< -.055   1972< -.010   2018< -.010   2012> -.009   1973> -.005   1979> -.005  Higher   1995  .189   1999  .004

====================================================================================================================================
PART 7:  DESCRIPTIVE STATISTICS:                                                                   12:38  Wed 03 Nov 2021  Page   6
------------------------------------------------------------------------------------------------------------------------------------

                                                Corr   //-------- Unfiltered --------\\  //---- Filtered -----\\
                           No.    No.    No.    with   Mean   Max     Std   Auto   Mean   Max     Std   Auto  AR
 Seq Series   Interval   Years  Segmt  Flags   Master  msmt   msmt    dev   corr   sens  value    dev   corr  ()
 --- -------- ---------  -----  -----  -----   ------ -----  -----  -----  -----  -----  -----  -----  -----  --
   1 PH01     1971 2018     48      1      0    .816   3.12   6.24  1.216   .527   .305   2.41   .408   .023   1
   2 PH02     1973 2018     46      1      0    .856   1.51   3.31   .799   .725   .330   2.38   .365  -.031   1
   3 PH03     1982 2018     37      1      0    .902   2.54   5.98  1.323   .699   .323   2.42   .420  -.074   2
   4 PH04     1977 2018     42      1      0    .905   1.83   4.82  1.302   .838   .366   2.31   .383  -.027   1
   5 PH05     1982 2018     37      1      0    .686   1.93   4.32  1.048   .725   .316   2.42   .487  -.026   1
   6 PH06     1983 2018     36      1      0    .853   2.67   4.28   .813   .239   .302   2.40   .401  -.043   1
   7 PH07     1969 2018     50      1      0    .738   2.10   4.00   .793   .507   .358   2.46   .476  -.039   1
   8 PH08     1984 2018     35      1      0    .895   3.48   9.66  2.058   .785   .292   2.48   .425   .039   2
   9 PH09     1978 2018     41      1      0    .905   2.09   5.19  1.250   .848   .285   2.20   .358  -.015   1
  10 PH10     1975 2018     44      1      0    .820   2.41   4.79  1.313   .818   .267   2.36   .378  -.063   1
  11 PH11     1982 2018     37      1      0    .844   3.54   7.36  1.595   .677   .282   2.48   .415   .011   2
  12 PH12     1983 2018     36      1      1    .187   2.42   4.94  1.231   .764   .313   2.44   .461   .002   2
  13 PH13     1972 2018     47      1      0    .803   1.71   4.62  1.057   .801   .309   2.61   .399   .095   1
  14 PH14     1977 2018     42      1      0    .879   2.43   6.01  1.640   .865   .298   2.29   .361  -.038   1
  15 PH15     1975 2011     37      1      0    .772   3.15   6.00  1.400   .617   .304   2.77   .456  -.015   1
  16 PH16     1980 2018     39      1      0    .825   3.04   8.61  1.791   .739   .331   2.54   .433   .065   1
  17 PH17     1974 2018     45      1      0    .849   2.18   5.70  1.356   .871   .290   2.62   .436   .008   1
  18 PH18     1985 2018     34      1      0    .918   2.90   7.04  2.090   .837   .355   2.43   .410   .042   2
  19 PH19     1979 2018     40      1      0    .932   2.52   6.23  1.489   .800   .287   2.27   .355  -.036   1
  20 PH20     1974 2018     45      1      0    .767   1.65   3.60  1.030   .819   .307   2.37   .432  -.037   1
  21 PH21     1981 2018     38      1      0    .655   2.17   3.89   .979   .575   .351   2.38   .483  -.091   1
  22 PH22     1980 2018     39      1      0    .829   2.27   4.41   .880   .643   .267   2.46   .437  -.050   2
  23 PH23     1983 2018     36      1      0    .898   2.18   5.54  1.229   .798   .290   2.42   .422  -.026   1
  24 PH25     1975 2018     44      1      0    .884   2.47   5.03  1.139   .727   .288   2.32   .371   .063   1
  25 PH26     1970 2018     49      1      0    .833   2.04   6.72  1.313   .813   .308   2.44   .402  -.088   1
  26 PH27     1971 2018     48      1      0    .851   1.99   3.86   .851   .753   .281   2.45   .426   .030   1
  27 PH28     1973 2018     46      1      0    .732   1.71   3.73   .883   .660   .361   2.36   .488  -.038   1
  28 PH29     1979 2018     40      1      0    .527   1.91   5.04  1.520   .855   .322   2.53   .522   .027   1
  29 PH30     1980 2018     39      1      0    .885   2.89   5.83  1.265   .674   .285   2.44   .431  -.024   2
  30 PH32     1976 2018     43      1      0    .788   2.48   5.60  1.754   .921   .236   2.50   .424  -.060   1
  31 PH33     1974 2018     45      1      0    .732   3.92   6.71  1.340   .644   .267   2.36   .435  -.049   1
  32 PH34     1978 2018     41      1      0    .890   2.15   4.78  1.128   .770   .292   2.41   .384  -.035   1
  33 PH35     1985 2018     34      1      0    .550   1.16   2.95   .885   .820   .365   2.54   .579  -.082   1
  34 PH36     1982 2018     37      1      0    .844   1.75   3.41   .910   .723   .293   2.38   .451  -.149   1
  35 PH37     1972 2018     47      1      0    .797   1.95   5.06  1.431   .884   .380   2.33   .431   .006   1
 --- -------- ---------  -----  -----  -----   ------ -----  -----  -----  -----  -----  -----  -----  -----  --
 Total or mean:           1444     35      1    .798   2.34   9.66  1.249   .737   .309   2.77   .426  -.020

                                              - = [  COFECHA PHTRECOF  ] = -
