[]  Dendrochronology Program Library                                        Run CORES  Program COF  12:40  Wed 03 Nov 2021  Page   1
[]
[]  P R O G R A M      C O F E C H A                                                                          Version 6.06P    31720
------------------------------------------------------------------------------------------------------------------------------------

 QUALITY CONTROL AND DATING CHECK OF TREE-RING MEASUREMENTS

 File of DATED series:   11-PH_cores.rwl

 CONTENTS:

    Part 1:  Title page, options selected, summary, absent rings by series
    Part 2:  Histogram of time spans
    Part 3:  Master series with sample depth and absent rings by year
    Part 4:  Bar plot of Master Dating Series
    Part 5:  Correlation by segment of each series with Master
    Part 6:  Potential problems: low correlation, divergent year-to-year changes, absent rings, outliers
    Part 7:  Descriptive statistics

 RUN CONTROL OPTIONS SELECTED                             VALUE

         1  Cubic smoothing spline 50% wavelength cutoff for filtering
                                                            32 years
         2  Segments examined are                           50 years lagged successively by  25 years
         3  Autoregressive model applied                     A  Residuals are used in master dating series and testing
         4  Series transformed to logarithms                 Y  Each series log-transformed for master dating series and testing
         5  CORRELATION is Pearson (parametric, quantitative)
            Critical correlation, 99% confidence level   .3281
         6  Master dating series saved                       N
         7  Ring measurements listed                         N
         8  Parts printed                              1234567 
         9  Absent rings are omitted from master series and segment correlations  (Y)

 Time span of Master dating series is  1969 to  2018    50 years
 Continuous time span is               1969 to  2018    50 years
 Portion with two or more series is    1970 to  2018    49 years


                                        ****************************************
                                        *C* Number of dated series        79 *C*
                                        *O* Master series 1969 2018   50 yrs *O*
                                        *F* Total rings in all series   3172 *F*
                                        *E* Total dated rings checked   3171 *E*
                                        *C* Series intercorrelation     .774 *C*
                                        *H* Average mean sensitivity    .331 *H*
                                        *A* Segments, possible problems    3 *A*
                                        *** Mean length of series       40.2 ***
                                        ****************************************

 ABSENT RINGS listed by SERIES:            (See Master Dating Series for absent rings listed by year)

               No ring measurements of zero value
PART 2:  TIME PLOT OF TREE-RING SERIES:                                                            12:40  Wed 03 Nov 2021  Page   2
------------------------------------------------------------------------------------------------------------------------------------
 1050 1100 1150 1200 1250 1300 1350 1400 1450 1500 1550 1600 1650 1700 1750 1800 1850 1900 1950 2000 2050 Ident   Seq Time-span  Yrs
   :    :    :    :    :    :    :    :    :    :    :    :    :    :    :    :    :    :    :    :    : -------- --- ---- ---- ----
   .    .    .    .    .    .    .    .    .    .    .    .    .    .    .    .    .    .    . <===>   . PH01A      1 1971 2018   48
   .    .    .    .    .    .    .    .    .    .    .    .    .    .    .    .    .    .    . <===>   . PH01B      2 1971 2018   48
   .    .    .    .    .    .    .    .    .    .    .    .    .    .    .    .    .    .    . <===>   . PH01C      3 1971 2018   48
   .    .    .    .    .    .    .    .    .    .    .    .    .    .    .    .    .    .    . <===>   . PH0201     4 1973 2018   46
   .    .    .    .    .    .    .    .    .    .    .    .    .    .    .    .    .    .    .  <==>   . PH0202     5 1984 2018   35
   .    .    .    .    .    .    .    .    .    .    .    .    .    .    .    .    .    .    .  <==>   . PH0301     6 1982 2018   37
   .    .    .    .    .    .    .    .    .    .    .    .    .    .    .    .    .    .    .  <==>   . PH0302     7 1982 2017   36
   .    .    .    .    .    .    .    .    .    .    .    .    .    .    .    .    .    .    .  <==>   . PH0303     8 1986 2018   33
   .    .    .    .    .    .    .    .    .    .    .    .    .    .    .    .    .    .    .  <==>   . PH0401     9 1983 2018   36
   .    .    .    .    .    .    .    .    .    .    .    .    .    .    .    .    .    .    . <===>   . PH0402    10 1977 2018   42
   .    .    .    .    .    .    .    .    .    .    .    .    .    .    .    .    .    .    .  <==>   . PH0501    11 1983 2018   36
   .    .    .    .    .    .    .    .    .    .    .    .    .    .    .    .    .    .    .  <==>   . PH0502    12 1982 2018   37
   .    .    .    .    .    .    .    .    .    .    .    .    .    .    .    .    .    .    .  <==>   . PH06A     13 1987 2018   32
   .    .    .    .    .    .    .    .    .    .    .    .    .    .    .    .    .    .    .  <==>   . PH06B     14 1983 2018   36
   .    .    .    .    .    .    .    .    .    .    .    .    .    .    .    .    .    .    . <===>   . PH07A     15 1970 2018   49
   .    .    .    .    .    .    .    .    .    .    .    .    .    .    .    .    .    .    .<====>   . PH07C     16 1969 2018   50
   .    .    .    .    .    .    .    .    .    .    .    .    .    .    .    .    .    .    .  <==>   . PH0801    17 1984 2018   35
   .    .    .    .    .    .    .    .    .    .    .    .    .    .    .    .    .    .    .  <==>   . PH0802    18 1986 2018   33
   .    .    .    .    .    .    .    .    .    .    .    .    .    .    .    .    .    .    . <===>   . PH0901    19 1978 2018   41
   .    .    .    .    .    .    .    .    .    .    .    .    .    .    .    .    .    .    .  <==>   . PH0902    20 1982 2018   37
   .    .    .    .    .    .    .    .    .    .    .    .    .    .    .    .    .    .    . <===>   . PH1001    21 1975 2018   44
   .    .    .    .    .    .    .    .    .    .    .    .    .    .    .    .    .    .    .  <==>   . PH1002    22 1982 2018   37
   .    .    .    .    .    .    .    .    .    .    .    .    .    .    .    .    .    .    .  <==>   . PH1101    23 1982 2018   37
   .    .    .    .    .    .    .    .    .    .    .    .    .    .    .    .    .    .    .  <==>   . PH1102    24 1982 2018   37
   .    .    .    .    .    .    .    .    .    .    .    .    .    .    .    .    .    .    .  <==>   . PH1201    25 1983 2018   36
   .    .    .    .    .    .    .    .    .    .    .    .    .    .    .    .    .    .    .  <==>   . PH1202    26 1983 2018   36
   .    .    .    .    .    .    .    .    .    .    .    .    .    .    .    .    .    .    . <===>   . PH1301    27 1972 2018   47
   .    .    .    .    .    .    .    .    .    .    .    .    .    .    .    .    .    .    . <===>   . PH1302    28 1972 2018   47
   .    .    .    .    .    .    .    .    .    .    .    .    .    .    .    .    .    .    . <===>   . PH1401    29 1977 2018   42
   .    .    .    .    .    .    .    .    .    .    .    .    .    .    .    .    .    .    .  <==>   . PH1402    30 1982 2018   37
   .    .    .    .    .    .    .    .    .    .    .    .    .    .    .    .    .    .    . <===>   . PH1501    31 1975 2011   37
   .    .    .    .    .    .    .    .    .    .    .    .    .    .    .    .    .    .    . <==>    . PH1502    32 1975 2008   34
   .    .    .    .    .    .    .    .    .    .    .    .    .    .    .    .    .    .    .  <==>   . PH1601    33 1980 2018   39
   .    .    .    .    .    .    .    .    .    .    .    .    .    .    .    .    .    .    .  <==>   . PH1602    34 1981 2018   38
   .    .    .    .    .    .    .    .    .    .    .    .    .    .    .    .    .    .    . <===>   . PH17A     35 1974 2018   45
   .    .    .    .    .    .    .    .    .    .    .    .    .    .    .    .    .    .    . <===>   . PH17B     36 1974 2018   45
   .    .    .    .    .    .    .    .    .    .    .    .    .    .    .    .    .    .    .  <==>   . PH1801    37 1985 2018   34
   .    .    .    .    .    .    .    .    .    .    .    .    .    .    .    .    .    .    .  <==>   . PH1802    38 1985 2018   34
   .    .    .    .    .    .    .    .    .    .    .    .    .    .    .    .    .    .    .  <==>   . PH1901    39 1981 2018   38
   .    .    .    .    .    .    .    .    .    .    .    .    .    .    .    .    .    .    . <===>   . PH1902    40 1979 2018   40
   .    .    .    .    .    .    .    .    .    .    .    .    .    .    .    .    .    .    . <===>   . PH2001    41 1974 2018   45
   .    .    .    .    .    .    .    .    .    .    .    .    .    .    .    .    .    .    .  <==>   . PH2002    42 1982 2018   37
   .    .    .    .    .    .    .    .    .    .    .    .    .    .    .    .    .    .    .  <==>   . PH2101    43 1981 2018   38
   .    .    .    .    .    .    .    .    .    .    .    .    .    .    .    .    .    .    .  <==>   . PH2102    44 1984 2018   35
   .    .    .    .    .    .    .    .    .    .    .    .    .    .    .    .    .    .    .  <==>   . PH2103    45 1981 2018   38
   .    .    .    .    .    .    .    .    .    .    .    .    .    .    .    .    .    .    .  <==>   . PH2201    46 1980 2018   39
   .    .    .    .    .    .    .    .    .    .    .    .    .    .    .    .    .    .    .  <==>   . PH2202    47 1980 2018   39
   .    .    .    .    .    .    .    .    .    .    .    .    .    .    .    .    .    .    .  <==>   . PH2203    48 1980 2018   39
   .    .    .    .    .    .    .    .    .    .    .    .    .    .    .    .    .    .    .  <==>   . PH2204    49 1980 2018   39
   .    .    .    .    .    .    .    .    .    .    .    .    .    .    .    .    .    .    .  <==>   . PH2301    50 1985 2018   34
   :    :    :    :    :    :    :    :    :    :    :    :    :    :    :    :    :    :    :    :    :
 1050 1100 1150 1200 1250 1300 1350 1400 1450 1500 1550 1600 1650 1700 1750 1800 1850 1900 1950 2000 2050
PART 2:  TIME PLOT OF TREE-RING SERIES:                                                            12:40  Wed 03 Nov 2021  Page   3
------------------------------------------------------------------------------------------------------------------------------------
 1050 1100 1150 1200 1250 1300 1350 1400 1450 1500 1550 1600 1650 1700 1750 1800 1850 1900 1950 2000 2050 Ident   Seq Time-span  Yrs
   :    :    :    :    :    :    :    :    :    :    :    :    :    :    :    :    :    :    :    :    : -------- --- ---- ---- ----
   .    .    .    .    .    .    .    .    .    .    .    .    .    .    .    .    .    .    .  <==>   . PH2302    51 1983 2018   36
   .    .    .    .    .    .    .    .    .    .    .    .    .    .    .    .    .    .    . <===>   . PH2501    52 1979 2018   40
   .    .    .    .    .    .    .    .    .    .    .    .    .    .    .    .    .    .    . <===>   . PH2502    53 1978 2018   41
   .    .    .    .    .    .    .    .    .    .    .    .    .    .    .    .    .    .    . <===>   . PH2503    54 1975 2018   44
   .    .    .    .    .    .    .    .    .    .    .    .    .    .    .    .    .    .    . <===>   . PH26A     55 1970 2018   49
   .    .    .    .    .    .    .    .    .    .    .    .    .    .    .    .    .    .    . <===>   . PH26B     56 1970 2018   49
   .    .    .    .    .    .    .    .    .    .    .    .    .    .    .    .    .    .    . <===>   . PH27A     57 1971 2018   48
   .    .    .    .    .    .    .    .    .    .    .    .    .    .    .    .    .    .    . <===>   . PH27B     58 1971 2018   48
   .    .    .    .    .    .    .    .    .    .    .    .    .    .    .    .    .    .    . <===>   . PH28A     59 1973 2018   46
   .    .    .    .    .    .    .    .    .    .    .    .    .    .    .    .    .    .    . <===>   . PH28B     60 1973 2018   46
   .    .    .    .    .    .    .    .    .    .    .    .    .    .    .    .    .    .    . <===>   . PH28C     61 1973 2018   46
   .    .    .    .    .    .    .    .    .    .    .    .    .    .    .    .    .    .    . <===>   . PH2901    62 1979 2018   40
   .    .    .    .    .    .    .    .    .    .    .    .    .    .    .    .    .    .    .  <==>   . PH2902    63 1982 2018   37
   .    .    .    .    .    .    .    .    .    .    .    .    .    .    .    .    .    .    .  <==>   . PH3001    64 1983 2018   36
   .    .    .    .    .    .    .    .    .    .    .    .    .    .    .    .    .    .    .  <==>   . PH3002    65 1982 2018   37
   .    .    .    .    .    .    .    .    .    .    .    .    .    .    .    .    .    .    .  <==>   . PH3003    66 1980 2018   39
   .    .    .    .    .    .    .    .    .    .    .    .    .    .    .    .    .    .    . <===>   . PH32A     67 1976 2018   43
   .    .    .    .    .    .    .    .    .    .    .    .    .    .    .    .    .    .    . <===>   . PH32B     68 1976 2018   43
   .    .    .    .    .    .    .    .    .    .    .    .    .    .    .    .    .    .    . <===>   . PH3301    69 1974 2018   45
   .    .    .    .    .    .    .    .    .    .    .    .    .    .    .    .    .    .    . <===>   . PH3302    70 1974 2018   45
   .    .    .    .    .    .    .    .    .    .    .    .    .    .    .    .    .    .    .  <==>   . PH3401    71 1980 2018   39
   .    .    .    .    .    .    .    .    .    .    .    .    .    .    .    .    .    .    .  <==>   . PH3402    72 1980 2018   39
   .    .    .    .    .    .    .    .    .    .    .    .    .    .    .    .    .    .    . <===>   . PH3403    73 1978 2018   41
   .    .    .    .    .    .    .    .    .    .    .    .    .    .    .    .    .    .    .  <==>   . PH35A     74 1985 2018   34
   .    .    .    .    .    .    .    .    .    .    .    .    .    .    .    .    .    .    .  <==>   . PH35B     75 1985 2018   34
   .    .    .    .    .    .    .    .    .    .    .    .    .    .    .    .    .    .    .  <==>   . PH3601    76 1985 2018   34
   .    .    .    .    .    .    .    .    .    .    .    .    .    .    .    .    .    .    .  <==>   . PH3602    77 1982 2018   37
   .    .    .    .    .    .    .    .    .    .    .    .    .    .    .    .    .    .    . <===>   . PH37A     78 1972 2018   47
   .    .    .    .    .    .    .    .    .    .    .    .    .    .    .    .    .    .    . <===>   . PH37B     79 1972 2018   47
   :    :    :    :    :    :    :    :    :    :    :    :    :    :    :    :    :    :    :    :    :
 1050 1100 1150 1200 1250 1300 1350 1400 1450 1500 1550 1600 1650 1700 1750 1800 1850 1900 1950 2000 2050
PART 3:  Master Dating Series:                                                                     12:40  Wed 03 Nov 2021  Page   4
------------------------------------------------------------------------------------------------------------------------------------
  Year  Value  No Ab    Year  Value  No Ab    Year  Value  No Ab    Year  Value  No Ab    Year  Value  No Ab    Year  Value  No Ab
  ------------------    ------------------    ------------------    ------------------    ------------------    ------------------
                        2000   .778  79
                        2001   .431  79
                        2002  -.252  79
                        2003   .424  79
                        2004   .865  79
                        2005  -.445  79
                        2006   .100  79
                        2007  -.717  79
                        2008   .557  79
                        2009  -.738  78

                        2010   .604  78
                        2011  1.061  78
                        2012 -1.313  77
                        2013   .764  77
                        2014   .348  77
                        2015  -.218  77
                        2016   .294  77
                        2017   .336  77
                        2018  1.162  76
  1969  -.686   1

  1970   .579   4
  1971  -.759   9
  1972  -.420  13
  1973  -.240  17
  1974  -.409  22
  1975  -.869  26
  1976  -.333  28
  1977  -.043  30
  1978   .370  33
  1979   .057  36

  1980 -1.153  44
  1981   .711  48
  1982   .455  60
  1983   .091  67
  1984  -.043  70
  1985   .288  76
  1986   .237  78
  1987   .824  79
  1988   .499  79
  1989   .716  79

  1990   .493  79
  1991   .271  79
  1992   .626  79
  1993   .689  79
  1994   .089  79
  1995 -5.662  79
  1996  -.129  79
  1997   .462  79
  1998   .307  79
  1999 -1.060  79
------------------------------------------------------------------------------------------------------------------------------------
PART 4:  Master Bar Plot:                                                                          12:40  Wed 03 Nov 2021  Page   5
------------------------------------------------------------------------------------------------------------------------------------
   Year Rel value  Year Rel value  Year Rel value  Year Rel value  Year Rel value  Year Rel value  Year Rel value  Year Rel value
                   2000---------C
                   2001-------B
                   2002---a
                   2003-------B
                   2004---------C
                   2005--b
                   2006----@
                   2007-c
                   2008--------B
                   2009-c
                   2010--------B
                   2011----------D
                   2012e
                   2013---------C
                   2014------A
                   2015---a
                   2016-----A
                   2017------A
                   2018----------E
   1969-c
   1970--------B
   1971-c
   1972--b
   1973---a
   1974--b
   1975-c
   1976--a
   1977---@
   1978------A
   1979----@
   1980e
   1981---------C
   1982-------B
   1983----@
   1984---@
   1985-----A
   1986-----A
   1987---------C
   1988-------B
   1989---------C
   1990-------B
   1991-----A
   1992--------C
   1993---------C
   1994----@
   1995w
   1996---a
   1997-------B
   1998-----A
   1999d
PART 5:  CORRELATION OF SERIES BY SEGMENTS:                                                        12:40  Wed 03 Nov 2021  Page   5
------------------------------------------------------------------------------------------------------------------------------------
 Correlations of  50-year dated segments, lagged  25 years
 Flags:  A = correlation under   .3281 but highest as dated;  B = correlation higher at other than dated position

 Seq Series  Time_span   1950 1975
                         1999 2024
 --- -------- ---------  ---- ---- ---- ---- ---- ---- ---- ---- ---- ---- ---- ---- ---- ---- ---- ---- ---- ---- ---- ----
   1 PH01A    1971 2018   .77
   2 PH01B    1971 2018   .74
   3 PH01C    1971 2018   .82
   4 PH0201   1973 2018   .83
   5 PH0202   1984 2018        .88
   6 PH0301   1982 2018        .87
   7 PH0302   1982 2017        .83
   8 PH0303   1986 2018        .89
   9 PH0401   1983 2018        .94
  10 PH0402   1977 2018        .87
  11 PH0501   1983 2018        .74
  12 PH0502   1982 2018        .62
  13 PH06A    1987 2018        .89
  14 PH06B    1983 2018        .63
  15 PH07A    1970 2018   .70
  16 PH07C    1969 2018   .71
  17 PH0801   1984 2018        .89
  18 PH0802   1986 2018        .84
  19 PH0901   1978 2018        .89
  20 PH0902   1982 2018        .85
  21 PH1001   1975 2018        .76
  22 PH1002   1982 2018        .84
  23 PH1101   1982 2018        .84
  24 PH1102   1982 2018        .83
  25 PH1201   1983 2018        .32A
  26 PH1202   1983 2018        .13B
  27 PH1301   1972 2018   .75
  28 PH1302   1972 2018   .76
  29 PH1401   1977 2018        .81
  30 PH1402   1982 2018        .87
  31 PH1501   1975 2011        .78
  32 PH1502   1975 2008        .79
  33 PH1601   1980 2018        .82
  34 PH1602   1981 2018        .73
  35 PH17A    1974 2018   .79
  36 PH17B    1974 2018   .85
  37 PH1801   1985 2018        .85
  38 PH1802   1985 2018        .91
  39 PH1901   1981 2018        .89
  40 PH1902   1979 2018        .90
  41 PH2001   1974 2018   .79
  42 PH2002   1982 2018        .54
  43 PH2101   1981 2018        .48
  44 PH2102   1984 2018        .73
  45 PH2103   1981 2018        .76
  46 PH2201   1980 2018        .89
  47 PH2202   1980 2018        .76
  48 PH2203   1980 2018        .78
  49 PH2204   1980 2018        .66
  50 PH2301   1985 2018        .90
  51 PH2302   1983 2018        .88
  52 PH2501   1979 2018        .81
  53 PH2502   1978 2018        .80
  54 PH2503   1975 2018        .85
  55 PH26A    1970 2018   .85
  56 PH26B    1970 2018   .76
  57 PH27A    1971 2018   .77
  58 PH27B    1971 2018   .87
  59 PH28A    1973 2018   .71
  60 PH28B    1973 2018   .77
  61 PH28C    1973 2018   .77
  62 PH2901   1979 2018        .59
  63 PH2902   1982 2018        .38B
  64 PH3001   1983 2018        .83
  65 PH3002   1982 2018        .91
  66 PH3003   1980 2018        .84
  67 PH32A    1976 2018        .81
  68 PH32B    1976 2018        .73
  69 PH3301   1974 2018   .73
  70 PH3302   1974 2018   .80
  71 PH3401   1980 2018        .85
  72 PH3402   1980 2018        .86
  73 PH3403   1978 2018        .85
  74 PH35A    1985 2018        .52
  75 PH35B    1985 2018        .67
  76 PH3601   1985 2018        .79
  77 PH3602   1982 2018        .83
  78 PH37A    1972 2018   .85
  79 PH37B    1972 2018   .73
 Av segment correlation   .78  .77
PART 6:  POTENTIAL PROBLEMS:                                                                       12:40  Wed 03 Nov 2021  Page   6
------------------------------------------------------------------------------------------------------------------------------------

 For each series with potential problems the following diagnostics may appear:

 [A] Correlations with master dating series of flagged  50-year segments of series filtered with  32-year spline,
     at every point from ten years earlier (-10) to ten years later (+10) than dated

 [B] Effect of those data values which most lower or raise correlation with master series
     Symbol following year indicates value in series is greater (>) or lesser (<) than master series value

 [C] Year-to-year changes very different from the mean change in other series

 [D] Absent rings (zero values)

 [E] Values which are statistical outliers from mean for the year
====================================================================================================================================

 PH01A     1971 to  2018      48 years                                                                                    Series   1

 [B] Entire series, effect on correlation (  .766) is:
       Lower   2017< -.017   1976< -.017   1973> -.015   2016< -.014   1996< -.014   1992< -.011  Higher   1995  .211   2012  .013

====================================================================================================================================

 PH01B     1971 to  2018      48 years                                                                                    Series   2

 [B] Entire series, effect on correlation (  .736) is:
       Lower   1983< -.025   1975> -.020   1973> -.017   2011< -.009   1982< -.009   2010< -.009  Higher   1995  .176   2012  .008

====================================================================================================================================

 PH01C     1971 to  2018      48 years                                                                                    Series   3

 [B] Entire series, effect on correlation (  .818) is:
       Lower   1996< -.027   2010< -.021   1973> -.011   1974> -.011   2014> -.009   1976< -.006  Higher   1995  .245   2012  .008

====================================================================================================================================

 PH0201    1973 to  2018      46 years                                                                                    Series   4

 [B] Entire series, effect on correlation (  .828) is:
       Lower   1975> -.030   2005< -.014   1979< -.013   1983> -.009   2016< -.008   2009> -.007  Higher   1995  .254   1980  .006

====================================================================================================================================

 PH0202    1984 to  2018      35 years                                                                                    Series   5

 [B] Entire series, effect on correlation (  .884) is:
       Lower   1999> -.028   2008< -.018   2007> -.008   1998> -.006   2003< -.005   1990< -.005  Higher   1995  .277   2012  .004

====================================================================================================================================

 PH0301    1982 to  2018      37 years                                                                                    Series   6

 [B] Entire series, effect on correlation (  .868) is:
       Lower   2008< -.017   1986< -.013   1997> -.009   1998> -.009   1985< -.008   2017< -.006  Higher   1995  .211   2018  .003

====================================================================================================================================

 PH0302    1982 to  2017      36 years                                                                                    Series   7

 [B] Entire series, effect on correlation (  .829) is:
       Lower   1985< -.019   2005< -.015   2007< -.013   1998> -.008   2008< -.007   2002> -.006  Higher   1995  .190   2009  .004

====================================================================================================================================

 PH0303    1986 to  2018      33 years                                                                                    Series   8

 [B] Entire series, effect on correlation (  .888) is:
       Lower   1997> -.010   2014< -.009   2010> -.008   2000< -.007   1989< -.007   1987> -.007  Higher   1995  .200   2018  .003

====================================================================================================================================

 PH0401    1983 to  2018      36 years                                                                                    Series   9

 [B] Entire series, effect on correlation (  .937) is:
       Lower   2012> -.009   1986< -.005   2009> -.005   1987> -.004   1994< -.004   1988> -.003  Higher   1995  .132   2018  .001

====================================================================================================================================

 PH0402    1977 to  2018      42 years                                                                                    Series  10

 [B] Entire series, effect on correlation (  .867) is:
       Lower   2012> -.016   1978< -.014   1983> -.013   2014< -.008   2000< -.008   1981< -.008  Higher   1995  .255   2018  .003

====================================================================================================================================

 PH0501    1983 to  2018      36 years                                                                                    Series  11

 [B] Entire series, effect on correlation (  .741) is:
       Lower   1987< -.106   2012> -.021   2005> -.012   2001< -.009   1994> -.007   1986< -.006  Higher   1995  .316   2018  .007

====================================================================================================================================

 PH0502    1982 to  2018      37 years                                                                                    Series  12

 [B] Entire series, effect on correlation (  .622) is:
       Lower   1987< -.212   2013< -.019   2008< -.014   1986< -.014   1994> -.007   1982> -.003  Higher   1995  .342   2018  .009

 [E] Outliers     1   3.0 SD above or -4.5 SD below mean for year
       1987 -6.9 SD
====================================================================================================================================

 PH06A     1987 to  2018      32 years                                                                                    Series  13

 [B] Entire series, effect on correlation (  .891) is:
       Lower   2016< -.022   1987< -.021   2002> -.009   1998> -.008   2001> -.006   1992< -.006  Higher   1995  .267   2018  .002

====================================================================================================================================

 PH06B     1983 to  2018      36 years                                                                                    Series  14

 [B] Entire series, effect on correlation (  .628) is:
       Lower   1997< -.039   1983> -.024   2001< -.022   1998< -.018   1985< -.016   1984< -.013  Higher   1995  .208   2011  .008

 [E] Outliers     1   3.0 SD above or -4.5 SD below mean for year
       1995 +3.4 SD
====================================================================================================================================

 PH07A     1970 to  2018      49 years                                                                                    Series  15

 [B] Entire series, effect on correlation (  .697) is:
       Lower   2012< -.031   1972> -.026   1997< -.014   1981< -.014   1975> -.011   1999> -.010  Higher   1995  .119   1980  .009

====================================================================================================================================

 PH07C     1969 to  2018      50 years                                                                                    Series  16

 [*] Early part of series cannot be checked from 1969 to 1969 -- not matched by another series

 [B] Entire series, effect on correlation (  .712) is:
       Lower   1999> -.024   1972> -.021   2011< -.014   1970< -.013   2009> -.012   1976> -.012  Higher   1995  .206   2012  .011

====================================================================================================================================

 PH0801    1984 to  2018      35 years                                                                                    Series  17

 [B] Entire series, effect on correlation (  .891) is:
       Lower   1985< -.012   1984< -.010   2005< -.010   1998> -.007   2016< -.006   2004< -.005  Higher   1995  .118   2018  .002

====================================================================================================================================

 PH0802    1986 to  2018      33 years                                                                                    Series  18

 [B] Entire series, effect on correlation (  .843) is:
       Lower   2014< -.012   2005> -.010   1989< -.009   1987> -.009   2011< -.009   2012> -.009  Higher   1995  .386   1999  .004

====================================================================================================================================

 PH0901    1978 to  2018      41 years                                                                                    Series  19

 [B] Entire series, effect on correlation (  .889) is:
       Lower   2009> -.013   1980< -.013   1979> -.008   1998< -.008   2014< -.007   1985< -.006  Higher   1995  .158   2012  .006

====================================================================================================================================

 PH0902    1982 to  2018      37 years                                                                                    Series  20

 [B] Entire series, effect on correlation (  .854) is:
       Lower   2003< -.019   2009> -.018   1985< -.015   2012> -.014   2016< -.011   2005> -.006  Higher   1995  .446   2018  .003

====================================================================================================================================

 PH1001    1975 to  2018      44 years                                                                                    Series  21

 [B] Entire series, effect on correlation (  .758) is:
       Lower   1975> -.034   1981< -.026   2008< -.017   1980> -.016   2002< -.013   1978< -.009  Higher   1995  .367   2018  .006

====================================================================================================================================

 PH1002    1982 to  2018      37 years                                                                                    Series  22

 [B] Entire series, effect on correlation (  .837) is:
       Lower   1982< -.032   1983> -.015   2002> -.013   2009> -.013   1990< -.011   2005< -.009  Higher   1995  .253   2012  .006

====================================================================================================================================

 PH1101    1982 to  2018      37 years                                                                                    Series  23

 [B] Entire series, effect on correlation (  .844) is:
       Lower   1982< -.045   2017< -.012   2006< -.011   2015> -.005   2004< -.005   1997> -.005  Higher   1995  .217   2018  .004

====================================================================================================================================

 PH1102    1982 to  2018      37 years                                                                                    Series  24

 [B] Entire series, effect on correlation (  .833) is:
       Lower   2012> -.037   1986< -.021   2017< -.014   1998> -.012   2014> -.010   1983> -.005  Higher   1995  .314   2009  .003

====================================================================================================================================

 PH1201    1983 to  2018      36 years                                                                                    Series  25

 [A] Segment   High   -10   -9   -8   -7   -6   -5   -4   -3   -2   -1   +0   +1   +2   +3   +4   +5   +6   +7   +8   +9  +10
    ---------  ----   ---  ---  ---  ---  ---  ---  ---  ---  ---  ---  ---  ---  ---  ---  ---  ---  ---  ---  ---  ---  ---
    1983 2018    0   -.01 -.13  .17 -.20 -.19 -.17 -.15  .11 -.18 -.05  .32*   -    -    -    -    -    -    -    -    -    -

 [B] Entire series, effect on correlation (  .316) is:
       Lower   1994< -.087   2010< -.050   1999> -.043   2018< -.023   2009> -.017   2002> -.013  Higher   1995  .226   2011  .017
     1983 to 2018 segment:
       Lower   1994< -.087   2010< -.050   1999> -.043   2018< -.023   2009> -.017   2002> -.013  Higher   1995  .226   2011  .017

 [E] Outliers     1   3.0 SD above or -4.5 SD below mean for year
       1999 +3.1 SD
====================================================================================================================================

 PH1202    1983 to  2018      36 years                                                                                    Series  26

 [A] Segment   High   -10   -9   -8   -7   -6   -5   -4   -3   -2   -1   +0   +1   +2   +3   +4   +5   +6   +7   +8   +9  +10
    ---------  ----   ---  ---  ---  ---  ---  ---  ---  ---  ---  ---  ---  ---  ---  ---  ---  ---  ---  ---  ---  ---  ---
    1983 2018   -8    .19 -.20  .23*-.20 -.12 -.19 -.13  .10 -.07  .02  .13|   -    -    -    -    -    -    -    -    -    -

 [B] Entire series, effect on correlation (  .128) is:
       Lower   1995> -.052   1994< -.037   1999> -.030   1983< -.016   2017< -.012   2002> -.010  Higher   2011  .024   2004  .015
     1983 to 2018 segment:
       Lower   1995> -.052   1994< -.037   1999> -.030   1983< -.016   2017< -.012   2002> -.010  Higher   2011  .024   2004  .015

 [E] Outliers     1   3.0 SD above or -4.5 SD below mean for year
       1999 +3.0 SD
====================================================================================================================================

 PH1301    1972 to  2018      47 years                                                                                    Series  27

 [B] Entire series, effect on correlation (  .746) is:
       Lower   1983< -.041   2011< -.013   2005> -.011   2013< -.010   2009> -.009   1982< -.008  Higher   1995  .175   2012  .015

====================================================================================================================================

 PH1302    1972 to  2018      47 years                                                                                    Series  28

 [B] Entire series, effect on correlation (  .758) is:
       Lower   1982< -.054   1980> -.031   2009< -.008   1972> -.007   2017> -.005   2015> -.005  Higher   1995  .135   2012  .014

====================================================================================================================================

 PH1401    1977 to  2018      42 years                                                                                    Series  29

 [B] Entire series, effect on correlation (  .812) is:
       Lower   2010< -.024   1997< -.017   1981< -.017   1989< -.013   2017> -.010   1986> -.009  Higher   1995  .317   1980  .004

====================================================================================================================================

 PH1402    1982 to  2018      37 years                                                                                    Series  30

 [B] Entire series, effect on correlation (  .869) is:
       Lower   1987< -.018   2009> -.013   1983> -.012   2005> -.011   1989< -.009   2007> -.008  Higher   1995  .402   2012  .003

====================================================================================================================================

 PH1501    1975 to  2011      37 years                                                                                    Series  31

 [B] Entire series, effect on correlation (  .780) is:
       Lower   2011< -.044   1989< -.024   2010< -.019   1992< -.015   1979< -.014   1981> -.011  Higher   1995  .333   1980  .008

====================================================================================================================================

 PH1502    1975 to  2008      34 years                                                                                    Series  32

 [B] Entire series, effect on correlation (  .794) is:
       Lower   1975< -.019   1991< -.015   1978< -.014   1989< -.012   1998> -.011   2001> -.010  Higher   1995  .206   1980  .004

====================================================================================================================================

 PH1601    1980 to  2018      39 years                                                                                    Series  33

 [B] Entire series, effect on correlation (  .817) is:
       Lower   2000< -.030   2017< -.017   2005> -.016   2013< -.011   2012> -.009   2015< -.009  Higher   1995  .266   1980  .007

====================================================================================================================================

 PH1602    1981 to  2018      38 years                                                                                    Series  34

 [B] Entire series, effect on correlation (  .728) is:
       Lower   1999< -.048   2005> -.018   1981< -.012   1982< -.009   2015< -.008   1988< -.008  Higher   1995  .194   2011  .006

====================================================================================================================================

 PH17A     1974 to  2018      45 years                                                                                    Series  35

 [B] Entire series, effect on correlation (  .795) is:
       Lower   2007> -.023   1992< -.022   2014< -.013   2012> -.011   1982> -.009   1999< -.009  Higher   1995  .203   2011  .004

====================================================================================================================================

 PH17B     1974 to  2018      45 years                                                                                    Series  36

 [B] Entire series, effect on correlation (  .849) is:
       Lower   1975< -.018   1980> -.010   2002< -.010   1993< -.009   1984> -.007   2006< -.004  Higher   1995  .101   2012  .006

====================================================================================================================================

 PH1801    1985 to  2018      34 years                                                                                    Series  37

 [B] Entire series, effect on correlation (  .852) is:
       Lower   2012> -.023   1998> -.014   1988< -.013   2004< -.010   2008< -.010   2015> -.007  Higher   1995  .301   1999  .003

====================================================================================================================================

 PH1802    1985 to  2018      34 years                                                                                    Series  38

 [B] Entire series, effect on correlation (  .911) is:
       Lower   2012> -.015   1990> -.011   1985< -.008   1988> -.007   1999> -.006   2003> -.005  Higher   1995  .209   2018  .002

====================================================================================================================================

 PH1901    1981 to  2018      38 years                                                                                    Series  39

 [B] Entire series, effect on correlation (  .893) is:
       Lower   1985< -.013   1999> -.012   1997< -.011   1989< -.010   2002> -.007   2010< -.007  Higher   1995  .258   2018  .002

====================================================================================================================================

 PH1902    1979 to  2018      40 years                                                                                    Series  40

 [B] Entire series, effect on correlation (  .903) is:
       Lower   2009> -.011   1985< -.009   1999> -.007   2014> -.007   1982> -.006   1983> -.006  Higher   1995  .210   1980  .003

====================================================================================================================================

 PH2001    1974 to  2018      45 years                                                                                    Series  41

 [B] Entire series, effect on correlation (  .788) is:
       Lower   1981< -.037   1975< -.024   1983> -.011   1980> -.009   2000< -.008   1974> -.007  Higher   1995  .284   2018  .005

====================================================================================================================================

 PH2002    1982 to  2018      37 years                                                                                    Series  42

 [B] Entire series, effect on correlation (  .542) is:
       Lower   1987< -.281   2008< -.016   2015> -.007   1985< -.005   2004< -.003   1984> -.003  Higher   1995  .225   2012  .020

 [E] Outliers     1   3.0 SD above or -4.5 SD below mean for year
       1987 -6.6 SD
====================================================================================================================================

 PH2101    1981 to  2018      38 years                                                                                    Series  43

 [B] Entire series, effect on correlation (  .483) is:
       Lower   1981< -.130   2009> -.026   1984< -.016   1990< -.007   2006< -.003   1991> -.003  Higher   2012  .047   1995  .026

 [E] Outliers     1   3.0 SD above or -4.5 SD below mean for year
       1981 -4.7 SD
====================================================================================================================================

 PH2102    1984 to  2018      35 years                                                                                    Series  44

 [B] Entire series, effect on correlation (  .734) is:
       Lower   1985< -.020   2009> -.018   2007> -.015   2005> -.007   1996> -.006   1999< -.005  Higher   1995  .101   2018  .007

====================================================================================================================================

 PH2103    1981 to  2018      38 years                                                                                    Series  45

 [B] Entire series, effect on correlation (  .757) is:
       Lower   1998< -.020   2015> -.016   1982< -.016   1984< -.009   2000< -.007   1986> -.007  Higher   1995  .079   2018  .003

====================================================================================================================================

 PH2201    1980 to  2018      39 years                                                                                    Series  46

 [B] Entire series, effect on correlation (  .892) is:
       Lower   1986< -.015   1996< -.012   1987< -.010   2002> -.007   2017> -.006   2008< -.004  Higher   1995  .160   1980  .003

====================================================================================================================================

 PH2202    1980 to  2018      39 years                                                                                    Series  47

 [B] Entire series, effect on correlation (  .759) is:
       Lower   1987< -.083   1986< -.017   1980> -.015   2013< -.006   1982< -.005   2014> -.003  Higher   1995  .124   2012  .010

 [E] Outliers     1   3.0 SD above or -4.5 SD below mean for year
       1987 -4.6 SD
====================================================================================================================================

 PH2203    1980 to  2018      39 years                                                                                    Series  48

 [B] Entire series, effect on correlation (  .780) is:
       Lower   1986< -.042   1987< -.020   2005> -.013   1980> -.012   1994> -.011   1989< -.009  Higher   1995  .201   2012  .013

====================================================================================================================================

 PH2204    1980 to  2018      39 years                                                                                    Series  49

 [B] Entire series, effect on correlation (  .656) is:
       Lower   2011< -.055   2007< -.055   2012> -.027   1987< -.020   1999> -.017   2008< -.007  Higher   1995  .321   1980  .008

====================================================================================================================================

 PH2301    1985 to  2018      34 years                                                                                    Series  50

 [B] Entire series, effect on correlation (  .902) is:
       Lower   2007> -.017   1998< -.010   1985< -.010   2000< -.008   1989< -.006   2012> -.004  Higher   1995  .239   2013  .002

====================================================================================================================================

 PH2302    1983 to  2018      36 years                                                                                    Series  51

 [B] Entire series, effect on correlation (  .881) is:
       Lower   2018< -.015   1998< -.013   1984< -.012   2005> -.011   1986> -.008   2007> -.006  Higher   1995  .168   2012  .007

====================================================================================================================================

 PH2501    1979 to  2018      40 years                                                                                    Series  52

 [B] Entire series, effect on correlation (  .806) is:
       Lower   1981< -.027   1996< -.025   2006> -.011   2016< -.008   1980> -.007   2007> -.007  Higher   1995  .278   2012  .010

====================================================================================================================================

 PH2502    1978 to  2018      41 years                                                                                    Series  53

 [B] Entire series, effect on correlation (  .800) is:
       Lower   2001< -.029   2018< -.023   2009> -.022   1982> -.011   1979< -.010   1985> -.010  Higher   1995  .303   1980  .006

====================================================================================================================================

 PH2503    1975 to  2018      44 years                                                                                    Series  54

 [B] Entire series, effect on correlation (  .852) is:
       Lower   2008< -.020   1980< -.018   1976> -.012   1978< -.010   2002< -.008   2009> -.007  Higher   1995  .238   2000  .003

====================================================================================================================================

 PH26A     1970 to  2018      49 years                                                                                    Series  55

 [B] Entire series, effect on correlation (  .853) is:
       Lower   1999> -.016   1997< -.012   1989< -.010   1980> -.007   2002< -.007   1982> -.007  Higher   1995  .172   2012  .008

====================================================================================================================================

 PH26B     1970 to  2018      49 years                                                                                    Series  56

 [B] Entire series, effect on correlation (  .756) is:
       Lower   1997< -.031   2009< -.018   2007> -.018   1998< -.016   1982> -.011   2005> -.009  Higher   1995  .155   2012  .013

====================================================================================================================================

 PH27A     1971 to  2018      48 years                                                                                    Series  57

 [B] Entire series, effect on correlation (  .772) is:
       Lower   1975> -.022   1993< -.012   2018< -.007   1999< -.006   1997> -.006   2002< -.006  Higher   1995  .098   2011  .005

====================================================================================================================================

 PH27B     1971 to  2018      48 years                                                                                    Series  58

 [B] Entire series, effect on correlation (  .867) is:
       Lower   1981< -.011   1979> -.008   1974< -.006   2016> -.006   1998> -.005   1978> -.005  Higher   1995  .142   2012  .007

====================================================================================================================================

 PH28A     1973 to  2018      46 years                                                                                    Series  59

 [B] Entire series, effect on correlation (  .713) is:
       Lower   1983< -.071   2009< -.025   1973< -.019   1980> -.013   2005> -.011   2010< -.004  Higher   1995  .125   2012  .013

====================================================================================================================================

 PH28B     1973 to  2018      46 years                                                                                    Series  60

 [B] Entire series, effect on correlation (  .774) is:
       Lower   1983< -.066   2009< -.020   1980> -.017   2016> -.005   2005> -.004   2018< -.003  Higher   1995  .176   2013  .005

====================================================================================================================================

 PH28C     1973 to  2018      46 years                                                                                    Series  61

 [B] Entire series, effect on correlation (  .773) is:
       Lower   2018< -.032   1983< -.029   2009< -.023   2001< -.012   2015> -.010   2002> -.007  Higher   1995  .165   2012  .007

====================================================================================================================================

 PH2901    1979 to  2018      40 years                                                                                    Series  62

 [B] Entire series, effect on correlation (  .595) is:
       Lower   1998< -.051   1980< -.037   1997< -.017   2007> -.011   2005> -.009   1990< -.008  Higher   1995  .077   2012  .013

 [E] Outliers     1   3.0 SD above or -4.5 SD below mean for year
       1995 +3.3 SD
====================================================================================================================================

 PH2902    1982 to  2018      37 years                                                                                    Series  63

 [A] Segment   High   -10   -9   -8   -7   -6   -5   -4   -3   -2   -1   +0   +1   +2   +3   +4   +5   +6   +7   +8   +9  +10
    ---------  ----   ---  ---  ---  ---  ---  ---  ---  ---  ---  ---  ---  ---  ---  ---  ---  ---  ---  ---  ---  ---  ---
    1982 2018   -3   -.04 -.29 -.11  .13  .03 -.14 -.01  .54* .37 -.26  .38|   -    -    -    -    -    -    -    -    -    -

 [B] Entire series, effect on correlation (  .381) is:
       Lower   1998< -.092   1997< -.063   1982< -.041   2001< -.011   1986> -.006   2005> -.004  Higher   1995  .086   2012  .021
     1982 to 2018 segment:
       Lower   1998< -.092   1997< -.063   1982< -.041   2001< -.011   1986> -.006   2005> -.004  Higher   1995  .086   2012  .021

 [E] Outliers     2   3.0 SD above or -4.5 SD below mean for year
       1995 +3.9 SD;    1998 -4.8 SD
====================================================================================================================================

 PH3001    1983 to  2018      36 years                                                                                    Series  64

 [B] Entire series, effect on correlation (  .826) is:
       Lower   2004< -.041   1986< -.036   1983> -.009   2016< -.008   2009> -.007   2013< -.004  Higher   1995  .282   2018  .004

====================================================================================================================================

 PH3002    1982 to  2018      37 years                                                                                    Series  65

 [B] Entire series, effect on correlation (  .910) is:
       Lower   2009> -.011   1984< -.010   2014< -.007   2005> -.006   2016< -.005   2004< -.004  Higher   1995  .173   1999  .002

====================================================================================================================================

 PH3003    1980 to  2018      39 years                                                                                    Series  66

 [B] Entire series, effect on correlation (  .844) is:
       Lower   2009> -.016   2014< -.015   2001< -.012   2010> -.010   2007> -.010   2006> -.007  Higher   1995  .179   2011  .003

====================================================================================================================================

 PH32A     1976 to  2018      43 years                                                                                    Series  67

 [B] Entire series, effect on correlation (  .807) is:
       Lower   2018< -.021   1977< -.021   1998< -.019   2012> -.014   2010< -.008   2004< -.007  Higher   1995  .343   2009  .004

====================================================================================================================================

 PH32B     1976 to  2018      43 years                                                                                    Series  68

 [B] Entire series, effect on correlation (  .728) is:
       Lower   1998< -.028   2007> -.020   1977< -.016   2004< -.014   1983> -.008   2010< -.008  Higher   1995  .166   2009  .006

 [E] Outliers     1   3.0 SD above or -4.5 SD below mean for year
       1995 +3.0 SD
====================================================================================================================================

 PH3301    1974 to  2018      45 years                                                                                    Series  69

 [B] Entire series, effect on correlation (  .730) is:
       Lower   2012< -.043   1980> -.021   1999> -.009   1993< -.008   1996< -.007   1991< -.006  Higher   1995  .062   2018  .007

====================================================================================================================================

 PH3302    1974 to  2018      45 years                                                                                    Series  70

 [B] Entire series, effect on correlation (  .802) is:
       Lower   2012< -.016   1991< -.014   1980> -.013   1981< -.006   2014> -.006   2017> -.006  Higher   1995  .112   2000  .004

====================================================================================================================================

 PH3401    1980 to  2018      39 years                                                                                    Series  71

 [B] Entire series, effect on correlation (  .851) is:
       Lower   2009> -.032   1999< -.022   2018< -.021   2015< -.006   2002> -.005   1988> -.005  Higher   1995  .236   2012  .002

====================================================================================================================================

 PH3402    1980 to  2018      39 years                                                                                    Series  72

 [B] Entire series, effect on correlation (  .859) is:
       Lower   1997< -.026   2012> -.015   1982< -.010   2017< -.009   2010< -.008   2018< -.008  Higher   1995  .262   1980  .004

====================================================================================================================================

 PH3403    1978 to  2018      41 years                                                                                    Series  73

 [B] Entire series, effect on correlation (  .846) is:
       Lower   1979< -.029   1984< -.018   1980> -.010   1978< -.007   2004< -.007   2016> -.006  Higher   1995  .241   2013  .003

====================================================================================================================================

 PH35A     1985 to  2018      34 years                                                                                    Series  74

 [B] Entire series, effect on correlation (  .522) is:
       Lower   1992< -.073   1999> -.063   2011< -.024   2007< -.016   1986< -.010   1987< -.009  Higher   1995  .365   2018  .014

 [E] Outliers     2   3.0 SD above or -4.5 SD below mean for year
       1995 +3.6 SD;    1999 +3.5 SD
====================================================================================================================================

 PH35B     1985 to  2018      34 years                                                                                    Series  75

 [B] Entire series, effect on correlation (  .668) is:
       Lower   1999> -.036   2011< -.029   1992< -.027   2005> -.022   2007< -.020   2010< -.012  Higher   1995  .373   2018  .008

====================================================================================================================================

 PH3601    1985 to  2018      34 years                                                                                    Series  76

 [B] Entire series, effect on correlation (  .794) is:
       Lower   1998< -.024   2001< -.020   1994> -.014   2017> -.013   2016< -.011   1986< -.008  Higher   1995  .202   2018  .005

====================================================================================================================================

 PH3602    1982 to  2018      37 years                                                                                    Series  77

 [B] Entire series, effect on correlation (  .834) is:
       Lower   1987< -.053   1986< -.022   1991> -.006   2017> -.005   1994> -.004   2016< -.003  Higher   1995  .145   2012  .010

====================================================================================================================================

 PH37A     1972 to  2018      47 years                                                                                    Series  78

 [B] Entire series, effect on correlation (  .848) is:
       Lower   2018< -.026   1975< -.021   2012> -.010   1991< -.008   1979> -.008   1984> -.006  Higher   1995  .243   2009  .003

====================================================================================================================================

 PH37B     1972 to  2018      47 years                                                                                    Series  79

 [B] Entire series, effect on correlation (  .732) is:
       Lower   2017< -.033   1972< -.020   2012> -.019   1992< -.018   1980> -.011   1996< -.011  Higher   1995  .269   2013  .005

====================================================================================================================================
PART 7:  DESCRIPTIVE STATISTICS:                                                                   12:40  Wed 03 Nov 2021  Page   7
------------------------------------------------------------------------------------------------------------------------------------

                                                Corr   //-------- Unfiltered --------\\  //---- Filtered -----\\
                           No.    No.    No.    with   Mean   Max     Std   Auto   Mean   Max     Std   Auto  AR
 Seq Series   Interval   Years  Segmt  Flags   Master  msmt   msmt    dev   corr   sens  value    dev   corr  ()
 --- -------- ---------  -----  -----  -----   ------ -----  -----  -----  -----  -----  -----  -----  -----  --
   1 PH01A    1971 2018     48      1      0    .766   3.63   8.56  1.772   .610   .344   2.54   .434   .068   1
   2 PH01B    1971 2018     48      1      0    .736   2.10   4.15  1.003   .587   .400   2.40   .474  -.023   1
   3 PH01C    1971 2018     48      1      0    .818   3.65   6.59  1.265   .367   .322   2.37   .386   .040   1
   4 PH0201   1973 2018     46      1      0    .828   1.44   2.95   .739   .657   .350   2.33   .386  -.048   1
   5 PH0202   1984 2018     35      1      0    .884   1.59   3.86   .925   .783   .355   2.42   .399  -.012   1
   6 PH0301   1982 2018     37      1      0    .868   2.25   4.78  1.098   .556   .363   2.40   .422  -.056   2
   7 PH0302   1982 2017     36      1      0    .829   2.46   4.58  1.260   .666   .323   2.40   .464  -.090   2
   8 PH0303   1986 2018     33      1      0    .888   2.88   9.32  1.989   .809   .339   2.50   .435   .019   1
   9 PH0401   1983 2018     36      1      0    .937   1.93   5.65  1.489   .875   .374   2.40   .401   .027   1
  10 PH0402   1977 2018     42      1      0    .867   1.73   4.81  1.199   .818   .363   2.37   .378  -.057   1
  11 PH0501   1983 2018     36      1      0    .741   1.84   4.65  1.052   .700   .347   2.40   .473  -.055   1
  12 PH0502   1982 2018     37      1      0    .622   1.96   4.32  1.026   .674   .321   2.45   .530  -.011   1
  13 PH06A    1987 2018     32      1      0    .891   4.21   7.66  1.461   .287   .340   2.36   .415   .006   1
  14 PH06B    1983 2018     36      1      0    .628   1.23   4.08  1.226   .911   .399   2.74   .595  -.068   1
  15 PH07A    1970 2018     49      1      0    .697   2.08   4.88  1.007   .652   .382   2.44   .456  -.062   1
  16 PH07C    1969 2018     50      1      0    .712   2.16   4.23   .900   .527   .356   2.47   .465   .023   1
  17 PH0801   1984 2018     35      1      0    .891   3.42   9.64  2.124   .784   .309   2.47   .453  -.028   2
  18 PH0802   1986 2018     33      1      0    .843   3.48   9.69  2.084   .792   .317   2.53   .409   .131   5
  19 PH0901   1978 2018     41      1      0    .889   2.01   5.19  1.224   .852   .296   2.33   .407   .014   1
  20 PH0902   1982 2018     37      1      0    .854   1.95   4.92  1.122   .828   .288   2.23   .366  -.046   1
  21 PH1001   1975 2018     44      1      0    .758   2.27   5.22  1.431   .813   .292   2.41   .395  -.112   1
  22 PH1002   1982 2018     37      1      0    .837   2.57   6.33  1.447   .825   .302   2.45   .429  -.033   2
  23 PH1101   1982 2018     37      1      0    .844   3.37   7.44  1.599   .703   .308   2.43   .436   .065   2
  24 PH1102   1982 2018     37      1      0    .833   3.72   7.29  1.672   .629   .303   2.38   .412  -.065   2
  25 PH1201   1983 2018     36      1      1    .316   2.50   4.90  1.259   .764   .313   2.52   .502   .082   2
  26 PH1202   1983 2018     36      1      1    .128   2.35   5.00  1.236   .747   .341   2.44   .486  -.053   2
  27 PH1301   1972 2018     47      1      0    .746   1.89   4.39  1.002   .681   .336   2.65   .471   .110   1
  28 PH1302   1972 2018     47      1      0    .758   1.53   4.85  1.221   .860   .334   2.67   .487  -.059   1
  29 PH1401   1977 2018     42      1      0    .812   2.35   6.01  1.715   .859   .321   2.37   .393  -.057   1
  30 PH1402   1982 2018     37      1      0    .869   2.26   5.85  1.479   .880   .303   2.25   .365  -.008   1
  31 PH1501   1975 2011     37      1      0    .780   3.55   7.99  1.758   .617   .347   2.72   .438  -.006   1
  32 PH1502   1975 2008     34      1      0    .794   2.91   5.43  1.310   .614   .321   2.71   .489   .013   1
  33 PH1601   1980 2018     39      1      0    .817   3.36   8.58  1.809   .687   .335   2.55   .423   .024   1
  34 PH1602   1981 2018     38      1      0    .728   2.77   8.64  1.844   .782   .345   2.68   .521  -.022   2
  35 PH17A    1974 2018     45      1      0    .795   2.33   6.04  1.357   .826   .298   2.66   .434  -.003   1
  36 PH17B    1974 2018     45      1      0    .849   2.02   5.63  1.420   .894   .335   2.56   .449  -.003   1
  37 PH1801   1985 2018     34      1      0    .852   2.43   6.25  1.808   .791   .357   2.49   .421  -.055   3
  38 PH1802   1985 2018     34      1      0    .911   3.37   8.70  2.429   .842   .385   2.36   .406   .044   2
  39 PH1901   1981 2018     38      1      0    .893   2.75   7.30  1.694   .861   .289   2.36   .381  -.024   1
  40 PH1902   1979 2018     40      1      0    .903   2.28   5.32  1.351   .802   .293   2.28   .376  -.080   1
  41 PH2001   1974 2018     45      1      0    .788   1.55   3.87  1.033   .832   .309   2.47   .404  -.065   1
  42 PH2002   1982 2018     37      1      0    .542   1.71   4.12  1.178   .794   .363   2.35   .484  -.070   2
  43 PH2101   1981 2018     38      1      0    .483   2.75   5.86  1.268   .411   .391   2.52   .570  -.107   2
  44 PH2102   1984 2018     35      1      0    .734   1.97   4.26  1.021   .633   .380   2.56   .589  -.141   1
  45 PH2103   1981 2018     38      1      0    .757   1.76   4.15   .999   .668   .395   2.61   .562  -.053   1
  46 PH2201   1980 2018     39      1      0    .892   2.45   4.82  1.077   .734   .268   2.37   .414   .012   1
  47 PH2202   1980 2018     39      1      0    .759   1.99   4.09   .884   .599   .338   2.50   .534  -.022   1
  48 PH2203   1980 2018     39      1      0    .780   2.35   5.42  1.000   .588   .317   2.61   .476  -.050   2
PART 7:  DESCRIPTIVE STATISTICS:                                                                   12:40  Wed 03 Nov 2021  Page   8
------------------------------------------------------------------------------------------------------------------------------------

                                                Corr   //-------- Unfiltered --------\\  //---- Filtered -----\\
                           No.    No.    No.    with   Mean   Max     Std   Auto   Mean   Max     Std   Auto  AR
 Seq Series   Interval   Years  Segmt  Flags   Master  msmt   msmt    dev   corr   sens  value    dev   corr  ()
 --- -------- ---------  -----  -----  -----   ------ -----  -----  -----  -----  -----  -----  -----  -----  --
  49 PH2204   1980 2018     39      1      0    .656   2.31   3.91   .761   .530   .278   2.51   .500  -.067   2
  50 PH2301   1985 2018     34      1      0    .902   2.11   5.86  1.459   .850   .320   2.38   .403  -.041   1
  51 PH2302   1983 2018     36      1      0    .881   2.21   5.22  1.055   .732   .284   2.49   .434   .002   1
  52 PH2501   1979 2018     40      1      0    .806   2.64   5.84  1.286   .630   .345   2.43   .421   .069   1
  53 PH2502   1978 2018     41      1      0    .800   2.48   6.13  1.234   .651   .310   2.47   .410   .000   2
  54 PH2503   1975 2018     44      1      0    .852   2.19   4.18  1.162   .785   .302   2.27   .386   .007   2
  55 PH26A    1970 2018     49      1      0    .853   2.40   7.10  1.562   .852   .297   2.47   .392  -.045   1
  56 PH26B    1970 2018     49      1      0    .756   1.68   6.35  1.138   .741   .366   2.58   .469  -.139   1
  57 PH27A    1971 2018     48      1      0    .772   2.18   4.18   .942   .712   .329   2.53   .499   .038   1
  58 PH27B    1971 2018     48      1      0    .867   1.80   3.55   .919   .797   .282   2.38   .402   .007   1
  59 PH28A    1973 2018     46      1      0    .713   1.79   4.36   .970   .692   .352   2.42   .534  -.065   1
  60 PH28B    1973 2018     46      1      0    .774   1.61   3.74   .875   .708   .368   2.41   .458  -.037   1
  61 PH28C    1973 2018     46      1      0    .773   1.75   3.70   .871   .523   .413   2.46   .464  -.022   2
  62 PH2901   1979 2018     40      1      0    .595   1.70   5.04  1.329   .794   .323   2.49   .494  -.073   2
  63 PH2902   1982 2018     37      1      1    .381   2.00   5.97  1.724   .934   .319   2.64   .588   .161   1
  64 PH3001   1983 2018     36      1      0    .826   3.30   6.04  1.371   .595   .331   2.41   .431  -.076   2
  65 PH3002   1982 2018     37      1      0    .910   2.63   6.35  1.336   .740   .290   2.40   .404  -.026   2
  66 PH3003   1980 2018     39      1      0    .844   2.68   5.28  1.233   .672   .289   2.59   .441   .007   2
  67 PH32A    1976 2018     43      1      0    .807   2.27   5.91  1.500   .870   .245   2.41   .383  -.066   1
  68 PH32B    1976 2018     43      1      0    .728   2.71   6.84  2.100   .930   .269   2.55   .508  -.037   1
  69 PH3301   1974 2018     45      1      0    .730   4.40   7.76  1.742   .709   .261   2.36   .464  -.035   1
  70 PH3302   1974 2018     45      1      0    .802   3.44   6.11  1.290   .639   .302   2.39   .479  -.010   1
  71 PH3401   1980 2018     39      1      0    .851   2.34   5.18  1.072   .687   .313   2.41   .412  -.031   1
  72 PH3402   1980 2018     39      1      0    .859   2.19   4.97  1.215   .750   .318   2.33   .396  -.072   1
  73 PH3403   1978 2018     41      1      0    .846   1.95   4.45  1.283   .795   .350   2.30   .403  -.101   1
  74 PH35A    1985 2018     34      1      0    .522   1.36   3.77  1.091   .813   .374   2.67   .606  -.011   2
  75 PH35B    1985 2018     34      1      0    .668    .96   2.17   .703   .800   .376   2.68   .508   .045   1
  76 PH3601   1985 2018     34      1      0    .794   1.66   3.59   .975   .672   .307   2.48   .495  -.140   1
  77 PH3602   1982 2018     37      1      0    .834   1.77   3.54   .897   .703   .341   2.41   .473  -.088   1
  78 PH37A    1972 2018     47      1      0    .848   1.57   3.56  1.073   .812   .442   2.29   .373   .039   1
  79 PH37B    1972 2018     47      1      0    .732   2.34   6.82  1.863   .908   .370   2.54   .433   .125   3
 --- -------- ---------  -----  -----  -----   ------ -----  -----  -----  -----  -----  -----  -----  -----  --
 Total or mean:           3172     79      3    .774   2.34   9.69  1.297   .727   .331   2.74   .449  -.021

                                              - = [  COFECHA CORESCOF  ] = -
