[]  Dendrochronology Program Library                                        Run CORES  Program COF  10:06  Wed 21 Dec 2022  Page   1
[]
[]  P R O G R A M      C O F E C H A                                                                          Version 6.06P    32133
------------------------------------------------------------------------------------------------------------------------------------

 QUALITY CONTROL AND DATING CHECK OF TREE-RING MEASUREMENTS

 File of DATED series:   12-PIHA_nacimiento2_cores.rwl

 CONTENTS:

    Part 1:  Title page, options selected, summary, absent rings by series
    Part 2:  Histogram of time spans
    Part 3:  Master series with sample depth and absent rings by year
    Part 4:  Bar plot of Master Dating Series
    Part 5:  Correlation by segment of each series with Master
    Part 6:  Potential problems: low correlation, divergent year-to-year changes, absent rings, outliers
    Part 7:  Descriptive statistics

 RUN CONTROL OPTIONS SELECTED                             VALUE

         1  Cubic smoothing spline 50% wavelength cutoff for filtering
                                                            32 years
         2  Segments examined are                           50 years lagged successively by  25 years
         3  Autoregressive model applied                     A  Residuals are used in master dating series and testing
         4  Series transformed to logarithms                 Y  Each series log-transformed for master dating series and testing
         5  CORRELATION is Pearson (parametric, quantitative)
            Critical correlation, 99% confidence level   .3281
         6  Master dating series saved                       N
         7  Ring measurements listed                         N
         8  Parts printed                              1234567 
         9  Absent rings are omitted from master series and segment correlations  (Y)

 Time span of Master dating series is  1980 to  2022    43 years
 Continuous time span is               1980 to  2022    43 years
 Portion with two or more series is    1980 to  2022    43 years

 >> NAC211B     2010 absent in   1 of   80 series, but is not usually narrow: master index is  1.866
 >> NAC211B     2011 absent in   1 of   80 series, but is not usually narrow: master index is  1.352
 >> NAC211B     2013 absent in   1 of   72 series, but is not usually narrow: master index is   .385

                                        ****************************************
                                        *C* Number of dated series        84 *C*
                                        *O* Master series 1980 2022   43 yrs *O*
                                        *F* Total rings in all series   2854 *F*
                                        *E* Total dated rings checked   2854 *E*
                                        *C* Series intercorrelation     .800 *C*
                                        *H* Average mean sensitivity    .718 *H*
                                        *A* Segments, possible problems    1 *A*
                                        *** Mean length of series       34.0 ***
                                        ****************************************

 ABSENT RINGS listed by SERIES:            (See Master Dating Series for absent rings listed by year)

 NAC211B     5 absent rings:   2010  2011  2012  2013  2014
 NAC218A     1 absent rings:   2016
 NAC218B     1 absent rings:   2016
 NAC226A     1 absent rings:   2014
 NAC226B     1 absent rings:   2014
 NAC234A     1 absent rings:   2012
 NAC234B     1 absent rings:   2012
 NAC237B     1 absent rings:   2014

            12 absent rings    .420%
PART 2:  TIME PLOT OF TREE-RING SERIES:                                                            10:06  Wed 21 Dec 2022  Page   2
------------------------------------------------------------------------------------------------------------------------------------
 1050 1100 1150 1200 1250 1300 1350 1400 1450 1500 1550 1600 1650 1700 1750 1800 1850 1900 1950 2000 2050 Ident   Seq Time-span  Yrs
   :    :    :    :    :    :    :    :    :    :    :    :    :    :    :    :    :    :    :    :    : -------- --- ---- ---- ----
   .    .    .    .    .    .    .    .    .    .    .    .    .    .    .    .    .    .    .  <===>  . NAC201A    1 1986 2021   36
   .    .    .    .    .    .    .    .    .    .    .    .    .    .    .    .    .    .    .  <===>  . NAC201B    2 1986 2022   37
   .    .    .    .    .    .    .    .    .    .    .    .    .    .    .    .    .    .    .  <===>  . NAC202A    3 1986 2022   37
   .    .    .    .    .    .    .    .    .    .    .    .    .    .    .    .    .    .    .  <===>  . NAC202B    4 1987 2022   36
   .    .    .    .    .    .    .    .    .    .    .    .    .    .    .    .    .    .    .  <===>  . NAC203A    5 1988 2022   35
   .    .    .    .    .    .    .    .    .    .    .    .    .    .    .    .    .    .    .  <===>  . NAC203B    6 1988 2022   35
   .    .    .    .    .    .    .    .    .    .    .    .    .    .    .    .    .    .    .  <===>  . NAC204A    7 1987 2022   36
   .    .    .    .    .    .    .    .    .    .    .    .    .    .    .    .    .    .    .  <===>  . NAC204B    8 1987 2022   36
   .    .    .    .    .    .    .    .    .    .    .    .    .    .    .    .    .    .    .  <===>  . NAC205A    9 1987 2022   36
   .    .    .    .    .    .    .    .    .    .    .    .    .    .    .    .    .    .    .  <===>  . NAC205B   10 1987 2022   36
   .    .    .    .    .    .    .    .    .    .    .    .    .    .    .    .    .    .    .   <==>  . NAC206A   11 1990 2022   33
   .    .    .    .    .    .    .    .    .    .    .    .    .    .    .    .    .    .    .   <==>  . NAC206B   12 1990 2022   33
   .    .    .    .    .    .    .    .    .    .    .    .    .    .    .    .    .    .    .  <===>  . NAC207A   13 1987 2022   36
   .    .    .    .    .    .    .    .    .    .    .    .    .    .    .    .    .    .    .  <===>  . NAC207B   14 1988 2022   35
   .    .    .    .    .    .    .    .    .    .    .    .    .    .    .    .    .    .    .  <===>  . NAC208A   15 1989 2022   34
   .    .    .    .    .    .    .    .    .    .    .    .    .    .    .    .    .    .    .  <===>  . NAC208B   16 1989 2022   34
   .    .    .    .    .    .    .    .    .    .    .    .    .    .    .    .    .    .    .  <==>   . NAC209A   17 1987 2015   29
   .    .    .    .    .    .    .    .    .    .    .    .    .    .    .    .    .    .    .  <===>  . NAC209B   18 1987 2022   36
   .    .    .    .    .    .    .    .    .    .    .    .    .    .    .    .    .    .    .  <===>  . NAC210A   19 1985 2022   38
   .    .    .    .    .    .    .    .    .    .    .    .    .    .    .    .    .    .    .  <===>  . NAC210B   20 1986 2022   37
   .    .    .    .    .    .    .    .    .    .    .    .    .    .    .    .    .    .    .  <==>   . NAC211A   21 1981 2014   34
   .    .    .    .    .    .    .    .    .    .    .    .    .    .    .    .    .    .    .  <==>   . NAC211B   22 1982 2014   33
   .    .    .    .    .    .    .    .    .    .    .    .    .    .    .    .    .    .    .  <===>  . NAC212A   23 1985 2022   38
   .    .    .    .    .    .    .    .    .    .    .    .    .    .    .    .    .    .    .  <===>  . NAC212B   24 1985 2022   38
   .    .    .    .    .    .    .    .    .    .    .    .    .    .    .    .    .    .    .  <==>   . NAC213A   25 1980 2012   33
   .    .    .    .    .    .    .    .    .    .    .    .    .    .    .    .    .    .    .  <==>   . NAC213B   26 1980 2012   33
   .    .    .    .    .    .    .    .    .    .    .    .    .    .    .    .    .    .    .  <===>  . NAC214A   27 1988 2022   35
   .    .    .    .    .    .    .    .    .    .    .    .    .    .    .    .    .    .    .  <===>  . NAC214B   28 1989 2022   34
   .    .    .    .    .    .    .    .    .    .    .    .    .    .    .    .    .    .    .  <==>   . NAC215A   29 1988 2012   25
   .    .    .    .    .    .    .    .    .    .    .    .    .    .    .    .    .    .    .  <==>   . NAC215b   30 1988 2016   29
   .    .    .    .    .    .    .    .    .    .    .    .    .    .    .    .    .    .    .  <==>   . NAC216A   31 1988 2017   30
   .    .    .    .    .    .    .    .    .    .    .    .    .    .    .    .    .    .    .  <=>    . NAC216B   32 1988 2004   17
   .    .    .    .    .    .    .    .    .    .    .    .    .    .    .    .    .    .    .  <==>   . NAC217A   33 1984 2015   32
   .    .    .    .    .    .    .    .    .    .    .    .    .    .    .    .    .    .    .  <==>   . NAC217B   34 1989 2013   25
   .    .    .    .    .    .    .    .    .    .    .    .    .    .    .    .    .    .    .  <==>   . NAC218A   35 1981 2016   36
   .    .    .    .    .    .    .    .    .    .    .    .    .    .    .    .    .    .    .  <==>   . NAC218B   36 1981 2016   36
   .    .    .    .    .    .    .    .    .    .    .    .    .    .    .    .    .    .    .  <===>  . NAC219A   37 1983 2022   40
   .    .    .    .    .    .    .    .    .    .    .    .    .    .    .    .    .    .    .  <===>  . NAC219B   38 1983 2022   40
   .    .    .    .    .    .    .    .    .    .    .    .    .    .    .    .    .    .    .  <==>   . NAC220A   39 1984 2016   33
   .    .    .    .    .    .    .    .    .    .    .    .    .    .    .    .    .    .    .  <==>   . NAC220B   40 1984 2011   28
   .    .    .    .    .    .    .    .    .    .    .    .    .    .    .    .    .    .    .  <===>  . NAC221A   41 1985 2022   38
   .    .    .    .    .    .    .    .    .    .    .    .    .    .    .    .    .    .    .  <===>  . NAC221B   42 1984 2022   39
   .    .    .    .    .    .    .    .    .    .    .    .    .    .    .    .    .    .    .  <==>   . NAC222A   43 1981 2012   32
   .    .    .    .    .    .    .    .    .    .    .    .    .    .    .    .    .    .    .  <==>   . NAC222B   44 1981 2012   32
   .    .    .    .    .    .    .    .    .    .    .    .    .    .    .    .    .    .    .  <===>  . NAC223A   45 1986 2022   37
   .    .    .    .    .    .    .    .    .    .    .    .    .    .    .    .    .    .    .  <===>  . NAC223B   46 1985 2022   38
   .    .    .    .    .    .    .    .    .    .    .    .    .    .    .    .    .    .    .  <===>  . NAC224A   47 1988 2022   35
   .    .    .    .    .    .    .    .    .    .    .    .    .    .    .    .    .    .    .  <==>   . NAC224B   48 1987 2018   32
   .    .    .    .    .    .    .    .    .    .    .    .    .    .    .    .    .    .    .  <=>    . NAC225A   49 1981 2008   28
   .    .    .    .    .    .    .    .    .    .    .    .    .    .    .    .    .    .    .  <=>    . NAC225B   50 1981 2008   28
   :    :    :    :    :    :    :    :    :    :    :    :    :    :    :    :    :    :    :    :    :
 1050 1100 1150 1200 1250 1300 1350 1400 1450 1500 1550 1600 1650 1700 1750 1800 1850 1900 1950 2000 2050
PART 2:  TIME PLOT OF TREE-RING SERIES:                                                            10:06  Wed 21 Dec 2022  Page   3
------------------------------------------------------------------------------------------------------------------------------------
 1050 1100 1150 1200 1250 1300 1350 1400 1450 1500 1550 1600 1650 1700 1750 1800 1850 1900 1950 2000 2050 Ident   Seq Time-span  Yrs
   :    :    :    :    :    :    :    :    :    :    :    :    :    :    :    :    :    :    :    :    : -------- --- ---- ---- ----
   .    .    .    .    .    .    .    .    .    .    .    .    .    .    .    .    .    .    .  <==>   . NAC226A   51 1981 2014   34
   .    .    .    .    .    .    .    .    .    .    .    .    .    .    .    .    .    .    .  <==>   . NAC226B   52 1981 2014   34
   .    .    .    .    .    .    .    .    .    .    .    .    .    .    .    .    .    .    .  <>.    . NAC227A   53 1989 1998   10
   .    .    .    .    .    .    .    .    .    .    .    .    .    .    .    .    .    .    .  <===>  . NAC227B   54 1989 2022   34
   .    .    .    .    .    .    .    .    .    .    .    .    .    .    .    .    .    .    .  <===>  . NAC228A   55 1983 2022   40
   .    .    .    .    .    .    .    .    .    .    .    .    .    .    .    .    .    .    .  <===>  . NAC228B   56 1983 2022   40
   .    .    .    .    .    .    .    .    .    .    .    .    .    .    .    .    .    .    .  <===>  . NAC229A   57 1985 2022   38
   .    .    .    .    .    .    .    .    .    .    .    .    .    .    .    .    .    .    .  <===>  . NAC229B   58 1984 2022   39
   .    .    .    .    .    .    .    .    .    .    .    .    .    .    .    .    .    .    .  <==>   . NAC230A   59 1982 2013   32
   .    .    .    .    .    .    .    .    .    .    .    .    .    .    .    .    .    .    .  <==>   . NAC230B   60 1982 2016   35
   .    .    .    .    .    .    .    .    .    .    .    .    .    .    .    .    .    .    .   <==>  . NAC231A   61 1990 2022   33
   .    .    .    .    .    .    .    .    .    .    .    .    .    .    .    .    .    .    .  <===>  . NAC231B   62 1988 2022   35
   .    .    .    .    .    .    .    .    .    .    .    .    .    .    .    .    .    .    .  <===>  . NAC232A   63 1987 2022   36
   .    .    .    .    .    .    .    .    .    .    .    .    .    .    .    .    .    .    .  <===>  . NAC232B   64 1988 2022   35
   .    .    .    .    .    .    .    .    .    .    .    .    .    .    .    .    .    .    .  <===>  . NAC233A   65 1989 2022   34
   .    .    .    .    .    .    .    .    .    .    .    .    .    .    .    .    .    .    .  <===>  . NAC233B   66 1989 2022   34
   .    .    .    .    .    .    .    .    .    .    .    .    .    .    .    .    .    .    .  <==>   . NAC234A   67 1983 2012   30
   .    .    .    .    .    .    .    .    .    .    .    .    .    .    .    .    .    .    .  <==>   . NAC234B   68 1983 2012   30
   .    .    .    .    .    .    .    .    .    .    .    .    .    .    .    .    .    .    .  <==>   . NAC235A   69 1985 2015   31
   .    .    .    .    .    .    .    .    .    .    .    .    .    .    .    .    .    .    .  <===>  . NAC235B   70 1985 2022   38
   .    .    .    .    .    .    .    .    .    .    .    .    .    .    .    .    .    .    .  <===>  . NAC236A   71 1987 2020   34
   .    .    .    .    .    .    .    .    .    .    .    .    .    .    .    .    .    .    .  <===>  . NAC236B   72 1987 2020   34
   .    .    .    .    .    .    .    .    .    .    .    .    .    .    .    .    .    .    .  <==>   . NAC237A   73 1984 2014   31
   .    .    .    .    .    .    .    .    .    .    .    .    .    .    .    .    .    .    .  <==>   . NAC237B   74 1984 2014   31
   .    .    .    .    .    .    .    .    .    .    .    .    .    .    .    .    .    .    .  <===>  . NAC238A   75 1989 2022   34
   .    .    .    .    .    .    .    .    .    .    .    .    .    .    .    .    .    .    .   <==>  . NAC238B   76 1990 2022   33
   .    .    .    .    .    .    .    .    .    .    .    .    .    .    .    .    .    .    .  <===>  . NAC239A   77 1985 2021   37
   .    .    .    .    .    .    .    .    .    .    .    .    .    .    .    .    .    .    .  <===>  . NAC239B   78 1985 2022   38
   .    .    .    .    .    .    .    .    .    .    .    .    .    .    .    .    .    .    .  <===>  . NAC240A   79 1986 2022   37
   .    .    .    .    .    .    .    .    .    .    .    .    .    .    .    .    .    .    .  <===>  . NAC240B   80 1986 2022   37
   .    .    .    .    .    .    .    .    .    .    .    .    .    .    .    .    .    .    .  <==>   . NAC241A   81 1983 2014   32
   .    .    .    .    .    .    .    .    .    .    .    .    .    .    .    .    .    .    .  <==>   . NAC241B   82 1983 2014   32
   .    .    .    .    .    .    .    .    .    .    .    .    .    .    .    .    .    .    .  <===>  . NAC242A   83 1984 2022   39
   .    .    .    .    .    .    .    .    .    .    .    .    .    .    .    .    .    .    .  <===>  . NAC242B   84 1983 2022   40
   :    :    :    :    :    :    :    :    :    :    :    :    :    :    :    :    :    :    :    :    :
 1050 1100 1150 1200 1250 1300 1350 1400 1450 1500 1550 1600 1650 1700 1750 1800 1850 1900 1950 2000 2050
PART 3:  Master Dating Series:                                                                     10:06  Wed 21 Dec 2022  Page   4
------------------------------------------------------------------------------------------------------------------------------------
  Year  Value  No Ab    Year  Value  No Ab    Year  Value  No Ab    Year  Value  No Ab    Year  Value  No Ab    Year  Value  No Ab
  ------------------    ------------------    ------------------    ------------------    ------------------    ------------------
                        2000  -.852  83
                        2001  -.252  83
                        2002   .387  83
                        2003  -.128  83
                        2004  1.493  83
                        2005  -.085  82
                        2006  -.538  82
                        2007  -.149  82
                        2008  -.208  82
                        2009   .282  80

                        2010  1.866  80  1<<
                        2011  1.352  80  1<<
                        2012 -1.294  79  3
                        2013   .385  72  1<<
                        2014  -.925  70  4
                        2015  -.023  62
                        2016  -.402  59  2
                        2017   .803  54
                        2018   .368  53
                        2019  -.204  52

                        2020   .604  52
                        2021   .127  50
                        2022  1.591  48








  1980 -3.386   2
  1981 -1.138  11
  1982 -1.483  14
  1983  -.138  23
  1984  -.320  31
  1985  -.033  41
  1986  -.613  48
  1987  -.250  60
  1988  -.247  71
  1989   .854  80

  1990  1.647  84
  1991   .268  84
  1992   .928  84
  1993  -.091  84
  1994  -.283  84
  1995 -1.776  84
  1996  1.188  84
  1997  1.525  84
  1998  -.114  84
  1999  -.735  83
------------------------------------------------------------------------------------------------------------------------------------
PART 4:  Master Bar Plot:                                                                          10:06  Wed 21 Dec 2022  Page   5
------------------------------------------------------------------------------------------------------------------------------------
   Year Rel value  Year Rel value  Year Rel value  Year Rel value  Year Rel value  Year Rel value  Year Rel value  Year Rel value
                   2000-c
                   2001---a
                   2002-------B
                   2003-----a
                   2004---------F
                   2005-----@
                   2006--b
                   2007----a
                   2008---a
                   2009-------A
                   2010----------G
                   2011---------E
                   2012e
                   2013-------B
                   2014-d
                   2015------@
                   2016--b
                   2017--------C
                   2018-------A
                   2019---a
                   2020--------B
                   2021------A
                   2022----------F







   1980n
   1981-e
   1982f
   1983----a
   1984---a
   1985------@
   1986--b
   1987---a
   1988---a
   1989--------C
   1990----------G
   1991-------A
   1992--------D
   1993-----@
   1994---a
   1995g
   1996---------E
   1997----------F
   1998-----@
   1999-c
PART 5:  CORRELATION OF SERIES BY SEGMENTS:                                                        10:06  Wed 21 Dec 2022  Page   5
------------------------------------------------------------------------------------------------------------------------------------
 Correlations of  50-year dated segments, lagged  25 years
 Flags:  A = correlation under   .3281 but highest as dated;  B = correlation higher at other than dated position

 Seq Series  Time_span   1975
                         2024
 --- -------- ---------  ---- ---- ---- ---- ---- ---- ---- ---- ---- ---- ---- ---- ---- ---- ---- ---- ---- ---- ---- ----
   1 NAC201A  1986 2021   .88
   2 NAC201B  1986 2022   .87
   3 NAC202A  1986 2022   .86
   4 NAC202B  1987 2022   .91
   5 NAC203A  1988 2022   .86
   6 NAC203B  1988 2022   .68
   7 NAC204A  1987 2022   .54
   8 NAC204B  1987 2022   .76
   9 NAC205A  1987 2022   .91
  10 NAC205B  1987 2022   .88
  11 NAC206A  1990 2022   .86
  12 NAC206B  1990 2022   .86
  13 NAC207A  1987 2022   .88
  14 NAC207B  1988 2022   .67
  15 NAC208A  1989 2022   .82
  16 NAC208B  1989 2022   .90
  17 NAC209A  1987 2015   .58
  18 NAC209B  1987 2022   .59
  19 NAC210A  1985 2022   .86
  20 NAC210B  1986 2022   .85
  21 NAC211A  1981 2014   .80
  22 NAC211B  1982 2014   .71
  23 NAC212A  1985 2022   .75
  24 NAC212B  1985 2022   .72
  25 NAC213A  1980 2012   .81
  26 NAC213B  1980 2012   .81
  27 NAC214A  1988 2022   .78
  28 NAC214B  1989 2022   .68
  29 NAC215A  1988 2012   .44
  30 NAC215b  1988 2016   .69
  31 NAC216A  1988 2017   .76
  32 NAC216B  1988 2004   .85
  33 NAC217A  1984 2015   .84
  34 NAC217B  1989 2013   .89
  35 NAC218A  1981 2016   .82
  36 NAC218B  1981 2016   .83
  37 NAC219A  1983 2022   .88
  38 NAC219B  1983 2022   .84
  39 NAC220A  1984 2016   .82
  40 NAC220B  1984 2011   .84
  41 NAC221A  1985 2022   .81
  42 NAC221B  1984 2022   .87
  43 NAC222A  1981 2012   .85
  44 NAC222B  1981 2012   .76
  45 NAC223A  1986 2022   .86
  46 NAC223B  1985 2022   .85
  47 NAC224A  1988 2022   .88
  48 NAC224B  1987 2018   .61
  49 NAC225A  1981 2008   .69
  50 NAC225B  1981 2008   .82
  51 NAC226A  1981 2014   .85
  52 NAC226B  1981 2014   .85
  53 NAC227A  1989 1998   .68B
  54 NAC227B  1989 2022   .83
  55 NAC228A  1983 2022   .86
  56 NAC228B  1983 2022   .85
  57 NAC229A  1985 2022   .89
  58 NAC229B  1984 2022   .90
  59 NAC230A  1982 2013   .90
  60 NAC230B  1982 2016   .86
  61 NAC231A  1990 2022   .77
  62 NAC231B  1988 2022   .83
  63 NAC232A  1987 2022   .81
  64 NAC232B  1988 2022   .84
  65 NAC233A  1989 2022   .88
  66 NAC233B  1989 2022   .85
  67 NAC234A  1983 2012   .86
  68 NAC234B  1983 2012   .85
  69 NAC235A  1985 2015   .68
  70 NAC235B  1985 2022   .76
  71 NAC236A  1987 2020   .74
  72 NAC236B  1987 2020   .83
  73 NAC237A  1984 2014   .79
  74 NAC237B  1984 2014   .90
  75 NAC238A  1989 2022   .87
  76 NAC238B  1990 2022   .88
  77 NAC239A  1985 2021   .67
  78 NAC239B  1985 2022   .83
  79 NAC240A  1986 2022   .79
  80 NAC240B  1986 2022   .73
  81 NAC241A  1983 2014   .88
  82 NAC241B  1983 2014   .75
  83 NAC242A  1984 2022   .76
  84 NAC242B  1983 2022   .68
 Av segment correlation   .80
PART 6:  POTENTIAL PROBLEMS:                                                                       10:06  Wed 21 Dec 2022  Page   6
------------------------------------------------------------------------------------------------------------------------------------

 For each series with potential problems the following diagnostics may appear:

 [A] Correlations with master dating series of flagged  50-year segments of series filtered with  32-year spline,
     at every point from ten years earlier (-10) to ten years later (+10) than dated

 [B] Effect of those data values which most lower or raise correlation with master series
     Symbol following year indicates value in series is greater (>) or lesser (<) than master series value

 [C] Year-to-year changes very different from the mean change in other series

 [D] Absent rings (zero values)

 [E] Values which are statistical outliers from mean for the year
====================================================================================================================================

 NAC201A   1986 to  2021      36 years                                                                                    Series   1

 [B] Entire series, effect on correlation (  .884) is:
       Lower   2016> -.019   2020> -.012   2021< -.007   2015< -.005   2005> -.005   2001< -.005  Higher   1995  .014   1990  .010

====================================================================================================================================

 NAC201B   1986 to  2022      37 years                                                                                    Series   2

 [B] Entire series, effect on correlation (  .872) is:
       Lower   2014< -.018   2016> -.017   1998> -.007   2018< -.007   2015< -.007   2006> -.005  Higher   2010  .016   1990  .010

====================================================================================================================================

 NAC202A   1986 to  2022      37 years                                                                                    Series   3

 [B] Entire series, effect on correlation (  .862) is:
       Lower   2012< -.034   2014> -.017   1995> -.007   2021> -.005   1992< -.004   2019< -.003  Higher   2010  .014   2022  .010

====================================================================================================================================

 NAC202B   1987 to  2022      36 years                                                                                    Series   4

 [B] Entire series, effect on correlation (  .913) is:
       Lower   2016< -.021   2006> -.012   2003> -.011   1998> -.006   1999> -.006   2021> -.003  Higher   1995  .013   2010  .007

====================================================================================================================================

 NAC203A   1988 to  2022      35 years                                                                                    Series   5

 [B] Entire series, effect on correlation (  .859) is:
       Lower   2012> -.018   2014< -.018   2006> -.008   2003> -.008   1999> -.007   2016> -.007  Higher   1995  .022   2010  .019

====================================================================================================================================

 NAC203B   1988 to  2022      35 years                                                                                    Series   6

 [B] Entire series, effect on correlation (  .682) is:
       Lower   2003< -.051   2014> -.040   2012> -.040   2016> -.018   1994> -.009   2018> -.004  Higher   1995  .038   2010  .035

====================================================================================================================================

 NAC204A   1987 to  2022      36 years                                                                                    Series   7

 [B] Entire series, effect on correlation (  .540) is:
       Lower   1987< -.112   1998> -.028   1999> -.026   2000> -.026   2014> -.025   2009< -.024  Higher   2022  .032   1997  .028

 [E] Outliers     1   3.0 SD above or -4.5 SD below mean for year
       1987 -5.1 SD
====================================================================================================================================

 NAC204B   1987 to  2022      36 years                                                                                    Series   8

 [B] Entire series, effect on correlation (  .756) is:
       Lower   1987< -.040   2014> -.026   2005> -.021   1988> -.020   2000< -.015   2015> -.011  Higher   1995  .027   2022  .021

====================================================================================================================================

 NAC205A   1987 to  2022      36 years                                                                                    Series   9

 [B] Entire series, effect on correlation (  .906) is:
       Lower   2012< -.018   2018< -.011   2014> -.005   2021< -.003   2008> -.003   1991> -.002  Higher   2010  .012   1990  .007

====================================================================================================================================

 NAC205B   1987 to  2022      36 years                                                                                    Series  10

 [B] Entire series, effect on correlation (  .883) is:
       Lower   2021< -.027   2016< -.011   2014> -.008   1993> -.005   2005> -.005   2017> -.002  Higher   2010  .011   1990  .010

====================================================================================================================================

 NAC206A   1990 to  2022      33 years                                                                                    Series  11

 [B] Entire series, effect on correlation (  .855) is:
       Lower   2008> -.014   1996< -.009   2014> -.009   1998> -.008   2011< -.007   2013> -.004  Higher   2010  .021   2022  .015

====================================================================================================================================

 NAC206B   1990 to  2022      33 years                                                                                    Series  12

 [B] Entire series, effect on correlation (  .856) is:
       Lower   2012< -.030   2008> -.012   2003> -.012   2014> -.007   2000> -.006   1992< -.005  Higher   2010  .021   2022  .014

====================================================================================================================================

 NAC207A   1987 to  2022      36 years                                                                                    Series  13

 [B] Entire series, effect on correlation (  .883) is:
       Lower   2005> -.021   1989< -.011   2016< -.008   2020< -.007   2015> -.006   2014> -.005  Higher   1995  .018   2010  .010

====================================================================================================================================

 NAC207B   1988 to  2022      35 years                                                                                    Series  14

 [B] Entire series, effect on correlation (  .666) is:
       Lower   1989< -.037   2016< -.027   2012> -.027   2014> -.026   1995> -.020   2021> -.013  Higher   1990  .029   2010  .026

====================================================================================================================================

 NAC208A   1989 to  2022      34 years                                                                                    Series  15

 [B] Entire series, effect on correlation (  .820) is:
       Lower   2014> -.032   2016> -.014   2005< -.013   2019> -.012   1989< -.010   2021> -.009  Higher   1995  .032   2022  .019

====================================================================================================================================

 NAC208B   1989 to  2022      34 years                                                                                    Series  16

 [B] Entire series, effect on correlation (  .900) is:
       Lower   2016> -.019   2005> -.017   2020< -.011   1989< -.009   1998> -.004   1994< -.002  Higher   2010  .011   2022  .010

====================================================================================================================================

 NAC209A   1987 to  2015      29 years                                                                                    Series  17

 [B] Entire series, effect on correlation (  .581) is:
       Lower   2003< -.158   1995> -.031   2012> -.019   2014> -.018   1989< -.013   2002< -.010  Higher   1990  .045   2010  .038

====================================================================================================================================

 NAC209B   1987 to  2022      36 years                                                                                    Series  18

 [B] Entire series, effect on correlation (  .591) is:
       Lower   2018< -.092   2000> -.025   2014> -.023   2017< -.021   2012> -.018   2001> -.018  Higher   2010  .042   2022  .037

====================================================================================================================================

 NAC210A   1985 to  2022      38 years                                                                                    Series  19

 [B] Entire series, effect on correlation (  .862) is:
       Lower   2014< -.024   2016> -.013   1999> -.009   2015< -.009   2003> -.007   2006> -.006  Higher   1995  .015   2010  .013

====================================================================================================================================

 NAC210B   1986 to  2022      37 years                                                                                    Series  20

 [B] Entire series, effect on correlation (  .853) is:
       Lower   2015< -.032   2016> -.019   2021> -.007   1995> -.006   2003> -.004   2011< -.003  Higher   2010  .015   2022  .013

====================================================================================================================================

 NAC211A   1981 to  2014      34 years                                                                                    Series  21

 [B] Entire series, effect on correlation (  .796) is:
       Lower   2012< -.027   2014> -.018   1987> -.014   1985> -.013   1988> -.007   1995> -.007  Higher   1990  .020   2004  .015

====================================================================================================================================

 NAC211B   1982 to  2014      33 years                                                                                    Series  22

 [B] Entire series, effect on correlation (  .446) is:
       Lower   2010< -.107   2014> -.096   2012> -.039   2009> -.008   2007> -.006   2003< -.005  Higher   1982  .058   1990  .053

 [D]    5 Absent rings:  Year   Master  N series Absent
                         2010    1.866      80       1  >> WARNING:  Ring is not usually narrow
                         2011    1.352      80       1  >> WARNING:  Ring is not usually narrow
                         2012   -1.294      79       3
                         2013     .385      72       1  >> WARNING:  Ring is not usually narrow
                         2014    -.925      70       4
  >> WARNING:  Last ring in series is ABSENT

 [E] Outliers     2   3.0 SD above or -4.5 SD below mean for year
       2012 +3.6 SD;    2014 +5.0 SD
====================================================================================================================================

 NAC212A   1985 to  2022      38 years                                                                                    Series  23

 [B] Entire series, effect on correlation (  .748) is:
       Lower   2016> -.048   2014< -.025   2003> -.012   2002< -.007   1999> -.007   2012> -.006  Higher   2010  .025   1990  .016

 [E] Outliers     1   3.0 SD above or -4.5 SD below mean for year
       2016 +3.1 SD
====================================================================================================================================

 NAC212B   1985 to  2022      38 years                                                                                    Series  24

 [B] Entire series, effect on correlation (  .718) is:
       Lower   2002< -.049   2014> -.020   2016> -.018   1993> -.010   2018< -.009   1997< -.009  Higher   1995  .048   2004  .016

====================================================================================================================================

 NAC213A   1980 to  2012      33 years                                                                                    Series  25

 [B] Entire series, effect on correlation (  .807) is:
       Lower   1981> -.037   1982> -.012   2012> -.012   1987< -.005   1994> -.004   1983> -.003  Higher   1996  .012   1992  .009

 [E] Outliers     2   3.0 SD above or -4.5 SD below mean for year
       1981 +3.2 SD;    1982 +3.7 SD
====================================================================================================================================

 NAC213B   1980 to  2012      33 years                                                                                    Series  26

 [B] Entire series, effect on correlation (  .814) is:
       Lower   1981> -.048   1995> -.017   1985> -.009   1987< -.009   1982< -.007   2006< -.007  Higher   1980  .058   2010  .013

 [E] Outliers     1   3.0 SD above or -4.5 SD below mean for year
       1981 +3.6 SD
====================================================================================================================================

 NAC214A   1988 to  2022      35 years                                                                                    Series  27

 [B] Entire series, effect on correlation (  .778) is:
       Lower   2016> -.038   1998> -.022   1999> -.020   1989< -.019   2012> -.017   2021< -.012  Higher   1995  .040   2010  .027

====================================================================================================================================

 NAC214B   1989 to  2022      34 years                                                                                    Series  28

 [B] Entire series, effect on correlation (  .676) is:
       Lower   2016> -.072   2022< -.042   1989< -.026   1999> -.018   2012> -.012   2018> -.007  Higher   1995  .062   2010  .036

 [E] Outliers     1   3.0 SD above or -4.5 SD below mean for year
       2016 +3.9 SD
====================================================================================================================================

 NAC215A   1988 to  2012      25 years                                                                                    Series  29

 [B] Entire series, effect on correlation (  .441) is:
       Lower   2000> -.039   2009< -.028   2008< -.027   1998> -.022   2012> -.017   1999> -.016  Higher   1990  .052   1997  .045

====================================================================================================================================

 NAC215b   1988 to  2016      29 years                                                                                    Series  30

 [B] Entire series, effect on correlation (  .690) is:
       Lower   2003< -.048   2014> -.035   1995> -.027   1989< -.020   2002< -.014   1991> -.009  Higher   2010  .039   1990  .024

====================================================================================================================================

 NAC216A   1988 to  2017      30 years                                                                                    Series  31

 [B] Entire series, effect on correlation (  .756) is:
       Lower   1988< -.123   1989< -.025   1994> -.017   1995> -.012   1993> -.004   2005> -.003  Higher   2010  .030   2004  .021

 [E] Outliers     1   3.0 SD above or -4.5 SD below mean for year
       1988 -5.2 SD
====================================================================================================================================

 NAC216B   1988 to  2004      17 years                                                                                    Series  32

 [B] Entire series, effect on correlation (  .852) is:
       Lower   1989< -.036   1993> -.031   1998> -.018   1988< -.016   2001< -.011   2000> -.003  Higher   1995  .057   1997  .020

====================================================================================================================================

 NAC217A   1984 to  2015      32 years                                                                                    Series  33

 [B] Entire series, effect on correlation (  .845) is:
       Lower   1986< -.055   2013< -.010   1995> -.009   2014> -.009   1988> -.008   1989< -.008  Higher   2010  .026   1990  .019

====================================================================================================================================

 NAC217B   1989 to  2013      25 years                                                                                    Series  34

 [B] Entire series, effect on correlation (  .891) is:
       Lower   1989< -.021   2005> -.017   2012> -.015   2001< -.014   2013< -.008   2006< -.004  Higher   1995  .022   2010  .019

====================================================================================================================================

 NAC218A   1981 to  2016      36 years                                                                                    Series  35

 [B] Entire series, effect on correlation (  .824) is:
       Lower   1981< -.040   1983< -.016   2014> -.016   1982> -.009   2015> -.007   1999> -.005  Higher   1990  .020   2010  .013

 [D]    1 Absent rings:  Year   Master  N series Absent
                         2016    -.402      59       2
  >> WARNING:  Last ring in series is ABSENT

====================================================================================================================================

 NAC218B   1981 to  2016      36 years                                                                                    Series  36

 [B] Entire series, effect on correlation (  .823) is:
       Lower   1981< -.023   1983< -.015   1998> -.009   1985> -.008   2015> -.008   1991< -.007  Higher   1990  .016   1997  .014

 [D]    1 Absent rings:  Year   Master  N series Absent
                         2016    -.402      59       2
  >> WARNING:  Last ring in series is ABSENT

====================================================================================================================================

 NAC219A   1983 to  2022      40 years                                                                                    Series  37

 [B] Entire series, effect on correlation (  .880) is:
       Lower   2016> -.009   2017< -.009   1986< -.009   2015< -.008   2008> -.007   2003> -.005  Higher   1995  .017   2010  .008

====================================================================================================================================

 NAC219B   1983 to  2022      40 years                                                                                    Series  38

 [B] Entire series, effect on correlation (  .835) is:
       Lower   1989< -.028   1988> -.027   2003> -.011   1987> -.009   2021> -.009   2016> -.007  Higher   1995  .023   2010  .015

====================================================================================================================================

 NAC220A   1984 to  2016      33 years                                                                                    Series  39

 [B] Entire series, effect on correlation (  .820) is:
       Lower   1998< -.052   2014> -.014   1995> -.014   1986> -.013   1984< -.004   2009> -.003  Higher   2010  .026   1990  .021

====================================================================================================================================

 NAC220B   1984 to  2011      28 years                                                                                    Series  40

 [B] Entire series, effect on correlation (  .843) is:
       Lower   1984< -.055   2011< -.028   1986> -.026   1991> -.005   1988> -.003   2002> -.002  Higher   1995  .026   1990  .020

====================================================================================================================================

 NAC221A   1985 to  2022      38 years                                                                                    Series  41

 [B] Entire series, effect on correlation (  .806) is:
       Lower   1985> -.032   1990< -.020   2012> -.014   2003> -.012   2020< -.010   1994< -.007  Higher   1995  .031   2010  .021

 [E] Outliers     1   3.0 SD above or -4.5 SD below mean for year
       1985 +3.1 SD
====================================================================================================================================

 NAC221B   1984 to  2022      39 years                                                                                    Series  42

 [B] Entire series, effect on correlation (  .866) is:
       Lower   2003> -.013   1984> -.013   1985> -.012   2012> -.010   2015< -.007   2014< -.005  Higher   1995  .018   2010  .013

====================================================================================================================================

 NAC222A   1981 to  2012      32 years                                                                                    Series  43

 [B] Entire series, effect on correlation (  .850) is:
       Lower   1983> -.019   1984> -.018   1991< -.018   1985< -.010   1987> -.009   1982> -.006  Higher   1995  .018   1990  .016

====================================================================================================================================

 NAC222B   1981 to  2012      32 years                                                                                    Series  44

 [B] Entire series, effect on correlation (  .758) is:
       Lower   2002< -.038   2012> -.023   1993> -.019   1983> -.018   2001< -.014   1984< -.013  Higher   1995  .035   2010  .023

====================================================================================================================================

 NAC223A   1986 to  2022      37 years                                                                                    Series  45

 [B] Entire series, effect on correlation (  .864) is:
       Lower   2016< -.047   2019< -.011   2000> -.010   1993> -.008   1999> -.005   2020< -.004  Higher   2010  .013   2022  .012

====================================================================================================================================

 NAC223B   1985 to  2022      38 years                                                                                    Series  46

 [B] Entire series, effect on correlation (  .848) is:
       Lower   2016< -.061   2012> -.018   1999> -.008   2006> -.004   1985> -.004   2003> -.004  Higher   2010  .018   2022  .014

====================================================================================================================================

 NAC224A   1988 to  2022      35 years                                                                                    Series  47

 [B] Entire series, effect on correlation (  .880) is:
       Lower   2012> -.019   2016> -.013   1997< -.009   1991> -.006   2020< -.006   2006> -.005  Higher   2010  .017   1995  .015

====================================================================================================================================

 NAC224B   1987 to  2018      32 years                                                                                    Series  48

 [B] Entire series, effect on correlation (  .612) is:
       Lower   2003< -.079   2017< -.059   2014> -.046   2009< -.013   2012> -.011   1994> -.011  Higher   2010  .039   1990  .034

====================================================================================================================================

 NAC225A   1981 to  2008      28 years                                                                                    Series  49

 [B] Entire series, effect on correlation (  .693) is:
       Lower   1998< -.090   2008> -.034   2003> -.011   2002< -.008   2007> -.006   1995> -.005  Higher   1990  .042   2004  .024

====================================================================================================================================

 NAC225B   1981 to  2008      28 years                                                                                    Series  50

 [B] Entire series, effect on correlation (  .821) is:
       Lower   2007> -.041   1995> -.011   1984> -.011   1986< -.005   2008< -.005   2005> -.004  Higher   1990  .026   2004  .015

 [E] Outliers     1   3.0 SD above or -4.5 SD below mean for year
       2007 +3.4 SD
====================================================================================================================================

 NAC226A   1981 to  2014      34 years                                                                                    Series  51

 [B] Entire series, effect on correlation (  .852) is:
       Lower   1995> -.027   1982< -.018   1993> -.012   1998< -.010   1999> -.006   1992< -.004  Higher   1990  .017   2010  .014

 [D]    1 Absent rings:  Year   Master  N series Absent
                         2014    -.925      70       4
  >> WARNING:  Last ring in series is ABSENT

====================================================================================================================================

 NAC226B   1981 to  2014      34 years                                                                                    Series  52

 [B] Entire series, effect on correlation (  .847) is:
       Lower   1982< -.032   1995> -.016   1986> -.010   1983> -.008   1988> -.004   2002< -.003  Higher   2004  .012   2012  .009

 [D]    1 Absent rings:  Year   Master  N series Absent
                         2014    -.925      70       4
  >> WARNING:  Last ring in series is ABSENT

====================================================================================================================================

 NAC227A   1989 to  1998      10 years                                                                                    Series  53

 [A] Segment   High   -10   -9   -8   -7   -6   -5   -4   -3   -2   -1   +0   +1   +2   +3   +4   +5   +6   +7   +8   +9  +10
    ---------  ----   ---  ---  ---  ---  ---  ---  ---  ---  ---  ---  ---  ---  ---  ---  ---  ---  ---  ---  ---  ---  ---
    1989 1998   -7      -  .32  .16  .69*-.10 -.26 -.30 -.21 -.14  .27  .68|-.24 -.21 -.51 -.06  .13  .52  .11 -.29 -.52 -.05

 [B] Entire series, effect on correlation (  .681) is:
       Lower   1989< -.216   1991> -.053   1998> -.038   1994<  .010   1993<  .010   1992<  .011  Higher   1995  .179   1990  .070
     1989 to 1998 segment:
       Lower   1989< -.216   1991> -.053   1998> -.038   1994<  .010   1993<  .010   1992<  .011  Higher   1995  .179   1990  .070

====================================================================================================================================

 NAC227B   1989 to  2022      34 years                                                                                    Series  54

 [B] Entire series, effect on correlation (  .833) is:
       Lower   1989< -.022   2013< -.021   2005> -.013   1991> -.011   2001> -.008   1993< -.007  Higher   1995  .022   2010  .021

====================================================================================================================================

 NAC228A   1983 to  2022      40 years                                                                                    Series  55

 [B] Entire series, effect on correlation (  .864) is:
       Lower   2012< -.029   2015< -.011   1995> -.008   2018> -.007   2021> -.006   2003> -.005  Higher   1990  .012   2010  .010

====================================================================================================================================

 NAC228B   1983 to  2022      40 years                                                                                    Series  56

 [B] Entire series, effect on correlation (  .847) is:
       Lower   2016> -.022   2014< -.014   1994> -.009   2011< -.008   2021< -.007   2006> -.004  Higher   2010  .020   1990  .013

====================================================================================================================================

 NAC229A   1985 to  2022      38 years                                                                                    Series  57

 [B] Entire series, effect on correlation (  .888) is:
       Lower   2021> -.029   2012< -.015   2018> -.005   2017< -.004   2011< -.003   2009> -.003  Higher   2010  .012   2022  .010

====================================================================================================================================

 NAC229B   1984 to  2022      39 years                                                                                    Series  58

 [B] Entire series, effect on correlation (  .896) is:
       Lower   2013< -.009   2019> -.005   2000< -.004   1995> -.004   1991> -.003   2021> -.003  Higher   2004  .007   1997  .006

====================================================================================================================================

 NAC230A   1982 to  2013      32 years                                                                                    Series  59

 [B] Entire series, effect on correlation (  .895) is:
       Lower   1991< -.031   1982> -.010   2012< -.008   2003> -.008   1984> -.003   1998> -.002  Higher   1995  .012   1990  .012

====================================================================================================================================

 NAC230B   1982 to  2016      35 years                                                                                    Series  60

 [B] Entire series, effect on correlation (  .863) is:
       Lower   2015> -.029   1992< -.013   2012< -.011   1991> -.008   1985> -.005   1993> -.002  Higher   1990  .016   2010  .010

 [E] Outliers     1   3.0 SD above or -4.5 SD below mean for year
       2015 +3.1 SD
====================================================================================================================================

 NAC231A   1990 to  2022      33 years                                                                                    Series  61

 [B] Entire series, effect on correlation (  .768) is:
       Lower   2005> -.024   2008< -.023   2010< -.023   2003> -.018   2009< -.011   2000> -.009  Higher   1995  .042   2004  .020

====================================================================================================================================

 NAC231B   1988 to  2022      35 years                                                                                    Series  62

 [B] Entire series, effect on correlation (  .825) is:
       Lower   1988> -.025   1994< -.020   2005> -.018   1998> -.014   2013< -.005   1989< -.004  Higher   1995  .025   2010  .014

====================================================================================================================================

 NAC232A   1987 to  2022      36 years                                                                                    Series  63

 [B] Entire series, effect on correlation (  .812) is:
       Lower   2014> -.020   2012> -.016   2003< -.015   2008> -.008   1997< -.008   1996< -.008  Higher   2010  .017   2004  .010

====================================================================================================================================

 NAC232B   1988 to  2022      35 years                                                                                    Series  64

 [B] Entire series, effect on correlation (  .843) is:
       Lower   2003> -.035   2011< -.011   2008> -.011   2001> -.008   2018> -.007   2015< -.005  Higher   1995  .027   2004  .013

====================================================================================================================================

 NAC233A   1989 to  2022      34 years                                                                                    Series  65

 [B] Entire series, effect on correlation (  .880) is:
       Lower   1991< -.010   2003> -.009   2021> -.008   2008> -.008   2013< -.007   2009> -.007  Higher   2010  .017   2022  .012

====================================================================================================================================

 NAC233B   1989 to  2022      34 years                                                                                    Series  66

 [B] Entire series, effect on correlation (  .852) is:
       Lower   2016< -.050   2012> -.013   2007> -.008   2005> -.007   1989< -.006   2003> -.006  Higher   1995  .026   2010  .020

====================================================================================================================================

 NAC234A   1983 to  2012      30 years                                                                                    Series  67

 [B] Entire series, effect on correlation (  .863) is:
       Lower   1995> -.020   1986> -.012   1997< -.006   2008> -.005   1983< -.004   1998< -.004  Higher   1990  .017   2010  .012

 [D]    1 Absent rings:  Year   Master  N series Absent
                         2012   -1.294      79       3
  >> WARNING:  Last ring in series is ABSENT

 [E] Outliers     1   3.0 SD above or -4.5 SD below mean for year
       2012 +3.3 SD
====================================================================================================================================

 NAC234B   1983 to  2012      30 years                                                                                    Series  68

 [B] Entire series, effect on correlation (  .840) is:
       Lower   1997< -.059   1983< -.012   1986> -.008   2012< -.006   2001> -.005   1987> -.004  Higher   1995  .028   1990  .018

 [D]    1 Absent rings:  Year   Master  N series Absent
                         2012   -1.294      79       3
  >> WARNING:  Last ring in series is ABSENT

====================================================================================================================================

 NAC235A   1985 to  2015      31 years                                                                                    Series  69

 [B] Entire series, effect on correlation (  .675) is:
       Lower   1985< -.209   1986> -.013   1988> -.012   2006> -.007   2005> -.005   2002< -.004  Higher   2010  .048   1990  .033

 [E] Outliers     1   3.0 SD above or -4.5 SD below mean for year
       1985 -6.0 SD
====================================================================================================================================

 NAC235B   1985 to  2022      38 years                                                                                    Series  70

 [B] Entire series, effect on correlation (  .762) is:
       Lower   1985< -.058   1995> -.019   2013< -.013   2018> -.011   1988> -.010   2015> -.009  Higher   1990  .023   2010  .017

====================================================================================================================================

 NAC236A   1987 to  2020      34 years                                                                                    Series  71

 [B] Entire series, effect on correlation (  .736) is:
       Lower   2012> -.051   1990< -.050   2020> -.011   1992< -.008   1991> -.008   2006> -.008  Higher   1995  .045   2010  .026

====================================================================================================================================

 NAC236B   1987 to  2020      34 years                                                                                    Series  72

 [B] Entire series, effect on correlation (  .828) is:
       Lower   2020> -.030   1992< -.021   2013< -.019   1990< -.010   2006< -.009   2019> -.009  Higher   2010  .019   2004  .015

 [E] Outliers     1   3.0 SD above or -4.5 SD below mean for year
       2020 +3.6 SD
====================================================================================================================================

 NAC237A   1984 to  2014      31 years                                                                                    Series  73

 [B] Entire series, effect on correlation (  .787) is:
       Lower   1985< -.064   2012> -.032   1999> -.010   2014> -.009   2011< -.007   1988> -.006  Higher   2010  .033   1990  .021

====================================================================================================================================

 NAC237B   1984 to  2014      31 years                                                                                    Series  74

 [B] Entire series, effect on correlation (  .899) is:
       Lower   1985< -.015   1986> -.011   1988> -.010   2000> -.007   1998< -.007   2001> -.005  Higher   1995  .015   1990  .011

 [D]    1 Absent rings:  Year   Master  N series Absent
                         2014    -.925      70       4
  >> WARNING:  Last ring in series is ABSENT

====================================================================================================================================

 NAC238A   1989 to  2022      34 years                                                                                    Series  75

 [B] Entire series, effect on correlation (  .875) is:
       Lower   1994< -.010   2008> -.009   2015> -.009   2005> -.008   1999< -.008   2003> -.007  Higher   1995  .022   2010  .015

====================================================================================================================================

 NAC238B   1990 to  2022      33 years                                                                                    Series  76

 [B] Entire series, effect on correlation (  .878) is:
       Lower   1994< -.020   2014> -.015   1999< -.011   2015> -.011   2003> -.003   2013< -.003  Higher   2010  .016   1995  .012

====================================================================================================================================

 NAC239A   1985 to  2021      37 years                                                                                    Series  77

 [B] Entire series, effect on correlation (  .674) is:
       Lower   1995> -.029   1998< -.020   1985< -.016   2020> -.014   1989< -.012   2014> -.010  Higher   1996  .024   2010  .023

 [E] Outliers     1   3.0 SD above or -4.5 SD below mean for year
       2020 +3.2 SD
====================================================================================================================================

 NAC239B   1985 to  2022      38 years                                                                                    Series  78

 [B] Entire series, effect on correlation (  .826) is:
       Lower   1985< -.032   1987> -.016   2021> -.012   2008> -.006   1992< -.006   2006< -.006  Higher   1995  .026   2022  .018

====================================================================================================================================

 NAC240A   1986 to  2022      37 years                                                                                    Series  79

 [B] Entire series, effect on correlation (  .795) is:
       Lower   2014< -.028   2021< -.017   2016> -.014   1994< -.011   1986> -.006   2018> -.005  Higher   2010  .023   1995  .020

====================================================================================================================================

 NAC240B   1986 to  2022      37 years                                                                                    Series  80

 [B] Entire series, effect on correlation (  .731) is:
       Lower   2016> -.021   2021< -.018   2019> -.016   2015> -.014   2012> -.010   2020< -.009  Higher   2010  .028   1990  .022

====================================================================================================================================

 NAC241A   1983 to  2014      32 years                                                                                    Series  81

 [B] Entire series, effect on correlation (  .883) is:
       Lower   1999> -.011   2001< -.009   2003> -.008   1994> -.007   1993> -.007   2000> -.006  Higher   1997  .008   2012  .008

====================================================================================================================================

 NAC241B   1983 to  2014      32 years                                                                                    Series  82

 [B] Entire series, effect on correlation (  .751) is:
       Lower   1983< -.112   1984> -.024   1988> -.019   1985< -.013   1993> -.006   1998> -.006  Higher   2010  .034   1990  .031

 [E] Outliers     1   3.0 SD above or -4.5 SD below mean for year
       1983 -4.8 SD
====================================================================================================================================

 NAC242A   1984 to  2022      39 years                                                                                    Series  83

 [B] Entire series, effect on correlation (  .761) is:
       Lower   1989< -.027   1985> -.024   2015< -.021   2016> -.017   2003> -.012   2014< -.011  Higher   1995  .039   2010  .027

====================================================================================================================================

 NAC242B   1983 to  2022      40 years                                                                                    Series  84

 [B] Entire series, effect on correlation (  .681) is:
       Lower   2014> -.034   1985> -.028   2009< -.023   2000> -.021   2012> -.018   2020< -.017  Higher   1995  .055   2010  .033

 [E] Outliers     1   3.0 SD above or -4.5 SD below mean for year
       1985 +3.2 SD
====================================================================================================================================
PART 7:  DESCRIPTIVE STATISTICS:                                                                   10:06  Wed 21 Dec 2022  Page   7
------------------------------------------------------------------------------------------------------------------------------------

                                                Corr   //-------- Unfiltered --------\\  //---- Filtered -----\\
                           No.    No.    No.    with   Mean   Max     Std   Auto   Mean   Max     Std   Auto  AR
 Seq Series   Interval   Years  Segmt  Flags   Master  msmt   msmt    dev   corr   sens  value    dev   corr  ()
 --- -------- ---------  -----  -----  -----   ------ -----  -----  -----  -----  -----  -----  -----  -----  --
   1 NAC201A  1986 2021     36      1      0    .884   1.59   7.16  1.643   .616   .734   2.97   .795  -.083   1
   2 NAC201B  1986 2022     37      1      0    .872   1.18   5.68  1.171   .530   .655   2.99   .628  -.091   2
   3 NAC202A  1986 2022     37      1      0    .862   1.05   5.95  1.308   .645   .848   2.76   .553  -.115   1
   4 NAC202B  1987 2022     36      1      0    .913   1.43   7.43  1.584   .506   .770   2.95   .757  -.149   2
   5 NAC203A  1988 2022     35      1      0    .859   1.17   3.58   .967   .575   .593   3.02   .624  -.096   2
   6 NAC203B  1988 2022     35      1      0    .682   1.37   5.27  1.276   .569   .632   2.80   .578   .051   5
   7 NAC204A  1987 2022     36      1      0    .540   1.08   3.80   .970   .502   .850   2.53   .503  -.042   6
   8 NAC204B  1987 2022     36      1      0    .756    .78   2.58   .731   .617   .800   2.88   .723   .062   1
   9 NAC205A  1987 2022     36      1      0    .906   1.43   6.61  1.480   .513   .790   2.96   .619  -.177   1
  10 NAC205B  1987 2022     36      1      0    .883    .99   5.66  1.152   .476   .796   3.00   .805  -.187   1
  11 NAC206A  1990 2022     33      1      0    .855   1.16   6.42  1.357   .538   .909   2.91   .533   .040   1
  12 NAC206B  1990 2022     33      1      0    .856    .83   5.82  1.095   .483   .803   2.98   .573  -.181   1
  13 NAC207A  1987 2022     36      1      0    .883    .68   2.68   .621   .222   .788   2.86   .694  -.125   1
  14 NAC207B  1988 2022     35      1      0    .666   1.24   5.18  1.155   .378   .751   2.76   .594  -.047   6
  15 NAC208A  1989 2022     34      1      0    .820   1.00   4.29   .986   .597   .636   3.11   .682   .055   1
  16 NAC208B  1989 2022     34      1      0    .900    .91   3.73   .887   .518   .656   2.83   .596  -.057   1
  17 NAC209A  1987 2015     29      1      0    .581   1.11   3.21   .841   .261   .651   2.61   .474   .019   5
  18 NAC209B  1987 2022     36      1      0    .591   1.25   3.95  1.106   .365   .681   2.78   .613   .246   5
  19 NAC210A  1985 2022     38      1      0    .862   1.59   5.04  1.322   .520   .585   2.79   .595  -.089   2
  20 NAC210B  1986 2022     37      1      0    .853   1.05   4.45  1.063   .477   .695   2.91   .664   .044   1
  21 NAC211A  1981 2014     34      1      0    .796   1.03   3.98   .904   .617   .587   2.76   .589  -.052   1
  22 NAC211B  1982 2014     33      1      0    .446   1.20   5.06  1.225   .721   .827   2.79   .665  -.093   1
  23 NAC212A  1985 2022     38      1      0    .748   1.75   6.52  1.415   .591   .526   2.71   .531  -.052   2
  24 NAC212B  1985 2022     38      1      0    .718   1.18   4.01   .895   .464   .627   2.75   .664   .002   4
  25 NAC213A  1980 2012     33      1      0    .807   1.59   4.57  1.241   .450   .642   2.51   .431  -.062   2
  26 NAC213B  1980 2012     33      1      0    .814   1.65   5.26  1.397   .474   .706   2.70   .659  -.108   1
  27 NAC214A  1988 2022     35      1      0    .778   1.12   3.19   .800   .288   .638   2.97   .653  -.074   2
  28 NAC214B  1989 2022     34      1      0    .676   1.15   3.91   .881   .286   .575   2.78   .575  -.097   2
  29 NAC215A  1988 2012     25      1      0    .441   1.36   4.56  1.194   .404   .783   2.64   .660   .226   5
  30 NAC215b  1988 2016     29      1      0    .690   1.09   3.94  1.100   .431   .847   2.80   .641  -.026   4
  31 NAC216A  1988 2017     30      1      0    .756   1.48   4.12  1.170   .382   .788   2.75   .578  -.039   1
  32 NAC216B  1988 2004     17      1      0    .852   1.56   3.35   .959   .304   .630   2.90   .810  -.047   1
  33 NAC217A  1984 2015     32      1      0    .845    .95   4.22  1.002   .297   .935   3.16   .640   .069   1
  34 NAC217B  1989 2013     25      1      0    .891    .99   3.89  1.018   .317   .971   3.15   .826   .042   1
  35 NAC218A  1981 2016     36      1      0    .824   1.13   5.17  1.160   .446   .752   2.91   .589  -.012   2
  36 NAC218B  1981 2016     36      1      0    .823   1.05   4.01   .938   .437   .760   2.78   .636  -.044   2
  37 NAC219A  1983 2022     40      1      0    .880   1.00   2.79   .750   .248   .626   2.86   .713  -.069   1
  38 NAC219B  1983 2022     40      1      0    .835   1.34   4.03  1.084   .424   .599   2.81   .608  -.076   1
  39 NAC220A  1984 2016     33      1      0    .820    .89   4.22   .917   .419   .827   3.03   .678  -.088   1
  40 NAC220B  1984 2011     28      1      0    .843    .79   2.92   .666   .420   .705   2.96   .729   .036   1
  41 NAC221A  1985 2022     38      1      0    .806    .98   6.09  1.167   .446   .740   2.90   .637  -.024   2
  42 NAC221B  1984 2022     39      1      0    .866   1.30   4.67  1.162   .526   .628   2.86   .626  -.048   2
  43 NAC222A  1981 2012     32      1      0    .850   1.69   5.86  1.353   .396   .651   2.87   .682  -.052   1
  44 NAC222B  1981 2012     32      1      0    .758   1.22   3.97   .987   .509   .602   2.85   .762  -.042   3
  45 NAC223A  1986 2022     37      1      0    .864    .87   3.68   .798   .410   .717   2.82   .626  -.126   3
  46 NAC223B  1985 2022     38      1      0    .848   1.45   5.91  1.361   .399   .736   2.91   .581  -.166   2
  47 NAC224A  1988 2022     35      1      0    .880   1.06   4.54  1.131   .650   .717   3.09   .617  -.100   2
  48 NAC224B  1987 2018     32      1      0    .612   1.28   3.35  1.038   .509   .669   2.61   .526  -.044   6
PART 7:  DESCRIPTIVE STATISTICS:                                                                   10:06  Wed 21 Dec 2022  Page   8
------------------------------------------------------------------------------------------------------------------------------------

                                                Corr   //-------- Unfiltered --------\\  //---- Filtered -----\\
                           No.    No.    No.    with   Mean   Max     Std   Auto   Mean   Max     Std   Auto  AR
 Seq Series   Interval   Years  Segmt  Flags   Master  msmt   msmt    dev   corr   sens  value    dev   corr  ()
 --- -------- ---------  -----  -----  -----   ------ -----  -----  -----  -----  -----  -----  -----  -----  --
  49 NAC225A  1981 2008     28      1      0    .693   1.58   5.84  1.432   .640   .524   2.79   .615  -.022   1
  50 NAC225B  1981 2008     28      1      0    .821   1.29   5.28  1.232   .531   .939   2.86   .632   .070   1
  51 NAC226A  1981 2014     34      1      0    .852   1.36   6.86  1.428   .532   .746   2.91   .592  -.063   2
  52 NAC226B  1981 2014     34      1      0    .847   1.30   4.87  1.270   .566   .763   2.74   .559   .028   2
  53 NAC227A  1989 1998     10      1      1    .681   1.58   4.56  1.283   .022   .823   2.79  1.004   .038   1
  54 NAC227B  1989 2022     34      1      0    .833    .87   3.78   .894   .453   .808   3.19   .814  -.020   1
  55 NAC228A  1983 2022     40      1      0    .864   1.47   7.18  1.501   .546   .531   2.75   .552  -.067   1
  56 NAC228B  1983 2022     40      1      0    .847    .89   3.53   .783   .469   .673   3.02   .613  -.131   2
  57 NAC229A  1985 2022     38      1      0    .888   1.14   8.23  1.473   .447   .775   3.09   .612  -.052   1
  58 NAC229B  1984 2022     39      1      0    .896   1.03   3.80  1.067   .599   .830   3.65   .687   .134   1
  59 NAC230A  1982 2013     32      1      0    .895   1.43   6.50  1.386   .474   .689   3.02   .708  -.143   1
  60 NAC230B  1982 2016     35      1      0    .863   1.22   6.33  1.328   .623   .757   3.06   .667  -.091   1
  61 NAC231A  1990 2022     33      1      0    .768    .56   2.18   .481   .227   .862   2.92   .721  -.037   1
  62 NAC231B  1988 2022     35      1      0    .825    .80   2.16   .678   .341   .987   2.74   .589   .011   1
  63 NAC232A  1987 2022     36      1      0    .812   1.21   3.86   .841   .555   .513   2.67   .514  -.073   5
  64 NAC232B  1988 2022     35      1      0    .843   1.91   6.45  1.449   .590   .514   2.82   .643   .010   1
  65 NAC233A  1989 2022     34      1      0    .880   1.50   5.81  1.541   .444   .811   3.16   .699  -.079   1
  66 NAC233B  1989 2022     34      1      0    .852   1.18   5.39  1.196   .399   .903   3.00   .626  -.011   3
  67 NAC234A  1983 2012     30      1      0    .863   1.37   6.70  1.490   .671   .667   3.04   .760  -.096   1
  68 NAC234B  1983 2012     30      1      0    .840   1.32   5.83  1.378   .716   .652   2.82   .648  -.124   1
  69 NAC235A  1985 2015     31      1      0    .675   1.01   3.05   .798   .463   .669   2.81   .526  -.058   2
  70 NAC235B  1985 2022     38      1      0    .762   1.37   6.76  1.527   .591   .816   3.08   .734  -.001   1
  71 NAC236A  1987 2020     34      1      0    .736    .92   4.51  1.037   .410   .861   3.07   .757   .017   2
  72 NAC236B  1987 2020     34      1      0    .828   1.18   5.87  1.278   .470   .791   3.52   .945   .036   1
  73 NAC237A  1984 2014     31      1      0    .787   1.17   4.90  1.193   .497   .726   3.16   .796  -.088   2
  74 NAC237B  1984 2014     31      1      0    .899   1.13   4.64  1.051   .497   .796   2.96   .757  -.100   1
  75 NAC238A  1989 2022     34      1      0    .875   1.01   4.05   .963   .503   .687   2.99   .696   .046   1
  76 NAC238B  1990 2022     33      1      0    .878   1.00   4.18  1.069   .513   .878   3.16   .818   .025   1
  77 NAC239A  1985 2021     37      1      0    .674   1.00   4.49   .981   .621   .775   3.23   .686   .051   1
  78 NAC239B  1985 2022     38      1      0    .826    .98   3.12   .801   .431   .709   2.93   .614  -.038   1
  79 NAC240A  1986 2022     37      1      0    .795   1.38   5.12  1.063   .513   .637   2.81   .553  -.055   2
  80 NAC240B  1986 2022     37      1      0    .731   1.83   5.68  1.349   .575   .555   2.89   .666  -.025   1
  81 NAC241A  1983 2014     32      1      0    .883   1.80   5.60  1.411   .482   .651   2.64   .577  -.135   2
  82 NAC241B  1983 2014     32      1      0    .751   1.79   5.83  1.402   .300   .721   2.98   .639  -.068   1
  83 NAC242A  1984 2022     39      1      0    .761   1.28   3.61   .885   .307   .563   2.87   .573   .000   2
  84 NAC242B  1983 2022     40      1      0    .681   1.06   3.51   .844   .399   .550   2.87   .624  -.050   4
 --- -------- ---------  -----  -----  -----   ------ -----  -----  -----  -----  -----  -----  -----  -----  --
 Total or mean:           2854     84      1    .800   1.21   8.23  1.120   .477   .718   3.65   .646  -.041

                                              - = [  COFECHA CORESCOF  ] = -
