[]  Dendrochronology Program Library                                        Run CORES  Program COF  11:00  Mon 31 Jan 2022  Page   1
[]
[]  P R O G R A M      C O F E C H A                                                                          Version 6.06P    31809
------------------------------------------------------------------------------------------------------------------------------------

 QUALITY CONTROL AND DATING CHECK OF TREE-RING MEASUREMENTS

 File of DATED series:   5-LAN_low2_pinaster_trees.rwl

 CONTENTS:

    Part 1:  Title page, options selected, summary, absent rings by series
    Part 2:  Histogram of time spans
    Part 3:  Master series with sample depth and absent rings by year
    Part 4:  Bar plot of Master Dating Series
    Part 5:  Correlation by segment of each series with Master
    Part 6:  Potential problems: low correlation, divergent year-to-year changes, absent rings, outliers
    Part 7:  Descriptive statistics

 RUN CONTROL OPTIONS SELECTED                             VALUE

         1  Cubic smoothing spline 50% wavelength cutoff for filtering
                                                            32 years
         2  Segments examined are                           50 years lagged successively by  25 years
         3  Autoregressive model applied                     A  Residuals are used in master dating series and testing
         4  Series transformed to logarithms                 Y  Each series log-transformed for master dating series and testing
         5  CORRELATION is Pearson (parametric, quantitative)
            Critical correlation, 99% confidence level   .3281
         6  Master dating series saved                       N
         7  Ring measurements listed                         N
         8  Parts printed                              1234567 
         9  Absent rings are omitted from master series and segment correlations  (Y)

 Time span of Master dating series is  1960 to  2021    62 years
 Continuous time span is               1960 to  2021    62 years
 Portion with two or more series is    1962 to  2021    60 years


                                        ****************************************
                                        *C* Number of dated series        37 *C*
                                        *O* Master series 1960 2021   62 yrs *O*
                                        *F* Total rings in all series   2025 *F*
                                        *E* Total dated rings checked   2023 *E*
                                        *C* Series intercorrelation     .820 *C*
                                        *H* Average mean sensitivity    .535 *H*
                                        *A* Segments, possible problems    0 *A*
                                        *** Mean length of series       54.7 ***
                                        ****************************************

 ABSENT RINGS listed by SERIES:            (See Master Dating Series for absent rings listed by year)

 LA2L03      1 absent rings:   1995
 LA2L07      1 absent rings:   1995
 LA2L29      1 absent rings:   1995
 LA2L34      1 absent rings:   1995

             4 absent rings    .198%
PART 2:  TIME PLOT OF TREE-RING SERIES:                                                            11:00  Mon 31 Jan 2022  Page   2
------------------------------------------------------------------------------------------------------------------------------------
 1050 1100 1150 1200 1250 1300 1350 1400 1450 1500 1550 1600 1650 1700 1750 1800 1850 1900 1950 2000 2050 Ident   Seq Time-span  Yrs
   :    :    :    :    :    :    :    :    :    :    :    :    :    :    :    :    :    :    :    :    : -------- --- ---- ---- ----
   .    .    .    .    .    .    .    .    .    .    .    .    .    .    .    .    .    .    .<=====>  . LA2L01     1 1968 2021   54
   .    .    .    .    .    .    .    .    .    .    .    .    .    .    .    .    .    .    .<=====>  . LA2L02     2 1964 2020   57
   .    .    .    .    .    .    .    .    .    .    .    .    .    .    .    .    .    .    .<====>   . LA2L03     3 1966 2013   48
   .    .    .    .    .    .    .    .    .    .    .    .    .    .    .    .    .    .    .<=====>  . LA2L04     4 1968 2021   54
   .    .    .    .    .    .    .    .    .    .    .    .    .    .    .    .    .    .    .<=====>  . LA2L05     5 1963 2021   59
   .    .    .    .    .    .    .    .    .    .    .    .    .    .    .    .    .    .    .<=====>  . LA2L06     6 1965 2021   57
   .    .    .    .    .    .    .    .    .    .    .    .    .    .    .    .    .    .    .<====>   . LA2L07     7 1966 2017   52
   .    .    .    .    .    .    .    .    .    .    .    .    .    .    .    .    .    .    .<====>   . LA2L08     8 1963 2016   54
   .    .    .    .    .    .    .    .    .    .    .    .    .    .    .    .    .    .    .<====>   . LA2L09     9 1968 2019   52
   .    .    .    .    .    .    .    .    .    .    .    .    .    .    .    .    .    .    .<=====>  . LA2L10    10 1969 2021   53
   .    .    .    .    .    .    .    .    .    .    .    .    .    .    .    .    .    .    .<=====>  . LA2L11    11 1966 2021   56
   .    .    .    .    .    .    .    .    .    .    .    .    .    .    .    .    .    .    .<=====>  . LA2L12    12 1969 2021   53
   .    .    .    .    .    .    .    .    .    .    .    .    .    .    .    .    .    .    .<=====>  . LA2L13    13 1966 2021   56
   .    .    .    .    .    .    .    .    .    .    .    .    .    .    .    .    .    .    . <====>  . LA2L14    14 1970 2021   52
   .    .    .    .    .    .    .    .    .    .    .    .    .    .    .    .    .    .    .<=====>  . LA2L15    15 1962 2021   60
   .    .    .    .    .    .    .    .    .    .    .    .    .    .    .    .    .    .    .<====>   . LA2L16    16 1964 2019   56
   .    .    .    .    .    .    .    .    .    .    .    .    .    .    .    .    .    .    .<=====>  . LA2L17    17 1967 2021   55
   .    .    .    .    .    .    .    .    .    .    .    .    .    .    .    .    .    .    . <====>  . LA2L18    18 1971 2021   51
   .    .    .    .    .    .    .    .    .    .    .    .    .    .    .    .    .    .    .<=====>  . LA2L19    19 1965 2021   57
   .    .    .    .    .    .    .    .    .    .    .    .    .    .    .    .    .    .    .<====>   . LA2L20    20 1967 2018   52
   .    .    .    .    .    .    .    .    .    .    .    .    .    .    .    .    .    .    . <====>  . LA2L21    21 1974 2021   48
   .    .    .    .    .    .    .    .    .    .    .    .    .    .    .    .    .    .    .<=====>  . LA2L22    22 1968 2021   54
   .    .    .    .    .    .    .    .    .    .    .    .    .    .    .    .    .    .    .<=====>  . LA2L23    23 1965 2021   57
   .    .    .    .    .    .    .    .    .    .    .    .    .    .    .    .    .    .    .<=====>  . LA2L24    24 1967 2021   55
   .    .    .    .    .    .    .    .    .    .    .    .    .    .    .    .    .    .    .<=====>  . LA2L25    25 1965 2021   57
   .    .    .    .    .    .    .    .    .    .    .    .    .    .    .    .    .    .    .<=====>  . LA2L26    26 1967 2021   55
   .    .    .    .    .    .    .    .    .    .    .    .    .    .    .    .    .    .    .<=====>  . LA2L27    27 1967 2021   55
   .    .    .    .    .    .    .    .    .    .    .    .    .    .    .    .    .    .    .<=====>  . LA2L28    28 1964 2021   58
   .    .    .    .    .    .    .    .    .    .    .    .    .    .    .    .    .    .    .<====>   . LA2L29    29 1966 2016   51
   .    .    .    .    .    .    .    .    .    .    .    .    .    .    .    .    .    .    .<=====>  . LA2L30    30 1964 2021   58
   .    .    .    .    .    .    .    .    .    .    .    .    .    .    .    .    .    .    .<=====>  . LA2L31    31 1965 2021   57
   .    .    .    .    .    .    .    .    .    .    .    .    .    .    .    .    .    .    .<====>   . LA2L32    32 1960 2013   54
   .    .    .    .    .    .    .    .    .    .    .    .    .    .    .    .    .    .    .<=====>  . LA2L33    33 1964 2021   58
   .    .    .    .    .    .    .    .    .    .    .    .    .    .    .    .    .    .    .<====>   . LA2L34    34 1962 2011   50
   .    .    .    .    .    .    .    .    .    .    .    .    .    .    .    .    .    .    .<=====>  . LA2L35    35 1962 2021   60
   .    .    .    .    .    .    .    .    .    .    .    .    .    .    .    .    .    .    .<=====>  . LA2L36    36 1968 2021   54
   .    .    .    .    .    .    .    .    .    .    .    .    .    .    .    .    .    .    .<====>   . LA2L37    37 1963 2018   56
   :    :    :    :    :    :    :    :    :    :    :    :    :    :    :    :    :    :    :    :    :
 1050 1100 1150 1200 1250 1300 1350 1400 1450 1500 1550 1600 1650 1700 1750 1800 1850 1900 1950 2000 2050
PART 3:  Master Dating Series:                                                                     11:00  Mon 31 Jan 2022  Page   3
------------------------------------------------------------------------------------------------------------------------------------
  Year  Value  No Ab    Year  Value  No Ab    Year  Value  No Ab    Year  Value  No Ab    Year  Value  No Ab    Year  Value  No Ab
  ------------------    ------------------    ------------------    ------------------    ------------------    ------------------
                        2000  1.250  37
                        2001   .614  37
                        2002   .832  37
                        2003   .994  37
                        2004  1.295  37
                        2005 -1.105  37
                        2006   .081  37
                        2007  -.080  37
                        2008 -1.199  37
                        2009   .013  37

  1960 -1.843   1       2010   .609  37
  1961  -.328   1       2011  1.071  37
  1962 -1.095   4       2012 -1.550  36
  1963   .816   7       2013  1.279  36
  1964   .012  12       2014  -.624  34
  1965 -1.148  17       2015   .589  34
  1966  1.192  22       2016 -1.345  34
  1967  1.092  27       2017  -.758  32
  1968  -.599  32       2018   .674  31
  1969  1.261  34       2019  -.588  29

  1970   .470  35       2020  1.096  27
  1971   .552  36       2021   .741  26
  1972   .682  36
  1973   .091  36
  1974  -.409  37
  1975  -.241  37
  1976   .182  37
  1977 -2.825  37
  1978  -.396  37
  1979   .312  37

  1980   .235  37
  1981 -2.418  37
  1982  -.324  37
  1983 -1.470  37
  1984  -.247  37
  1985   .572  37
  1986   .270  37
  1987  -.561  37
  1988  -.799  37
  1989   .658  37

  1990  1.408  37
  1991   .874  37
  1992  1.188  37
  1993   .080  37
  1994 -1.254  37
  1995 -1.838  37  4
  1996   .341  37
  1997   .743  37
  1998  1.409  37
  1999  -.536  37
------------------------------------------------------------------------------------------------------------------------------------
PART 4:  Master Bar Plot:                                                                          11:00  Mon 31 Jan 2022  Page   4
------------------------------------------------------------------------------------------------------------------------------------
   Year Rel value  Year Rel value  Year Rel value  Year Rel value  Year Rel value  Year Rel value  Year Rel value  Year Rel value
                   2000----------E
                   2001-------B
                   2002--------C
                   2003--------D
                   2004----------E
                   2005-d
                   2006-----@
                   2007----@
                   2008-e
                   2009----@
   1960g           2010-------B
   1961---a        2011---------D
   1962-d          2012f
   1963--------C   2013----------E
   1964----@       2014--b
   1965-e          2015------B
   1966---------E  2016-e
   1967---------D  2017--c
   1968--b         2018-------C
   1969----------E 2019--b
   1970------B     2020---------D
   1971------B     2021-------C
   1972-------C
   1973-----@
   1974---b
   1975---a
   1976-----A
   1977k
   1978---b
   1979-----A
   1980-----A
   1981j
   1982---a
   1983-f
   1984---a
   1985------B
   1986-----A
   1987--b
   1988--c
   1989-------C
   1990----------F
   1991--------C
   1992---------E
   1993-----@
   1994-e
   1995g
   1996-----A
   1997-------C
   1998----------F
   1999--b
PART 5:  CORRELATION OF SERIES BY SEGMENTS:                                                        11:00  Mon 31 Jan 2022  Page   5
------------------------------------------------------------------------------------------------------------------------------------
 Correlations of  50-year dated segments, lagged  25 years
 Flags:  A = correlation under   .3281 but highest as dated;  B = correlation higher at other than dated position

 Seq Series  Time_span   1950 1975
                         1999 2024
 --- -------- ---------  ---- ---- ---- ---- ---- ---- ---- ---- ---- ---- ---- ---- ---- ---- ---- ---- ---- ---- ---- ----
   1 LA2L01   1968 2021   .83  .87
   2 LA2L02   1964 2020   .88  .85
   3 LA2L03   1966 2013   .75
   4 LA2L04   1968 2021   .86  .85
   5 LA2L05   1963 2021   .87  .88
   6 LA2L06   1965 2021   .85  .86
   7 LA2L07   1966 2017   .66  .64
   8 LA2L08   1963 2016   .83  .79
   9 LA2L09   1968 2019   .84  .82
  10 LA2L10   1969 2021   .76  .76
  11 LA2L11   1966 2021   .54  .71
  12 LA2L12   1969 2021   .77  .77
  13 LA2L13   1966 2021   .84  .84
  14 LA2L14   1970 2021   .86  .87
  15 LA2L15   1962 2021   .86  .93
  16 LA2L16   1964 2019   .77  .73
  17 LA2L17   1967 2021   .84  .83
  18 LA2L18   1971 2021   .87  .87
  19 LA2L19   1965 2021   .87  .87
  20 LA2L20   1967 2018   .80  .80
  21 LA2L21   1974 2021   .84
  22 LA2L22   1968 2021   .91  .91
  23 LA2L23   1965 2021   .89  .90
  24 LA2L24   1967 2021   .87  .88
  25 LA2L25   1965 2021   .90  .87
  26 LA2L26   1967 2021   .88  .89
  27 LA2L27   1967 2021   .86  .87
  28 LA2L28   1964 2021   .83  .83
  29 LA2L29   1966 2016   .71  .67
  30 LA2L30   1964 2021   .88  .89
  31 LA2L31   1965 2021   .81  .83
  32 LA2L32   1960 2013   .77  .87
  33 LA2L33   1964 2021   .90  .89
  34 LA2L34   1962 2011   .74
  35 LA2L35   1962 2021   .85  .90
  36 LA2L36   1968 2021   .79  .82
  37 LA2L37   1963 2018   .80  .81
 Av segment correlation   .82  .83
PART 6:  POTENTIAL PROBLEMS:                                                                       11:00  Mon 31 Jan 2022  Page   5
------------------------------------------------------------------------------------------------------------------------------------

 For each series with potential problems the following diagnostics may appear:

 [A] Correlations with master dating series of flagged  50-year segments of series filtered with  32-year spline,
     at every point from ten years earlier (-10) to ten years later (+10) than dated

 [B] Effect of those data values which most lower or raise correlation with master series
     Symbol following year indicates value in series is greater (>) or lesser (<) than master series value

 [C] Year-to-year changes very different from the mean change in other series

 [D] Absent rings (zero values)

 [E] Values which are statistical outliers from mean for the year
====================================================================================================================================

 LA2L01    1968 to  2021      54 years                                                                                    Series   1

 [B] Entire series, effect on correlation (  .829) is:
       Lower   1971< -.021   1968> -.016   1974> -.011   2009< -.010   1970< -.010   2021< -.008  Higher   1977  .027   1981  .010

====================================================================================================================================

 LA2L02    1964 to  2020      57 years                                                                                    Series   2

 [B] Entire series, effect on correlation (  .856) is:
       Lower   2019> -.015   1989< -.009   1971< -.008   1978< -.007   2005> -.006   1965> -.006  Higher   1977  .024   1981  .011

====================================================================================================================================

 LA2L03    1966 to  2013      48 years                                                                                    Series   3

 [B] Entire series, effect on correlation (  .758) is:
       Lower   2012> -.026   1968< -.022   2013< -.019   1984> -.017   1980< -.011   1973< -.007  Higher   1981  .038   2005  .016

 [D]    1 Absent rings:  Year   Master  N series Absent
                         1995   -1.838      37       4

====================================================================================================================================

 LA2L04    1968 to  2021      54 years                                                                                    Series   4

 [B] Entire series, effect on correlation (  .837) is:
       Lower   2019< -.027   1970> -.012   1976< -.010   1974> -.007   1984< -.007   1979> -.004  Higher   1981  .013   1977  .009

====================================================================================================================================

 LA2L05    1963 to  2021      59 years                                                                                    Series   5

 [B] Entire series, effect on correlation (  .881) is:
       Lower   2012> -.013   2008> -.007   1973< -.005   1982< -.005   2009< -.004   2002< -.003  Higher   1977  .011   1995  .005

====================================================================================================================================

 LA2L06    1965 to  2021      57 years                                                                                    Series   6

 [B] Entire series, effect on correlation (  .852) is:
       Lower   1973< -.032   1968< -.007   1974> -.006   2012> -.006   2009< -.005   2005> -.005  Higher   1977  .028   1981  .009

====================================================================================================================================

 LA2L07    1966 to  2017      52 years                                                                                    Series   7

 [B] Entire series, effect on correlation (  .653) is:
       Lower   1968< -.132   1977> -.023   1985< -.009   1998< -.008   1969< -.007   2016> -.007  Higher   1981  .023   2012  .013

 [D]    1 Absent rings:  Year   Master  N series Absent
                         1995   -1.838      37       4

 [E] Outliers     2   3.0 SD above or -4.5 SD below mean for year
       1968 -7.7 SD;    1977 +3.6 SD
====================================================================================================================================

 LA2L08    1963 to  2016      54 years                                                                                    Series   8

 [B] Entire series, effect on correlation (  .798) is:
       Lower   1989< -.017   2013< -.012   1975< -.012   1980> -.011   2014> -.010   2015< -.007  Higher   1981  .026   2005  .008

====================================================================================================================================

 LA2L09    1968 to  2019      52 years                                                                                    Series   9

 [B] Entire series, effect on correlation (  .829) is:
       Lower   1984< -.012   2019> -.009   1981> -.008   1978< -.008   2009< -.007   1974> -.007  Higher   1977  .020   2013  .007

====================================================================================================================================

 LA2L10    1969 to  2021      53 years                                                                                    Series  10

 [B] Entire series, effect on correlation (  .768) is:
       Lower   1984< -.027   1977> -.016   1994> -.016   1982< -.009   1989< -.009   2012> -.008  Higher   1981  .027   2005  .010

====================================================================================================================================

 LA2L11    1966 to  2021      56 years                                                                                    Series  11

 [B] Entire series, effect on correlation (  .573) is:
       Lower   1966< -.129   1977> -.040   1980< -.039   1968> -.020   1984> -.007   1979< -.006  Higher   1981  .033   2012  .025

 [E] Outliers     3   3.0 SD above or -4.5 SD below mean for year
       1966 -6.0 SD;    1977 +3.9 SD;    1980 -5.0 SD
====================================================================================================================================

 LA2L12    1969 to  2021      53 years                                                                                    Series  12

 [B] Entire series, effect on correlation (  .775) is:
       Lower   1995> -.026   1988> -.015   1977> -.013   2016> -.010   2011< -.010   2009> -.008  Higher   1981  .027   2012  .012

====================================================================================================================================

 LA2L13    1966 to  2021      56 years                                                                                    Series  13

 [B] Entire series, effect on correlation (  .838) is:
       Lower   1978< -.022   1979< -.009   1989< -.009   1971< -.009   2009> -.006   1984> -.006  Higher   1977  .033   2012  .009

====================================================================================================================================

 LA2L14    1970 to  2021      52 years                                                                                    Series  14

 [B] Entire series, effect on correlation (  .864) is:
       Lower   1981> -.018   1995> -.013   1991< -.007   1979> -.007   1976< -.006   2009< -.005  Higher   1977  .029   2012  .008

====================================================================================================================================

 LA2L15    1962 to  2021      60 years                                                                                    Series  15

 [B] Entire series, effect on correlation (  .878) is:
       Lower   1965> -.024   1964> -.011   1962< -.008   1983> -.004   2008> -.004   1963< -.004  Higher   1977  .021   1981  .011

====================================================================================================================================

 LA2L16    1964 to  2019      56 years                                                                                    Series  16

 [B] Entire series, effect on correlation (  .742) is:
       Lower   1981> -.021   2010< -.016   2009< -.013   1980> -.010   1989< -.010   2016> -.007  Higher   1977  .047   2012  .018

 [E] Outliers     1   3.0 SD above or -4.5 SD below mean for year
       1981 +3.5 SD
====================================================================================================================================

 LA2L17    1967 to  2021      55 years                                                                                    Series  17

 [B] Entire series, effect on correlation (  .839) is:
       Lower   1977> -.035   1980< -.013   1995> -.009   2015< -.007   1979< -.006   1974< -.005  Higher   1981  .021   2012  .012

====================================================================================================================================

 LA2L18    1971 to  2021      51 years                                                                                    Series  18

 [B] Entire series, effect on correlation (  .867) is:
       Lower   2017< -.019   1977> -.016   1978> -.012   1986< -.010   2002< -.006   2008> -.004  Higher   2012  .010   2005  .007

====================================================================================================================================

 LA2L19    1965 to  2021      57 years                                                                                    Series  19

 [B] Entire series, effect on correlation (  .865) is:
       Lower   1995< -.016   2008> -.009   1996< -.006   1968> -.005   1978> -.004   2016> -.003  Higher   1977  .019   1981  .016

====================================================================================================================================

 LA2L20    1967 to  2018      52 years                                                                                    Series  20

 [B] Entire series, effect on correlation (  .796) is:
       Lower   1981> -.018   1988> -.011   2010< -.008   1970< -.008   1985< -.007   1998< -.006  Higher   1977  .043   2012  .018

 [E] Outliers     1   3.0 SD above or -4.5 SD below mean for year
       1981 +3.1 SD
====================================================================================================================================

 LA2L21    1974 to  2021      48 years                                                                                    Series  21

 [B] Entire series, effect on correlation (  .842) is:
       Lower   1974> -.020   2017> -.015   1981> -.015   1980> -.012   2009< -.008   2019> -.006  Higher   1977  .033   2012  .011

 [E] Outliers     1   3.0 SD above or -4.5 SD below mean for year
       1981 +3.1 SD
====================================================================================================================================

 LA2L22    1968 to  2021      54 years                                                                                    Series  22

 [B] Entire series, effect on correlation (  .914) is:
       Lower   1995> -.015   2009> -.006   1979< -.005   1997< -.004   1998< -.003   1985< -.003  Higher   1977  .012   2012  .006

====================================================================================================================================

 LA2L23    1965 to  2021      57 years                                                                                    Series  23

 [B] Entire series, effect on correlation (  .901) is:
       Lower   1987< -.012   1983> -.006   1996< -.006   1997< -.004   2008> -.004   1984> -.004  Higher   1981  .011   1977  .010

====================================================================================================================================

 LA2L24    1967 to  2021      55 years                                                                                    Series  24

 [B] Entire series, effect on correlation (  .879) is:
       Lower   1990< -.013   1975< -.007   1984> -.007   1989< -.006   1985> -.006   1979> -.005  Higher   1977  .023   2016  .005

====================================================================================================================================

 LA2L25    1965 to  2021      57 years                                                                                    Series  25

 [B] Entire series, effect on correlation (  .873) is:
       Lower   2019< -.022   2008> -.014   2014> -.010   1983> -.005   1986> -.005   2016> -.004  Higher   1977  .024   1981  .015

====================================================================================================================================

 LA2L26    1967 to  2021      55 years                                                                                    Series  26

 [B] Entire series, effect on correlation (  .878) is:
       Lower   1979< -.009   2014> -.009   1971< -.007   1983> -.007   1967> -.006   2018< -.005  Higher   1977  .024   1981  .009

====================================================================================================================================

 LA2L27    1967 to  2021      55 years                                                                                    Series  27

 [B] Entire series, effect on correlation (  .855) is:
       Lower   1980< -.012   1968> -.011   1979< -.008   1970< -.008   1993< -.006   2009< -.005  Higher   1981  .016   1977  .011

====================================================================================================================================

 LA2L28    1964 to  2021      58 years                                                                                    Series  28

 [B] Entire series, effect on correlation (  .807) is:
       Lower   1965< -.025   1977> -.021   2016< -.016   2021< -.007   1985< -.006   2017> -.005  Higher   2012  .016   1981  .014

====================================================================================================================================

 LA2L29    1966 to  2016      51 years                                                                                    Series  29

 [B] Entire series, effect on correlation (  .684) is:
       Lower   1968< -.081   2016> -.023   1977> -.011   1970< -.010   1980< -.010   2015< -.005  Higher   2012  .032   2005  .013

 [D]    1 Absent rings:  Year   Master  N series Absent
                         1995   -1.838      37       4

====================================================================================================================================

 LA2L30    1964 to  2021      58 years                                                                                    Series  30

 [B] Entire series, effect on correlation (  .874) is:
       Lower   1968> -.014   1983< -.013   1973> -.008   2008> -.007   2017> -.005   1964< -.004  Higher   1977  .019   2005  .005

====================================================================================================================================

 LA2L31    1965 to  2021      57 years                                                                                    Series  31

 [B] Entire series, effect on correlation (  .820) is:
       Lower   2008< -.034   1968> -.012   1981> -.010   1974< -.006   1971< -.005   2014> -.004  Higher   1977  .026   1995  .007

====================================================================================================================================

 LA2L32    1960 to  2013      54 years                                                                                    Series  32

 [*] Early part of series cannot be checked from 1960 to 1961 -- not matched by another series

 [B] Entire series, effect on correlation (  .783) is:
       Lower   1962> -.086   2011< -.012   1970< -.007   1988> -.006   1989< -.004   2006< -.004  Higher   1977  .024   1981  .023

 [E] Outliers     1   3.0 SD above or -4.5 SD below mean for year
       1962 +5.0 SD
====================================================================================================================================

 LA2L33    1964 to  2021      58 years                                                                                    Series  33

 [B] Entire series, effect on correlation (  .881) is:
       Lower   1964> -.010   2009< -.007   2012> -.007   2019> -.007   2017< -.006   2021< -.004  Higher   1977  .022   1981  .014

====================================================================================================================================

 LA2L34    1962 to  2011      50 years                                                                                    Series  34

 [B] Entire series, effect on correlation (  .751) is:
       Lower   2008< -.030   1977> -.026   1967< -.014   1998< -.008   1964> -.008   2011< -.008  Higher   1981  .030   2005  .011

 [D]    1 Absent rings:  Year   Master  N series Absent
                         1995   -1.838      37       4

 [E] Outliers     2   3.0 SD above or -4.5 SD below mean for year
       1977 +3.3 SD;    2008 -5.2 SD
====================================================================================================================================

 LA2L35    1962 to  2021      60 years                                                                                    Series  35

 [B] Entire series, effect on correlation (  .861) is:
       Lower   1968> -.030   1965> -.013   2001< -.005   2010< -.005   1991< -.004   1963< -.004  Higher   1977  .025   1981  .009

 [E] Outliers     1   3.0 SD above or -4.5 SD below mean for year
       1968 +3.4 SD
====================================================================================================================================

 LA2L36    1968 to  2021      54 years                                                                                    Series  36

 [B] Entire series, effect on correlation (  .801) is:
       Lower   1968> -.026   1978< -.012   2016> -.010   1995> -.010   1984> -.006   2009> -.004  Higher   2012  .012   1981  .009

====================================================================================================================================

 LA2L37    1963 to  2018      56 years                                                                                    Series  37

 [B] Entire series, effect on correlation (  .777) is:
       Lower   1968> -.025   2016> -.020   1963< -.015   2018< -.012   1980< -.009   1990< -.008  Higher   1981  .028   2012  .016

====================================================================================================================================

 [*] All segments correlate highest as dated with correlation with master series over   .3281
PART 7:  DESCRIPTIVE STATISTICS:                                                                   11:00  Mon 31 Jan 2022  Page   6
------------------------------------------------------------------------------------------------------------------------------------

                                                Corr   //-------- Unfiltered --------\\  //---- Filtered -----\\
                           No.    No.    No.    with   Mean   Max     Std   Auto   Mean   Max     Std   Auto  AR
 Seq Series   Interval   Years  Segmt  Flags   Master  msmt   msmt    dev   corr   sens  value    dev   corr  ()
 --- -------- ---------  -----  -----  -----   ------ -----  -----  -----  -----  -----  -----  -----  -----  --
   1 LA2L01   1968 2021     54      2      0    .829   1.15   3.90   .841   .796   .497   2.54   .492  -.004   1
   2 LA2L02   1964 2020     57      2      0    .856    .91   4.35  1.051   .927   .592   2.57   .481   .022   1
   3 LA2L03   1966 2013     48      1      0    .758    .82   5.93  1.078   .900   .684   2.78   .637  -.048   1
   4 LA2L04   1968 2021     54      2      0    .837   1.54   5.06   .958   .545   .566   2.77   .680  -.063   3
   5 LA2L05   1963 2021     59      2      0    .881   1.18   4.14   .882   .797   .433   2.70   .445   .017   1
   6 LA2L06   1965 2021     57      2      0    .852   1.00   5.74  1.016   .710   .760   2.79   .579  -.007   1
   7 LA2L07   1966 2017     52      2      0    .653   1.17   7.21  1.562   .932   .627   2.50   .408  -.016   1
   8 LA2L08   1963 2016     54      2      0    .798   1.05   5.97  1.158   .814   .542   2.71   .675  -.016   1
   9 LA2L09   1968 2019     52      2      0    .829    .79   4.16   .859   .845   .609   2.61   .434   .077   1
  10 LA2L10   1969 2021     53      2      0    .768    .98   4.71   .783   .596   .667   2.91   .670   .030   1
  11 LA2L11   1966 2021     56      2      0    .573   1.03   4.96  1.253   .926   .606   2.67   .626  -.055   2
  12 LA2L12   1969 2021     53      2      0    .775   1.36   7.38  1.565   .946   .519   2.55   .518  -.045   3
  13 LA2L13   1966 2021     56      2      0    .838   1.49   7.11  1.517   .872   .520   2.71   .554   .044   1
  14 LA2L14   1970 2021     52      2      0    .864    .84   3.31   .684   .791   .487   2.67   .554  -.053   1
  15 LA2L15   1962 2021     60      2      0    .878   1.37   5.54  1.300   .878   .475   2.56   .611  -.073   1
  16 LA2L16   1964 2019     56      2      0    .742    .80   3.48   .886   .900   .461   2.96   .608   .079   1
  17 LA2L17   1967 2021     55      2      0    .839   1.38   7.58  1.707   .937   .477   2.58   .644  -.028   2
  18 LA2L18   1971 2021     51      2      0    .867    .85   2.72   .577   .717   .475   2.66   .677  -.055   1
  19 LA2L19   1965 2021     57      2      0    .865   1.06   3.31   .788   .822   .477   2.60   .579   .013   1
  20 LA2L20   1967 2018     52      2      0    .796    .87   5.77  1.187   .912   .539   2.63   .576  -.144   1
  21 LA2L21   1974 2021     48      1      0    .842    .67   1.84   .426   .639   .519   2.57   .527  -.023   1
  22 LA2L22   1968 2021     54      2      0    .914   1.63   7.34  1.593   .863   .496   2.73   .496  -.067   1
  23 LA2L23   1965 2021     57      2      0    .901   1.25   4.93  1.108   .874   .417   2.63   .470  -.030   1
  24 LA2L24   1967 2021     55      2      0    .879   1.24   6.03  1.213   .827   .546   2.74   .608   .005   1
  25 LA2L25   1965 2021     57      2      0    .873   1.12   4.45   .979   .869   .415   2.66   .578  -.036   1
  26 LA2L26   1967 2021     55      2      0    .878   1.36   5.80  1.096   .830   .401   2.85   .530  -.046   1
  27 LA2L27   1967 2021     55      2      0    .855   1.27   4.74  1.184   .885   .479   2.65   .743   .154   2
  28 LA2L28   1964 2021     58      2      0    .807   1.05   4.59  1.370   .929   .580   2.70   .549  -.138   1
  29 LA2L29   1966 2016     51      2      0    .684    .91   5.69  1.346   .968   .637   2.73   .470  -.159   1
  30 LA2L30   1964 2021     58      2      0    .874   1.00   3.13   .819   .855   .478   2.52   .602  -.079   1
  31 LA2L31   1965 2021     57      2      0    .820    .85   3.89   .905   .873   .578   2.56   .531   .035   2
  32 LA2L32   1960 2013     54      2      0    .783   1.24   6.79  1.607   .924   .517   2.56   .525  -.041   1
  33 LA2L33   1964 2021     58      2      0    .881   1.13   3.40   .745   .741   .448   2.53   .565  -.041   1
  34 LA2L34   1962 2011     50      1      0    .751    .97   4.93  1.108   .843   .661   2.63   .516  -.022   1
  35 LA2L35   1962 2021     60      2      0    .861   1.01   3.63   .943   .884   .526   2.67   .518  -.107   1
  36 LA2L36   1968 2021     54      2      0    .801    .92   3.10   .648   .521   .626   2.71   .579  -.078   1
  37 LA2L37   1963 2018     56      2      0    .777   1.01   4.72  1.278   .937   .518   2.80   .560   .036   1
 --- -------- ---------  -----  -----  -----   ------ -----  -----  -----  -----  -----  -----  -----  -----  --
 Total or mean:           2025     71      0    .820   1.09   7.58  1.083   .834   .535   2.96   .563  -.026

                                              - = [  COFECHA CORESCOF  ] = -
