[]  Dendrochronology Program Library                                        Run CORES  Program COF  11:02  Mon 31 Jan 2022  Page   1
[]
[]  P R O G R A M      C O F E C H A                                                                          Version 6.06P    31809
------------------------------------------------------------------------------------------------------------------------------------

 QUALITY CONTROL AND DATING CHECK OF TREE-RING MEASUREMENTS

 File of DATED series:   5-LAN_low2_pinaster_cores.rwl

 CONTENTS:

    Part 1:  Title page, options selected, summary, absent rings by series
    Part 2:  Histogram of time spans
    Part 3:  Master series with sample depth and absent rings by year
    Part 4:  Bar plot of Master Dating Series
    Part 5:  Correlation by segment of each series with Master
    Part 6:  Potential problems: low correlation, divergent year-to-year changes, absent rings, outliers
    Part 7:  Descriptive statistics

 RUN CONTROL OPTIONS SELECTED                             VALUE

         1  Cubic smoothing spline 50% wavelength cutoff for filtering
                                                            32 years
         2  Segments examined are                           50 years lagged successively by  25 years
         3  Autoregressive model applied                     A  Residuals are used in master dating series and testing
         4  Series transformed to logarithms                 Y  Each series log-transformed for master dating series and testing
         5  CORRELATION is Pearson (parametric, quantitative)
            Critical correlation, 99% confidence level   .3281
         6  Master dating series saved                       N
         7  Ring measurements listed                         N
         8  Parts printed                              1234567 
         9  Absent rings are omitted from master series and segment correlations  (Y)

 Time span of Master dating series is  1960 to  2021    62 years
 Continuous time span is               1960 to  2021    62 years
 Portion with two or more series is    1960 to  2021    62 years


                                        ****************************************
                                        *C* Number of dated series        74 *C*
                                        *O* Master series 1960 2021   62 yrs *O*
                                        *F* Total rings in all series   3919 *F*
                                        *E* Total dated rings checked   3919 *E*
                                        *C* Series intercorrelation     .791 *C*
                                        *H* Average mean sensitivity    .548 *H*
                                        *A* Segments, possible problems    0 *A*
                                        *** Mean length of series       53.0 ***
                                        ****************************************

 ABSENT RINGS listed by SERIES:            (See Master Dating Series for absent rings listed by year)

 LA2L03B     1 absent rings:   1995
 LA2L07B     1 absent rings:   1995
 LA2L29A     1 absent rings:   1995
 LA2L34B     1 absent rings:   1995

             4 absent rings    .102%
PART 2:  TIME PLOT OF TREE-RING SERIES:                                                            11:02  Mon 31 Jan 2022  Page   2
------------------------------------------------------------------------------------------------------------------------------------
 1050 1100 1150 1200 1250 1300 1350 1400 1450 1500 1550 1600 1650 1700 1750 1800 1850 1900 1950 2000 2050 Ident   Seq Time-span  Yrs
   :    :    :    :    :    :    :    :    :    :    :    :    :    :    :    :    :    :    :    :    : -------- --- ---- ---- ----
   .    .    .    .    .    .    .    .    .    .    .    .    .    .    .    .    .    .    .<=====>  . LA2L01A    1 1968 2021   54
   .    .    .    .    .    .    .    .    .    .    .    .    .    .    .    .    .    .    .<=====>  . LA2L01B    2 1968 2021   54
   .    .    .    .    .    .    .    .    .    .    .    .    .    .    .    .    .    .    .<====>   . LA2L02A    3 1964 2018   55
   .    .    .    .    .    .    .    .    .    .    .    .    .    .    .    .    .    .    .<=====>  . LA2L02B    4 1965 2020   56
   .    .    .    .    .    .    .    .    .    .    .    .    .    .    .    .    .    .    .<====>   . LA2L03A    5 1966 2012   47
   .    .    .    .    .    .    .    .    .    .    .    .    .    .    .    .    .    .    .<====>   . LA2L03B    6 1966 2013   48
   .    .    .    .    .    .    .    .    .    .    .    .    .    .    .    .    .    .    .<=====>  . LA2L04A    7 1968 2021   54
   .    .    .    .    .    .    .    .    .    .    .    .    .    .    .    .    .    .    .<=====>  . LA2L04B    8 1968 2021   54
   .    .    .    .    .    .    .    .    .    .    .    .    .    .    .    .    .    .    .<=====>  . LA2L05A    9 1963 2021   59
   .    .    .    .    .    .    .    .    .    .    .    .    .    .    .    .    .    .    .<=====>  . LA2L05B   10 1963 2021   59
   .    .    .    .    .    .    .    .    .    .    .    .    .    .    .    .    .    .    .<=====>  . LA2L06A   11 1965 2021   57
   .    .    .    .    .    .    .    .    .    .    .    .    .    .    .    .    .    .    .<=====>  . LA2L06B   12 1965 2021   57
   .    .    .    .    .    .    .    .    .    .    .    .    .    .    .    .    .    .    .<====>   . LA2L07A   13 1967 2017   51
   .    .    .    .    .    .    .    .    .    .    .    .    .    .    .    .    .    .    .<====>   . LA2L07B   14 1966 2015   50
   .    .    .    .    .    .    .    .    .    .    .    .    .    .    .    .    .    .    .<====>   . LA2L08A   15 1963 2016   54
   .    .    .    .    .    .    .    .    .    .    .    .    .    .    .    .    .    .    .<====>   . LA2L08B   16 1963 2016   54
   .    .    .    .    .    .    .    .    .    .    .    .    .    .    .    .    .    .    .<====>   . LA2L09A   17 1968 2019   52
   .    .    .    .    .    .    .    .    .    .    .    .    .    .    .    .    .    .    .<====>   . LA2L09B   18 1968 2017   50
   .    .    .    .    .    .    .    .    .    .    .    .    .    .    .    .    .    .    .<=> .    . LA2L10A   19 1969 1989   21
   .    .    .    .    .    .    .    .    .    .    .    .    .    .    .    .    .    .    .<=====>  . LA2L10B   20 1969 2021   53
   .    .    .    .    .    .    .    .    .    .    .    .    .    .    .    .    .    .    .<=====>  . LA2L11A   21 1966 2021   56
   .    .    .    .    .    .    .    .    .    .    .    .    .    .    .    .    .    .    .<====>   . LA2L11B   22 1966 2016   51
   .    .    .    .    .    .    .    .    .    .    .    .    .    .    .    .    .    .    .<=====>  . LA2L12A   23 1969 2021   53
   .    .    .    .    .    .    .    .    .    .    .    .    .    .    .    .    .    .    .<=====>  . LA2L12B   24 1969 2021   53
   .    .    .    .    .    .    .    .    .    .    .    .    .    .    .    .    .    .    .<=====>  . LA2L13A   25 1966 2021   56
   .    .    .    .    .    .    .    .    .    .    .    .    .    .    .    .    .    .    .<====>   . LA2L13B   26 1966 2011   46
   .    .    .    .    .    .    .    .    .    .    .    .    .    .    .    .    .    .    . <====>  . LA2L14A   27 1970 2021   52
   .    .    .    .    .    .    .    .    .    .    .    .    .    .    .    .    .    .    . <===>   . LA2L14B   28 1970 2019   50
   .    .    .    .    .    .    .    .    .    .    .    .    .    .    .    .    .    .    .<=====>  . LA2L15A   29 1962 2021   60
   .    .    .    .    .    .    .    .    .    .    .    .    .    .    .    .    .    .    .<=====>  . LA2L15B   30 1962 2021   60
   .    .    .    .    .    .    .    .    .    .    .    .    .    .    .    .    .    .    .<====>   . LA2L16A   31 1964 2019   56
   .    .    .    .    .    .    .    .    .    .    .    .    .    .    .    .    .    .    .<====>   . LA2L16B   32 1964 2019   56
   .    .    .    .    .    .    .    .    .    .    .    .    .    .    .    .    .    .    .<=====>  . LA2L17A   33 1967 2021   55
   .    .    .    .    .    .    .    .    .    .    .    .    .    .    .    .    .    .    .<=====>  . LA2L17B   34 1967 2021   55
   .    .    .    .    .    .    .    .    .    .    .    .    .    .    .    .    .    .    . <====>  . LA2L18A   35 1971 2021   51
   .    .    .    .    .    .    .    .    .    .    .    .    .    .    .    .    .    .    . <====>  . LA2L18B   36 1971 2021   51
   .    .    .    .    .    .    .    .    .    .    .    .    .    .    .    .    .    .    .<=====>  . LA2L19A   37 1965 2021   57
   .    .    .    .    .    .    .    .    .    .    .    .    .    .    .    .    .    .    .<=====>  . LA2L19B   38 1965 2021   57
   .    .    .    .    .    .    .    .    .    .    .    .    .    .    .    .    .    .    .<====>   . LA2L20A   39 1967 2011   45
   .    .    .    .    .    .    .    .    .    .    .    .    .    .    .    .    .    .    .<====>   . LA2L20B   40 1967 2018   52
   .    .    .    .    .    .    .    .    .    .    .    .    .    .    .    .    .    .    . <====>  . LA2L21A   41 1974 2021   48
   .    .    .    .    .    .    .    .    .    .    .    .    .    .    .    .    .    .    . <====>  . LA2L21B   42 1974 2021   48
   .    .    .    .    .    .    .    .    .    .    .    .    .    .    .    .    .    .    .<=====>  . LA2L22A   43 1968 2021   54
   .    .    .    .    .    .    .    .    .    .    .    .    .    .    .    .    .    .    .    <=>  . LA2L22B   44 2001 2021   21
   .    .    .    .    .    .    .    .    .    .    .    .    .    .    .    .    .    .    .<====>   . LA2L23A   45 1965 2016   52
   .    .    .    .    .    .    .    .    .    .    .    .    .    .    .    .    .    .    .<=====>  . LA2L23B   46 1965 2021   57
   .    .    .    .    .    .    .    .    .    .    .    .    .    .    .    .    .    .    .<=====>  . LA2L24A   47 1967 2021   55
   .    .    .    .    .    .    .    .    .    .    .    .    .    .    .    .    .    .    .<=====>  . LA2L24B   48 1967 2021   55
   .    .    .    .    .    .    .    .    .    .    .    .    .    .    .    .    .    .    .<=====>  . LA2L25A   49 1965 2021   57
   .    .    .    .    .    .    .    .    .    .    .    .    .    .    .    .    .    .    .<=====>  . LA2L25B   50 1965 2021   57
   :    :    :    :    :    :    :    :    :    :    :    :    :    :    :    :    :    :    :    :    :
 1050 1100 1150 1200 1250 1300 1350 1400 1450 1500 1550 1600 1650 1700 1750 1800 1850 1900 1950 2000 2050
PART 2:  TIME PLOT OF TREE-RING SERIES:                                                            11:02  Mon 31 Jan 2022  Page   3
------------------------------------------------------------------------------------------------------------------------------------
 1050 1100 1150 1200 1250 1300 1350 1400 1450 1500 1550 1600 1650 1700 1750 1800 1850 1900 1950 2000 2050 Ident   Seq Time-span  Yrs
   :    :    :    :    :    :    :    :    :    :    :    :    :    :    :    :    :    :    :    :    : -------- --- ---- ---- ----
   .    .    .    .    .    .    .    .    .    .    .    .    .    .    .    .    .    .    .<===>    . LA2L26A   51 1967 2000   34
   .    .    .    .    .    .    .    .    .    .    .    .    .    .    .    .    .    .    .<=====>  . LA2L26B   52 1967 2021   55
   .    .    .    .    .    .    .    .    .    .    .    .    .    .    .    .    .    .    .<=====>  . LA2L27A   53 1967 2021   55
   .    .    .    .    .    .    .    .    .    .    .    .    .    .    .    .    .    .    .<=====>  . LA2L27B   54 1967 2021   55
   .    .    .    .    .    .    .    .    .    .    .    .    .    .    .    .    .    .    .<====>   . LA2L28A   55 1964 2019   56
   .    .    .    .    .    .    .    .    .    .    .    .    .    .    .    .    .    .    .<=====>  . LA2L28B   56 1964 2021   58
   .    .    .    .    .    .    .    .    .    .    .    .    .    .    .    .    .    .    .<====>   . LA2L29A   57 1966 2016   51
   .    .    .    .    .    .    .    .    .    .    .    .    .    .    .    .    .    .    .<====>   . LA2L29B   58 1966 2016   51
   .    .    .    .    .    .    .    .    .    .    .    .    .    .    .    .    .    .    .<=====>  . LA2L30A   59 1964 2021   58
   .    .    .    .    .    .    .    .    .    .    .    .    .    .    .    .    .    .    .<=====>  . LA2L30B   60 1964 2021   58
   .    .    .    .    .    .    .    .    .    .    .    .    .    .    .    .    .    .    .<=====>  . LA2L31A   61 1965 2021   57
   .    .    .    .    .    .    .    .    .    .    .    .    .    .    .    .    .    .    .<=====>  . LA2L31B   62 1965 2021   57
   .    .    .    .    .    .    .    .    .    .    .    .    .    .    .    .    .    .    .<====>   . LA2L32A   63 1960 2013   54
   .    .    .    .    .    .    .    .    .    .    .    .    .    .    .    .    .    .    .<====>   . LA2L32B   64 1960 2010   51
   .    .    .    .    .    .    .    .    .    .    .    .    .    .    .    .    .    .    .<=====>  . LA2L33A   65 1964 2021   58
   .    .    .    .    .    .    .    .    .    .    .    .    .    .    .    .    .    .    .<=====>  . LA2L33B   66 1964 2021   58
   .    .    .    .    .    .    .    .    .    .    .    .    .    .    .    .    .    .    .<====>   . LA2L34A   67 1962 2011   50
   .    .    .    .    .    .    .    .    .    .    .    .    .    .    .    .    .    .    .<====>   . LA2L34B   68 1962 2011   50
   .    .    .    .    .    .    .    .    .    .    .    .    .    .    .    .    .    .    .<=====>  . LA2L35A   69 1962 2021   60
   .    .    .    .    .    .    .    .    .    .    .    .    .    .    .    .    .    .    .<=====>  . LA2L35B   70 1962 2021   60
   .    .    .    .    .    .    .    .    .    .    .    .    .    .    .    .    .    .    .<=====>  . LA2L36A   71 1968 2021   54
   .    .    .    .    .    .    .    .    .    .    .    .    .    .    .    .    .    .    .<=====>  . LA2L36B   72 1968 2021   54
   .    .    .    .    .    .    .    .    .    .    .    .    .    .    .    .    .    .    .<====>   . LA2L37A   73 1963 2016   54
   .    .    .    .    .    .    .    .    .    .    .    .    .    .    .    .    .    .    .<====>   . LA2L37B   74 1963 2018   56
   :    :    :    :    :    :    :    :    :    :    :    :    :    :    :    :    :    :    :    :    :
 1050 1100 1150 1200 1250 1300 1350 1400 1450 1500 1550 1600 1650 1700 1750 1800 1850 1900 1950 2000 2050
PART 3:  Master Dating Series:                                                                     11:02  Mon 31 Jan 2022  Page   4
------------------------------------------------------------------------------------------------------------------------------------
  Year  Value  No Ab    Year  Value  No Ab    Year  Value  No Ab    Year  Value  No Ab    Year  Value  No Ab    Year  Value  No Ab
  ------------------    ------------------    ------------------    ------------------    ------------------    ------------------
                        2000  1.279  72
                        2001   .594  72
                        2002   .806  72
                        2003   .996  72
                        2004  1.311  72
                        2005 -1.135  72
                        2006   .094  72
                        2007  -.095  72
                        2008 -1.229  72
                        2009   .004  72

  1960 -2.119   2       2010   .585  72
  1961  -.310   2       2011  1.074  71
  1962 -1.174   8       2012 -1.525  67
  1963   .819  14       2013  1.284  66
  1964   .009  23       2014  -.650  64
  1965 -1.143  34       2015   .536  64
  1966  1.178  43       2016 -1.299  63
  1967  1.094  54       2017  -.732  56
  1968  -.589  63       2018   .741  54
  1969  1.261  67       2019  -.604  51

  1970   .437  69       2020  1.102  46
  1971   .534  71       2021   .769  45
  1972   .652  71
  1973   .087  71
  1974  -.401  73
  1975  -.225  73
  1976   .175  73
  1977 -2.665  73
  1978  -.399  73
  1979   .293  73

  1980   .228  73
  1981 -2.330  73
  1982  -.324  73
  1983 -1.435  73
  1984  -.221  73
  1985   .586  73
  1986   .276  73
  1987  -.545  73
  1988  -.738  73
  1989   .698  73

  1990  1.367  72
  1991   .865  72
  1992  1.211  72
  1993   .077  72
  1994 -1.271  72
  1995 -1.885  72  4
  1996   .342  72
  1997   .756  72
  1998  1.445  72
  1999  -.522  72
------------------------------------------------------------------------------------------------------------------------------------
PART 4:  Master Bar Plot:                                                                          11:02  Mon 31 Jan 2022  Page   5
------------------------------------------------------------------------------------------------------------------------------------
   Year Rel value  Year Rel value  Year Rel value  Year Rel value  Year Rel value  Year Rel value  Year Rel value  Year Rel value
                   2000----------E
                   2001-------B
                   2002--------C
                   2003--------D
                   2004----------E
                   2005-e
                   2006-----@
                   2007----@
                   2008-e
                   2009----@
   1960h           2010------B
   1961---a        2011---------D
   1962-e          2012-f
   1963--------C   2013----------E
   1964----@       2014--c
   1965-e          2015------B
   1966---------E  2016-e
   1967---------D  2017--c
   1968--b         2018--------C
   1969----------E 2019--b
   1970------B     2020---------D
   1971------B     2021--------C
   1972-------C
   1973-----@
   1974---b
   1975----a
   1976-----A
   1977k
   1978---b
   1979-----A
   1980-----A
   1981i
   1982---a
   1983-f
   1984----a
   1985------B
   1986-----A
   1987--b
   1988--c
   1989-------C
   1990----------E
   1991--------C
   1992---------E
   1993-----@
   1994-e
   1995h
   1996-----A
   1997--------C
   1998----------F
   1999---b
PART 5:  CORRELATION OF SERIES BY SEGMENTS:                                                        11:02  Mon 31 Jan 2022  Page   5
------------------------------------------------------------------------------------------------------------------------------------
 Correlations of  50-year dated segments, lagged  25 years
 Flags:  A = correlation under   .3281 but highest as dated;  B = correlation higher at other than dated position

 Seq Series  Time_span   1950 1975 2000
                         1999 2024 2049
 --- -------- ---------  ---- ---- ---- ---- ---- ---- ---- ---- ---- ---- ---- ---- ---- ---- ---- ---- ---- ---- ---- ----
   1 LA2L01A  1968 2021   .83  .88
   2 LA2L01B  1968 2021   .78  .81
   3 LA2L02A  1964 2018   .91  .90
   4 LA2L02B  1965 2020   .78  .77
   5 LA2L03A  1966 2012   .80
   6 LA2L03B  1966 2013   .61
   7 LA2L04A  1968 2021   .79  .77
   8 LA2L04B  1968 2021   .85  .87
   9 LA2L05A  1963 2021   .85  .85
  10 LA2L05B  1963 2021   .86  .88
  11 LA2L06A  1965 2021   .83  .83
  12 LA2L06B  1965 2021   .83  .84
  13 LA2L07A  1967 2017   .69  .69
  14 LA2L07B  1966 2015   .54
  15 LA2L08A  1963 2016   .82  .78
  16 LA2L08B  1963 2016   .80  .77
  17 LA2L09A  1968 2019   .83  .81
  18 LA2L09B  1968 2017   .82
  19 LA2L10A  1969 1989   .47
  20 LA2L10B  1969 2021   .75  .75
  21 LA2L11A  1966 2021   .53  .75
  22 LA2L11B  1966 2016   .55  .65
  23 LA2L12A  1969 2021   .70  .71
  24 LA2L12B  1969 2021   .81  .82
  25 LA2L13A  1966 2021   .82  .82
  26 LA2L13B  1966 2011   .82
  27 LA2L14A  1970 2021   .77  .79
  28 LA2L14B  1970 2019   .86
  29 LA2L15A  1962 2021   .79  .86
  30 LA2L15B  1962 2021   .84  .87
  31 LA2L16A  1964 2019   .78  .75
  32 LA2L16B  1964 2019   .78  .70
  33 LA2L17A  1967 2021   .78  .78
  34 LA2L17B  1967 2021   .87  .86
  35 LA2L18A  1971 2021   .83  .83
  36 LA2L18B  1971 2021   .77  .78
  37 LA2L19A  1965 2021   .83  .84
  38 LA2L19B  1965 2021   .87  .87
  39 LA2L20A  1967 2011   .70
  40 LA2L20B  1967 2018   .73  .74
  41 LA2L21A  1974 2021   .73
  42 LA2L21B  1974 2021   .82
  43 LA2L22A  1968 2021   .91  .91
  44 LA2L22B  2001 2021             .90
  45 LA2L23A  1965 2016   .85  .85
  46 LA2L23B  1965 2021   .85  .86
  47 LA2L24A  1967 2021   .81  .81
  48 LA2L24B  1967 2021   .87  .88
  49 LA2L25A  1965 2021   .86  .84
  50 LA2L25B  1965 2021   .81  .81
  51 LA2L26A  1967 2000   .87
  52 LA2L26B  1967 2021   .82  .83
  53 LA2L27A  1967 2021   .85  .88
  54 LA2L27B  1967 2021   .81  .82
  55 LA2L28A  1964 2019   .80  .78
  56 LA2L28B  1964 2021   .81  .82
  57 LA2L29A  1966 2016   .62  .60
  58 LA2L29B  1966 2016   .71  .72
  59 LA2L30A  1964 2021   .88  .90
  60 LA2L30B  1964 2021   .83  .83
  61 LA2L31A  1965 2021   .80  .81
  62 LA2L31B  1965 2021   .78  .80
  63 LA2L32A  1960 2013   .71  .77
  64 LA2L32B  1960 2010   .79  .79
  65 LA2L33A  1964 2021   .87  .87
  66 LA2L33B  1964 2021   .84  .82
  67 LA2L34A  1962 2011   .72
  68 LA2L34B  1962 2011   .73
  69 LA2L35A  1962 2021   .87  .92
  70 LA2L35B  1962 2021   .81  .86
  71 LA2L36A  1968 2021   .80  .84
  72 LA2L36B  1968 2021   .79  .81
  73 LA2L37A  1963 2016   .76  .77
  74 LA2L37B  1963 2018   .79  .81
 Av segment correlation   .79  .81  .90
PART 6:  POTENTIAL PROBLEMS:                                                                       11:02  Mon 31 Jan 2022  Page   6
------------------------------------------------------------------------------------------------------------------------------------

 For each series with potential problems the following diagnostics may appear:

 [A] Correlations with master dating series of flagged  50-year segments of series filtered with  32-year spline,
     at every point from ten years earlier (-10) to ten years later (+10) than dated

 [B] Effect of those data values which most lower or raise correlation with master series
     Symbol following year indicates value in series is greater (>) or lesser (<) than master series value

 [C] Year-to-year changes very different from the mean change in other series

 [D] Absent rings (zero values)

 [E] Values which are statistical outliers from mean for the year
====================================================================================================================================

 LA2L01A   1968 to  2021      54 years                                                                                    Series   1

 [B] Entire series, effect on correlation (  .829) is:
       Lower   1968> -.023   1971< -.021   1974> -.012   2021< -.012   1970< -.011   2009< -.008  Higher   1977  .031   1981  .021

====================================================================================================================================

 LA2L01B   1968 to  2021      54 years                                                                                    Series   2

 [B] Entire series, effect on correlation (  .784) is:
       Lower   1971< -.019   1968> -.011   1974> -.009   2009< -.009   1981< -.008   1973> -.007  Higher   1977  .010   2016  .008

====================================================================================================================================

 LA2L02A   1964 to  2018      55 years                                                                                    Series   3

 [B] Entire series, effect on correlation (  .895) is:
       Lower   2017> -.018   1968> -.010   2010< -.009   1971< -.005   1978< -.005   2008> -.005  Higher   1977  .017   1981  .011

====================================================================================================================================

 LA2L02B   1965 to  2020      56 years                                                                                    Series   4

 [B] Entire series, effect on correlation (  .770) is:
       Lower   1989< -.023   1987> -.018   2005> -.015   2019> -.012   1971< -.010   1974> -.010  Higher   1977  .039   1995  .011

====================================================================================================================================

 LA2L03A   1966 to  2012      47 years                                                                                    Series   5

 [B] Entire series, effect on correlation (  .797) is:
       Lower   2012> -.021   1970< -.012   1987> -.011   1978< -.009   1994> -.008   1974> -.007  Higher   1977  .044   1981  .009

====================================================================================================================================

 LA2L03B   1966 to  2013      48 years                                                                                    Series   6

 [B] Entire series, effect on correlation (  .621) is:
       Lower   1977> -.056   1980< -.054   2012> -.025   1984> -.017   1968< -.010   1973< -.006  Higher   1981  .035   2005  .030

 [D]    1 Absent rings:  Year   Master  N series Absent
                         1995   -1.885      72       4

 [E] Outliers     1   3.0 SD above or -4.5 SD below mean for year
       1977 +3.3 SD
====================================================================================================================================

 LA2L04A   1968 to  2021      54 years                                                                                    Series   7

 [B] Entire series, effect on correlation (  .759) is:
       Lower   2019< -.038   1970> -.017   1984< -.015   1976< -.014   2001< -.006   1993> -.006  Higher   2016  .010   1990  .009

====================================================================================================================================

 LA2L04B   1968 to  2021      54 years                                                                                    Series   8

 [B] Entire series, effect on correlation (  .856) is:
       Lower   1980< -.010   1970> -.009   1974> -.009   1986< -.006   1976< -.005   1997< -.004  Higher   1977  .023   1981  .012

====================================================================================================================================

 LA2L05A   1963 to  2021      59 years                                                                                    Series   9

 [B] Entire series, effect on correlation (  .852) is:
       Lower   2012> -.019   1982< -.007   2009< -.005   1969< -.004   1964> -.004   2008> -.004  Higher   1977  .014   1995  .007

====================================================================================================================================

 LA2L05B   1963 to  2021      59 years                                                                                    Series  10

 [B] Entire series, effect on correlation (  .873) is:
       Lower   2008> -.011   1967< -.008   2002< -.007   1979< -.006   1973< -.005   2012> -.005  Higher   1977  .013   1995  .006

====================================================================================================================================

 LA2L06A   1965 to  2021      57 years                                                                                    Series  11

 [B] Entire series, effect on correlation (  .820) is:
       Lower   2013< -.030   1973< -.030   1968< -.008   2016> -.006   1965> -.006   1974> -.006  Higher   1977  .029   1981  .013

====================================================================================================================================

 LA2L06B   1965 to  2021      57 years                                                                                    Series  12

 [B] Entire series, effect on correlation (  .834) is:
       Lower   1973< -.026   2012> -.017   1974> -.008   2005> -.007   1984> -.005   1976< -.004  Higher   1977  .029   1981  .011

====================================================================================================================================

 LA2L07A   1967 to  2017      51 years                                                                                    Series  13

 [B] Entire series, effect on correlation (  .691) is:
       Lower   1968< -.090   1977> -.035   1998< -.010   1985< -.009   2009< -.008   1969< -.005  Higher   1981  .031   2012  .015

 [E] Outliers     2   3.0 SD above or -4.5 SD below mean for year
       1968 -5.6 SD;    1977 +3.5 SD
====================================================================================================================================

 LA2L07B   1966 to  2015      50 years                                                                                    Series  14

 [B] Entire series, effect on correlation (  .546) is:
       Lower   1968< -.104   1969< -.014   1985< -.011   2012> -.011   1977> -.010   1991< -.009  Higher   2008  .018   1966  .017

 [D]    1 Absent rings:  Year   Master  N series Absent
                         1995   -1.885      72       4

 [E] Outliers     1   3.0 SD above or -4.5 SD below mean for year
       1968 -7.6 SD
====================================================================================================================================

 LA2L08A   1963 to  2016      54 years                                                                                    Series  15

 [B] Entire series, effect on correlation (  .786) is:
       Lower   2013< -.019   1977> -.015   1967< -.013   1987> -.011   1989< -.010   1980> -.008  Higher   1981  .027   1995  .011

====================================================================================================================================

 LA2L08B   1963 to  2016      54 years                                                                                    Series  16

 [B] Entire series, effect on correlation (  .778) is:
       Lower   1989< -.021   1975< -.018   2014> -.017   1980> -.012   1968> -.007   2013< -.007  Higher   1981  .017   2005  .010

====================================================================================================================================

 LA2L09A   1968 to  2019      52 years                                                                                    Series  17

 [B] Entire series, effect on correlation (  .819) is:
       Lower   2012> -.011   2019> -.009   1985< -.009   2009< -.007   1984< -.006   1974> -.006  Higher   2013  .008   1995  .007

====================================================================================================================================

 LA2L09B   1968 to  2017      50 years                                                                                    Series  18

 [B] Entire series, effect on correlation (  .820) is:
       Lower   1981> -.026   1984< -.018   1978< -.013   2016> -.009   1974> -.008   2009< -.007  Higher   1977  .032   2013  .008

====================================================================================================================================

 LA2L10A   1969 to  1989      21 years                                                                                    Series  19

 [B] Entire series, effect on correlation (  .468) is:
       Lower   1970< -.199   1972< -.043   1983> -.028   1987> -.024   1988> -.011   1971< -.009  Higher   1981  .111   1969  .061

====================================================================================================================================

 LA2L10B   1969 to  2021      53 years                                                                                    Series  20

 [B] Entire series, effect on correlation (  .757) is:
       Lower   1984< -.034   1994> -.015   1977> -.012   2012> -.009   1993> -.006   1982< -.006  Higher   1981  .016   2005  .010

====================================================================================================================================

 LA2L11A   1966 to  2021      56 years                                                                                    Series  21

 [B] Entire series, effect on correlation (  .563) is:
       Lower   1966< -.171   1977> -.032   1980< -.022   1968> -.022   1979< -.013   1984> -.009  Higher   1981  .032   2012  .020

 [E] Outliers     2   3.0 SD above or -4.5 SD below mean for year
       1966 -6.6 SD;    1977 +3.5 SD
====================================================================================================================================

 LA2L11B   1966 to  2016      51 years                                                                                    Series  22

 [B] Entire series, effect on correlation (  .559) is:
       Lower   1966< -.091   1977> -.033   1980< -.032   2014< -.017   1968> -.017   1973> -.003  Higher   2012  .034   2005  .016

 [E] Outliers     2   3.0 SD above or -4.5 SD below mean for year
       1966 -4.8 SD;    1977 +3.2 SD
====================================================================================================================================

 LA2L12A   1969 to  2021      53 years                                                                                    Series  23

 [B] Entire series, effect on correlation (  .714) is:
       Lower   1977> -.023   1995> -.021   1988> -.021   2016> -.015   2011< -.014   1983> -.012  Higher   1981  .040   2005  .014

====================================================================================================================================

 LA2L12B   1969 to  2021      53 years                                                                                    Series  24

 [B] Entire series, effect on correlation (  .820) is:
       Lower   1995> -.031   1997< -.010   2009> -.009   1988> -.008   2011< -.006   1970> -.004  Higher   2012  .013   1981  .013

====================================================================================================================================

 LA2L13A   1966 to  2021      56 years                                                                                    Series  25

 [B] Entire series, effect on correlation (  .818) is:
       Lower   1981> -.016   1978< -.013   1971< -.011   1980> -.008   1989< -.008   2009> -.008  Higher   1977  .032   2012  .014

====================================================================================================================================

 LA2L13B   1966 to  2011      46 years                                                                                    Series  26

 [B] Entire series, effect on correlation (  .823) is:
       Lower   1995> -.019   2010< -.011   1989< -.008   1978< -.008   1969< -.008   1979< -.008  Higher   1977  .044   2005  .015

====================================================================================================================================

 LA2L14A   1970 to  2021      52 years                                                                                    Series  27

 [B] Entire series, effect on correlation (  .782) is:
       Lower   1995> -.023   1981> -.020   1985< -.016   1991< -.012   1970> -.010   2011< -.008  Higher   1977  .044   2012  .021

====================================================================================================================================

 LA2L14B   1970 to  2019      50 years                                                                                    Series  28

 [B] Entire series, effect on correlation (  .864) is:
       Lower   2016> -.013   2019> -.010   2013< -.008   1976< -.007   2017> -.006   1979> -.006  Higher   1977  .025   2005  .008

====================================================================================================================================

 LA2L15A   1962 to  2021      60 years                                                                                    Series  29

 [B] Entire series, effect on correlation (  .813) is:
       Lower   1965> -.024   1987< -.019   1964> -.012   1990< -.006   1982> -.005   1962< -.004  Higher   1977  .031   2012  .010

====================================================================================================================================

 LA2L15B   1962 to  2021      60 years                                                                                    Series  30

 [B] Entire series, effect on correlation (  .841) is:
       Lower   1965> -.020   2016< -.012   1964> -.010   2008> -.006   1983> -.005   1986< -.005  Higher   1981  .013   2012  .009

====================================================================================================================================

 LA2L16A   1964 to  2019      56 years                                                                                    Series  31

 [B] Entire series, effect on correlation (  .733) is:
       Lower   2015< -.022   1964< -.020   2019> -.015   2017> -.011   1968> -.008   2010< -.008  Higher   1977  .030   2012  .017

====================================================================================================================================

 LA2L16B   1964 to  2019      56 years                                                                                    Series  32

 [B] Entire series, effect on correlation (  .734) is:
       Lower   2016> -.034   1981> -.030   2010< -.015   1980> -.012   1993> -.011   2015< -.009  Higher   1977  .048   2012  .017

 [E] Outliers     1   3.0 SD above or -4.5 SD below mean for year
       1981 +3.4 SD
====================================================================================================================================

 LA2L17A   1967 to  2021      55 years                                                                                    Series  33

 [B] Entire series, effect on correlation (  .789) is:
       Lower   1980< -.046   1977> -.027   1995> -.022   2015< -.010   2016> -.007   1979< -.005  Higher   1981  .026   2012  .020

====================================================================================================================================

 LA2L17B   1967 to  2021      55 years                                                                                    Series  34

 [B] Entire series, effect on correlation (  .871) is:
       Lower   1977> -.015   1995> -.011   1979< -.008   1993> -.006   1980< -.006   2018< -.006  Higher   1981  .015   2012  .009

====================================================================================================================================

 LA2L18A   1971 to  2021      51 years                                                                                    Series  35

 [B] Entire series, effect on correlation (  .836) is:
       Lower   1986< -.033   1985< -.015   1976> -.010   1978> -.008   2017< -.006   2013< -.004  Higher   2012  .013   2005  .009

====================================================================================================================================

 LA2L18B   1971 to  2021      51 years                                                                                    Series  36

 [B] Entire series, effect on correlation (  .774) is:
       Lower   1977> -.045   1982< -.023   2017< -.020   2002< -.013   1978> -.012   2008> -.012  Higher   2012  .015   2005  .012

====================================================================================================================================

 LA2L19A   1965 to  2021      57 years                                                                                    Series  37

 [B] Entire series, effect on correlation (  .825) is:
       Lower   1970< -.017   1968> -.011   2008> -.010   2020< -.008   1980> -.007   2003< -.007  Higher   1977  .030   1981  .015

====================================================================================================================================

 LA2L19B   1965 to  2021      57 years                                                                                    Series  38

 [B] Entire series, effect on correlation (  .867) is:
       Lower   2008> -.009   1966< -.007   2001< -.006   1979> -.004   2005> -.004   1996< -.004  Higher   1977  .012   1981  .008

====================================================================================================================================

 LA2L20A   1967 to  2011      45 years                                                                                    Series  39

 [B] Entire series, effect on correlation (  .698) is:
       Lower   1968< -.031   1988> -.029   1981> -.019   2010< -.013   1975< -.013   1987> -.010  Higher   1977  .037   2005  .023

 [E] Outliers     1   3.0 SD above or -4.5 SD below mean for year
       1981 +3.2 SD
====================================================================================================================================

 LA2L20B   1967 to  2018      52 years                                                                                    Series  40

 [B] Entire series, effect on correlation (  .729) is:
       Lower   1968< -.020   2011< -.018   2005> -.016   1998< -.015   1985< -.013   1973> -.009  Higher   1977  .049   2016  .012

====================================================================================================================================

 LA2L21A   1974 to  2021      48 years                                                                                    Series  41

 [B] Entire series, effect on correlation (  .729) is:
       Lower   1981> -.049   1980> -.023   1974> -.019   2017> -.016   2009< -.011   1995< -.009  Higher   1977  .043   1994  .011

 [E] Outliers     2   3.0 SD above or -4.5 SD below mean for year
       1980 +3.1 SD;    1981 +3.8 SD
====================================================================================================================================

 LA2L21B   1974 to  2021      48 years                                                                                    Series  42

 [B] Entire series, effect on correlation (  .825) is:
       Lower   2019> -.018   2013< -.016   1974> -.016   1986< -.014   2017> -.009   2015< -.007  Higher   1977  .030   2012  .012

====================================================================================================================================

 LA2L22A   1968 to  2021      54 years                                                                                    Series  43

 [B] Entire series, effect on correlation (  .913) is:
       Lower   1995> -.015   1979< -.006   1985< -.003   1997< -.003   2009> -.002   1973> -.002  Higher   1977  .007   2012  .006

====================================================================================================================================

 LA2L22B   2001 to  2021      21 years                                                                                    Series  44

 [B] Entire series, effect on correlation (  .903) is:
       Lower   2009> -.016   2019> -.014   2007< -.011   2014> -.010   2004< -.006   2006< -.003  Higher   2008  .010   2005  .010

====================================================================================================================================

 LA2L23A   1965 to  2016      52 years                                                                                    Series  45

 [B] Entire series, effect on correlation (  .854) is:
       Lower   1983> -.029   1987< -.020   1980< -.008   2014> -.004   2003< -.003   2008> -.003  Higher   1977  .022   1981  .017

====================================================================================================================================

 LA2L23B   1965 to  2021      57 years                                                                                    Series  46

 [B] Entire series, effect on correlation (  .859) is:
       Lower   1984> -.008   2012> -.007   1987< -.006   1996< -.005   1997< -.005   1978> -.004  Higher   1977  .015   1981  .008

====================================================================================================================================

 LA2L24A   1967 to  2021      55 years                                                                                    Series  47

 [B] Entire series, effect on correlation (  .816) is:
       Lower   1990< -.024   1981> -.015   1975< -.015   1985> -.010   1989< -.007   1968> -.006  Higher   1977  .032   2012  .015

====================================================================================================================================

 LA2L24B   1967 to  2021      55 years                                                                                    Series  48

 [B] Entire series, effect on correlation (  .873) is:
       Lower   1979> -.013   2012> -.012   1984> -.008   2014> -.006   1968> -.005   2010< -.005  Higher   1977  .020   1981  .013

====================================================================================================================================

 LA2L25A   1965 to  2021      57 years                                                                                    Series  49

 [B] Entire series, effect on correlation (  .842) is:
       Lower   2008> -.010   1981< -.009   2016> -.008   1990< -.008   2014> -.006   2021< -.006  Higher   1977  .026   2012  .011

====================================================================================================================================

 LA2L25B   1965 to  2021      57 years                                                                                    Series  50

 [B] Entire series, effect on correlation (  .811) is:
       Lower   2008> -.020   2014> -.013   1965> -.012   2007< -.010   2019< -.009   1979< -.007  Higher   1977  .018   2012  .017

====================================================================================================================================

 LA2L26A   1967 to  2000      34 years                                                                                    Series  51

 [B] Entire series, effect on correlation (  .868) is:
       Lower   1968> -.019   1990< -.012   1969< -.009   1982> -.007   1971< -.006   1979< -.006  Higher   1977  .039   1981  .025

====================================================================================================================================

 LA2L26B   1967 to  2021      55 years                                                                                    Series  52

 [B] Entire series, effect on correlation (  .824) is:
       Lower   1993< -.026   1979< -.013   1983> -.010   1974> -.008   2014> -.008   1995> -.008  Higher   1981  .019   2012  .013

====================================================================================================================================

 LA2L27A   1967 to  2021      55 years                                                                                    Series  53

 [B] Entire series, effect on correlation (  .853) is:
       Lower   1980< -.025   1970< -.017   1968> -.013   1979< -.010   2009< -.007   1976> -.004  Higher   1981  .018   1977  .011

====================================================================================================================================

 LA2L27B   1967 to  2021      55 years                                                                                    Series  54

 [B] Entire series, effect on correlation (  .809) is:
       Lower   2016< -.010   1968> -.010   2019> -.008   1979< -.007   1982< -.007   1993< -.007  Higher   1995  .010   1981  .007

====================================================================================================================================

 LA2L28A   1964 to  2019      56 years                                                                                    Series  55

 [B] Entire series, effect on correlation (  .790) is:
       Lower   1977> -.017   2008> -.014   2012< -.008   1994> -.008   2017> -.007   2016< -.006  Higher   2005  .010   1998  .008

====================================================================================================================================

 LA2L28B   1964 to  2021      58 years                                                                                    Series  56

 [B] Entire series, effect on correlation (  .811) is:
       Lower   1977> -.020   2006< -.013   2000< -.010   1964> -.008   1978> -.004   2014> -.004  Higher   1981  .022   2012  .013

====================================================================================================================================

 LA2L29A   1966 to  2016      51 years                                                                                    Series  57

 [B] Entire series, effect on correlation (  .603) is:
       Lower   1968< -.101   2016> -.018   2015< -.016   2002< -.009   1987> -.009   1969< -.007  Higher   2012  .037   1990  .016

 [D]    1 Absent rings:  Year   Master  N series Absent
                         1995   -1.885      72       4

 [E] Outliers     1   3.0 SD above or -4.5 SD below mean for year
       1968 -6.6 SD
====================================================================================================================================

 LA2L29B   1966 to  2016      51 years                                                                                    Series  58

 [B] Entire series, effect on correlation (  .696) is:
       Lower   1967< -.040   1966> -.021   1977> -.021   1980< -.016   2016> -.016   1970< -.011  Higher   2012  .031   2005  .021

 [E] Outliers     1   3.0 SD above or -4.5 SD below mean for year
       1966 +4.2 SD
====================================================================================================================================

 LA2L30A   1964 to  2021      58 years                                                                                    Series  59

 [B] Entire series, effect on correlation (  .880) is:
       Lower   1968> -.017   2008> -.011   1973> -.006   2001< -.004   1970> -.003   1987> -.003  Higher   1977  .012   1981  .009

====================================================================================================================================

 LA2L30B   1964 to  2021      58 years                                                                                    Series  60

 [B] Entire series, effect on correlation (  .824) is:
       Lower   1983< -.031   2017> -.013   1968> -.012   1973> -.010   1975> -.007   1984< -.006  Higher   1977  .025   2012  .014

====================================================================================================================================

 LA2L31A   1965 to  2021      57 years                                                                                    Series  61

 [B] Entire series, effect on correlation (  .806) is:
       Lower   2008< -.022   1968> -.009   1983> -.009   1980< -.008   1981> -.007   2014> -.007  Higher   1977  .029   1994  .008

====================================================================================================================================

 LA2L31B   1965 to  2021      57 years                                                                                    Series  62

 [B] Entire series, effect on correlation (  .792) is:
       Lower   2008< -.031   1968> -.017   1981> -.016   1982> -.008   1971< -.008   1999> -.005  Higher   1977  .014   1995  .009

====================================================================================================================================

 LA2L32A   1960 to  2013      54 years                                                                                    Series  63

 [B] Entire series, effect on correlation (  .732) is:
       Lower   1962> -.061   1990< -.016   1993> -.014   2011< -.009   1997< -.006   1975> -.005  Higher   1981  .032   1960  .021

 [E] Outliers     1   3.0 SD above or -4.5 SD below mean for year
       1962 +4.1 SD
====================================================================================================================================

 LA2L32B   1960 to  2010      51 years                                                                                    Series  64

 [B] Entire series, effect on correlation (  .793) is:
       Lower   1962> -.065   1989< -.009   1988> -.009   1972< -.008   1970< -.006   1978> -.006  Higher   1977  .026   1981  .020

 [E] Outliers     1   3.0 SD above or -4.5 SD below mean for year
       1962 +3.9 SD
====================================================================================================================================

 LA2L33A   1964 to  2021      58 years                                                                                    Series  65

 [B] Entire series, effect on correlation (  .857) is:
       Lower   1964> -.007   1970> -.006   2017< -.006   2009< -.006   2012> -.005   2013< -.004  Higher   1981  .011   1977  .005

====================================================================================================================================

 LA2L33B   1964 to  2021      58 years                                                                                    Series  66

 [B] Entire series, effect on correlation (  .816) is:
       Lower   1964> -.013   2021< -.009   2019> -.008   1996< -.008   2009< -.008   1982> -.006  Higher   1977  .032   1995  .009

====================================================================================================================================

 LA2L34A   1962 to  2011      50 years                                                                                    Series  67

 [B] Entire series, effect on correlation (  .716) is:
       Lower   1998< -.031   1967< -.021   1977> -.020   1994> -.012   1975> -.010   1985< -.009  Higher   1981  .019   2005  .015

====================================================================================================================================

 LA2L34B   1962 to  2011      50 years                                                                                    Series  68

 [B] Entire series, effect on correlation (  .731) is:
       Lower   2008< -.040   2010< -.023   1977> -.017   2011< -.010   2002< -.007   1964> -.007  Higher   1981  .037   1994  .010

 [D]    1 Absent rings:  Year   Master  N series Absent
                         1995   -1.885      72       4

 [E] Outliers     1   3.0 SD above or -4.5 SD below mean for year
       2008 -5.3 SD
====================================================================================================================================

 LA2L35A   1962 to  2021      60 years                                                                                    Series  69

 [B] Entire series, effect on correlation (  .876) is:
       Lower   1968> -.034   1965> -.006   1963< -.006   1987< -.003   1991< -.003   2010< -.003  Higher   1977  .019   2012  .009

 [E] Outliers     1   3.0 SD above or -4.5 SD below mean for year
       1968 +3.1 SD
====================================================================================================================================

 LA2L35B   1962 to  2021      60 years                                                                                    Series  70

 [B] Entire series, effect on correlation (  .818) is:
       Lower   1968> -.026   1965> -.018   2014< -.010   2001< -.008   2010< -.007   1994> -.006  Higher   1977  .030   2005  .009

====================================================================================================================================

 LA2L36A   1968 to  2021      54 years                                                                                    Series  71

 [B] Entire series, effect on correlation (  .804) is:
       Lower   1968> -.036   1978< -.011   1995> -.010   2001< -.008   1984> -.007   2016> -.006  Higher   2012  .018   1981  .015

====================================================================================================================================

 LA2L36B   1968 to  2021      54 years                                                                                    Series  72

 [B] Entire series, effect on correlation (  .799) is:
       Lower   1968> -.018   1995> -.010   1978< -.010   2016> -.009   1984> -.005   1977> -.005  Higher   2005  .012   2012  .011

====================================================================================================================================

 LA2L37A   1963 to  2016      54 years                                                                                    Series  73

 [B] Entire series, effect on correlation (  .758) is:
       Lower   1991< -.030   1968> -.026   1963< -.016   1980< -.013   1989< -.011   2016> -.010  Higher   1981  .031   1977  .030

====================================================================================================================================

 LA2L37B   1963 to  2018      56 years                                                                                    Series  74

 [B] Entire series, effect on correlation (  .770) is:
       Lower   1968> -.026   1969< -.015   2002< -.015   1963< -.014   2016> -.014   2018< -.010  Higher   1981  .029   2012  .021

====================================================================================================================================

 [*] All segments correlate highest as dated with correlation with master series over   .3281
PART 7:  DESCRIPTIVE STATISTICS:                                                                   11:02  Mon 31 Jan 2022  Page   7
------------------------------------------------------------------------------------------------------------------------------------

                                                Corr   //-------- Unfiltered --------\\  //---- Filtered -----\\
                           No.    No.    No.    with   Mean   Max     Std   Auto   Mean   Max     Std   Auto  AR
 Seq Series   Interval   Years  Segmt  Flags   Master  msmt   msmt    dev   corr   sens  value    dev   corr  ()
 --- -------- ---------  -----  -----  -----   ------ -----  -----  -----  -----  -----  -----  -----  -----  --
   1 LA2L01A  1968 2021     54      2      0    .829   1.23   4.40  1.031   .846   .513   2.65   .527  -.013   1
   2 LA2L01B  1968 2021     54      2      0    .784   1.07   3.40   .677   .689   .493   2.56   .421   .002   1
   3 LA2L02A  1964 2018     55      2      0    .895    .88   3.65   .982   .930   .578   2.64   .552  -.019   1
   4 LA2L02B  1965 2020     56      2      0    .770    .92   5.38  1.119   .884   .683   2.61   .470   .041   1
   5 LA2L03A  1966 2012     47      1      0    .797    .80   5.93  1.065   .881   .681   2.67   .502  -.009   1
   6 LA2L03B  1966 2013     48      1      0    .621    .85   5.94  1.111   .893   .696   2.74   .619   .010   1
   7 LA2L04A  1968 2021     54      2      0    .759   1.57   5.32   .979   .490   .589   2.80   .577  -.100   3
   8 LA2L04B  1968 2021     54      2      0    .856   1.52   5.29  1.005   .591   .565   2.66   .670   .019   3
   9 LA2L05A  1963 2021     59      2      0    .852   1.20   4.21   .875   .775   .423   2.67   .447   .035   1
  10 LA2L05B  1963 2021     59      2      0    .873   1.16   4.08   .902   .801   .452   2.65   .468  -.011   1
  11 LA2L06A  1965 2021     57      2      0    .820   1.05   5.58  1.038   .706   .752   2.89   .627   .003   1
  12 LA2L06B  1965 2021     57      2      0    .834    .95   5.91  1.010   .694   .775   2.74   .575   .020   1
  13 LA2L07A  1967 2017     51      2      0    .691   1.16   5.71  1.429   .890   .662   2.58   .449  -.046   1
  14 LA2L07B  1966 2015     50      1      0    .546   1.10   7.21  1.517   .937   .695   2.70   .390   .020   3
  15 LA2L08A  1963 2016     54      2      0    .786    .97   5.91  1.126   .790   .531   2.74   .615  -.049   1
  16 LA2L08B  1963 2016     54      2      0    .778   1.14   6.03  1.205   .828   .565   2.75   .697   .006   1
  17 LA2L09A  1968 2019     52      2      0    .819    .81   4.50   .876   .811   .635   2.57   .410   .053   1
  18 LA2L09B  1968 2017     50      1      0    .820    .78   3.83   .861   .862   .628   2.74   .503   .097   1
  19 LA2L10A  1969 1989     21      1      0    .468   1.32   4.77  1.117   .773   .497   2.91   .666  -.073   1
  20 LA2L10B  1969 2021     53      2      0    .757    .97   4.66   .757   .541   .671   2.84   .673   .036   1
  21 LA2L11A  1966 2021     56      2      0    .563   1.02   4.68  1.227   .903   .684   2.66   .543  -.008   2
  22 LA2L11B  1966 2016     51      2      0    .559   1.09   5.25  1.339   .926   .530   2.50   .550  -.133   1
  23 LA2L12A  1969 2021     53      2      0    .714   1.28   6.14  1.426   .940   .515   2.63   .581  -.025   3
  24 LA2L12B  1969 2021     53      2      0    .820   1.46   8.63  1.719   .940   .523   2.62   .504  -.064   3
  25 LA2L13A  1966 2021     56      2      0    .818   1.53   7.89  1.617   .870   .505   2.80   .602   .051   1
  26 LA2L13B  1966 2011     46      1      0    .823   1.64   7.20  1.512   .870   .506   2.78   .577  -.017   1
  27 LA2L14A  1970 2021     52      2      0    .782    .97   3.85   .779   .722   .520   2.83   .526  -.061   1
  28 LA2L14B  1970 2019     50      1      0    .864    .74   2.77   .624   .825   .478   2.64   .600   .004   1
  29 LA2L15A  1962 2021     60      2      0    .813   1.29   5.63  1.275   .877   .492   2.64   .555  -.013   1
  30 LA2L15B  1962 2021     60      2      0    .841   1.45   5.72  1.343   .860   .481   2.57   .595  -.073   1
  31 LA2L16A  1964 2019     56      2      0    .733    .83   3.46   .918   .925   .451   2.98   .742   .061   1
  32 LA2L16B  1964 2019     56      2      0    .734    .78   3.50   .861   .860   .513   2.93   .570   .052   3
  33 LA2L17A  1967 2021     55      2      0    .789   1.38   7.48  1.660   .928   .498   2.60   .596   .052   3
  34 LA2L17B  1967 2021     55      2      0    .871   1.39   7.68  1.762   .937   .481   2.79   .636  -.064   1
  35 LA2L18A  1971 2021     51      2      0    .836    .92   2.77   .614   .638   .520   2.62   .623  -.056   1
  36 LA2L18B  1971 2021     51      2      0    .774    .79   2.97   .582   .768   .487   2.78   .730   .076   1
  37 LA2L19A  1965 2021     57      2      0    .825   1.11   3.16   .721   .726   .478   2.67   .601  -.015   1
  38 LA2L19B  1965 2021     57      2      0    .867   1.01   3.75   .883   .868   .481   2.64   .538   .010   1
  39 LA2L20A  1967 2011     45      1      0    .698    .92   6.25  1.231   .893   .512   2.68   .569  -.135   1
  40 LA2L20B  1967 2018     52      2      0    .729    .93   5.29  1.227   .919   .579   2.70   .626  -.173   1
  41 LA2L21A  1974 2021     48      1      0    .729    .66   2.16   .417   .486   .587   2.85   .537   .078   1
  42 LA2L21B  1974 2021     48      1      0    .825    .68   1.99   .474   .691   .466   2.44   .509  -.026   1
  43 LA2L22A  1968 2021     54      2      0    .913   1.60   7.34  1.603   .867   .500   2.74   .495  -.061   1
  44 LA2L22B  2001 2021     21      1      0    .903   1.05   2.04   .608   .353   .630   2.46   .756  -.052   1
  45 LA2L23A  1965 2016     52      2      0    .854   1.26   5.16  1.165   .863   .424   2.73   .625   .003   2
  46 LA2L23B  1965 2021     57      2      0    .859   1.29   4.70  1.099   .866   .430   2.70   .466  -.032   1
  47 LA2L24A  1967 2021     55      2      0    .816   1.30   5.80  1.232   .812   .558   2.97   .615  -.016   1
  48 LA2L24B  1967 2021     55      2      0    .873   1.17   6.27  1.220   .808   .569   2.87   .660   .037   1
PART 7:  DESCRIPTIVE STATISTICS:                                                                   11:02  Mon 31 Jan 2022  Page   8
------------------------------------------------------------------------------------------------------------------------------------

                                                Corr   //-------- Unfiltered --------\\  //---- Filtered -----\\
                           No.    No.    No.    with   Mean   Max     Std   Auto   Mean   Max     Std   Auto  AR
 Seq Series   Interval   Years  Segmt  Flags   Master  msmt   msmt    dev   corr   sens  value    dev   corr  ()
 --- -------- ---------  -----  -----  -----   ------ -----  -----  -----  -----  -----  -----  -----  -----  --
  49 LA2L25A  1965 2021     57      2      0    .842   1.21   4.93  1.051   .857   .411   2.54   .449  -.032   1
  50 LA2L25B  1965 2021     57      2      0    .811   1.03   3.98   .934   .866   .464   2.71   .672   .011   1
  51 LA2L26A  1967 2000     34      1      0    .868   1.39   5.83  1.311   .942   .352   2.68   .522  -.039   1
  52 LA2L26B  1967 2021     55      2      0    .824   1.41   5.78  1.105   .821   .397   2.88   .562  -.041   1
  53 LA2L27A  1967 2021     55      2      0    .853   1.28   4.59  1.127   .865   .455   2.58   .643   .081   2
  54 LA2L27B  1967 2021     55      2      0    .809   1.27   4.89  1.250   .894   .558   2.73   .598   .169   2
  55 LA2L28A  1964 2019     56      2      0    .790   1.16   4.95  1.459   .936   .560   2.56   .462  -.156   1
  56 LA2L28B  1964 2021     58      2      0    .811    .99   4.92  1.312   .911   .681   2.73   .607  -.061   2
  57 LA2L29A  1966 2016     51      2      0    .603    .88   5.91  1.367   .934   .691   2.53   .409  -.109   1
  58 LA2L29B  1966 2016     51      2      0    .696    .94   6.04  1.338   .974   .644   3.65   .552  -.169   1
  59 LA2L30A  1964 2021     58      2      0    .880   1.01   3.50   .899   .874   .505   2.53   .551  -.097   1
  60 LA2L30B  1964 2021     58      2      0    .824   1.00   2.94   .751   .810   .477   2.48   .549  -.026   1
  61 LA2L31A  1965 2021     57      2      0    .806    .90   4.09   .928   .864   .568   2.65   .547   .029   2
  62 LA2L31B  1965 2021     57      2      0    .792    .80   3.85   .892   .867   .616   2.56   .511   .040   2
  63 LA2L32A  1960 2013     54      2      0    .732   1.18   6.04  1.486   .924   .515   2.71   .583  -.014   1
  64 LA2L32B  1960 2010     51      2      0    .793   1.39   7.55  1.766   .917   .539   2.65   .550  -.082   1
  65 LA2L33A  1964 2021     58      2      0    .857   1.18   3.39   .755   .702   .453   2.62   .540  -.046   1
  66 LA2L33B  1964 2021     58      2      0    .816   1.08   3.50   .763   .753   .471   2.58   .540   .034   1
  67 LA2L34A  1962 2011     50      1      0    .716   1.05   4.93  1.146   .806   .691   2.74   .563   .012   1
  68 LA2L34B  1962 2011     50      1      0    .731    .90   4.93  1.084   .863   .661   2.61   .471  -.061   1
  69 LA2L35A  1962 2021     60      2      0    .876   1.08   3.87   .974   .878   .524   2.70   .545  -.094   1
  70 LA2L35B  1962 2021     60      2      0    .818    .95   3.75   .928   .879   .538   2.75   .554  -.131   1
  71 LA2L36A  1968 2021     54      2      0    .804    .77   3.08   .649   .660   .670   2.74   .639  -.077   1
  72 LA2L36B  1968 2021     54      2      0    .799   1.07   3.12   .697   .412   .621   2.74   .541  -.070   1
  73 LA2L37A  1963 2016     54      2      0    .758   1.07   4.56  1.321   .938   .576   2.81   .643  -.015   1
  74 LA2L37B  1963 2018     56      2      0    .770    .99   4.89  1.256   .928   .525   2.84   .624  -.016   2
 --- -------- ---------  -----  -----  -----   ------ -----  -----  -----  -----  -----  -----  -----  -----  --
 Total or mean:           3919    134      0    .791   1.09   8.63  1.088   .823   .548   3.65   .563  -.020

                                              - = [  COFECHA CORESCOF  ] = -
