[]  Dendrochronology Program Library                                        Run CORES  Program COF  12:07  Mon 19 Dec 2022  Page   1
[]
[]  P R O G R A M      C O F E C H A                                                                          Version 6.06P    32131
------------------------------------------------------------------------------------------------------------------------------------

 QUALITY CONTROL AND DATING CHECK OF TREE-RING MEASUREMENTS

 File of DATED series:   13-PIHA_ragua_cores.rwl

 CONTENTS:

    Part 1:  Title page, options selected, summary, absent rings by series
    Part 2:  Histogram of time spans
    Part 3:  Master series with sample depth and absent rings by year
    Part 4:  Bar plot of Master Dating Series
    Part 5:  Correlation by segment of each series with Master
    Part 6:  Potential problems: low correlation, divergent year-to-year changes, absent rings, outliers
    Part 7:  Descriptive statistics

 RUN CONTROL OPTIONS SELECTED                             VALUE

         1  Cubic smoothing spline 50% wavelength cutoff for filtering
                                                            32 years
         2  Segments examined are                           50 years lagged successively by  25 years
         3  Autoregressive model applied                     A  Residuals are used in master dating series and testing
         4  Series transformed to logarithms                 Y  Each series log-transformed for master dating series and testing
         5  CORRELATION is Pearson (parametric, quantitative)
            Critical correlation, 99% confidence level   .3281
         6  Master dating series saved                       N
         7  Ring measurements listed                         N
         8  Parts printed                              1234567 
         9  Absent rings are omitted from master series and segment correlations  (Y)

 Time span of Master dating series is  1959 to  2022    64 years
 Continuous time span is               1959 to  2022    64 years
 Portion with two or more series is    1959 to  2022    64 years


                                        ****************************************
                                        *C* Number of dated series        77 *C*
                                        *O* Master series 1959 2022   64 yrs *O*
                                        *F* Total rings in all series   4556 *F*
                                        *E* Total dated rings checked   4556 *E*
                                        *C* Series intercorrelation     .824 *C*
                                        *H* Average mean sensitivity    .551 *H*
                                        *A* Segments, possible problems    3 *A*
                                        *** Mean length of series       59.2 ***
                                        ****************************************

 ABSENT RINGS listed by SERIES:            (See Master Dating Series for absent rings listed by year)

 RAG1601     1 absent rings:   1986

             1 absent rings    .022%
PART 2:  TIME PLOT OF TREE-RING SERIES:                                                            12:07  Mon 19 Dec 2022  Page   2
------------------------------------------------------------------------------------------------------------------------------------
 1050 1100 1150 1200 1250 1300 1350 1400 1450 1500 1550 1600 1650 1700 1750 1800 1850 1900 1950 2000 2050 Ident   Seq Time-span  Yrs
   :    :    :    :    :    :    :    :    :    :    :    :    :    :    :    :    :    :    :    :    : -------- --- ---- ---- ----
   .    .    .    .    .    .    .    .    .    .    .    .    .    .    .    .    .    .    .<=====>  . RAG0101    1 1964 2022   59
   .    .    .    .    .    .    .    .    .    .    .    .    .    .    .    .    .    .    .<>  .    . RAG0102    2 1963 1971    9
   .    .    .    .    .    .    .    .    .    .    .    .    .    .    .    .    .    .    .<=====>  . RAG0201    3 1961 2022   62
   .    .    .    .    .    .    .    .    .    .    .    .    .    .    .    .    .    .    .<=====>  . RAG0202    4 1963 2022   60
   .    .    .    .    .    .    .    .    .    .    .    .    .    .    .    .    .    .    .<=====>  . RAG0301    5 1962 2022   61
   .    .    .    .    .    .    .    .    .    .    .    .    .    .    .    .    .    .    .<=====>  . RAG0302    6 1962 2022   61
   .    .    .    .    .    .    .    .    .    .    .    .    .    .    .    .    .    .    .<=====>  . RAG0401    7 1964 2022   59
   .    .    .    .    .    .    .    .    .    .    .    .    .    .    .    .    .    .    .<=====>  . RAG0402    8 1964 2022   59
   .    .    .    .    .    .    .    .    .    .    .    .    .    .    .    .    .    .    .<=====>  . RAG0501    9 1960 2022   63
   .    .    .    .    .    .    .    .    .    .    .    .    .    .    .    .    .    .    .<=====>  . RAG0601   10 1962 2022   61
   .    .    .    .    .    .    .    .    .    .    .    .    .    .    .    .    .    .    .<=====>  . RAG0602   11 1962 2022   61
   .    .    .    .    .    .    .    .    .    .    .    .    .    .    .    .    .    .    .<=====>  . RAG0701   12 1964 2022   59
   .    .    .    .    .    .    .    .    .    .    .    .    .    .    .    .    .    .    .<=====>  . RAG0702   13 1964 2022   59
   .    .    .    .    .    .    .    .    .    .    .    .    .    .    .    .    .    .    .<=====>  . RAG0801   14 1963 2022   60
   .    .    .    .    .    .    .    .    .    .    .    .    .    .    .    .    .    .    .<=====>  . RAG0802   15 1963 2022   60
   .    .    .    .    .    .    .    .    .    .    .    .    .    .    .    .    .    .    .<=====>  . RAG1001   16 1964 2022   59
   .    .    .    .    .    .    .    .    .    .    .    .    .    .    .    .    .    .    .<=====>  . RAG1002   17 1964 2022   59
   .    .    .    .    .    .    .    .    .    .    .    .    .    .    .    .    .    .    .<=====>  . RAG1101   18 1962 2022   61
   .    .    .    .    .    .    .    .    .    .    .    .    .    .    .    .    .    .    .<=====>  . RAG1102   19 1962 2022   61
   .    .    .    .    .    .    .    .    .    .    .    .    .    .    .    .    .    .    .<=====>  . RAG1201   20 1960 2022   63
   .    .    .    .    .    .    .    .    .    .    .    .    .    .    .    .    .    .    .<=====>  . RAG1202   21 1960 2022   63
   .    .    .    .    .    .    .    .    .    .    .    .    .    .    .    .    .    .    .<=====>  . RAG1301   22 1969 2022   54
   .    .    .    .    .    .    .    .    .    .    .    .    .    .    .    .    .    .    .<=====>  . RAG1302   23 1969 2022   54
   .    .    .    .    .    .    .    .    .    .    .    .    .    .    .    .    .    .    .<=====>  . RAG1401   24 1964 2022   59
   .    .    .    .    .    .    .    .    .    .    .    .    .    .    .    .    .    .    .<=====>  . RAG1402   25 1964 2022   59
   .    .    .    .    .    .    .    .    .    .    .    .    .    .    .    .    .    .    .<=====>  . RAG1501   26 1961 2022   62
   .    .    .    .    .    .    .    .    .    .    .    .    .    .    .    .    .    .    .<=====>  . RAG1502   27 1961 2022   62
   .    .    .    .    .    .    .    .    .    .    .    .    .    .    .    .    .    .    .<=====>  . RAG1601   28 1963 2022   60
   .    .    .    .    .    .    .    .    .    .    .    .    .    .    .    .    .    .    .<=====>  . RAG1602   29 1962 2022   61
   .    .    .    .    .    .    .    .    .    .    .    .    .    .    .    .    .    .    .<====>   . RAG1703   30 1963 2013   51
   .    .    .    .    .    .    .    .    .    .    .    .    .    .    .    .    .    .    .<====>   . RAG1704   31 1963 2013   51
   .    .    .    .    .    .    .    .    .    .    .    .    .    .    .    .    .    .    <======>  . RAG1801   32 1959 2022   64
   .    .    .    .    .    .    .    .    .    .    .    .    .    .    .    .    .    .    <======>  . RAG1802   33 1959 2022   64
   .    .    .    .    .    .    .    .    .    .    .    .    .    .    .    .    .    .    .<=====>  . RAG1901   34 1964 2022   59
   .    .    .    .    .    .    .    .    .    .    .    .    .    .    .    .    .    .    .<=====>  . RAG1902   35 1964 2022   59
   .    .    .    .    .    .    .    .    .    .    .    .    .    .    .    .    .    .    .<=====>  . RAG2001   36 1961 2022   62
   .    .    .    .    .    .    .    .    .    .    .    .    .    .    .    .    .    .    .<=====>  . RAG2002   37 1961 2022   62
   .    .    .    .    .    .    .    .    .    .    .    .    .    .    .    .    .    .    .<=====>  . RAG2101   38 1962 2022   61
   .    .    .    .    .    .    .    .    .    .    .    .    .    .    .    .    .    .    .<=====>  . RAG2102   39 1962 2021   60
   .    .    .    .    .    .    .    .    .    .    .    .    .    .    .    .    .    .    .<=====>  . RAG2201   40 1963 2022   60
   .    .    .    .    .    .    .    .    .    .    .    .    .    .    .    .    .    .    .<=====>  . RAG2202   41 1962 2022   61
   .    .    .    .    .    .    .    .    .    .    .    .    .    .    .    .    .    .    .<=====>  . RAG2301   42 1966 2022   57
   .    .    .    .    .    .    .    .    .    .    .    .    .    .    .    .    .    .    .<=====>  . RAG2302   43 1960 2022   63
   .    .    .    .    .    .    .    .    .    .    .    .    .    .    .    .    .    .    .<=====>  . RAG2401   44 1963 2022   60
   .    .    .    .    .    .    .    .    .    .    .    .    .    .    .    .    .    .    .<=====>  . RAG2402   45 1963 2022   60
   .    .    .    .    .    .    .    .    .    .    .    .    .    .    .    .    .    .    .<=====>  . RAG2501   46 1962 2022   61
   .    .    .    .    .    .    .    .    .    .    .    .    .    .    .    .    .    .    .<=====>  . RAG2502   47 1962 2022   61
   .    .    .    .    .    .    .    .    .    .    .    .    .    .    .    .    .    .    .<=====>  . RAG2601   48 1960 2022   63
   .    .    .    .    .    .    .    .    .    .    .    .    .    .    .    .    .    .    .<=====>  . RAG2602   49 1960 2022   63
   .    .    .    .    .    .    .    .    .    .    .    .    .    .    .    .    .    .    .<=====>  . RAG2701   50 1964 2022   59
   :    :    :    :    :    :    :    :    :    :    :    :    :    :    :    :    :    :    :    :    :
 1050 1100 1150 1200 1250 1300 1350 1400 1450 1500 1550 1600 1650 1700 1750 1800 1850 1900 1950 2000 2050
PART 2:  TIME PLOT OF TREE-RING SERIES:                                                            12:07  Mon 19 Dec 2022  Page   3
------------------------------------------------------------------------------------------------------------------------------------
 1050 1100 1150 1200 1250 1300 1350 1400 1450 1500 1550 1600 1650 1700 1750 1800 1850 1900 1950 2000 2050 Ident   Seq Time-span  Yrs
   :    :    :    :    :    :    :    :    :    :    :    :    :    :    :    :    :    :    :    :    : -------- --- ---- ---- ----
   .    .    .    .    .    .    .    .    .    .    .    .    .    .    .    .    .    .    .<=====>  . RAG2702   51 1964 2022   59
   .    .    .    .    .    .    .    .    .    .    .    .    .    .    .    .    .    .    .<=====>  . RAG2801   52 1965 2022   58
   .    .    .    .    .    .    .    .    .    .    .    .    .    .    .    .    .    .    .<=====>  . RAG2802   53 1964 2022   59
   .    .    .    .    .    .    .    .    .    .    .    .    .    .    .    .    .    .    .<=====>  . RAG2901   54 1960 2022   63
   .    .    .    .    .    .    .    .    .    .    .    .    .    .    .    .    .    .    .<=====>  . RAG2902   55 1960 2022   63
   .    .    .    .    .    .    .    .    .    .    .    .    .    .    .    .    .    .    .<=====>  . RAG3001   56 1964 2022   59
   .    .    .    .    .    .    .    .    .    .    .    .    .    .    .    .    .    .    .<=====>  . RAG3002   57 1964 2022   59
   .    .    .    .    .    .    .    .    .    .    .    .    .    .    .    .    .    .    .<=====>  . RAG3101   58 1961 2022   62
   .    .    .    .    .    .    .    .    .    .    .    .    .    .    .    .    .    .    .<=====>  . RAG3102   59 1961 2022   62
   .    .    .    .    .    .    .    .    .    .    .    .    .    .    .    .    .    .    .<=====>  . RAG3201   60 1963 2022   60
   .    .    .    .    .    .    .    .    .    .    .    .    .    .    .    .    .    .    .<=====>  . RAG3202   61 1963 2022   60
   .    .    .    .    .    .    .    .    .    .    .    .    .    .    .    .    .    .    .<=====>  . RAG3301   62 1964 2022   59
   .    .    .    .    .    .    .    .    .    .    .    .    .    .    .    .    .    .    .<=====>  . RAG3302   63 1964 2022   59
   .    .    .    .    .    .    .    .    .    .    .    .    .    .    .    .    .    .    .<=====>  . RAG3401   64 1960 2022   63
   .    .    .    .    .    .    .    .    .    .    .    .    .    .    .    .    .    .    .<=====>  . RAG3402   65 1961 2022   62
   .    .    .    .    .    .    .    .    .    .    .    .    .    .    .    .    .    .    .<=====>  . RAG3501   66 1963 2022   60
   .    .    .    .    .    .    .    .    .    .    .    .    .    .    .    .    .    .    <======>  . RAG3502   67 1959 2022   64
   .    .    .    .    .    .    .    .    .    .    .    .    .    .    .    .    .    .    .<=====>  . RAG3601   68 1963 2022   60
   .    .    .    .    .    .    .    .    .    .    .    .    .    .    .    .    .    .    .<=====>  . RAG3602   69 1963 2022   60
   .    .    .    .    .    .    .    .    .    .    .    .    .    .    .    .    .    .    .<=====>  . RAG3701   70 1964 2022   59
   .    .    .    .    .    .    .    .    .    .    .    .    .    .    .    .    .    .    .<=====>  . RAG3702   71 1964 2022   59
   .    .    .    .    .    .    .    .    .    .    .    .    .    .    .    .    .    .    .<=====>  . RAG3801   72 1961 2022   62
   .    .    .    .    .    .    .    .    .    .    .    .    .    .    .    .    .    .    .<=====>  . RAG3802   73 1961 2022   62
   .    .    .    .    .    .    .    .    .    .    .    .    .    .    .    .    .    .    <=====>   . RAG3901   74 1959 2014   56
   .    .    .    .    .    .    .    .    .    .    .    .    .    .    .    .    .    .    <====>    . RAG3902   75 1959 2004   46
   .    .    .    .    .    .    .    .    .    .    .    .    .    .    .    .    .    .    .<=====>  . RAG4001   76 1968 2022   55
   .    .    .    .    .    .    .    .    .    .    .    .    .    .    .    .    .    .    .<=====>  . RAG4002   77 1968 2022   55
   :    :    :    :    :    :    :    :    :    :    :    :    :    :    :    :    :    :    :    :    :
 1050 1100 1150 1200 1250 1300 1350 1400 1450 1500 1550 1600 1650 1700 1750 1800 1850 1900 1950 2000 2050
PART 3:  Master Dating Series:                                                                     12:07  Mon 19 Dec 2022  Page   4
------------------------------------------------------------------------------------------------------------------------------------
  Year  Value  No Ab    Year  Value  No Ab    Year  Value  No Ab    Year  Value  No Ab    Year  Value  No Ab    Year  Value  No Ab
  ------------------    ------------------    ------------------    ------------------    ------------------    ------------------
                        2000  -.106  76
                        2001   .001  76
                        2002   .939  76
                        2003   .923  76
                        2004  1.408  76
                        2005 -1.057  75
                        2006  -.242  75
                        2007  -.366  75
                        2008 -1.256  75
  1959 -1.383   5       2009   .058  75

  1960  -.916  14       2010   .995  75
  1961  -.277  24       2011  1.255  75
  1962   .956  36       2012 -1.083  75
  1963  1.543  51       2013  1.131  75
  1964  -.306  71       2014  -.753  73
  1965 -1.331  72       2015  -.234  72
  1966 -1.084  73       2016 -1.820  72
  1967  1.084  73       2017   .369  72
  1968  -.325  75       2018   .951  72
  1969   .591  77       2019   .540  72

  1970   .749  77       2020   .727  72
  1971   .692  77       2021 -1.138  72
  1972   .882  76       2022   .608  71
  1973   .551  76
  1974  -.224  76
  1975   .477  76
  1976   .535  76
  1977  -.383  76
  1978   .212  76
  1979   .319  76

  1980   .522  76
  1981 -3.262  76
  1982 -2.105  76
  1983  -.851  76
  1984  -.140  76
  1985  -.773  76
  1986 -1.460  76  1
  1987  -.803  76
  1988  -.074  76
  1989   .698  76

  1990  1.909  76
  1991   .159  76
  1992   .860  76
  1993   .646  76
  1994  -.513  76
  1995 -1.163  76
  1996   .433  76
  1997  1.539  76
  1998  1.123  76
  1999  -.962  76
------------------------------------------------------------------------------------------------------------------------------------
PART 4:  Master Bar Plot:                                                                          12:07  Mon 19 Dec 2022  Page   5
------------------------------------------------------------------------------------------------------------------------------------
   Year Rel value  Year Rel value  Year Rel value  Year Rel value  Year Rel value  Year Rel value  Year Rel value  Year Rel value
                   2000----@
                   2001-----@
                   2002---------D
                   2003--------D
                   2004----------F
                   2005-d
                   2006----a
                   2007---a
                   2008-e
   1959f           2009-----@
   1960--d         2010---------D
   1961----a       2011---------E
   1962---------D  2012-d
   1963----------F 2013---------E
   1964---a        2014--c
   1965e           2015----a
   1966-d          2016g
   1967---------D  2017------A
   1968---a        2018---------D
   1969-------B    2019------B
   1970-------C    2020-------C
   1971-------C    2021-e
   1972--------D   2022-------B
   1973------B
   1974----a
   1975------B
   1976------B
   1977---b
   1978-----A
   1979-----A
   1980------B
   1981m
   1982h
   1983--c
   1984----a
   1985--c
   1986f
   1987--c
   1988----@
   1989-------C
   1990----------H
   1991-----A
   1992--------C
   1993-------C
   1994---b
   1995-e
   1996------B
   1997----------F
   1998---------D
   1999-d
PART 5:  CORRELATION OF SERIES BY SEGMENTS:                                                        12:07  Mon 19 Dec 2022  Page   5
------------------------------------------------------------------------------------------------------------------------------------
 Correlations of  50-year dated segments, lagged  25 years
 Flags:  A = correlation under   .3281 but highest as dated;  B = correlation higher at other than dated position

 Seq Series  Time_span   1950 1975
                         1999 2024
 --- -------- ---------  ---- ---- ---- ---- ---- ---- ---- ---- ---- ---- ---- ---- ---- ---- ---- ---- ---- ---- ---- ----
   1 RAG0101  1964 2022   .90  .93
   2 RAG0102  1963 1971   .51B
   3 RAG0201  1961 2022   .83  .91
   4 RAG0202  1963 2022   .87  .86
   5 RAG0301  1962 2022   .92  .94
   6 RAG0302  1962 2022   .90  .89
   7 RAG0401  1964 2022   .87  .91
   8 RAG0402  1964 2022   .84  .80
   9 RAG0501  1960 2022   .45B .58
  10 RAG0601  1962 2022   .84  .85
  11 RAG0602  1962 2022   .91  .91
  12 RAG0701  1964 2022   .85  .78
  13 RAG0702  1964 2022   .85  .88
  14 RAG0801  1963 2022   .94  .94
  15 RAG0802  1963 2022   .91  .89
  16 RAG1001  1964 2022   .76  .62
  17 RAG1002  1964 2022   .85  .89
  18 RAG1101  1962 2022   .83  .86
  19 RAG1102  1962 2022   .86  .88
  20 RAG1201  1960 2022   .89  .92
  21 RAG1202  1960 2022   .85  .71
  22 RAG1301  1969 2022   .86  .90
  23 RAG1302  1969 2022   .78  .78
  24 RAG1401  1964 2022   .84  .93
  25 RAG1402  1964 2022   .65  .80
  26 RAG1501  1961 2022   .88  .86
  27 RAG1502  1961 2022   .72  .84
  28 RAG1601  1963 2022   .84  .88
  29 RAG1602  1962 2022   .90  .89
  30 RAG1703  1963 2013   .79  .79
  31 RAG1704  1963 2013   .72  .71
  32 RAG1801  1959 2022   .89  .84
  33 RAG1802  1959 2022   .88  .89
  34 RAG1901  1964 2022   .83  .86
  35 RAG1902  1964 2022   .81  .88
  36 RAG2001  1961 2022   .93  .94
  37 RAG2002  1961 2022   .91  .90
  38 RAG2101  1962 2022   .92  .92
  39 RAG2102  1962 2021   .81  .90
  40 RAG2201  1963 2022   .82  .90
  41 RAG2202  1962 2022   .71  .74
  42 RAG2301  1966 2022   .80  .81
  43 RAG2302  1960 2022   .91  .91
  44 RAG2401  1963 2022   .93  .87
  45 RAG2402  1963 2022   .92  .94
  46 RAG2501  1962 2022   .91  .89
  47 RAG2502  1962 2022   .86  .85
  48 RAG2601  1960 2022   .79  .81
  49 RAG2602  1960 2022   .88  .87
  50 RAG2701  1964 2022   .88  .91
  51 RAG2702  1964 2022   .93  .89
  52 RAG2801  1965 2022   .70  .76
  53 RAG2802  1964 2022   .91  .90
  54 RAG2901  1960 2022   .86  .87
  55 RAG2902  1960 2022   .79  .82
  56 RAG3001  1964 2022   .81  .89
  57 RAG3002  1964 2022   .90  .93
  58 RAG3101  1961 2022   .85  .86
  59 RAG3102  1961 2022   .80  .77
  60 RAG3201  1963 2022   .64  .73
  61 RAG3202  1963 2022   .60  .66
  62 RAG3301  1964 2022   .82  .88
  63 RAG3302  1964 2022   .87  .93
  64 RAG3401  1960 2022   .92  .93
  65 RAG3402  1961 2022   .93  .93
  66 RAG3501  1963 2022   .87  .83
  67 RAG3502  1959 2022   .87  .88
  68 RAG3601  1963 2022   .92  .92
  69 RAG3602  1963 2022   .90  .92
  70 RAG3701  1964 2022   .78  .81
  71 RAG3702  1964 2022   .80  .85
  72 RAG3801  1961 2022   .91  .90
  73 RAG3802  1961 2022   .86  .89
  74 RAG3901  1959 2014   .39  .31A
  75 RAG3902  1959 2004   .45
  76 RAG4001  1968 2022   .79  .77
  77 RAG4002  1968 2022   .76  .75
 Av segment correlation   .82  .85
PART 6:  POTENTIAL PROBLEMS:                                                                       12:07  Mon 19 Dec 2022  Page   6
------------------------------------------------------------------------------------------------------------------------------------

 For each series with potential problems the following diagnostics may appear:

 [A] Correlations with master dating series of flagged  50-year segments of series filtered with  32-year spline,
     at every point from ten years earlier (-10) to ten years later (+10) than dated

 [B] Effect of those data values which most lower or raise correlation with master series
     Symbol following year indicates value in series is greater (>) or lesser (<) than master series value

 [C] Year-to-year changes very different from the mean change in other series

 [D] Absent rings (zero values)

 [E] Values which are statistical outliers from mean for the year
====================================================================================================================================

 RAG0101   1964 to  2022      59 years                                                                                    Series   1

 [B] Entire series, effect on correlation (  .903) is:
       Lower   1964> -.012   1966> -.009   1975< -.007   1989< -.007   1976< -.006   1965< -.005  Higher   1981  .029   2016  .005

====================================================================================================================================

 RAG0102   1963 to  1971       9 years                                                                                    Series   2

 [A] Segment   High   -10   -9   -8   -7   -6   -5   -4   -3   -2   -1   +0   +1   +2   +3   +4   +5   +6   +7   +8   +9  +10
    ---------  ----   ---  ---  ---  ---  ---  ---  ---  ---  ---  ---  ---  ---  ---  ---  ---  ---  ---  ---  ---  ---  ---
    1963 1971    9      -    -    -    -    -    -  .23  .42 -.10 -.24  .51|-.13 -.37 -.23 -.10 -.16  .49 -.33 -.07  .85*-.12

 [B] Entire series, effect on correlation (  .514) is:
       Lower   1966> -.130   1969< -.042   1965> -.022   1964> -.013   1967<  .002   1971<  .009  Higher   1963  .102   1970  .029
     1963 to 1971 segment:
       Lower   1966> -.130   1969< -.042   1965> -.022   1964> -.013   1967<  .002   1971<  .009  Higher   1963  .102   1970  .029

 [E] Outliers     1   3.0 SD above or -4.5 SD below mean for year
       1966 +3.2 SD
====================================================================================================================================

 RAG0201   1961 to  2022      62 years                                                                                    Series   3

 [B] Entire series, effect on correlation (  .857) is:
       Lower   1962< -.019   1964< -.017   1978< -.011   1965> -.009   1990< -.008   1989> -.007  Higher   1981  .041   2016  .007

====================================================================================================================================

 RAG0202   1963 to  2022      60 years                                                                                    Series   4

 [B] Entire series, effect on correlation (  .850) is:
       Lower   2016> -.030   1965< -.018   1984< -.007   1982> -.007   1977< -.004   2000> -.003  Higher   2005  .009   2012  .008

 [E] Outliers     2   3.0 SD above or -4.5 SD below mean for year
       2016 +3.0 SD;    2021 -5.0 SD
====================================================================================================================================

 RAG0301   1962 to  2022      61 years                                                                                    Series   5

 [B] Entire series, effect on correlation (  .923) is:
       Lower   1974> -.012   1966< -.005   1970< -.005   2005> -.005   1983> -.003   1989< -.003  Higher   1981  .021   1990  .004

====================================================================================================================================

 RAG0302   1962 to  2022      61 years                                                                                    Series   6

 [B] Entire series, effect on correlation (  .888) is:
       Lower   2005> -.011   2019< -.006   1974> -.005   1977> -.004   2018< -.004   1966< -.004  Higher   1981  .031   1990  .006

====================================================================================================================================

 RAG0401   1964 to  2022      59 years                                                                                    Series   7

 [B] Entire series, effect on correlation (  .867) is:
       Lower   1964> -.035   2022< -.008   2014< -.008   1983< -.006   2005> -.005   1975< -.005  Higher   1981  .023   1990  .008

====================================================================================================================================

 RAG0402   1964 to  2022      59 years                                                                                    Series   8

 [B] Entire series, effect on correlation (  .781) is:
       Lower   2021< -.049   1964> -.016   1968> -.007   2012> -.007   2005> -.006   1965< -.003  Higher   1990  .012   2013  .007

 [E] Outliers     1   3.0 SD above or -4.5 SD below mean for year
       2021 -6.0 SD
====================================================================================================================================

 RAG0501   1960 to  2022      63 years                                                                                    Series   9

 [A] Segment   High   -10   -9   -8   -7   -6   -5   -4   -3   -2   -1   +0   +1   +2   +3   +4   +5   +6   +7   +8   +9  +10
    ---------  ----   ---  ---  ---  ---  ---  ---  ---  ---  ---  ---  ---  ---  ---  ---  ---  ---  ---  ---  ---  ---  ---
    1960 2009    1      -    -    -    -    -    -    -    -    -  .11  .45| .54* .01 -.10 -.03  .05  .08  .03 -.15  .01 -.28

 [B] Entire series, effect on correlation (  .541) is:
       Lower   1980< -.161   1981> -.045   1963< -.033   1967< -.021   1961> -.008   1989< -.007  Higher   2005  .024   2012  .019
     1960 to 2009 segment:
       Lower   1980< -.180   1981> -.051   1963< -.038   1967< -.025   1961> -.010   1989< -.008  Higher   2005  .036   1997  .028

 [C] Year-to-year changes diverging by over 4.0 std deviations:
       1980 1981   4.5 SD

 [E] Outliers     2   3.0 SD above or -4.5 SD below mean for year
       1980 -6.1 SD;    1981 +3.1 SD
====================================================================================================================================

 RAG0601   1962 to  2022      61 years                                                                                    Series  10

 [B] Entire series, effect on correlation (  .842) is:
       Lower   2021> -.013   1982> -.013   1984< -.010   2015< -.006   1983> -.006   1965> -.006  Higher   1981  .047   1990  .007

====================================================================================================================================

 RAG0602   1962 to  2022      61 years                                                                                    Series  11

 [B] Entire series, effect on correlation (  .904) is:
       Lower   1999> -.011   2021> -.009   1962< -.006   1978< -.005   1965> -.005   1989< -.004  Higher   1981  .027   1990  .005

====================================================================================================================================

 RAG0701   1964 to  2022      59 years                                                                                    Series  12

 [B] Entire series, effect on correlation (  .777) is:
       Lower   2021> -.032   2014< -.020   1964> -.017   2018< -.009   2017< -.007   2001< -.005  Higher   1981  .026   1997  .009

 [E] Outliers     1   3.0 SD above or -4.5 SD below mean for year
       2021 +3.3 SD
====================================================================================================================================

 RAG0702   1964 to  2022      59 years                                                                                    Series  13

 [B] Entire series, effect on correlation (  .842) is:
       Lower   1966< -.029   1986> -.009   1974< -.008   2022< -.006   1968> -.006   1977> -.005  Higher   1981  .038   1990  .010

 [E] Outliers     1   3.0 SD above or -4.5 SD below mean for year
       1966 -4.9 SD
====================================================================================================================================

 RAG0801   1963 to  2022      60 years                                                                                    Series  14

 [B] Entire series, effect on correlation (  .939) is:
       Lower   1991> -.006   1966< -.004   2012> -.003   1989< -.003   1980> -.003   2015< -.003  Higher   1981  .017   1990  .004

====================================================================================================================================

 RAG0802   1963 to  2022      60 years                                                                                    Series  15

 [B] Entire series, effect on correlation (  .891) is:
       Lower   2019< -.020   1968> -.009   1978< -.009   1989< -.008   1974> -.005   1979< -.004  Higher   1981  .026   1990  .007

====================================================================================================================================

 RAG1001   1964 to  2022      59 years                                                                                    Series  16

 [B] Entire series, effect on correlation (  .661) is:
       Lower   2014> -.035   2022< -.030   2011< -.025   2006> -.015   2010< -.015   2003< -.013  Higher   1981  .026   1997  .016

 [E] Outliers     3   3.0 SD above or -4.5 SD below mean for year
       2006 +3.1 SD;    2016 +3.3 SD;    2022 -4.9 SD
====================================================================================================================================

 RAG1002   1964 to  2022      59 years                                                                                    Series  17

 [B] Entire series, effect on correlation (  .865) is:
       Lower   1965> -.017   1986> -.006   1981> -.005   1964< -.005   1966< -.003   1983> -.003  Higher   2012  .007   1990  .007

====================================================================================================================================

 RAG1101   1962 to  2022      61 years                                                                                    Series  18

 [B] Entire series, effect on correlation (  .840) is:
       Lower   1971< -.014   1981> -.009   2016> -.008   1985> -.007   1983< -.007   1967< -.007  Higher   1990  .005   1986  .004

 [E] Outliers     1   3.0 SD above or -4.5 SD below mean for year
       1983 -4.7 SD
====================================================================================================================================

 RAG1102   1962 to  2022      61 years                                                                                    Series  19

 [B] Entire series, effect on correlation (  .852) is:
       Lower   1964> -.022   1983< -.013   2021> -.010   1979< -.007   1967< -.007   1971< -.006  Higher   1981  .042   2005  .007

====================================================================================================================================

 RAG1201   1960 to  2022      63 years                                                                                    Series  20

 [B] Entire series, effect on correlation (  .902) is:
       Lower   1973< -.008   1971> -.007   1989< -.006   1976< -.005   1965> -.005   1982> -.003  Higher   1981  .022   1990  .006

====================================================================================================================================

 RAG1202   1960 to  2022      63 years                                                                                    Series  21

 [B] Entire series, effect on correlation (  .735) is:
       Lower   2012> -.038   2021> -.029   2015> -.020   2007> -.017   2011< -.011   1974> -.010  Higher   1981  .072   1990  .014

 [E] Outliers     3   3.0 SD above or -4.5 SD below mean for year
       2007 +3.2 SD;    2015 +3.7 SD;    2021 +3.2 SD
====================================================================================================================================

 RAG1301   1969 to  2022      54 years                                                                                    Series  22

 [B] Entire series, effect on correlation (  .864) is:
       Lower   1972< -.035   1991< -.008   1978< -.006   1973> -.006   2014> -.005   1986> -.004  Higher   1981  .048   2012  .006

====================================================================================================================================

 RAG1302   1969 to  2022      54 years                                                                                    Series  23

 [B] Entire series, effect on correlation (  .787) is:
       Lower   1983< -.031   1975< -.024   2016> -.022   1985> -.015   1982> -.014   1980> -.006  Higher   2005  .014   1997  .008

 [E] Outliers     2   3.0 SD above or -4.5 SD below mean for year
       1981 +3.8 SD;    1982 +3.0 SD
====================================================================================================================================

 RAG1401   1964 to  2022      59 years                                                                                    Series  24

 [B] Entire series, effect on correlation (  .851) is:
       Lower   1971< -.046   1966> -.027   1978> -.005   1983> -.005   2020< -.004   1972< -.002  Higher   1981  .023   2012  .008

 [E] Outliers     1   3.0 SD above or -4.5 SD below mean for year
       1966 +3.8 SD
====================================================================================================================================

 RAG1402   1964 to  2022      59 years                                                                                    Series  25

 [B] Entire series, effect on correlation (  .658) is:
       Lower   1964> -.073   1965< -.052   1981> -.007   1975< -.006   1968> -.005   2015> -.004  Higher   1990  .016   2021  .013

 [C] Year-to-year changes diverging by over 4.0 std deviations:
       1964 1965  -4.1 SD

 [E] Outliers     2   3.0 SD above or -4.5 SD below mean for year
       1964 +5.1 SD;    1965 -6.8 SD
====================================================================================================================================

 RAG1501   1961 to  2022      62 years                                                                                    Series  26

 [B] Entire series, effect on correlation (  .853) is:
       Lower   2011< -.013   2013< -.010   2006> -.007   2007< -.007   1964> -.006   1971< -.005  Higher   1981  .037   1990  .009

====================================================================================================================================

 RAG1502   1961 to  2022      62 years                                                                                    Series  27

 [B] Entire series, effect on correlation (  .743) is:
       Lower   1971< -.055   1972< -.020   2011< -.013   2001> -.010   2015> -.009   2014> -.008  Higher   1981  .053   2016  .015

 [E] Outliers     1   3.0 SD above or -4.5 SD below mean for year
       1971 -4.7 SD
====================================================================================================================================

 RAG1601   1963 to  2022      60 years                                                                                    Series  28

 [B] Entire series, effect on correlation (  .862) is:
       Lower   1964< -.024   1990< -.024   1991> -.016   1965> -.006   1994> -.005   1968> -.003  Higher   1981  .036   2016  .007

 [D]    1 Absent rings:  Year   Master  N series Absent
                         1986   -1.460      76       1

====================================================================================================================================

 RAG1602   1962 to  2022      61 years                                                                                    Series  29

 [B] Entire series, effect on correlation (  .873) is:
       Lower   1964< -.013   2010< -.009   2017> -.008   1968> -.008   1962< -.008   2012> -.006  Higher   1981  .033   1990  .007

====================================================================================================================================

 RAG1703   1963 to  2013      51 years                                                                                    Series  30

 [B] Entire series, effect on correlation (  .795) is:
       Lower   1964< -.040   2011< -.038   1970< -.013   1965> -.010   1974> -.007   2008> -.006  Higher   1981  .054   1990  .013

====================================================================================================================================

 RAG1704   1963 to  2013      51 years                                                                                    Series  31

 [B] Entire series, effect on correlation (  .725) is:
       Lower   1965> -.033   2011< -.030   1970< -.028   1966< -.019   1971< -.011   2005> -.010  Higher   1981  .076   1990  .016

 [E] Outliers     1   3.0 SD above or -4.5 SD below mean for year
       1965 +3.6 SD
====================================================================================================================================

 RAG1801   1959 to  2022      64 years                                                                                    Series  32

 [B] Entire series, effect on correlation (  .846) is:
       Lower   2016> -.016   2015< -.009   1989< -.007   2017< -.007   2019< -.006   1983> -.006  Higher   1981  .041   2012  .007

====================================================================================================================================

 RAG1802   1959 to  2022      64 years                                                                                    Series  33

 [B] Entire series, effect on correlation (  .873) is:
       Lower   1991< -.018   1964< -.017   2013< -.009   1960> -.008   1977> -.007   2022< -.005  Higher   1981  .027   1990  .008

====================================================================================================================================

 RAG1901   1964 to  2022      59 years                                                                                    Series  34

 [B] Entire series, effect on correlation (  .842) is:
       Lower   1983< -.019   1964> -.011   2005< -.010   1973< -.006   1968> -.005   1965< -.005  Higher   1981  .012   2012  .009

====================================================================================================================================

 RAG1902   1964 to  2022      59 years                                                                                    Series  35

 [B] Entire series, effect on correlation (  .823) is:
       Lower   1965< -.041   1983< -.013   1985> -.013   1964> -.011   2021> -.004   1998< -.003  Higher   1981  .041   2016  .010

====================================================================================================================================

 RAG2001   1961 to  2022      62 years                                                                                    Series  36

 [B] Entire series, effect on correlation (  .936) is:
       Lower   1989< -.005   1967< -.004   1971> -.003   2008> -.003   1973> -.003   1984< -.003  Higher   1981  .017   1990  .003

====================================================================================================================================

 RAG2002   1961 to  2022      62 years                                                                                    Series  37

 [B] Entire series, effect on correlation (  .891) is:
       Lower   1968< -.008   2021> -.008   2016> -.007   2018< -.005   1966< -.005   1989< -.005  Higher   1981  .025   1990  .006

====================================================================================================================================

 RAG2101   1962 to  2022      61 years                                                                                    Series  38

 [B] Entire series, effect on correlation (  .920) is:
       Lower   1982> -.014   1983> -.006   1977< -.005   1979< -.004   1969< -.004   2020< -.002  Higher   1981  .023   1990  .005

====================================================================================================================================

 RAG2102   1962 to  2021      60 years                                                                                    Series  39

 [B] Entire series, effect on correlation (  .834) is:
       Lower   1964< -.025   1969< -.012   1965> -.012   1982> -.009   1983> -.008   1967< -.008  Higher   1981  .013   1990  .010

====================================================================================================================================

 RAG2201   1963 to  2022      60 years                                                                                    Series  40

 [B] Entire series, effect on correlation (  .833) is:
       Lower   1964< -.048   1976< -.010   1966> -.010   1983> -.009   2017< -.006   1972< -.005  Higher   1981  .017   1990  .010

====================================================================================================================================

 RAG2202   1962 to  2022      61 years                                                                                    Series  41

 [B] Entire series, effect on correlation (  .714) is:
       Lower   1964< -.035   1976< -.027   2017< -.016   1983> -.010   1965> -.009   2005> -.008  Higher   2016  .013   1990  .012

 [E] Outliers     1   3.0 SD above or -4.5 SD below mean for year
       1964 -5.2 SD
====================================================================================================================================

 RAG2301   1966 to  2022      57 years                                                                                    Series  42

 [B] Entire series, effect on correlation (  .793) is:
       Lower   2012> -.013   1973< -.010   1968> -.010   1986< -.009   1999> -.008   1971< -.008  Higher   1981  .072   1997  .006

====================================================================================================================================

 RAG2302   1960 to  2022      63 years                                                                                    Series  43

 [B] Entire series, effect on correlation (  .897) is:
       Lower   2022< -.009   1989< -.008   1961< -.006   1970< -.005   1976< -.004   1978< -.004  Higher   1981  .029   1990  .004

====================================================================================================================================

 RAG2401   1963 to  2022      60 years                                                                                    Series  44

 [B] Entire series, effect on correlation (  .875) is:
       Lower   2021< -.048   1991> -.004   2014> -.003   1968> -.003   2015< -.003   1974< -.002  Higher   1981  .009   2012  .007

 [E] Outliers     1   3.0 SD above or -4.5 SD below mean for year
       2021 -4.8 SD
====================================================================================================================================

 RAG2402   1963 to  2022      60 years                                                                                    Series  45

 [B] Entire series, effect on correlation (  .925) is:
       Lower   1989< -.012   1969< -.009   1991> -.006   1971> -.005   2014> -.002   2009< -.002  Higher   1981  .021   1990  .003

====================================================================================================================================

 RAG2501   1962 to  2022      61 years                                                                                    Series  46

 [B] Entire series, effect on correlation (  .890) is:
       Lower   2022< -.021   1989< -.007   1971< -.007   1982< -.006   2008> -.004   1974> -.004  Higher   1981  .032   1990  .006

====================================================================================================================================

 RAG2502   1962 to  2022      61 years                                                                                    Series  47

 [B] Entire series, effect on correlation (  .858) is:
       Lower   1977< -.021   2008> -.013   1986> -.007   1983> -.006   2015> -.006   2009> -.006  Higher   1981  .028   1990  .009

====================================================================================================================================

 RAG2601   1960 to  2022      63 years                                                                                    Series  48

 [B] Entire series, effect on correlation (  .828) is:
       Lower   1981> -.037   1986> -.011   1979< -.009   1983> -.006   1978< -.005   2022< -.004  Higher   1990  .010   2005  .010

====================================================================================================================================

 RAG2602   1960 to  2022      63 years                                                                                    Series  49

 [B] Entire series, effect on correlation (  .878) is:
       Lower   2016> -.015   1977< -.008   1983> -.007   1991< -.007   1979< -.005   1986> -.005  Higher   1981  .012   1990  .007

====================================================================================================================================

 RAG2701   1964 to  2022      59 years                                                                                    Series  50

 [B] Entire series, effect on correlation (  .869) is:
       Lower   1964< -.026   1965> -.008   2021> -.008   1979> -.006   1983> -.005   2015< -.005  Higher   1981  .035   1990  .008

 [E] Outliers     1   3.0 SD above or -4.5 SD below mean for year
       1964 -4.7 SD
====================================================================================================================================

 RAG2702   1964 to  2022      59 years                                                                                    Series  51

 [B] Entire series, effect on correlation (  .885) is:
       Lower   2016> -.022   2015< -.019   1980> -.003   1968> -.003   1966< -.003   1990< -.003  Higher   1981  .028   2012  .006

====================================================================================================================================

 RAG2801   1965 to  2022      58 years                                                                                    Series  52

 [B] Entire series, effect on correlation (  .690) is:
       Lower   1990< -.018   1965> -.013   1969< -.013   1966> -.012   1981> -.012   1970< -.011  Higher   2005  .021   1999  .011

 [E] Outliers     1   3.0 SD above or -4.5 SD below mean for year
       1981 +3.9 SD
====================================================================================================================================

 RAG2802   1964 to  2022      59 years                                                                                    Series  53

 [B] Entire series, effect on correlation (  .897) is:
       Lower   1989< -.010   1984< -.007   2021> -.006   2004< -.006   1983> -.006   1965> -.003  Higher   1981  .030   2016  .006

====================================================================================================================================

 RAG2901   1960 to  2022      63 years                                                                                    Series  54

 [B] Entire series, effect on correlation (  .855) is:
       Lower   1967< -.016   1985< -.012   1964> -.010   1990< -.009   1989< -.008   2019< -.007  Higher   1981  .039   2016  .007

====================================================================================================================================

 RAG2902   1960 to  2022      63 years                                                                                    Series  55

 [B] Entire series, effect on correlation (  .805) is:
       Lower   1983< -.013   1974> -.011   1971< -.008   2009> -.008   1967< -.007   2015> -.005  Higher   2012  .010   1981  .008

====================================================================================================================================

 RAG3001   1964 to  2022      59 years                                                                                    Series  56

 [B] Entire series, effect on correlation (  .805) is:
       Lower   1972< -.057   2022< -.011   1971< -.011   1966> -.008   1985> -.006   2015> -.005  Higher   1981  .030   2005  .011

 [E] Outliers     1   3.0 SD above or -4.5 SD below mean for year
       1972 -5.4 SD
====================================================================================================================================

 RAG3002   1964 to  2022      59 years                                                                                    Series  57

 [B] Entire series, effect on correlation (  .896) is:
       Lower   1972< -.013   1977> -.012   1971< -.008   1965> -.006   1966> -.006   1989> -.005  Higher   1981  .026   2005  .006

====================================================================================================================================

 RAG3101   1961 to  2022      62 years                                                                                    Series  58

 [B] Entire series, effect on correlation (  .839) is:
       Lower   1983< -.019   1968< -.014   1985> -.013   2015> -.012   2016> -.010   1961> -.005  Higher   1981  .031   2005  .007

====================================================================================================================================

 RAG3102   1961 to  2022      62 years                                                                                    Series  59

 [B] Entire series, effect on correlation (  .791) is:
       Lower   2017< -.022   1985> -.014   1974< -.012   1983< -.011   2021> -.011   2006> -.008  Higher   1981  .030   2012  .011

====================================================================================================================================

 RAG3201   1963 to  2022      60 years                                                                                    Series  60

 [B] Entire series, effect on correlation (  .680) is:
       Lower   1981> -.053   1980< -.038   1968> -.024   1966> -.019   1976< -.016   1983> -.015  Higher   2005  .021   2012  .019

 [E] Outliers     3   3.0 SD above or -4.5 SD below mean for year
       1966 +3.5 SD;    1981 +3.1 SD;    1983 +3.0 SD
====================================================================================================================================

 RAG3202   1963 to  2022      60 years                                                                                    Series  61

 [B] Entire series, effect on correlation (  .656) is:
       Lower   1980< -.154   1968> -.016   1977> -.014   1967< -.014   1989< -.011   1983> -.010  Higher   2016  .015   2005  .015

 [C] Year-to-year changes diverging by over 4.0 std deviations:
       1980 1981   4.2 SD

 [E] Outliers     1   3.0 SD above or -4.5 SD below mean for year
       1980 -7.4 SD
====================================================================================================================================

 RAG3301   1964 to  2022      59 years                                                                                    Series  62

 [B] Entire series, effect on correlation (  .819) is:
       Lower   1965< -.049   2015< -.007   1991> -.007   2009< -.006   1978> -.005   2014> -.004  Higher   1981  .021   1997  .008

 [E] Outliers     1   3.0 SD above or -4.5 SD below mean for year
       1965 -5.0 SD
====================================================================================================================================

 RAG3302   1964 to  2022      59 years                                                                                    Series  63

 [B] Entire series, effect on correlation (  .864) is:
       Lower   1964> -.023   1966< -.022   1965> -.012   2016> -.005   1991> -.004   2015< -.004  Higher   1981  .039   2012  .007

====================================================================================================================================

 RAG3401   1960 to  2022      63 years                                                                                    Series  64

 [B] Entire series, effect on correlation (  .919) is:
       Lower   1968> -.009   2013< -.006   2021> -.006   1972< -.005   1973< -.005   1978< -.003  Higher   1981  .022   1990  .004

====================================================================================================================================

 RAG3402   1961 to  2022      62 years                                                                                    Series  65

 [B] Entire series, effect on correlation (  .933) is:
       Lower   1982< -.006   1989< -.006   1977< -.006   1969< -.003   1970< -.002   2009< -.002  Higher   1981  .019   1990  .004

====================================================================================================================================

 RAG3501   1963 to  2022      60 years                                                                                    Series  66

 [B] Entire series, effect on correlation (  .809) is:
       Lower   1969< -.025   2014< -.022   2018< -.018   2021> -.012   2016> -.008   1985> -.007  Higher   1981  .034   2005  .011

====================================================================================================================================

 RAG3502   1959 to  2022      64 years                                                                                    Series  67

 [B] Entire series, effect on correlation (  .863) is:
       Lower   1968> -.013   2017< -.010   2018< -.008   1989< -.007   1976< -.007   1969< -.007  Higher   1981  .036   1990  .007

====================================================================================================================================

 RAG3601   1963 to  2022      60 years                                                                                    Series  68

 [B] Entire series, effect on correlation (  .920) is:
       Lower   2005> -.008   1989< -.005   2021> -.005   1978> -.004   1983> -.003   1969< -.003  Higher   1981  .018   1990  .004

====================================================================================================================================

 RAG3602   1963 to  2022      60 years                                                                                    Series  69

 [B] Entire series, effect on correlation (  .892) is:
       Lower   2021> -.011   1968< -.010   1966> -.007   1971> -.007   1977> -.006   1989< -.004  Higher   1981  .031   1990  .006

====================================================================================================================================

 RAG3701   1964 to  2022      59 years                                                                                    Series  70

 [B] Entire series, effect on correlation (  .773) is:
       Lower   1964> -.030   1971< -.016   1982> -.015   2012> -.010   1999> -.008   1998< -.008  Higher   1981  .056   1997  .008

 [E] Outliers     1   3.0 SD above or -4.5 SD below mean for year
       1982 +3.1 SD
====================================================================================================================================

 RAG3702   1964 to  2022      59 years                                                                                    Series  71

 [B] Entire series, effect on correlation (  .811) is:
       Lower   1964> -.026   1971< -.019   1999> -.010   1984< -.009   1998< -.008   1968< -.006  Higher   1981  .016   1997  .008

====================================================================================================================================

 RAG3801   1961 to  2022      62 years                                                                                    Series  72

 [B] Entire series, effect on correlation (  .890) is:
       Lower   2022< -.015   1989< -.010   2021> -.009   1987> -.005   1961< -.004   1971> -.003  Higher   1981  .028   1990  .006

====================================================================================================================================

 RAG3802   1961 to  2022      62 years                                                                                    Series  73

 [B] Entire series, effect on correlation (  .869) is:
       Lower   1962< -.009   1968> -.008   1981> -.008   1983< -.007   1974> -.006   1969< -.006  Higher   2016  .007   2012  .006

====================================================================================================================================

 RAG3901   1959 to  2014      56 years                                                                                    Series  74

 [A] Segment   High   -10   -9   -8   -7   -6   -5   -4   -3   -2   -1   +0   +1   +2   +3   +4   +5   +6   +7   +8   +9  +10
    ---------  ----   ---  ---  ---  ---  ---  ---  ---  ---  ---  ---  ---  ---  ---  ---  ---  ---  ---  ---  ---  ---  ---
    1965 2014    0      -    -    -    - -.24  .10  .02  .08 -.30 -.11  .31*-.07 -.15 -.17  .09  .11 -.06 -.17  .15    -    -

 [B] Entire series, effect on correlation (  .346) is:
       Lower   2014> -.052   2003< -.020   1999> -.019   1985> -.019   1964> -.017   1972< -.015  Higher   1981  .105   1986  .030
     1965 to 2014 segment:
       Lower   2014> -.059   1999> -.023   1985> -.022   2003< -.020   1972< -.015   2007> -.014  Higher   1981  .123   1986  .039

 [E] Outliers     7   3.0 SD above or -4.5 SD below mean for year
       1964 +3.0 SD;    1965 +3.5 SD;    1968 -4.7 SD;    1973 -4.9 SD;    1985 +3.6 SD;    2007 +3.3 SD;    2014 +4.6 SD
====================================================================================================================================

 RAG3902   1959 to  2004      46 years                                                                                    Series  75

 [B] Entire series, effect on correlation (  .454) is:
       Lower   1975< -.035   1973< -.027   1964> -.026   1972< -.026   1993< -.024   1966> -.024  Higher   1981  .062   1990  .027

 [E] Outliers     3   3.0 SD above or -4.5 SD below mean for year
       1966 +3.2 SD;    1972 -5.1 SD;    1973 -6.5 SD
====================================================================================================================================

 RAG4001   1968 to  2022      55 years                                                                                    Series  76

 [B] Entire series, effect on correlation (  .766) is:
       Lower   1974< -.070   2021> -.027   1972< -.009   1977> -.008   2014> -.008   1993< -.005  Higher   1981  .047   2005  .016

 [E] Outliers     1   3.0 SD above or -4.5 SD below mean for year
       1974 -5.8 SD
====================================================================================================================================

 RAG4002   1968 to  2022      55 years                                                                                    Series  77

 [B] Entire series, effect on correlation (  .732) is:
       Lower   1974< -.032   2014> -.015   1970< -.014   2019< -.012   1981> -.010   2022< -.010  Higher   2012  .017   2005  .017

====================================================================================================================================
PART 7:  DESCRIPTIVE STATISTICS:                                                                   12:07  Mon 19 Dec 2022  Page   7
------------------------------------------------------------------------------------------------------------------------------------

                                                Corr   //-------- Unfiltered --------\\  //---- Filtered -----\\
                           No.    No.    No.    with   Mean   Max     Std   Auto   Mean   Max     Std   Auto  AR
 Seq Series   Interval   Years  Segmt  Flags   Master  msmt   msmt    dev   corr   sens  value    dev   corr  ()
 --- -------- ---------  -----  -----  -----   ------ -----  -----  -----  -----  -----  -----  -----  -----  --
   1 RAG0101  1964 2022     59      2      0    .903   1.12   4.11   .986   .890   .428   2.63   .468  -.038   2
   2 RAG0102  1963 1971      9      1      1    .514   3.51   4.84   .700   .581   .156   2.48   .750  -.023   8
   3 RAG0201  1961 2022     62      2      0    .857    .85   5.07   .954   .797   .611   2.80   .481   .010   2
   4 RAG0202  1963 2022     60      2      0    .850    .88   4.88  1.070   .860   .499   2.64   .623  -.037   3
   5 RAG0301  1962 2022     61      2      0    .923   1.17   3.20   .845   .678   .449   2.96   .507   .023   1
   6 RAG0302  1962 2022     61      2      0    .888    .99   3.30   .779   .721   .505   2.69   .498   .005   1
   7 RAG0401  1964 2022     59      2      0    .867    .92   4.67   .984   .798   .587   2.84   .629   .031   1
   8 RAG0402  1964 2022     59      2      0    .781    .81   2.86   .754   .791   .605   2.64   .463  -.054   1
   9 RAG0501  1960 2022     63      2      1    .541   1.20   5.12  1.210   .929   .426   2.54   .423  -.034   1
  10 RAG0601  1962 2022     61      2      0    .842    .96   5.23  1.005   .795   .587   2.58   .462  -.020   3
  11 RAG0602  1962 2022     61      2      0    .904   1.22   6.09  1.066   .658   .547   2.72   .468  -.006   2
  12 RAG0701  1964 2022     59      2      0    .777    .71   2.81   .758   .885   .530   2.70   .546   .006   1
  13 RAG0702  1964 2022     59      2      0    .842    .75   2.88   .821   .923   .557   2.83   .564  -.042   1
  14 RAG0801  1963 2022     60      2      0    .939    .97   5.49  1.101   .895   .633   2.74   .511  -.010   1
  15 RAG0802  1963 2022     60      2      0    .891    .97   4.04   .981   .850   .708   2.96   .555   .041   1
  16 RAG1001  1964 2022     59      2      0    .661    .73   4.33  1.042   .906   .667   2.90   .556   .072   1
  17 RAG1002  1964 2022     59      2      0    .865    .71   3.76   .925   .899   .562   2.78   .603  -.087   1
  18 RAG1101  1962 2022     61      2      0    .840   1.31   5.82  1.381   .941   .453   2.69   .628  -.028   1
  19 RAG1102  1962 2022     61      2      0    .852   1.38   6.91  1.575   .957   .440   2.60   .490  -.012   3
  20 RAG1201  1960 2022     63      2      0    .902   1.21   4.71  1.161   .779   .520   2.87   .552  -.021   1
  21 RAG1202  1960 2022     63      2      0    .735   1.13   4.24  1.061   .837   .459   2.77   .497   .061   1
  22 RAG1301  1969 2022     54      2      0    .864    .92   3.50   .837   .848   .493   2.62   .459  -.014   1
  23 RAG1302  1969 2022     54      2      0    .787   1.10   3.24   .878   .826   .430   2.73   .700  -.067   1
  24 RAG1401  1964 2022     59      2      0    .851    .91   4.86  1.075   .893   .621   2.88   .650  -.061   1
  25 RAG1402  1964 2022     59      2      0    .658    .85   3.17   .830   .892   .546   2.88   .434  -.017   1
  26 RAG1501  1961 2022     62      2      0    .853   1.07   7.53  1.401   .809   .542   2.82   .532  -.010   1
  27 RAG1502  1961 2022     62      2      0    .743    .97   6.82  1.246   .833   .563   2.86   .599  -.008   1
  28 RAG1601  1963 2022     60      2      0    .862    .93   5.19   .985   .760   .608   2.59   .535  -.014   1
  29 RAG1602  1962 2022     61      2      0    .873    .94   4.97  1.050   .777   .619   2.70   .524   .069   1
  30 RAG1703  1963 2013     51      2      0    .795    .86   3.14   .864   .862   .624   2.78   .596  -.029   1
  31 RAG1704  1963 2013     51      2      0    .725    .69   3.03   .748   .855   .710   2.70   .586  -.034   1
  32 RAG1801  1959 2022     64      2      0    .846    .95   5.00   .986   .757   .550   2.86   .483   .036   1
  33 RAG1802  1959 2022     64      2      0    .873    .94   5.11   .958   .778   .627   3.00   .567   .019   1
  34 RAG1901  1964 2022     59      2      0    .842   1.19   3.56   .829   .811   .414   2.62   .541  -.065   2
  35 RAG1902  1964 2022     59      2      0    .823   1.40   3.59   .929   .777   .430   2.52   .523  -.069   2
  36 RAG2001  1961 2022     62      2      0    .936   1.07   5.52  1.142   .837   .588   2.89   .514  -.025   1
  37 RAG2002  1961 2022     62      2      0    .891   1.23   5.63  1.237   .881   .499   2.65   .408   .011   1
  38 RAG2101  1962 2022     61      2      0    .920   1.03   7.36  1.351   .817   .687   2.82   .488  -.060   1
  39 RAG2102  1962 2021     60      2      0    .834   1.02   9.34  1.393   .610   .695   2.92   .653  -.087   2
  40 RAG2201  1963 2022     60      2      0    .833    .77   3.99   .926   .830   .602   2.83   .554  -.006   1
  41 RAG2202  1962 2022     61      2      0    .714    .86   4.00   .814   .759   .586   2.65   .547   .025   3
  42 RAG2301  1966 2022     57      2      0    .793    .55   3.42   .648   .836   .812   2.68   .431   .064   3
  43 RAG2302  1960 2022     63      2      0    .897    .93   4.58   .894   .709   .647   2.98   .454   .067   1
  44 RAG2401  1963 2022     60      2      0    .875    .86   5.84  1.007   .784   .649   2.57   .496  -.042   1
  45 RAG2402  1963 2022     60      2      0    .925    .87   5.66  1.000   .801   .704   2.71   .509  -.024   1
  46 RAG2501  1962 2022     61      2      0    .890    .75   5.04  1.017   .873   .634   2.75   .485   .092   1
  47 RAG2502  1962 2022     61      2      0    .858    .84   5.06  1.031   .809   .681   2.98   .599  -.021   1
  48 RAG2601  1960 2022     63      2      0    .828   1.25   5.26  1.284   .789   .613   3.13   .696  -.092   1
PART 7:  DESCRIPTIVE STATISTICS:                                                                   12:07  Mon 19 Dec 2022  Page   8
------------------------------------------------------------------------------------------------------------------------------------

                                                Corr   //-------- Unfiltered --------\\  //---- Filtered -----\\
                           No.    No.    No.    with   Mean   Max     Std   Auto   Mean   Max     Std   Auto  AR
 Seq Series   Interval   Years  Segmt  Flags   Master  msmt   msmt    dev   corr   sens  value    dev   corr  ()
 --- -------- ---------  -----  -----  -----   ------ -----  -----  -----  -----  -----  -----  -----  -----  --
  49 RAG2602  1960 2022     63      2      0    .878   1.36   5.69  1.398   .804   .570   3.08   .676  -.032   1
  50 RAG2701  1964 2022     59      2      0    .869    .81   2.54   .653   .711   .621   2.75   .532   .068   1
  51 RAG2702  1964 2022     59      2      0    .885    .82   3.89   .760   .656   .591   2.78   .560   .035   1
  52 RAG2801  1965 2022     58      2      0    .690    .70   2.61   .573   .751   .508   2.84   .528  -.022   1
  53 RAG2802  1964 2022     59      2      0    .897    .92   4.66   .934   .771   .548   2.67   .450   .034   1
  54 RAG2901  1960 2022     63      2      0    .855    .90   5.17  1.087   .879   .585   2.60   .502  -.028   1
  55 RAG2902  1960 2022     63      2      0    .805    .92   4.38   .946   .865   .543   2.58   .570  -.078   1
  56 RAG3001  1964 2022     59      2      0    .805   1.01   3.23   .734   .762   .474   2.87   .598  -.045   1
  57 RAG3002  1964 2022     59      2      0    .896   1.31   4.67   .974   .729   .480   2.71   .549  -.028   1
  58 RAG3101  1961 2022     62      2      0    .839   1.03   4.84  1.044   .883   .554   2.68   .603  -.004   1
  59 RAG3102  1961 2022     62      2      0    .791   1.19   5.74  1.210   .827   .556   2.88   .669   .008   1
  60 RAG3201  1963 2022     60      2      0    .680   1.55   5.24  1.415   .917   .394   2.73   .718  -.046   1
  61 RAG3202  1963 2022     60      2      0    .656   1.61   5.96  1.082   .841   .335   2.60   .467   .083   1
  62 RAG3301  1964 2022     59      2      0    .819   1.09   4.02   .975   .863   .449   2.83   .497   .053   1
  63 RAG3302  1964 2022     59      2      0    .864    .93   3.78   .979   .885   .455   2.64   .512  -.036   1
  64 RAG3401  1960 2022     63      2      0    .919   1.09   5.11  1.138   .796   .537   2.95   .492   .010   1
  65 RAG3402  1961 2022     62      2      0    .933   1.10   6.91  1.213   .696   .544   2.80   .483   .089   1
  66 RAG3501  1963 2022     60      2      0    .809   2.03   5.36  1.285   .780   .381   2.67   .551  -.099   1
  67 RAG3502  1959 2022     64      2      0    .863   1.72   6.72  1.401   .817   .446   2.75   .496  -.033   1
  68 RAG3601  1963 2022     60      2      0    .920   1.18   5.89  1.104   .836   .467   2.60   .429   .051   1
  69 RAG3602  1963 2022     60      2      0    .892   1.20   4.33   .994   .843   .448   2.70   .452   .014   1
  70 RAG3701  1964 2022     59      2      0    .773    .89   3.50   .811   .828   .575   2.68   .543  -.026   2
  71 RAG3702  1964 2022     59      2      0    .811    .88   3.16   .760   .766   .609   2.77   .598  -.022   2
  72 RAG3801  1961 2022     62      2      0    .890   1.09   3.68   .861   .661   .592   2.80   .535   .037   1
  73 RAG3802  1961 2022     62      2      0    .869   1.33   4.75  1.124   .792   .536   2.78   .702  -.057   1
  74 RAG3901  1959 2014     56      2      1    .346    .96   6.44  1.430   .864   .701   2.79   .627  -.042   1
  75 RAG3902  1959 2004     46      1      0    .454   1.28   5.22  1.445   .782   .664   2.85   .677  -.067   2
  76 RAG4001  1968 2022     55      2      0    .766   1.08   2.82   .723   .740   .398   2.63   .567  -.007   1
  77 RAG4002  1968 2022     55      2      0    .732   1.18   3.42   .745   .600   .428   2.86   .632  -.094   1
 --- -------- ---------  -----  -----  -----   ------ -----  -----  -----  -----  -----  -----  -----  -----  --
 Total or mean:           4556    152      3    .824   1.05   9.34  1.024   .809   .551   3.13   .543  -.010

                                              - = [  COFECHA CORESCOF  ] = -
