[]  Dendrochronology Program Library                                        Run CORES  Program COF  17:00  Thu 20 Jan 2022  Page   1
[]
[]  P R O G R A M      C O F E C H A                                                                          Version 6.06P    31798
------------------------------------------------------------------------------------------------------------------------------------

 QUALITY CONTROL AND DATING CHECK OF TREE-RING MEASUREMENTS

 File of DATED series:   6-JER_PIN_LOW_cores.rwl

 CONTENTS:

    Part 1:  Title page, options selected, summary, absent rings by series
    Part 2:  Histogram of time spans
    Part 3:  Master series with sample depth and absent rings by year
    Part 4:  Bar plot of Master Dating Series
    Part 5:  Correlation by segment of each series with Master
    Part 6:  Potential problems: low correlation, divergent year-to-year changes, absent rings, outliers
    Part 7:  Descriptive statistics

 RUN CONTROL OPTIONS SELECTED                             VALUE

         1  Cubic smoothing spline 50% wavelength cutoff for filtering
                                                            32 years
         2  Segments examined are                           50 years lagged successively by  25 years
         3  Autoregressive model applied                     A  Residuals are used in master dating series and testing
         4  Series transformed to logarithms                 Y  Each series log-transformed for master dating series and testing
         5  CORRELATION is Pearson (parametric, quantitative)
            Critical correlation, 99% confidence level   .3281
         6  Master dating series saved                       N
         7  Ring measurements listed                         N
         8  Parts printed                              1234567 
         9  Absent rings are omitted from master series and segment correlations  (Y)

 Time span of Master dating series is  1952 to  2021    70 years
 Continuous time span is               1952 to  2021    70 years
 Portion with two or more series is    1952 to  2021    70 years


                                        ****************************************
                                        *C* Number of dated series        82 *C*
                                        *O* Master series 1952 2021   70 yrs *O*
                                        *F* Total rings in all series   5252 *F*
                                        *E* Total dated rings checked   5252 *E*
                                        *C* Series intercorrelation     .845 *C*
                                        *H* Average mean sensitivity    .640 *H*
                                        *A* Segments, possible problems    0 *A*
                                        *** Mean length of series       64.0 ***
                                        ****************************************

 ABSENT RINGS listed by SERIES:            (See Master Dating Series for absent rings listed by year)

               No ring measurements of zero value
PART 2:  TIME PLOT OF TREE-RING SERIES:                                                            17:00  Thu 20 Jan 2022  Page   2
------------------------------------------------------------------------------------------------------------------------------------
 1050 1100 1150 1200 1250 1300 1350 1400 1450 1500 1550 1600 1650 1700 1750 1800 1850 1900 1950 2000 2050 Ident   Seq Time-span  Yrs
   :    :    :    :    :    :    :    :    :    :    :    :    :    :    :    :    :    :    :    :    : -------- --- ---- ---- ----
   .    .    .    .    .    .    .    .    .    .    .    .    .    .    .    .    .    .    <======>  . JERL01A    1 1955 2021   67
   .    .    .    .    .    .    .    .    .    .    .    .    .    .    .    .    .    .    <======>  . JERL01B    2 1953 2021   69
   .    .    .    .    .    .    .    .    .    .    .    .    .    .    .    .    .    .    <======>  . JERL02A    3 1957 2020   64
   .    .    .    .    .    .    .    .    .    .    .    .    .    .    .    .    .    .    <======>  . JERL02B    4 1955 2021   67
   .    .    .    .    .    .    .    .    .    .    .    .    .    .    .    .    .    .    <======>  . JERL03A    5 1954 2021   68
   .    .    .    .    .    .    .    .    .    .    .    .    .    .    .    .    .    .    <======>  . JERL03B    6 1954 2021   68
   .    .    .    .    .    .    .    .    .    .    .    .    .    .    .    .    .    .    <======>  . JERL04A    7 1959 2021   63
   .    .    .    .    .    .    .    .    .    .    .    .    .    .    .    .    .    .    <======>  . JERL04B    8 1959 2021   63
   .    .    .    .    .    .    .    .    .    .    .    .    .    .    .    .    .    .    <======>  . JERL05A    9 1957 2021   65
   .    .    .    .    .    .    .    .    .    .    .    .    .    .    .    .    .    .    <======>  . JERL05B   10 1957 2021   65
   .    .    .    .    .    .    .    .    .    .    .    .    .    .    .    .    .    .    <======>  . JERL06A   11 1954 2021   68
   .    .    .    .    .    .    .    .    .    .    .    .    .    .    .    .    .    .    <======>  . JERL06B   12 1954 2021   68
   .    .    .    .    .    .    .    .    .    .    .    .    .    .    .    .    .    .    <======>  . JERL07A   13 1954 2021   68
   .    .    .    .    .    .    .    .    .    .    .    .    .    .    .    .    .    .    <======>  . JERL07B   14 1953 2021   69
   .    .    .    .    .    .    .    .    .    .    .    .    .    .    .    .    .    .    <======>  . JERL08A   15 1955 2021   67
   .    .    .    .    .    .    .    .    .    .    .    .    .    .    .    .    .    .    <======>  . JERL08B   16 1954 2021   68
   .    .    .    .    .    .    .    .    .    .    .    .    .    .    .    .    .    .    <=====>   . JERL09A   17 1954 2018   65
   .    .    .    .    .    .    .    .    .    .    .    .    .    .    .    .    .    .    <=====>   . JERL09B   18 1954 2018   65
   .    .    .    .    .    .    .    .    .    .    .    .    .    .    .    .    .    .    <======>  . JERL10A   19 1955 2021   67
   .    .    .    .    .    .    .    .    .    .    .    .    .    .    .    .    .    .    <======>  . JERL10B   20 1956 2021   66
   .    .    .    .    .    .    .    .    .    .    .    .    .    .    .    .    .    .    <======>  . JERL11A   21 1955 2021   67
   .    .    .    .    .    .    .    .    .    .    .    .    .    .    .    .    .    .    . <====>  . JERL11B   22 1978 2021   44
   .    .    .    .    .    .    .    .    .    .    .    .    .    .    .    .    .    .    <======>  . JERL12A   23 1959 2021   63
   .    .    .    .    .    .    .    .    .    .    .    .    .    .    .    .    .    .    <======>  . JERL12B   24 1959 2021   63
   .    .    .    .    .    .    .    .    .    .    .    .    .    .    .    .    .    .    <======>  . JERL13A   25 1953 2021   69
   .    .    .    .    .    .    .    .    .    .    .    .    .    .    .    .    .    .    <======>  . JERL13B   26 1953 2021   69
   .    .    .    .    .    .    .    .    .    .    .    .    .    .    .    .    .    .    <======>  . JERL14A   27 1957 2021   65
   .    .    .    .    .    .    .    .    .    .    .    .    .    .    .    .    .    .    <======>  . JERL14B   28 1957 2021   65
   .    .    .    .    .    .    .    .    .    .    .    .    .    .    .    .    .    .    <======>  . JERL15A   29 1956 2021   66
   .    .    .    .    .    .    .    .    .    .    .    .    .    .    .    .    .    .    <======>  . JERL15B   30 1956 2021   66
   .    .    .    .    .    .    .    .    .    .    .    .    .    .    .    .    .    .    <======>  . JERL16A   31 1957 2021   65
   .    .    .    .    .    .    .    .    .    .    .    .    .    .    .    .    .    .    <======>  . JERL16B   32 1957 2021   65
   .    .    .    .    .    .    .    .    .    .    .    .    .    .    .    .    .    .    <======>  . JERL17A   33 1955 2021   67
   .    .    .    .    .    .    .    .    .    .    .    .    .    .    .    .    .    .    <======>  . JERL17B   34 1955 2021   67
   .    .    .    .    .    .    .    .    .    .    .    .    .    .    .    .    .    .    <======>  . JERL18A   35 1959 2021   63
   .    .    .    .    .    .    .    .    .    .    .    .    .    .    .    .    .    .    <======>  . JERL18B   36 1959 2021   63
   .    .    .    .    .    .    .    .    .    .    .    .    .    .    .    .    .    .    <======>  . JERL19A   37 1956 2021   66
   .    .    .    .    .    .    .    .    .    .    .    .    .    .    .    .    .    .    <======>  . JERL19B   38 1956 2021   66
   .    .    .    .    .    .    .    .    .    .    .    .    .    .    .    .    .    .    <======>  . JERL20A   39 1953 2021   69
   .    .    .    .    .    .    .    .    .    .    .    .    .    .    .    .    .    .    <======>  . JERL20B   40 1953 2021   69
   .    .    .    .    .    .    .    .    .    .    .    .    .    .    .    .    .    .    <=====>   . JERL21A   41 1955 2016   62
   .    .    .    .    .    .    .    .    .    .    .    .    .    .    .    .    .    .    <=====>   . JERL21B   42 1955 2016   62
   .    .    .    .    .    .    .    .    .    .    .    .    .    .    .    .    .    .    <=====>   . JERL22A   43 1954 2019   66
   .    .    .    .    .    .    .    .    .    .    .    .    .    .    .    .    .    .    <=====>   . JERL22B   44 1954 2019   66
   .    .    .    .    .    .    .    .    .    .    .    .    .    .    .    .    .    .    <======>  . JERL23A   45 1957 2020   64
   .    .    .    .    .    .    .    .    .    .    .    .    .    .    .    .    .    .    <======>  . JERL23B   46 1957 2021   65
   .    .    .    .    .    .    .    .    .    .    .    .    .    .    .    .    .    .    <======>  . JERL24A   47 1954 2020   67
   .    .    .    .    .    .    .    .    .    .    .    .    .    .    .    .    .    .    <=====>   . JERL24B   48 1953 2018   66
   .    .    .    .    .    .    .    .    .    .    .    .    .    .    .    .    .    .    <======>  . JERL25A   49 1952 2021   70
   .    .    .    .    .    .    .    .    .    .    .    .    .    .    .    .    .    .    <======>  . JERL25B   50 1952 2021   70
   :    :    :    :    :    :    :    :    :    :    :    :    :    :    :    :    :    :    :    :    :
 1050 1100 1150 1200 1250 1300 1350 1400 1450 1500 1550 1600 1650 1700 1750 1800 1850 1900 1950 2000 2050
PART 2:  TIME PLOT OF TREE-RING SERIES:                                                            17:00  Thu 20 Jan 2022  Page   3
------------------------------------------------------------------------------------------------------------------------------------
 1050 1100 1150 1200 1250 1300 1350 1400 1450 1500 1550 1600 1650 1700 1750 1800 1850 1900 1950 2000 2050 Ident   Seq Time-span  Yrs
   :    :    :    :    :    :    :    :    :    :    :    :    :    :    :    :    :    :    :    :    : -------- --- ---- ---- ----
   .    .    .    .    .    .    .    .    .    .    .    .    .    .    .    .    .    .    <======>  . JERL26A   51 1959 2021   63
   .    .    .    .    .    .    .    .    .    .    .    .    .    .    .    .    .    .    <======>  . JERL26B   52 1959 2021   63
   .    .    .    .    .    .    .    .    .    .    .    .    .    .    .    .    .    .    <======>  . JERL27A   53 1956 2021   66
   .    .    .    .    .    .    .    .    .    .    .    .    .    .    .    .    .    .    <======>  . JERL27B   54 1956 2021   66
   .    .    .    .    .    .    .    .    .    .    .    .    .    .    .    .    .    .    <=====>   . JERL28A   55 1955 2014   60
   .    .    .    .    .    .    .    .    .    .    .    .    .    .    .    .    .    .    <=====>   . JERL28B   56 1955 2012   58
   .    .    .    .    .    .    .    .    .    .    .    .    .    .    .    .    .    .    <====>    . JERL29A   57 1955 2007   53
   .    .    .    .    .    .    .    .    .    .    .    .    .    .    .    .    .    .    <=====>   . JERL29B   58 1955 2010   56
   .    .    .    .    .    .    .    .    .    .    .    .    .    .    .    .    .    .    <======>  . JERL30A   59 1958 2021   64
   .    .    .    .    .    .    .    .    .    .    .    .    .    .    .    .    .    .    <======>  . JERL30B   60 1958 2021   64
   .    .    .    .    .    .    .    .    .    .    .    .    .    .    .    .    .    .    <======>  . JERL31A   61 1952 2021   70
   .    .    .    .    .    .    .    .    .    .    .    .    .    .    .    .    .    .    <======>  . JERL31B   62 1952 2021   70
   .    .    .    .    .    .    .    .    .    .    .    .    .    .    .    .    .    .    <======>  . JERL32A   63 1954 2021   68
   .    .    .    .    .    .    .    .    .    .    .    .    .    .    .    .    .    .    <======>  . JERL32B   64 1954 2021   68
   .    .    .    .    .    .    .    .    .    .    .    .    .    .    .    .    .    .    <====>    . JERL33A   65 1952 2009   58
   .    .    .    .    .    .    .    .    .    .    .    .    .    .    .    .    .    .    <=====>   . JERL33B   66 1952 2011   60
   .    .    .    .    .    .    .    .    .    .    .    .    .    .    .    .    .    .    <======>  . JERL34A   67 1955 2021   67
   .    .    .    .    .    .    .    .    .    .    .    .    .    .    .    .    .    .    . <====>  . JERL34B   68 1972 2021   50
   .    .    .    .    .    .    .    .    .    .    .    .    .    .    .    .    .    .    <====>    . JERL35A   69 1959 2002   44
   .    .    .    .    .    .    .    .    .    .    .    .    .    .    .    .    .    .    <======>  . JERL35B   70 1959 2021   63
   .    .    .    .    .    .    .    .    .    .    .    .    .    .    .    .    .    .    <======>  . JERL36A   71 1955 2021   67
   .    .    .    .    .    .    .    .    .    .    .    .    .    .    .    .    .    .    <======>  . JERL36B   72 1955 2021   67
   .    .    .    .    .    .    .    .    .    .    .    .    .    .    .    .    .    .    .<====>   . JERL37A   73 1960 2012   53
   .    .    .    .    .    .    .    .    .    .    .    .    .    .    .    .    .    .    <=====>   . JERL37B   74 1959 2013   55
   .    .    .    .    .    .    .    .    .    .    .    .    .    .    .    .    .    .    <=====>   . JERL38A   75 1956 2011   56
   .    .    .    .    .    .    .    .    .    .    .    .    .    .    .    .    .    .    <=====>   . JERL38B   76 1956 2010   55
   .    .    .    .    .    .    .    .    .    .    .    .    .    .    .    .    .    .    <======>  . JERL39A   77 1954 2021   68
   .    .    .    .    .    .    .    .    .    .    .    .    .    .    .    .    .    .    <======>  . JERL39B   78 1954 2021   68
   .    .    .    .    .    .    .    .    .    .    .    .    .    .    .    .    .    .    <======>  . JERL40A   79 1955 2021   67
   .    .    .    .    .    .    .    .    .    .    .    .    .    .    .    .    .    .    <======>  . JERL40B   80 1955 2021   67
   .    .    .    .    .    .    .    .    .    .    .    .    .    .    .    .    .    .    <=====>   . JERL41A   81 1956 2012   57
   .    .    .    .    .    .    .    .    .    .    .    .    .    .    .    .    .    .    <=====>   . JERL41B   82 1956 2011   56
   :    :    :    :    :    :    :    :    :    :    :    :    :    :    :    :    :    :    :    :    :
 1050 1100 1150 1200 1250 1300 1350 1400 1450 1500 1550 1600 1650 1700 1750 1800 1850 1900 1950 2000 2050
PART 3:  Master Dating Series:                                                                     17:00  Thu 20 Jan 2022  Page   4
------------------------------------------------------------------------------------------------------------------------------------
  Year  Value  No Ab    Year  Value  No Ab    Year  Value  No Ab    Year  Value  No Ab    Year  Value  No Ab    Year  Value  No Ab
  ------------------    ------------------    ------------------    ------------------    ------------------    ------------------
                        2000   .328  82
                        2001  1.031  82
  1952   .507   6       2002  -.011  82
  1953  -.926  13       2003  1.119  81
  1954   .521  28       2004   .861  81
  1955  -.225  46       2005 -1.385  81
  1956   .672  57       2006   .346  81
  1957   .409  66       2007  -.648  81
  1958   .171  68       2008  -.079  80
  1959   .894  79       2009  -.360  80

  1960  1.120  80       2010   .777  79
  1961 -2.489  80       2011  1.140  77
  1962  -.006  80       2012 -1.253  74
  1963  1.026  80       2013  1.807  71
  1964 -1.107  80       2014  -.154  70
  1965 -2.944  80       2015  -.327  69
  1966   .272  80       2016 -1.443  69
  1967  -.949  80       2017  -.317  67
  1968  -.796  80       2018   .451  67
  1969   .888  80       2019  -.701  64

  1970   .315  80       2020  1.199  62
  1971   .517  80       2021  -.171  59
  1972   .161  81
  1973  -.400  81
  1974  -.818  81
  1975  -.628  81
  1976  -.318  81
  1977   .507  81
  1978  1.649  82
  1979  1.589  82

  1980   .357  82
  1981 -1.276  82
  1982   .522  82
  1983 -1.670  82
  1984   .780  82
  1985   .860  82
  1986  1.136  82
  1987   .135  82
  1988 -1.609  82
  1989   .455  82

  1990   .694  82
  1991   .010  82
  1992   .719  82
  1993  -.342  82
  1994  -.763  82
  1995 -2.128  82
  1996  -.106  82
  1997   .969  82
  1998  1.224  82
  1999 -1.786  82
------------------------------------------------------------------------------------------------------------------------------------
PART 4:  Master Bar Plot:                                                                          17:00  Thu 20 Jan 2022  Page   5
------------------------------------------------------------------------------------------------------------------------------------
   Year Rel value  Year Rel value  Year Rel value  Year Rel value  Year Rel value  Year Rel value  Year Rel value  Year Rel value
                   2000------A
                   2001---------D
   1952-------B    2002----@
   1953-d          2003---------D
   1954-------B    2004--------C
   1955---a        2005-f
   1956-------C    2006------A
   1957------B     2007--c
   1958-----A      2008----@
   1959--------D   2009---a
   1960---------D  2010--------C
   1961j           2011---------E
   1962----@       2012-e
   1963---------D  2013----------G
   1964-d          2014----a
   1965l           2015---a
   1966-----A      2016-f
   1967-d          2017---a
   1968--c         2018------B
   1969--------D   2019--c
   1970------A     2020---------E
   1971-------B    2021----a
   1972-----A
   1973---b
   1974--c
   1975--c
   1976---a
   1977-------B
   1978----------G
   1979----------F
   1980------A
   1981-e
   1982-------B
   1983g
   1984--------C
   1985--------C
   1986---------E
   1987-----A
   1988f
   1989------B
   1990--------C
   1991----@
   1992--------C
   1993---a
   1994--c
   1995i
   1996----@
   1997---------D
   1998---------E
   1999g
PART 5:  CORRELATION OF SERIES BY SEGMENTS:                                                        17:00  Thu 20 Jan 2022  Page   5
------------------------------------------------------------------------------------------------------------------------------------
 Correlations of  50-year dated segments, lagged  25 years
 Flags:  A = correlation under   .3281 but highest as dated;  B = correlation higher at other than dated position

 Seq Series  Time_span   1950 1975
                         1999 2024
 --- -------- ---------  ---- ---- ---- ---- ---- ---- ---- ---- ---- ---- ---- ---- ---- ---- ---- ---- ---- ---- ---- ----
   1 JERL01A  1955 2021   .85  .89
   2 JERL01B  1953 2021   .91  .92
   3 JERL02A  1957 2020   .89  .90
   4 JERL02B  1955 2021   .87  .91
   5 JERL03A  1954 2021   .87  .91
   6 JERL03B  1954 2021   .89  .91
   7 JERL04A  1959 2021   .89  .90
   8 JERL04B  1959 2021   .84  .88
   9 JERL05A  1957 2021   .95  .93
  10 JERL05B  1957 2021   .93  .91
  11 JERL06A  1954 2021   .91  .94
  12 JERL06B  1954 2021   .89  .90
  13 JERL07A  1954 2021   .91  .90
  14 JERL07B  1953 2021   .86  .85
  15 JERL08A  1955 2021   .87  .89
  16 JERL08B  1954 2021   .85  .91
  17 JERL09A  1954 2018   .92  .88
  18 JERL09B  1954 2018   .87  .86
  19 JERL10A  1955 2021   .90  .91
  20 JERL10B  1956 2021   .82  .87
  21 JERL11A  1955 2021   .88  .92
  22 JERL11B  1978 2021        .88
  23 JERL12A  1959 2021   .92  .95
  24 JERL12B  1959 2021   .86  .89
  25 JERL13A  1953 2021   .84  .83
  26 JERL13B  1953 2021   .92  .95
  27 JERL14A  1957 2021   .84  .84
  28 JERL14B  1957 2021   .89  .91
  29 JERL15A  1956 2021   .86  .83
  30 JERL15B  1956 2021   .88  .88
  31 JERL16A  1957 2021   .92  .88
  32 JERL16B  1957 2021   .86  .85
  33 JERL17A  1955 2021   .93  .91
  34 JERL17B  1955 2021   .93  .89
  35 JERL18A  1959 2021   .89  .94
  36 JERL18B  1959 2021   .90  .93
  37 JERL19A  1956 2021   .93  .92
  38 JERL19B  1956 2021   .93  .93
  39 JERL20A  1953 2021   .78  .82
  40 JERL20B  1953 2021   .74  .79
  41 JERL21A  1955 2016   .78  .69
  42 JERL21B  1955 2016   .84  .74
  43 JERL22A  1954 2019   .76  .79
  44 JERL22B  1954 2019   .88  .87
  45 JERL23A  1957 2020   .86  .74
  46 JERL23B  1957 2021   .90  .86
  47 JERL24A  1954 2020   .80  .70
  48 JERL24B  1953 2018   .88  .79
  49 JERL25A  1952 2021   .80  .88
  50 JERL25B  1952 2021   .76  .89
  51 JERL26A  1959 2021   .91  .92
  52 JERL26B  1959 2021   .88  .90
  53 JERL27A  1956 2021   .92  .89
  54 JERL27B  1956 2021   .88  .90
  55 JERL28A  1955 2014   .89  .86
  56 JERL28B  1955 2012   .89  .87
  57 JERL29A  1955 2007   .58  .61
  58 JERL29B  1955 2010   .55  .59
  59 JERL30A  1958 2021   .87  .88
  60 JERL30B  1958 2021   .82  .88
  61 JERL31A  1952 2021   .83  .87
  62 JERL31B  1952 2021   .80  .85
  63 JERL32A  1954 2021   .89  .92
  64 JERL32B  1954 2021   .91  .91
  65 JERL33A  1952 2009   .57  .47
  66 JERL33B  1952 2011   .80  .74
  67 JERL34A  1955 2021   .85  .90
  68 JERL34B  1972 2021   .87
  69 JERL35A  1959 2002   .77
  70 JERL35B  1959 2021   .84  .88
  71 JERL36A  1955 2021   .88  .90
  72 JERL36B  1955 2021   .87  .86
  73 JERL37A  1960 2012   .74  .74
  74 JERL37B  1959 2013   .75  .65
  75 JERL38A  1956 2011   .77  .70
  76 JERL38B  1956 2010   .75  .74
  77 JERL39A  1954 2021   .78  .89
  78 JERL39B  1954 2021   .82  .88
  79 JERL40A  1955 2021   .86  .92
  80 JERL40B  1955 2021   .89  .91
  81 JERL41A  1956 2012   .71  .67
  82 JERL41B  1956 2011   .67  .67
 Av segment correlation   .85  .85
PART 6:  POTENTIAL PROBLEMS:                                                                       17:00  Thu 20 Jan 2022  Page   6
------------------------------------------------------------------------------------------------------------------------------------

 For each series with potential problems the following diagnostics may appear:

 [A] Correlations with master dating series of flagged  50-year segments of series filtered with  32-year spline,
     at every point from ten years earlier (-10) to ten years later (+10) than dated

 [B] Effect of those data values which most lower or raise correlation with master series
     Symbol following year indicates value in series is greater (>) or lesser (<) than master series value

 [C] Year-to-year changes very different from the mean change in other series

 [D] Absent rings (zero values)

 [E] Values which are statistical outliers from mean for the year
====================================================================================================================================

 JERL01A   1955 to  2021      67 years                                                                                    Series   1

 [B] Entire series, effect on correlation (  .862) is:
       Lower   1965> -.020   1984< -.015   1964< -.011   1986< -.005   2018< -.004   1955> -.004  Higher   1961  .013   1995  .008

====================================================================================================================================

 JERL01B   1953 to  2021      69 years                                                                                    Series   2

 [B] Entire series, effect on correlation (  .904) is:
       Lower   1965> -.016   1999> -.006   2017< -.006   1976< -.004   1954> -.004   1955< -.003  Higher   1961  .012   1995  .006

====================================================================================================================================

 JERL02A   1957 to  2020      64 years                                                                                    Series   3

 [B] Entire series, effect on correlation (  .882) is:
       Lower   1961> -.023   2017< -.007   2007> -.004   2019> -.004   1998< -.004   1968> -.003  Higher   1965  .011   2013  .007

====================================================================================================================================

 JERL02B   1955 to  2021      67 years                                                                                    Series   4

 [B] Entire series, effect on correlation (  .860) is:
       Lower   1956< -.017   2014< -.013   1964> -.013   1961> -.008   2016< -.007   1968> -.007  Higher   1999  .008   1995  .008

====================================================================================================================================

 JERL03A   1954 to  2021      68 years                                                                                    Series   5

 [B] Entire series, effect on correlation (  .885) is:
       Lower   1954< -.018   1972< -.007   1977< -.007   1988> -.006   2021> -.004   1968> -.003  Higher   1999  .006   1983  .006

====================================================================================================================================

 JERL03B   1954 to  2021      68 years                                                                                    Series   6

 [B] Entire series, effect on correlation (  .892) is:
       Lower   1954< -.016   1982< -.008   1965> -.004   1988> -.004   2009> -.004   1980< -.003  Higher   1961  .009   1999  .007

====================================================================================================================================

 JERL04A   1959 to  2021      63 years                                                                                    Series   7

 [B] Entire series, effect on correlation (  .896) is:
       Lower   1975< -.007   1964> -.006   1977< -.004   1994> -.004   1962> -.004   1971< -.003  Higher   1965  .010   1995  .006

====================================================================================================================================

 JERL04B   1959 to  2021      63 years                                                                                    Series   8

 [B] Entire series, effect on correlation (  .858) is:
       Lower   1964> -.014   1978< -.014   1961> -.011   2021> -.004   1980< -.004   1977< -.003  Higher   2013  .006   2005  .005

====================================================================================================================================

 JERL05A   1957 to  2021      65 years                                                                                    Series   9

 [B] Entire series, effect on correlation (  .940) is:
       Lower   2019> -.003   2006< -.003   1963< -.003   2015> -.002   1991> -.002   2021< -.002  Higher   1961  .006   1965  .006

====================================================================================================================================

 JERL05B   1957 to  2021      65 years                                                                                    Series  10

 [B] Entire series, effect on correlation (  .926) is:
       Lower   1973< -.005   1996< -.005   2006< -.005   1999> -.005   1990> -.004   2018> -.003  Higher   1961  .009   1965  .007

====================================================================================================================================

 JERL06A   1954 to  2021      68 years                                                                                    Series  11

 [B] Entire series, effect on correlation (  .910) is:
       Lower   1954< -.013   1961> -.007   1976< -.003   2005> -.002   2010< -.002   1971< -.002  Higher   1999  .006   1983  .005

====================================================================================================================================

 JERL06B   1954 to  2021      68 years                                                                                    Series  12

 [B] Entire series, effect on correlation (  .877) is:
       Lower   1954< -.013   1961> -.011   2017> -.007   1988> -.006   2019< -.005   2014> -.005  Higher   1965  .012   2013  .007

====================================================================================================================================

 JERL07A   1954 to  2021      68 years                                                                                    Series  13

 [B] Entire series, effect on correlation (  .914) is:
       Lower   1997< -.011   1976> -.009   1954< -.007   1988> -.005   1990> -.003   2021< -.003  Higher   1961  .011   1965  .008

====================================================================================================================================

 JERL07B   1953 to  2021      69 years                                                                                    Series  14

 [B] Entire series, effect on correlation (  .847) is:
       Lower   1955> -.013   2009> -.009   1962< -.008   1953< -.008   2016> -.007   1997< -.006  Higher   1961  .015   1965  .011

====================================================================================================================================

 JERL08A   1955 to  2021      67 years                                                                                    Series  15

 [B] Entire series, effect on correlation (  .881) is:
       Lower   1961> -.018   1996< -.011   1976> -.006   1999> -.006   1955< -.004   2015< -.002  Higher   1965  .009   2013  .006

====================================================================================================================================

 JERL08B   1954 to  2021      68 years                                                                                    Series  16

 [B] Entire series, effect on correlation (  .865) is:
       Lower   1961> -.019   1954< -.016   1988< -.016   1980< -.006   1976> -.005   2009> -.004  Higher   1999  .010   1995  .007

====================================================================================================================================

 JERL09A   1954 to  2018      65 years                                                                                    Series  17

 [B] Entire series, effect on correlation (  .888) is:
       Lower   2018< -.011   2005> -.010   2007< -.007   2017> -.006   1957< -.005   2012> -.004  Higher   1961  .010   1999  .009

====================================================================================================================================

 JERL09B   1954 to  2018      65 years                                                                                    Series  18

 [B] Entire series, effect on correlation (  .850) is:
       Lower   2012> -.015   1965> -.013   1989< -.010   2018< -.007   1957< -.006   1981> -.005  Higher   1961  .012   2013  .009

====================================================================================================================================

 JERL10A   1955 to  2021      67 years                                                                                    Series  19

 [B] Entire series, effect on correlation (  .910) is:
       Lower   1967> -.015   1996> -.011   1995> -.006   2004< -.005   1958> -.004   2014> -.003  Higher   1961  .011   1965  .008

====================================================================================================================================

 JERL10B   1956 to  2021      66 years                                                                                    Series  20

 [B] Entire series, effect on correlation (  .845) is:
       Lower   1995> -.024   1965> -.018   1967> -.009   1964< -.007   1990< -.006   1962< -.004  Higher   1961  .021   2013  .008

====================================================================================================================================

 JERL11A   1955 to  2021      67 years                                                                                    Series  21

 [B] Entire series, effect on correlation (  .888) is:
       Lower   1955> -.014   1963< -.006   2009< -.006   1957< -.006   2016> -.005   1972> -.005  Higher   1961  .013   1999  .007

====================================================================================================================================

 JERL11B   1978 to  2021      44 years                                                                                    Series  22

 [B] Entire series, effect on correlation (  .883) is:
       Lower   2014> -.012   2017< -.010   2002> -.006   2016> -.006   2007> -.006   2009< -.004  Higher   2013  .008   2005  .007

====================================================================================================================================

 JERL12A   1959 to  2021      63 years                                                                                    Series  23

 [B] Entire series, effect on correlation (  .913) is:
       Lower   1961> -.019   1968< -.012   2012< -.007   1983> -.003   1969< -.003   1964> -.003  Higher   1965  .006   1999  .006

====================================================================================================================================

 JERL12B   1959 to  2021      63 years                                                                                    Series  24

 [B] Entire series, effect on correlation (  .855) is:
       Lower   1961> -.035   2012< -.010   1989< -.004   1964< -.004   1973> -.004   2017> -.003  Higher   1999  .010   1995  .007

 [E] Outliers     1   3.0 SD above or -4.5 SD below mean for year
       1961 +4.0 SD
====================================================================================================================================

 JERL13A   1953 to  2021      69 years                                                                                    Series  25

 [B] Entire series, effect on correlation (  .863) is:
       Lower   1982< -.034   1987> -.014   1983> -.006   1953< -.004   1967> -.004   1981< -.003  Higher   1961  .018   1965  .007

 [E] Outliers     1   3.0 SD above or -4.5 SD below mean for year
       1982 -5.4 SD
====================================================================================================================================

 JERL13B   1953 to  2021      69 years                                                                                    Series  26

 [B] Entire series, effect on correlation (  .924) is:
       Lower   1953< -.026   1975< -.005   1967> -.004   1964> -.002   1972> -.001   2014> -.001  Higher   1965  .007   1961  .006

====================================================================================================================================

 JERL14A   1957 to  2021      65 years                                                                                    Series  27

 [B] Entire series, effect on correlation (  .863) is:
       Lower   1987< -.014   1993> -.011   1984< -.010   1995> -.007   1996< -.005   1985< -.005  Higher   1965  .012   1961  .008

====================================================================================================================================

 JERL14B   1957 to  2021      65 years                                                                                    Series  28

 [B] Entire series, effect on correlation (  .896) is:
       Lower   1988> -.013   1964> -.012   1962< -.008   1996< -.006   1967> -.005   1957> -.003  Higher   1965  .010   1961  .010

====================================================================================================================================

 JERL15A   1956 to  2021      66 years                                                                                    Series  29

 [B] Entire series, effect on correlation (  .860) is:
       Lower   1989< -.020   1995> -.016   1990< -.009   1968< -.008   1992< -.007   2014> -.005  Higher   1961  .012   1965  .010

====================================================================================================================================

 JERL15B   1956 to  2021      66 years                                                                                    Series  30

 [B] Entire series, effect on correlation (  .891) is:
       Lower   1987< -.020   1999> -.010   1964< -.005   1975> -.004   1974> -.004   1980< -.004  Higher   1961  .011   1965  .009

====================================================================================================================================

 JERL16A   1957 to  2021      65 years                                                                                    Series  31

 [B] Entire series, effect on correlation (  .896) is:
       Lower   2009> -.010   1995> -.008   2003< -.006   2007> -.006   1967> -.005   2008> -.004  Higher   1961  .013   1965  .010

====================================================================================================================================

 JERL16B   1957 to  2021      65 years                                                                                    Series  32

 [B] Entire series, effect on correlation (  .857) is:
       Lower   2004< -.008   1965> -.008   1984< -.007   2021< -.006   1986< -.005   1993< -.004  Higher   1961  .016   1983  .009

====================================================================================================================================

 JERL17A   1955 to  2021      67 years                                                                                    Series  33

 [B] Entire series, effect on correlation (  .920) is:
       Lower   2009< -.007   1996< -.007   1983> -.004   1999> -.004   1967> -.003   2012> -.002  Higher   1965  .008   1995  .004

====================================================================================================================================

 JERL17B   1955 to  2021      67 years                                                                                    Series  34

 [B] Entire series, effect on correlation (  .915) is:
       Lower   2007< -.013   1999> -.011   1996< -.004   1977> -.003   2010< -.003   1967> -.003  Higher   1961  .011   1965  .006

====================================================================================================================================

 JERL18A   1959 to  2021      63 years                                                                                    Series  35

 [B] Entire series, effect on correlation (  .904) is:
       Lower   1964< -.016   1961> -.014   1986< -.005   1983> -.004   1971< -.003   1995> -.002  Higher   1965  .009   1999  .007

====================================================================================================================================

 JERL18B   1959 to  2021      63 years                                                                                    Series  36

 [B] Entire series, effect on correlation (  .913) is:
       Lower   1961> -.015   2005< -.013   2002> -.006   1970< -.004   1967> -.004   2021> -.003  Higher   1965  .005   1983  .004

====================================================================================================================================

 JERL19A   1956 to  2021      66 years                                                                                    Series  37

 [B] Entire series, effect on correlation (  .918) is:
       Lower   2018< -.007   1959< -.005   2012> -.004   1968> -.004   1957> -.004   1958< -.004  Higher   1961  .009   1965  .006

====================================================================================================================================

 JERL19B   1956 to  2021      66 years                                                                                    Series  38

 [B] Entire series, effect on correlation (  .926) is:
       Lower   2018< -.005   1983> -.004   2014< -.004   2019> -.003   1964< -.003   1986< -.002  Higher   1999  .005   2013  .003

====================================================================================================================================

 JERL20A   1953 to  2021      69 years                                                                                    Series  39

 [B] Entire series, effect on correlation (  .797) is:
       Lower   1958< -.016   1985< -.016   1959< -.011   1953> -.008   1990< -.008   1973> -.008  Higher   1961  .027   1965  .017

====================================================================================================================================

 JERL20B   1953 to  2021      69 years                                                                                    Series  40

 [B] Entire series, effect on correlation (  .774) is:
       Lower   1988< -.029   1953> -.009   1956< -.006   1977< -.006   1970> -.005   1996> -.005  Higher   1961  .018   2013  .013

 [E] Outliers     1   3.0 SD above or -4.5 SD below mean for year
       1988 -5.3 SD
====================================================================================================================================

 JERL21A   1955 to  2016      62 years                                                                                    Series  41

 [B] Entire series, effect on correlation (  .730) is:
       Lower   2016> -.028   1977< -.026   2008< -.021   1993> -.020   1997< -.014   1989< -.009  Higher   1983  .016   1961  .015

 [E] Outliers     1   3.0 SD above or -4.5 SD below mean for year
       2016 +3.7 SD
====================================================================================================================================

 JERL21B   1955 to  2016      62 years                                                                                    Series  42

 [B] Entire series, effect on correlation (  .806) is:
       Lower   1989< -.039   2016> -.026   1993> -.015   2005> -.007   2010< -.007   2008< -.006  Higher   1965  .021   1961  .015

 [E] Outliers     1   3.0 SD above or -4.5 SD below mean for year
       2016 +3.3 SD
====================================================================================================================================

 JERL22A   1954 to  2019      66 years                                                                                    Series  43

 [B] Entire series, effect on correlation (  .778) is:
       Lower   1964< -.017   1981> -.013   1990< -.013   1992< -.011   2006< -.008   2007> -.007  Higher   1961  .028   1965  .012

====================================================================================================================================

 JERL22B   1954 to  2019      66 years                                                                                    Series  44

 [B] Entire series, effect on correlation (  .845) is:
       Lower   2016> -.018   1964< -.014   2009< -.006   1954> -.006   2017< -.005   1956< -.005  Higher   1965  .015   1999  .011

====================================================================================================================================

 JERL23A   1957 to  2020      64 years                                                                                    Series  45

 [B] Entire series, effect on correlation (  .802) is:
       Lower   1998< -.045   2019> -.021   2018< -.018   2020< -.012   1964< -.007   2016> -.006  Higher   1961  .026   1965  .018

====================================================================================================================================

 JERL23B   1957 to  2021      65 years                                                                                    Series  46

 [B] Entire series, effect on correlation (  .884) is:
       Lower   1998< -.035   2019> -.007   2009< -.006   2005> -.004   2018< -.004   2014< -.003  Higher   1999  .008   1961  .008

====================================================================================================================================

 JERL24A   1954 to  2020      67 years                                                                                    Series  47

 [B] Entire series, effect on correlation (  .776) is:
       Lower   1979< -.052   1989< -.014   2005> -.013   2020< -.011   1997< -.009   2012> -.007  Higher   1961  .032   1965  .025

 [E] Outliers     1   3.0 SD above or -4.5 SD below mean for year
       1979 -5.4 SD
====================================================================================================================================

 JERL24B   1953 to  2018      66 years                                                                                    Series  48

 [B] Entire series, effect on correlation (  .829) is:
       Lower   2013< -.017   1981> -.010   2017> -.008   2012> -.007   2009< -.007   1998< -.005  Higher   1961  .023   1999  .011

====================================================================================================================================

 JERL25A   1952 to  2021      70 years                                                                                    Series  49

 [B] Entire series, effect on correlation (  .816) is:
       Lower   1962< -.014   1959< -.011   1958< -.009   1968> -.008   1995> -.008   1953> -.005  Higher   1961  .019   1965  .017

====================================================================================================================================

 JERL25B   1952 to  2021      70 years                                                                                    Series  50

 [B] Entire series, effect on correlation (  .789) is:
       Lower   1958< -.084   1983> -.014   2016> -.010   1954> -.009   1990< -.006   1953> -.005  Higher   1961  .028   1965  .017

 [E] Outliers     1   3.0 SD above or -4.5 SD below mean for year
       1958 -6.8 SD
====================================================================================================================================

 JERL26A   1959 to  2021      63 years                                                                                    Series  51

 [B] Entire series, effect on correlation (  .908) is:
       Lower   1961> -.021   2000< -.007   2012< -.005   1993< -.004   2004> -.003   1980< -.002  Higher   1965  .008   1999  .006

====================================================================================================================================

 JERL26B   1959 to  2021      63 years                                                                                    Series  52

 [B] Entire series, effect on correlation (  .889) is:
       Lower   1961> -.015   2000< -.010   1998< -.003   1993< -.003   1988< -.003   2001< -.002  Higher   1965  .005   1999  .005

====================================================================================================================================

 JERL27A   1956 to  2021      66 years                                                                                    Series  53

 [B] Entire series, effect on correlation (  .911) is:
       Lower   1980< -.009   1993< -.007   2009> -.005   1974> -.004   1975> -.003   2003< -.003  Higher   1961  .012   1965  .008

====================================================================================================================================

 JERL27B   1956 to  2021      66 years                                                                                    Series  54

 [B] Entire series, effect on correlation (  .886) is:
       Lower   1965> -.009   1974> -.006   2014< -.005   1963< -.003   1969< -.003   2009> -.003  Higher   1978  .005   2012  .004

====================================================================================================================================

 JERL28A   1955 to  2014      60 years                                                                                    Series  55

 [B] Entire series, effect on correlation (  .879) is:
       Lower   1967< -.016   1998< -.007   2014> -.007   2011< -.005   1983> -.005   1996> -.005  Higher   1961  .017   1965  .013

====================================================================================================================================

 JERL28B   1955 to  2012      58 years                                                                                    Series  56

 [B] Entire series, effect on correlation (  .883) is:
       Lower   1967< -.014   1996> -.011   1980< -.006   2002< -.005   1955< -.004   2011< -.004  Higher   1965  .012   1961  .010

====================================================================================================================================

 JERL29A   1955 to  2007      53 years                                                                                    Series  57

 [B] Entire series, effect on correlation (  .595) is:
       Lower   1964> -.045   1961> -.038   2001< -.035   1971< -.014   1955< -.011   1993> -.010  Higher   1965  .065   2005  .021

 [E] Outliers     2   3.0 SD above or -4.5 SD below mean for year
       1961 +4.0 SD;    1964 +4.2 SD
====================================================================================================================================

 JERL29B   1955 to  2010      56 years                                                                                    Series  58

 [B] Entire series, effect on correlation (  .582) is:
       Lower   1964> -.042   2001< -.024   1983> -.024   1998< -.022   1968< -.013   1970< -.012  Higher   2005  .022   1999  .021

 [E] Outliers     2   3.0 SD above or -4.5 SD below mean for year
       1964 +4.0 SD;    1983 +3.0 SD
====================================================================================================================================

 JERL30A   1958 to  2021      64 years                                                                                    Series  59

 [B] Entire series, effect on correlation (  .864) is:
       Lower   1965> -.016   1984< -.011   1964> -.007   2021< -.004   2014> -.004   1988> -.004  Higher   1961  .016   1999  .010

====================================================================================================================================

 JERL30B   1958 to  2021      64 years                                                                                    Series  60

 [B] Entire series, effect on correlation (  .838) is:
       Lower   1961> -.023   1981< -.015   1959< -.012   1967> -.009   2002> -.006   1970> -.004  Higher   1983  .009   2013  .008

 [E] Outliers     1   3.0 SD above or -4.5 SD below mean for year
       1961 +3.3 SD
====================================================================================================================================

 JERL31A   1952 to  2021      70 years                                                                                    Series  61

 [B] Entire series, effect on correlation (  .838) is:
       Lower   1995< -.010   1952> -.010   1957< -.010   1959< -.007   1953> -.006   1996< -.006  Higher   1961  .015   1983  .009

====================================================================================================================================

 JERL31B   1952 to  2021      70 years                                                                                    Series  62

 [B] Entire series, effect on correlation (  .819) is:
       Lower   1996< -.023   1959< -.008   1953> -.008   1965> -.007   1962< -.007   1958< -.006  Higher   1961  .024   1995  .009

====================================================================================================================================

 JERL32A   1954 to  2021      68 years                                                                                    Series  63

 [B] Entire series, effect on correlation (  .903) is:
       Lower   1955> -.009   1966< -.007   2009> -.004   1986< -.004   1995> -.004   2019> -.003  Higher   1961  .011   1999  .006

====================================================================================================================================

 JERL32B   1954 to  2021      68 years                                                                                    Series  64

 [B] Entire series, effect on correlation (  .904) is:
       Lower   1954< -.011   2009> -.007   1988> -.006   1955> -.005   1993< -.005   1996> -.003  Higher   1961  .012   1999  .005

====================================================================================================================================

 JERL33A   1952 to  2009      58 years                                                                                    Series  65

 [B] Entire series, effect on correlation (  .459) is:
       Lower   2004< -.067   1999> -.041   1952< -.032   1990< -.025   1986< -.015   1985< -.014  Higher   1965  .047   1995  .029

 [E] Outliers     1   3.0 SD above or -4.5 SD below mean for year
       1983 +4.0 SD
====================================================================================================================================

 JERL33B   1952 to  2011      60 years                                                                                    Series  66

 [B] Entire series, effect on correlation (  .744) is:
       Lower   2010< -.029   1952< -.022   2005> -.016   1977< -.014   2011< -.010   2009> -.007  Higher   1999  .022   1995  .021

====================================================================================================================================

 JERL34A   1955 to  2021      67 years                                                                                    Series  67

 [B] Entire series, effect on correlation (  .860) is:
       Lower   1959< -.012   1962< -.010   2017< -.009   1960< -.008   1997< -.007   1983> -.007  Higher   1999  .009   2013  .008

====================================================================================================================================

 JERL34B   1972 to  2021      50 years                                                                                    Series  68

 [B] Entire series, effect on correlation (  .871) is:
       Lower   1990< -.012   1972> -.008   1993> -.007   1977< -.006   1991< -.005   2021> -.004  Higher   1999  .013   2013  .008

====================================================================================================================================

 JERL35A   1959 to  2002      44 years                                                                                    Series  69

 [B] Entire series, effect on correlation (  .770) is:
       Lower   1961> -.061   1967< -.015   1977< -.014   1983< -.005   1964> -.003   1960< -.003  Higher   1965  .031   1979  .006

 [E] Outliers     1   3.0 SD above or -4.5 SD below mean for year
       1961 +3.0 SD
====================================================================================================================================

 JERL35B   1959 to  2021      63 years                                                                                    Series  70

 [B] Entire series, effect on correlation (  .857) is:
       Lower   1961> -.032   1978< -.008   1977< -.006   1979< -.005   1991< -.004   1993> -.004  Higher   1999  .011   1995  .008

 [E] Outliers     1   3.0 SD above or -4.5 SD below mean for year
       1961 +3.2 SD
====================================================================================================================================

 JERL36A   1955 to  2021      67 years                                                                                    Series  71

 [B] Entire series, effect on correlation (  .882) is:
       Lower   2009> -.007   1997< -.006   1965< -.006   1977< -.005   1999> -.005   2008> -.004  Higher   1995  .005   1983  .004

====================================================================================================================================

 JERL36B   1955 to  2021      67 years                                                                                    Series  72

 [B] Entire series, effect on correlation (  .879) is:
       Lower   1991> -.014   1989< -.008   1992< -.007   1974> -.006   1995> -.004   2010< -.004  Higher   1961  .016   2013  .006

====================================================================================================================================

 JERL37A   1960 to  2012      53 years                                                                                    Series  73

 [B] Entire series, effect on correlation (  .740) is:
       Lower   1974< -.028   1975> -.016   1964> -.008   1988> -.008   1961> -.007   2009> -.007  Higher   1995  .015   1965  .014

====================================================================================================================================

 JERL37B   1959 to  2013      55 years                                                                                    Series  74

 [B] Entire series, effect on correlation (  .668) is:
       Lower   2013< -.065   1967< -.057   1978< -.013   2009> -.010   2000< -.009   2011< -.006  Higher   1983  .023   1965  .019

 [E] Outliers     2   3.0 SD above or -4.5 SD below mean for year
       1967 -6.5 SD;    2013 -5.3 SD
====================================================================================================================================

 JERL38A   1956 to  2011      56 years                                                                                    Series  75

 [B] Entire series, effect on correlation (  .745) is:
       Lower   2011< -.022   1995> -.017   1980> -.013   2004< -.011   2003< -.011   2001< -.008  Higher   1961  .047   1965  .026

 [E] Outliers     1   3.0 SD above or -4.5 SD below mean for year
       1980 +3.2 SD
====================================================================================================================================

 JERL38B   1956 to  2010      55 years                                                                                    Series  76

 [B] Entire series, effect on correlation (  .729) is:
       Lower   2003< -.040   2007> -.021   1981> -.020   1965> -.019   1957< -.007   1970< -.006  Higher   1999  .024   1983  .021

 [E] Outliers     2   3.0 SD above or -4.5 SD below mean for year
       2003 -4.6 SD;    2007 +3.2 SD
====================================================================================================================================

 JERL39A   1954 to  2021      68 years                                                                                    Series  77

 [B] Entire series, effect on correlation (  .811) is:
       Lower   1955< -.035   1961> -.021   1965> -.007   1973< -.006   1956< -.005   1970< -.004  Higher   1999  .013   2013  .008

====================================================================================================================================

 JERL39B   1954 to  2021      68 years                                                                                    Series  78

 [B] Entire series, effect on correlation (  .833) is:
       Lower   1961> -.016   1955< -.013   1956< -.008   2007< -.008   1981> -.007   1964> -.006  Higher   1999  .011   1983  .010

====================================================================================================================================

 JERL40A   1955 to  2021      67 years                                                                                    Series  79

 [B] Entire series, effect on correlation (  .880) is:
       Lower   1964> -.017   1962< -.009   1955> -.006   1980< -.006   1958< -.004   2014> -.004  Higher   1961  .011   2013  .007

====================================================================================================================================

 JERL40B   1955 to  2021      67 years                                                                                    Series  80

 [B] Entire series, effect on correlation (  .898) is:
       Lower   1955> -.018   2014> -.008   1973> -.007   1964> -.006   1957< -.003   1968< -.003  Higher   1961  .013   1965  .010

====================================================================================================================================

 JERL41A   1956 to  2012      57 years                                                                                    Series  81

 [B] Entire series, effect on correlation (  .658) is:
       Lower   2012> -.054   2001< -.033   1957< -.018   1970< -.015   1972< -.013   2002< -.012  Higher   1983  .027   1995  .022

 [E] Outliers     2   3.0 SD above or -4.5 SD below mean for year
       2002 -4.5 SD;    2012 +4.5 SD
====================================================================================================================================

 JERL41B   1956 to  2011      56 years                                                                                    Series  82

 [B] Entire series, effect on correlation (  .642) is:
       Lower   2002< -.046   1961> -.024   2001< -.021   2007> -.018   1988> -.013   1970< -.011  Higher   1983  .030   1995  .028

 [E] Outliers     2   3.0 SD above or -4.5 SD below mean for year
       1961 +3.9 SD;    2002 -5.5 SD
====================================================================================================================================

 [*] All segments correlate highest as dated with correlation with master series over   .3281
PART 7:  DESCRIPTIVE STATISTICS:                                                                   17:00  Thu 20 Jan 2022  Page   7
------------------------------------------------------------------------------------------------------------------------------------

                                                Corr   //-------- Unfiltered --------\\  //---- Filtered -----\\
                           No.    No.    No.    with   Mean   Max     Std   Auto   Mean   Max     Std   Auto  AR
 Seq Series   Interval   Years  Segmt  Flags   Master  msmt   msmt    dev   corr   sens  value    dev   corr  ()
 --- -------- ---------  -----  -----  -----   ------ -----  -----  -----  -----  -----  -----  -----  -----  --
   1 JERL01A  1955 2021     67      2      0    .862   1.03   3.90  1.032   .795   .584   2.67   .481  -.051   2
   2 JERL01B  1953 2021     69      2      0    .904   1.55   6.28  1.420   .694   .600   2.77   .558  -.063   2
   3 JERL02A  1957 2020     64      2      0    .882   1.10   5.28  1.246   .872   .583   2.85   .575  -.013   1
   4 JERL02B  1955 2021     67      2      0    .860   1.17   5.11  1.220   .836   .619   2.84   .652  -.105   2
   5 JERL03A  1954 2021     68      2      0    .885   1.10   5.90  1.352   .865   .553   2.71   .617  -.041   1
   6 JERL03B  1954 2021     68      2      0    .892   1.27   5.81  1.392   .862   .535   2.67   .673  -.039   1
   7 JERL04A  1959 2021     63      2      0    .896    .89   5.73  1.253   .829   .746   2.78   .620  -.099   1
   8 JERL04B  1959 2021     63      2      0    .858   1.08   6.72  1.570   .863   .763   2.77   .484  -.065   1
   9 JERL05A  1957 2021     65      2      0    .940   1.05   6.83  1.280   .799   .604   2.76   .566  -.031   1
  10 JERL05B  1957 2021     65      2      0    .926   1.41   7.10  1.423   .789   .575   2.60   .579  -.038   1
  11 JERL06A  1954 2021     68      2      0    .910    .96   4.83  1.180   .735   .696   2.95   .596  -.027   1
  12 JERL06B  1954 2021     68      2      0    .877    .99   5.03  1.242   .787   .684   2.90   .596  -.086   1
  13 JERL07A  1954 2021     68      2      0    .914   1.26   7.40  1.790   .854   .656   3.03   .615  -.046   1
  14 JERL07B  1953 2021     69      2      0    .847   1.22   8.08  1.959   .895   .604   2.76   .475   .008   2
  15 JERL08A  1955 2021     67      2      0    .881   1.29   6.89  1.598   .841   .576   2.81   .562   .037   1
  16 JERL08B  1954 2021     68      2      0    .865   1.25   5.98  1.512   .851   .574   2.68   .556  -.047   1
  17 JERL09A  1954 2018     65      2      0    .888    .96   4.86  1.263   .742   .811   2.86   .715  -.122   1
  18 JERL09B  1954 2018     65      2      0    .850    .91   4.80  1.209   .768   .710   2.76   .455  -.061   1
  19 JERL10A  1955 2021     67      2      0    .910   1.66   5.92  1.400   .762   .600   2.83   .567  -.015   1
  20 JERL10B  1956 2021     66      2      0    .845   1.04   5.37  1.181   .815   .591   2.74   .542  -.076   1
  21 JERL11A  1955 2021     67      2      0    .888   1.41  12.67  2.251   .910   .651   2.74   .527  -.093   1
  22 JERL11B  1978 2021     44      1      0    .883    .55   1.66   .385   .315   .742   2.82   .652  -.052   1
  23 JERL12A  1959 2021     63      2      0    .913   1.13   5.90  1.204   .810   .613   2.87   .678  -.089   1
  24 JERL12B  1959 2021     63      2      0    .855    .82   5.23   .883   .758   .663   2.92   .606  -.092   1
  25 JERL13A  1953 2021     69      2      0    .863   1.34   6.60  1.500   .804   .590   2.70   .554   .014   1
  26 JERL13B  1953 2021     69      2      0    .924   1.46   6.19  1.501   .794   .689   2.62   .623  -.018   1
  27 JERL14A  1957 2021     65      2      0    .863   1.13   5.60  1.236   .769   .590   2.70   .564  -.068   1
  28 JERL14B  1957 2021     65      2      0    .896   1.39   5.72  1.240   .704   .566   2.82   .521  -.037   1
  29 JERL15A  1956 2021     66      2      0    .860   1.44   7.59  1.668   .830   .594   2.75   .474  -.050   1
  30 JERL15B  1956 2021     66      2      0    .891   1.11   7.01  1.609   .876   .620   2.70   .517   .011   1
  31 JERL16A  1957 2021     65      2      0    .896   1.32   5.63  1.212   .764   .541   2.61   .562  -.095   1
  32 JERL16B  1957 2021     65      2      0    .857   1.66   5.55  1.429   .723   .585   2.75   .498  -.053   2
  33 JERL17A  1955 2021     67      2      0    .920   1.17   4.92  1.167   .758   .673   2.58   .480  -.021   1
  34 JERL17B  1955 2021     67      2      0    .915   1.54   6.04  1.451   .762   .646   2.79   .577  -.040   1
  35 JERL18A  1959 2021     63      2      0    .904   1.31   7.10  1.242   .731   .548   2.90   .644  -.044   1
  36 JERL18B  1959 2021     63      2      0    .913   1.70   9.40  1.823   .757   .554   2.71   .617  -.091   1
  37 JERL19A  1956 2021     66      2      0    .918    .95   6.89  1.296   .808   .612   2.73   .550  -.062   1
  38 JERL19B  1956 2021     66      2      0    .926   1.02   7.02  1.431   .869   .589   2.82   .489  -.053   1
  39 JERL20A  1953 2021     69      2      0    .797    .87   7.63  1.226   .774   .758   2.80   .607  -.051   1
  40 JERL20B  1953 2021     69      2      0    .774   1.19   7.56  1.344   .772   .641   2.82   .462  -.022   1
  41 JERL21A  1955 2016     62      2      0    .730   1.04   4.84  1.334   .828   .609   2.80   .603  -.007   2
  42 JERL21B  1955 2016     62      2      0    .806    .85   3.91  1.026   .814   .668   2.83   .597   .025   1
  43 JERL22A  1954 2019     66      2      0    .778    .68   5.61  1.015   .845   .798   2.66   .550   .000   1
  44 JERL22B  1954 2019     66      2      0    .845    .94   7.68  1.325   .842   .699   3.02   .605  -.024   1
  45 JERL23A  1957 2020     64      2      0    .802    .68   4.18   .927   .773   .714   2.88   .643  -.010   1
  46 JERL23B  1957 2021     65      2      0    .884    .73   3.96   .835   .668   .705   2.79   .682  -.045   1
  47 JERL24A  1954 2020     67      2      0    .776    .97   6.79  1.277   .794   .808   2.68   .503   .028   1
  48 JERL24B  1953 2018     66      2      0    .829   1.09   7.66  1.529   .826   .779   2.68   .561   .038   2
PART 7:  DESCRIPTIVE STATISTICS:                                                                   17:00  Thu 20 Jan 2022  Page   8
------------------------------------------------------------------------------------------------------------------------------------

                                                Corr   //-------- Unfiltered --------\\  //---- Filtered -----\\
                           No.    No.    No.    with   Mean   Max     Std   Auto   Mean   Max     Std   Auto  AR
 Seq Series   Interval   Years  Segmt  Flags   Master  msmt   msmt    dev   corr   sens  value    dev   corr  ()
 --- -------- ---------  -----  -----  -----   ------ -----  -----  -----  -----  -----  -----  -----  -----  --
  49 JERL25A  1952 2021     70      2      0    .816   1.08   6.71  1.288   .858   .585   2.76   .454  -.002   1
  50 JERL25B  1952 2021     70      2      0    .789   1.27   7.85  1.467   .858   .566   2.85   .553  -.079   1
  51 JERL26A  1959 2021     63      2      0    .908   1.06   7.48  1.212   .652   .602   2.82   .703  -.082   1
  52 JERL26B  1959 2021     63      2      0    .889    .86   4.68   .826   .597   .619   2.70   .630  -.061   1
  53 JERL27A  1956 2021     66      2      0    .911   1.38  10.60  1.796   .850   .645   2.68   .605  -.052   1
  54 JERL27B  1956 2021     66      2      0    .886   1.13   8.14  1.542   .849   .683   2.62   .456  -.097   2
  55 JERL28A  1955 2014     60      2      0    .879    .97   5.58  1.547   .892   .852   2.63   .572  -.028   1
  56 JERL28B  1955 2012     58      2      0    .883    .98   5.46  1.436   .872   .742   2.67   .590   .008   1
  57 JERL29A  1955 2007     53      2      0    .595    .78   5.07  1.148   .785   .799   2.74   .456  -.038   1
  58 JERL29B  1955 2010     56      2      0    .582    .69   5.16  1.023   .798   .845   2.76   .606  -.125   1
  59 JERL30A  1958 2021     64      2      0    .864   1.12   4.08   .898   .779   .462   2.80   .684  -.109   1
  60 JERL30B  1958 2021     64      2      0    .838    .82   3.20   .691   .732   .589   2.82   .627  -.011   1
  61 JERL31A  1952 2021     70      2      0    .838    .95   6.61  1.149   .848   .622   2.57   .486   .012   1
  62 JERL31B  1952 2021     70      2      0    .819   1.04   6.44  1.184   .804   .612   2.80   .603   .038   1
  63 JERL32A  1954 2021     68      2      0    .903   1.14   5.31  1.175   .851   .493   2.68   .536  -.024   1
  64 JERL32B  1954 2021     68      2      0    .904   1.40   5.37  1.233   .836   .524   2.73   .635  -.078   2
  65 JERL33A  1952 2009     58      2      0    .459   1.03   4.11  1.064   .824   .607   2.78   .599  -.044   3
  66 JERL33B  1952 2011     60      2      0    .744    .75   3.55   .891   .819   .678   2.57   .538  -.105   2
  67 JERL34A  1955 2021     67      2      0    .860   1.35  10.79  1.925   .861   .561   2.85   .574  -.005   1
  68 JERL34B  1972 2021     50      1      0    .871    .46   1.13   .264   .018   .673   2.73   .578  -.071   1
  69 JERL35A  1959 2002     44      1      0    .770   1.29   5.94  1.476   .837   .607   2.49   .527  -.051   2
  70 JERL35B  1959 2021     63      2      0    .857    .94   5.45  1.288   .859   .725   2.63   .481  -.047   1
  71 JERL36A  1955 2021     67      2      0    .882   1.38   6.48  1.754   .891   .630   2.57   .461   .004   1
  72 JERL36B  1955 2021     67      2      0    .879   1.09   7.23  1.628   .902   .622   2.66   .483   .044   1
  73 JERL37A  1960 2012     53      2      0    .740   1.05   6.65  1.526   .767   .746   2.67   .584  -.067   2
  74 JERL37B  1959 2013     55      2      0    .668   1.04   7.12  1.503   .819   .729   2.56   .449  -.039   1
  75 JERL38A  1956 2011     56      2      0    .745    .58   3.38   .812   .838   .798   2.76   .513  -.198   2
  76 JERL38B  1956 2010     55      2      0    .729    .73   4.06   .953   .774   .686   3.09   .536  -.153   2
  77 JERL39A  1954 2021     68      2      0    .811   1.54   7.11  1.748   .881   .464   2.72   .588  -.023   1
  78 JERL39B  1954 2021     68      2      0    .833   1.42   6.10  1.535   .882   .469   2.98   .777  -.035   2
  79 JERL40A  1955 2021     67      2      0    .880   1.56   7.91  1.670   .825   .592   2.75   .497  -.047   1
  80 JERL40B  1955 2021     67      2      0    .898   1.42   8.56  1.488   .820   .525   2.78   .595  -.049   1
  81 JERL41A  1956 2012     57      2      0    .658    .71   3.30   .832   .690   .742   2.81   .662  -.154   2
  82 JERL41B  1956 2011     56      2      0    .642    .67   3.80   .810   .734   .699   2.76   .643  -.090   2
 --- -------- ---------  -----  -----  -----   ------ -----  -----  -----  -----  -----  -----  -----  -----  --
 Total or mean:           5252    161      0    .845   1.11  12.67  1.313   .795   .640   3.09   .569  -.046

                                              - = [  COFECHA CORESCOF  ] = -
