[]  Dendrochronology Program Library                                        Run TREES  Program COF  16:58  Thu 20 Jan 2022  Page   1
[]
[]  P R O G R A M      C O F E C H A                                                                          Version 6.06P    31798
------------------------------------------------------------------------------------------------------------------------------------

 QUALITY CONTROL AND DATING CHECK OF TREE-RING MEASUREMENTS

 File of DATED series:   6-jer_pin_low_trees.rwl

 CONTENTS:

    Part 1:  Title page, options selected, summary, absent rings by series
    Part 2:  Histogram of time spans
    Part 3:  Master series with sample depth and absent rings by year
    Part 4:  Bar plot of Master Dating Series
    Part 5:  Correlation by segment of each series with Master
    Part 6:  Potential problems: low correlation, divergent year-to-year changes, absent rings, outliers
    Part 7:  Descriptive statistics

 RUN CONTROL OPTIONS SELECTED                             VALUE

         1  Cubic smoothing spline 50% wavelength cutoff for filtering
                                                            32 years
         2  Segments examined are                           50 years lagged successively by  25 years
         3  Autoregressive model applied                     A  Residuals are used in master dating series and testing
         4  Series transformed to logarithms                 Y  Each series log-transformed for master dating series and testing
         5  CORRELATION is Pearson (parametric, quantitative)
            Critical correlation, 99% confidence level   .3281
         6  Master dating series saved                       N
         7  Ring measurements listed                         N
         8  Parts printed                              1234567 
         9  Absent rings are omitted from master series and segment correlations  (Y)

 Time span of Master dating series is  1952 to  2021    70 years
 Continuous time span is               1952 to  2021    70 years
 Portion with two or more series is    1952 to  2021    70 years


                                        ****************************************
                                        *C* Number of dated series        41 *C*
                                        *O* Master series 1952 2021   70 yrs *O*
                                        *F* Total rings in all series   2668 *F*
                                        *E* Total dated rings checked   2668 *E*
                                        *C* Series intercorrelation     .868 *C*
                                        *H* Average mean sensitivity    .615 *H*
                                        *A* Segments, possible problems    0 *A*
                                        *** Mean length of series       65.1 ***
                                        ****************************************

 ABSENT RINGS listed by SERIES:            (See Master Dating Series for absent rings listed by year)

               No ring measurements of zero value
PART 2:  TIME PLOT OF TREE-RING SERIES:                                                            16:58  Thu 20 Jan 2022  Page   2
------------------------------------------------------------------------------------------------------------------------------------
 1050 1100 1150 1200 1250 1300 1350 1400 1450 1500 1550 1600 1650 1700 1750 1800 1850 1900 1950 2000 2050 Ident   Seq Time-span  Yrs
   :    :    :    :    :    :    :    :    :    :    :    :    :    :    :    :    :    :    :    :    : -------- --- ---- ---- ----
   .    .    .    .    .    .    .    .    .    .    .    .    .    .    .    .    .    .    <======>  . JERL01     1 1953 2021   69
   .    .    .    .    .    .    .    .    .    .    .    .    .    .    .    .    .    .    <======>  . JERL02     2 1955 2021   67
   .    .    .    .    .    .    .    .    .    .    .    .    .    .    .    .    .    .    <======>  . JERL03     3 1954 2021   68
   .    .    .    .    .    .    .    .    .    .    .    .    .    .    .    .    .    .    <======>  . JERL04     4 1959 2021   63
   .    .    .    .    .    .    .    .    .    .    .    .    .    .    .    .    .    .    <======>  . JERL05     5 1957 2021   65
   .    .    .    .    .    .    .    .    .    .    .    .    .    .    .    .    .    .    <======>  . JERL06     6 1953 2021   69
   .    .    .    .    .    .    .    .    .    .    .    .    .    .    .    .    .    .    <======>  . JERL07     7 1953 2021   69
   .    .    .    .    .    .    .    .    .    .    .    .    .    .    .    .    .    .    <======>  . JERL08     8 1954 2021   68
   .    .    .    .    .    .    .    .    .    .    .    .    .    .    .    .    .    .    <=====>   . JERL09     9 1954 2018   65
   .    .    .    .    .    .    .    .    .    .    .    .    .    .    .    .    .    .    <======>  . JERL10    10 1955 2021   67
   .    .    .    .    .    .    .    .    .    .    .    .    .    .    .    .    .    .    <======>  . JERL11    11 1955 2021   67
   .    .    .    .    .    .    .    .    .    .    .    .    .    .    .    .    .    .    <======>  . JERL12    12 1959 2021   63
   .    .    .    .    .    .    .    .    .    .    .    .    .    .    .    .    .    .    <======>  . JERL13    13 1953 2021   69
   .    .    .    .    .    .    .    .    .    .    .    .    .    .    .    .    .    .    <======>  . JERL14    14 1957 2021   65
   .    .    .    .    .    .    .    .    .    .    .    .    .    .    .    .    .    .    <======>  . JERL15    15 1956 2021   66
   .    .    .    .    .    .    .    .    .    .    .    .    .    .    .    .    .    .    <======>  . JERL16    16 1957 2021   65
   .    .    .    .    .    .    .    .    .    .    .    .    .    .    .    .    .    .    <======>  . JERL17    17 1955 2021   67
   .    .    .    .    .    .    .    .    .    .    .    .    .    .    .    .    .    .    <======>  . JERL18    18 1959 2021   63
   .    .    .    .    .    .    .    .    .    .    .    .    .    .    .    .    .    .    <======>  . JERL19    19 1956 2021   66
   .    .    .    .    .    .    .    .    .    .    .    .    .    .    .    .    .    .    <======>  . JERL20    20 1953 2021   69
   .    .    .    .    .    .    .    .    .    .    .    .    .    .    .    .    .    .    <=====>   . JERL21    21 1955 2016   62
   .    .    .    .    .    .    .    .    .    .    .    .    .    .    .    .    .    .    <=====>   . JERL22    22 1954 2019   66
   .    .    .    .    .    .    .    .    .    .    .    .    .    .    .    .    .    .    <======>  . JERL23    23 1957 2021   65
   .    .    .    .    .    .    .    .    .    .    .    .    .    .    .    .    .    .    <======>  . JERL24    24 1953 2020   68
   .    .    .    .    .    .    .    .    .    .    .    .    .    .    .    .    .    .    <======>  . JERL25    25 1952 2021   70
   .    .    .    .    .    .    .    .    .    .    .    .    .    .    .    .    .    .    <======>  . JERL26    26 1959 2021   63
   .    .    .    .    .    .    .    .    .    .    .    .    .    .    .    .    .    .    <======>  . JERL27    27 1956 2021   66
   .    .    .    .    .    .    .    .    .    .    .    .    .    .    .    .    .    .    <=====>   . JERL28    28 1955 2014   60
   .    .    .    .    .    .    .    .    .    .    .    .    .    .    .    .    .    .    <=====>   . JERL29    29 1955 2010   56
   .    .    .    .    .    .    .    .    .    .    .    .    .    .    .    .    .    .    <======>  . JERL30    30 1958 2021   64
   .    .    .    .    .    .    .    .    .    .    .    .    .    .    .    .    .    .    <======>  . JERL31    31 1952 2021   70
   .    .    .    .    .    .    .    .    .    .    .    .    .    .    .    .    .    .    <======>  . JERL32    32 1954 2021   68
   .    .    .    .    .    .    .    .    .    .    .    .    .    .    .    .    .    .    <=====>   . JERL33    33 1952 2011   60
   .    .    .    .    .    .    .    .    .    .    .    .    .    .    .    .    .    .    <======>  . JERL34    34 1955 2021   67
   .    .    .    .    .    .    .    .    .    .    .    .    .    .    .    .    .    .    <======>  . JERL35    35 1959 2021   63
   .    .    .    .    .    .    .    .    .    .    .    .    .    .    .    .    .    .    <======>  . JERL36    36 1955 2021   67
   .    .    .    .    .    .    .    .    .    .    .    .    .    .    .    .    .    .    <=====>   . JERL37    37 1959 2013   55
   .    .    .    .    .    .    .    .    .    .    .    .    .    .    .    .    .    .    <=====>   . JERL38    38 1956 2011   56
   .    .    .    .    .    .    .    .    .    .    .    .    .    .    .    .    .    .    <======>  . JERL39    39 1954 2021   68
   .    .    .    .    .    .    .    .    .    .    .    .    .    .    .    .    .    .    <======>  . JERL40    40 1955 2021   67
   .    .    .    .    .    .    .    .    .    .    .    .    .    .    .    .    .    .    <=====>   . JERL41    41 1956 2012   57
   :    :    :    :    :    :    :    :    :    :    :    :    :    :    :    :    :    :    :    :    :
 1050 1100 1150 1200 1250 1300 1350 1400 1450 1500 1550 1600 1650 1700 1750 1800 1850 1900 1950 2000 2050
PART 3:  Master Dating Series:                                                                     16:58  Thu 20 Jan 2022  Page   3
------------------------------------------------------------------------------------------------------------------------------------
  Year  Value  No Ab    Year  Value  No Ab    Year  Value  No Ab    Year  Value  No Ab    Year  Value  No Ab    Year  Value  No Ab
  ------------------    ------------------    ------------------    ------------------    ------------------    ------------------
                        2000   .326  41
                        2001  1.020  41
  1952   .473   3       2002  -.030  41
  1953  -.993   9       2003  1.114  41
  1954   .602  15       2004   .855  41
  1955  -.168  25       2005 -1.413  41
  1956   .660  30       2006   .346  41
  1957   .427  34       2007  -.646  41
  1958   .198  35       2008  -.044  41
  1959   .857  41       2009  -.352  41

  1960  1.082  41       2010   .770  41
  1961 -2.479  41       2011  1.066  40
  1962  -.012  41       2012 -1.178  38
  1963  1.003  41       2013  1.748  37
  1964 -1.065  41       2014  -.137  36
  1965 -2.953  41       2015  -.344  35
  1966   .278  41       2016 -1.441  35
  1967  -.949  41       2017  -.332  34
  1968  -.787  41       2018   .486  34
  1969   .891  41       2019  -.683  33

  1970   .325  41       2020  1.179  32
  1971   .538  41       2021  -.166  31
  1972   .160  41
  1973  -.426  41
  1974  -.831  41
  1975  -.626  41
  1976  -.330  41
  1977   .528  41
  1978  1.653  41
  1979  1.603  41

  1980   .355  41
  1981 -1.306  41
  1982   .548  41
  1983 -1.688  41
  1984   .784  41
  1985   .861  41
  1986  1.154  41
  1987   .139  41
  1988 -1.652  41
  1989   .485  41

  1990   .710  41
  1991   .006  41
  1992   .716  41
  1993  -.347  41
  1994  -.782  41
  1995 -2.163  41
  1996  -.080  41
  1997   .992  41
  1998  1.223  41
  1999 -1.759  41
------------------------------------------------------------------------------------------------------------------------------------
PART 4:  Master Bar Plot:                                                                          16:58  Thu 20 Jan 2022  Page   4
------------------------------------------------------------------------------------------------------------------------------------
   Year Rel value  Year Rel value  Year Rel value  Year Rel value  Year Rel value  Year Rel value  Year Rel value  Year Rel value
                   2000------A
                   2001---------D
   1952------B     2002----@
   1953-d          2003---------D
   1954-------B    2004--------C
   1955----a       2005f
   1956-------C    2006------A
   1957------B     2007--c
   1958-----A      2008----@
   1959--------C   2009---a
   1960---------D  2010--------C
   1961j           2011---------D
   1962----@       2012-e
   1963---------D  2013----------G
   1964-d          2014----a
   1965l           2015---a
   1966-----A      2016f
   1967-d          2017---a
   1968--c         2018------B
   1969--------D   2019--c
   1970------A     2020---------E
   1971-------B    2021----a
   1972-----A
   1973---b
   1974--c
   1975--c
   1976---a
   1977-------B
   1978----------G
   1979----------F
   1980------A
   1981-e
   1982-------B
   1983g
   1984--------C
   1985--------C
   1986---------E
   1987-----A
   1988g
   1989------B
   1990-------C
   1991----@
   1992-------C
   1993---a
   1994--c
   1995i
   1996----@
   1997---------D
   1998---------E
   1999g
PART 5:  CORRELATION OF SERIES BY SEGMENTS:                                                        16:58  Thu 20 Jan 2022  Page   5
------------------------------------------------------------------------------------------------------------------------------------
 Correlations of  50-year dated segments, lagged  25 years
 Flags:  A = correlation under   .3281 but highest as dated;  B = correlation higher at other than dated position

 Seq Series  Time_span   1950 1975
                         1999 2024
 --- -------- ---------  ---- ---- ---- ---- ---- ---- ---- ---- ---- ---- ---- ---- ---- ---- ---- ---- ---- ---- ---- ----
   1 JERL01   1953 2021   .90  .92
   2 JERL02   1955 2021   .89  .96
   3 JERL03   1954 2021   .88  .92
   4 JERL04   1959 2021   .88  .91
   5 JERL05   1957 2021   .95  .94
   6 JERL06   1953 2021   .97  .98
   7 JERL07   1953 2021   .91  .91
   8 JERL08   1954 2021   .87  .92
   9 JERL09   1954 2018   .90  .87
  10 JERL10   1955 2021   .89  .92
  11 JERL11   1955 2021   .88  .91
  12 JERL12   1959 2021   .91  .93
  13 JERL13   1953 2021   .93  .95
  14 JERL14   1957 2021   .92  .92
  15 JERL15   1956 2021   .90  .90
  16 JERL16   1957 2021   .90  .89
  17 JERL17   1955 2021   .94  .93
  18 JERL18   1959 2021   .92  .95
  19 JERL19   1956 2021   .95  .94
  20 JERL20   1953 2021   .76  .82
  21 JERL21   1955 2016   .85  .75
  22 JERL22   1954 2019   .85  .88
  23 JERL23   1957 2021   .88  .82
  24 JERL24   1953 2020   .89  .81
  25 JERL25   1952 2021   .82  .93
  26 JERL26   1959 2021   .91  .92
  27 JERL27   1956 2021   .91  .91
  28 JERL28   1955 2014   .90  .87
  29 JERL29   1955 2010   .64  .68
  30 JERL30   1958 2021   .90  .91
  31 JERL31   1952 2021   .81  .88
  32 JERL32   1954 2021   .92  .93
  33 JERL33   1952 2011   .68  .64
  34 JERL34   1955 2021   .82  .90
  35 JERL35   1959 2021   .85  .91
  36 JERL36   1955 2021   .91  .92
  37 JERL37   1959 2013   .82  .73
  38 JERL38   1956 2011   .81  .69
  39 JERL39   1954 2021   .82  .91
  40 JERL40   1955 2021   .90  .93
  41 JERL41   1956 2012   .68  .64
 Av segment correlation   .87  .88
PART 6:  POTENTIAL PROBLEMS:                                                                       16:58  Thu 20 Jan 2022  Page   5
------------------------------------------------------------------------------------------------------------------------------------

 For each series with potential problems the following diagnostics may appear:

 [A] Correlations with master dating series of flagged  50-year segments of series filtered with  32-year spline,
     at every point from ten years earlier (-10) to ten years later (+10) than dated

 [B] Effect of those data values which most lower or raise correlation with master series
     Symbol following year indicates value in series is greater (>) or lesser (<) than master series value

 [C] Year-to-year changes very different from the mean change in other series

 [D] Absent rings (zero values)

 [E] Values which are statistical outliers from mean for the year
====================================================================================================================================

 JERL01    1953 to  2021      69 years                                                                                    Series   1

 [B] Entire series, effect on correlation (  .899) is:
       Lower   1965> -.017   1954> -.006   1984< -.006   1976< -.004   2006< -.004   1999> -.003  Higher   1961  .008   1995  .006

====================================================================================================================================

 JERL02    1955 to  2021      67 years                                                                                    Series   2

 [B] Entire series, effect on correlation (  .902) is:
       Lower   1961> -.020   1956< -.016   1964> -.005   1968> -.005   2019> -.004   1967> -.003  Higher   1965  .010   1995  .006

====================================================================================================================================

 JERL03    1954 to  2021      68 years                                                                                    Series   3

 [B] Entire series, effect on correlation (  .894) is:
       Lower   1954< -.020   1988> -.007   1977< -.005   1972< -.003   1982< -.003   2014< -.003  Higher   1999  .008   1983  .006

====================================================================================================================================

 JERL04    1959 to  2021      63 years                                                                                    Series   4

 [B] Entire series, effect on correlation (  .890) is:
       Lower   1964> -.009   1961> -.007   1978< -.007   1977< -.004   1980< -.004   1971< -.003  Higher   1999  .007   1965  .005

====================================================================================================================================

 JERL05    1957 to  2021      65 years                                                                                    Series   5

 [B] Entire series, effect on correlation (  .947) is:
       Lower   2006< -.004   1996< -.004   1973< -.002   1990> -.002   2018> -.002   1959> -.002  Higher   1965  .005   1983  .003

====================================================================================================================================

 JERL06    1953 to  2021      69 years                                                                                    Series   6

 [B] Entire series, effect on correlation (  .973) is:
       Lower   1954< -.004   1982< -.001   1995< -.001   1967> -.001   1971< -.001   1957> -.001  Higher   1965  .002   1999  .002

====================================================================================================================================

 JERL07    1953 to  2021      69 years                                                                                    Series   7

 [B] Entire series, effect on correlation (  .916) is:
       Lower   1997< -.013   1988> -.005   1976> -.004   2009> -.004   1955> -.004   1953< -.003  Higher   1961  .010   1965  .008

====================================================================================================================================

 JERL08    1954 to  2021      68 years                                                                                    Series   8

 [B] Entire series, effect on correlation (  .883) is:
       Lower   1961> -.023   1954< -.019   1988< -.006   1976> -.006   1980< -.003   2009> -.003  Higher   1965  .012   2013  .005

====================================================================================================================================

 JERL09    1954 to  2018      65 years                                                                                    Series   9

 [B] Entire series, effect on correlation (  .878) is:
       Lower   2018< -.011   2012> -.008   1989< -.007   1957< -.006   2005> -.006   1990< -.006  Higher   1961  .016   1999  .007

====================================================================================================================================

 JERL10    1955 to  2021      67 years                                                                                    Series  10

 [B] Entire series, effect on correlation (  .907) is:
       Lower   1995> -.013   1967> -.012   1996> -.007   1962< -.004   2004< -.003   1958> -.003  Higher   1961  .008   2013  .005

====================================================================================================================================

 JERL11    1955 to  2021      67 years                                                                                    Series  11

 [B] Entire series, effect on correlation (  .885) is:
       Lower   1955> -.013   1957< -.007   1963< -.006   1972> -.005   1974> -.005   2016> -.004  Higher   1961  .012   1999  .008

====================================================================================================================================

 JERL12    1959 to  2021      63 years                                                                                    Series  12

 [B] Entire series, effect on correlation (  .904) is:
       Lower   1961> -.026   2012< -.013   1968< -.004   1989< -.003   1983> -.002   1973> -.002  Higher   1965  .007   1999  .007

 [E] Outliers     1   3.0 SD above or -4.5 SD below mean for year
       1961 +3.7 SD
====================================================================================================================================

 JERL13    1953 to  2021      69 years                                                                                    Series  13

 [B] Entire series, effect on correlation (  .940) is:
       Lower   1953< -.014   1981< -.004   1967> -.004   1982< -.003   1987> -.003   1975< -.002  Higher   1961  .007   1965  .005

====================================================================================================================================

 JERL14    1957 to  2021      65 years                                                                                    Series  14

 [B] Entire series, effect on correlation (  .920) is:
       Lower   1996< -.009   1987< -.008   1964> -.008   1988> -.005   1962< -.003   1967> -.003  Higher   1961  .010   1965  .007

====================================================================================================================================

 JERL15    1956 to  2021      66 years                                                                                    Series  15

 [B] Entire series, effect on correlation (  .907) is:
       Lower   1990< -.007   1989< -.006   1995> -.004   1992< -.004   1968< -.003   1977> -.003  Higher   1965  .008   2013  .005

====================================================================================================================================

 JERL16    1957 to  2021      65 years                                                                                    Series  16

 [B] Entire series, effect on correlation (  .901) is:
       Lower   2004< -.007   1995> -.005   2003< -.004   2002< -.004   1965> -.004   2010> -.003  Higher   1961  .009   1983  .006

====================================================================================================================================

 JERL17    1955 to  2021      67 years                                                                                    Series  17

 [B] Entire series, effect on correlation (  .941) is:
       Lower   1999> -.007   1996< -.007   2010< -.003   1967> -.003   1970< -.002   2005> -.001  Higher   1965  .005   1995  .004

====================================================================================================================================

 JERL18    1959 to  2021      63 years                                                                                    Series  18

 [B] Entire series, effect on correlation (  .927) is:
       Lower   1961> -.016   2005< -.007   1964< -.004   2002> -.003   1967> -.003   1990> -.002  Higher   1965  .006   1999  .005

====================================================================================================================================

 JERL19    1956 to  2021      66 years                                                                                    Series  19

 [B] Entire series, effect on correlation (  .939) is:
       Lower   2018< -.007   2014< -.004   1983> -.004   1986< -.003   1958< -.002   1957> -.002  Higher   1999  .004   1995  .004

====================================================================================================================================

 JERL20    1953 to  2021      69 years                                                                                    Series  20

 [B] Entire series, effect on correlation (  .794) is:
       Lower   1988< -.016   1953> -.011   1958< -.009   1959< -.006   1973> -.006   1970> -.005  Higher   1961  .015   2013  .011

 [E] Outliers     1   3.0 SD above or -4.5 SD below mean for year
       1988 -5.1 SD
====================================================================================================================================

 JERL21    1955 to  2016      62 years                                                                                    Series  21

 [B] Entire series, effect on correlation (  .815) is:
       Lower   2016> -.029   1989< -.020   1993> -.019   1977< -.012   2008< -.010   1997< -.007  Higher   1965  .021   1961  .018

 [E] Outliers     1   3.0 SD above or -4.5 SD below mean for year
       2016 +4.0 SD
====================================================================================================================================

 JERL22    1954 to  2019      66 years                                                                                    Series  22

 [B] Entire series, effect on correlation (  .846) is:
       Lower   1964< -.024   2016> -.007   1981> -.007   1956< -.006   1958< -.006   1957< -.006  Higher   1961  .016   1965  .014

====================================================================================================================================

 JERL23    1957 to  2021      65 years                                                                                    Series  23

 [B] Entire series, effect on correlation (  .851) is:
       Lower   1998< -.044   2018< -.011   2019> -.011   1964< -.010   2021> -.007   2009< -.004  Higher   1961  .018   1965  .011

====================================================================================================================================

 JERL24    1953 to  2020      68 years                                                                                    Series  24

 [B] Entire series, effect on correlation (  .856) is:
       Lower   2020< -.011   1979< -.010   1989< -.010   2017> -.009   2005> -.007   2012> -.006  Higher   1961  .019   1965  .015

====================================================================================================================================

 JERL25    1952 to  2021      70 years                                                                                    Series  25

 [B] Entire series, effect on correlation (  .842) is:
       Lower   1958< -.033   1959< -.008   1954> -.007   1953> -.006   1970< -.006   1952> -.006  Higher   1961  .016   1965  .016

 [E] Outliers     1   3.0 SD above or -4.5 SD below mean for year
       1958 -4.5 SD
====================================================================================================================================

 JERL26    1959 to  2021      63 years                                                                                    Series  26

 [B] Entire series, effect on correlation (  .910) is:
       Lower   1961> -.020   2000< -.009   1993< -.005   2004> -.003   2012< -.003   2002> -.002  Higher   1965  .006   1999  .004

====================================================================================================================================

 JERL27    1956 to  2021      66 years                                                                                    Series  27

 [B] Entire series, effect on correlation (  .908) is:
       Lower   2014< -.007   1974> -.005   1993< -.005   1988> -.004   1963< -.004   2021< -.004  Higher   1961  .008   1983  .005

====================================================================================================================================

 JERL28    1955 to  2014      60 years                                                                                    Series  28

 [B] Entire series, effect on correlation (  .888) is:
       Lower   1967< -.026   1996> -.007   2011< -.005   2014> -.005   1983> -.003   1966< -.003  Higher   1961  .013   1965  .011

====================================================================================================================================

 JERL29    1955 to  2010      56 years                                                                                    Series  29

 [B] Entire series, effect on correlation (  .654) is:
       Lower   1964> -.044   2001< -.037   1961> -.021   1955< -.014   1987> -.009   1983> -.009  Higher   1965  .053   1995  .017

 [E] Outliers     2   3.0 SD above or -4.5 SD below mean for year
       1961 +3.5 SD;    1964 +4.5 SD
====================================================================================================================================

 JERL30    1958 to  2021      64 years                                                                                    Series  30

 [B] Entire series, effect on correlation (  .893) is:
       Lower   2016< -.010   1959< -.008   1984< -.005   2002> -.005   1986< -.003   2021< -.003  Higher   1995  .007   1999  .006

====================================================================================================================================

 JERL31    1952 to  2021      70 years                                                                                    Series  31

 [B] Entire series, effect on correlation (  .829) is:
       Lower   1952> -.015   1996< -.015   1953> -.009   1957< -.008   1959< -.008   1958< -.007  Higher   1961  .018   1983  .009

====================================================================================================================================

 JERL32    1954 to  2021      68 years                                                                                    Series  32

 [B] Entire series, effect on correlation (  .926) is:
       Lower   1955> -.007   1954< -.006   2009> -.006   1995> -.006   1988> -.003   1966< -.003  Higher   1961  .009   1999  .005

====================================================================================================================================

 JERL33    1952 to  2011      60 years                                                                                    Series  33

 [B] Entire series, effect on correlation (  .632) is:
       Lower   1952< -.050   2011< -.023   1999> -.018   1990< -.014   2005> -.014   1985< -.014  Higher   1995  .032   1961  .024

 [E] Outliers     2   3.0 SD above or -4.5 SD below mean for year
       1952 -4.9 SD;    1983 +3.2 SD
====================================================================================================================================

 JERL34    1955 to  2021      67 years                                                                                    Series  34

 [B] Entire series, effect on correlation (  .851) is:
       Lower   1959< -.012   1962< -.010   1960< -.008   1983> -.006   1967> -.004   1997< -.004  Higher   2013  .008   2005  .006

====================================================================================================================================

 JERL35    1959 to  2021      63 years                                                                                    Series  35

 [B] Entire series, effect on correlation (  .866) is:
       Lower   1961> -.034   1977< -.008   1991< -.006   1965< -.004   1978< -.004   1964> -.003  Higher   1983  .007   1999  .007

 [E] Outliers     1   3.0 SD above or -4.5 SD below mean for year
       1961 +3.5 SD
====================================================================================================================================

 JERL36    1955 to  2021      67 years                                                                                    Series  36

 [B] Entire series, effect on correlation (  .917) is:
       Lower   1965< -.010   1997< -.006   2009> -.004   1992< -.004   1977< -.004   1991> -.004  Higher   1961  .005   2013  .004

====================================================================================================================================

 JERL37    1959 to  2013      55 years                                                                                    Series  37

 [B] Entire series, effect on correlation (  .742) is:
       Lower   2013< -.067   1967< -.037   2009> -.011   1975> -.007   1978< -.006   2000< -.005  Higher   1965  .030   1983  .017

 [E] Outliers     2   3.0 SD above or -4.5 SD below mean for year
       1967 -5.5 SD;    2013 -5.6 SD
====================================================================================================================================

 JERL38    1956 to  2011      56 years                                                                                    Series  38

 [B] Entire series, effect on correlation (  .717) is:
       Lower   2011< -.088   2003< -.019   2004< -.007   2001< -.006   1981> -.005   1970< -.005  Higher   1961  .028   1999  .026

====================================================================================================================================

 JERL39    1954 to  2021      68 years                                                                                    Series  39

 [B] Entire series, effect on correlation (  .842) is:
       Lower   1955< -.027   1961> -.015   1956< -.007   1965> -.003   1973< -.003   2009> -.003  Higher   1999  .011   2013  .007

====================================================================================================================================

 JERL40    1955 to  2021      67 years                                                                                    Series  40

 [B] Entire series, effect on correlation (  .905) is:
       Lower   1955> -.013   1964> -.011   2014> -.005   1962< -.005   1980< -.004   1958< -.003  Higher   1965  .009   1961  .008

====================================================================================================================================

 JERL41    1956 to  2012      57 years                                                                                    Series  41

 [B] Entire series, effect on correlation (  .623) is:
       Lower   2012> -.052   2002< -.032   2001< -.031   1970< -.016   1957< -.015   1972< -.008  Higher   1983  .030   1995  .026

 [E] Outliers     3   3.0 SD above or -4.5 SD below mean for year
       1961 +3.6 SD;    2002 -6.2 SD;    2012 +5.1 SD
====================================================================================================================================

 [*] All segments correlate highest as dated with correlation with master series over   .3281
PART 7:  DESCRIPTIVE STATISTICS:                                                                   16:58  Thu 20 Jan 2022  Page   6
------------------------------------------------------------------------------------------------------------------------------------

                                                Corr   //-------- Unfiltered --------\\  //---- Filtered -----\\
                           No.    No.    No.    with   Mean   Max     Std   Auto   Mean   Max     Std   Auto  AR
 Seq Series   Interval   Years  Segmt  Flags   Master  msmt   msmt    dev   corr   sens  value    dev   corr  ()
 --- -------- ---------  -----  -----  -----   ------ -----  -----  -----  -----  -----  -----  -----  -----  --
   1 JERL01   1953 2021     69      2      0    .899   1.34   6.28  1.317   .754   .580   2.70   .505  -.048   2
   2 JERL02   1955 2021     67      2      0    .902   1.16   4.99  1.245   .864   .581   2.87   .644  -.047   1
   3 JERL03   1954 2021     68      2      0    .894   1.18   5.71  1.368   .866   .541   2.70   .672  -.035   1
   4 JERL04   1959 2021     63      2      0    .890    .98   6.22  1.408   .854   .747   2.78   .529  -.074   1
   5 JERL05   1957 2021     65      2      0    .947   1.23   6.96  1.343   .800   .578   2.64   .540  -.031   1
   6 JERL06   1953 2021     69      2      0    .973   1.15   5.01  1.258   .819   .597   2.90   .695  -.052   1
   7 JERL07   1953 2021     69      2      0    .916   1.25   7.40  1.865   .887   .620   2.98   .574  -.020   1
   8 JERL08   1954 2021     68      2      0    .883   1.28   6.43  1.548   .850   .563   2.81   .615  -.010   1
   9 JERL09   1954 2018     65      2      0    .878    .93   4.78  1.231   .756   .747   2.79   .539  -.090   1
  10 JERL10   1955 2021     67      2      0    .907   1.37   5.47  1.308   .813   .580   2.78   .518  -.033   1
  11 JERL11   1955 2021     67      2      0    .885   1.41  12.67  2.247   .912   .620   2.74   .517  -.080   1
  12 JERL12   1959 2021     63      2      0    .904    .97   5.45  1.013   .787   .620   2.89   .633  -.096   1
  13 JERL13   1953 2021     69      2      0    .940   1.40   6.25  1.493   .806   .632   2.68   .602  -.031   1
  14 JERL14   1957 2021     65      2      0    .920   1.25   5.66  1.220   .747   .554   2.81   .593  -.074   1
  15 JERL15   1956 2021     66      2      0    .907   1.27   7.09  1.627   .859   .586   2.75   .476  -.036   1
  16 JERL16   1957 2021     65      2      0    .901   1.49   5.54  1.299   .752   .559   2.69   .517  -.089   2
  17 JERL17   1955 2021     67      2      0    .941   1.35   5.48  1.300   .768   .651   2.68   .511  -.029   1
  18 JERL18   1959 2021     63      2      0    .927   1.50   7.90  1.522   .754   .542   2.80   .675  -.085   1
  19 JERL19   1956 2021     66      2      0    .939    .98   6.82  1.352   .853   .593   2.79   .510  -.059   1
  20 JERL20   1953 2021     69      2      0    .794   1.03   7.59  1.268   .784   .672   2.81   .507  -.043   1
  21 JERL21   1955 2016     62      2      0    .815    .94   4.28  1.175   .828   .632   2.69   .577  -.011   1
  22 JERL22   1954 2019     66      2      0    .846    .80   6.64  1.165   .850   .692   2.87   .562  -.012   1
  23 JERL23   1957 2021     65      2      0    .851    .70   4.05   .867   .744   .685   2.83   .669  -.031   1
  24 JERL24   1953 2020     68      2      0    .856   1.03   7.22  1.397   .808   .769   2.65   .565   .033   1
  25 JERL25   1952 2021     70      2      0    .842   1.17   6.92  1.370   .863   .555   2.69   .480  -.056   1
  26 JERL26   1959 2021     63      2      0    .910    .96   6.08  1.012   .634   .609   2.78   .667  -.080   1
  27 JERL27   1956 2021     66      2      0    .908   1.25   9.37  1.662   .857   .658   2.61   .518  -.084   2
  28 JERL28   1955 2014     60      2      0    .888    .96   5.48  1.479   .886   .766   2.64   .577   .007   1
  29 JERL29   1955 2010     56      2      0    .654    .72   5.11  1.064   .804   .673   2.79   .556  -.120   1
  30 JERL30   1958 2021     64      2      0    .893    .96   3.61   .784   .774   .495   2.81   .673  -.059   1
  31 JERL31   1952 2021     70      2      0    .829    .99   6.52  1.163   .831   .611   2.64   .520   .023   1
  32 JERL32   1954 2021     68      2      0    .926   1.27   5.34  1.194   .849   .506   2.67   .565  -.031   1
  33 JERL33   1952 2011     60      2      0    .632    .87   3.76   .965   .833   .539   2.68   .591  -.059   3
  34 JERL34   1955 2021     67      2      0    .851   1.29  10.79  1.943   .868   .568   2.78   .524  -.036   1
  35 JERL35   1959 2021     63      2      0    .866    .97   5.69  1.296   .853   .705   2.59   .466  -.029   1
  36 JERL36   1955 2021     67      2      0    .917   1.23   6.73  1.669   .903   .595   2.62   .466   .012   1
  37 JERL37   1959 2013     55      2      0    .742   1.08   6.88  1.568   .832   .696   2.58   .537  -.055   1
  38 JERL38   1956 2011     56      2      0    .717    .64   3.72   .869   .820   .648   2.96   .559  -.209   2
  39 JERL39   1954 2021     68      2      0    .842   1.48   6.58  1.637   .886   .462   2.82   .639  -.037   1
  40 JERL40   1955 2021     67      2      0    .905   1.49   7.82  1.554   .842   .557   2.74   .508  -.054   1
  41 JERL41   1956 2012     57      2      0    .623    .69   3.55   .811   .720   .696   2.69   .635  -.114   2
 --- -------- ---------  -----  -----  -----   ------ -----  -----  -----  -----  -----  -----  -----  -----  --
 Total or mean:           2668     82      0    .868   1.13  12.67  1.345   .820   .615   2.98   .566  -.049

                                              - = [  COFECHA TREESCOF  ] = -
