[]  Dendrochronology Program Library                                        Run TREES  Program COF  13:21  Tue 01 Mar 2022  Page   1
[]
[]  P R O G R A M      C O F E C H A                                                                          Version 6.06P    31838
------------------------------------------------------------------------------------------------------------------------------------

 QUALITY CONTROL AND DATING CHECK OF TREE-RING MEASUREMENTS

 File of DATED series:   7-Jerez_MED_pinaster_trees.rwl

 CONTENTS:

    Part 1:  Title page, options selected, summary, absent rings by series
    Part 2:  Histogram of time spans
    Part 3:  Master series with sample depth and absent rings by year
    Part 4:  Bar plot of Master Dating Series
    Part 5:  Correlation by segment of each series with Master
    Part 6:  Potential problems: low correlation, divergent year-to-year changes, absent rings, outliers
    Part 7:  Descriptive statistics

 RUN CONTROL OPTIONS SELECTED                             VALUE

         1  Cubic smoothing spline 50% wavelength cutoff for filtering
                                                            32 years
         2  Segments examined are                           50 years lagged successively by  25 years
         3  Autoregressive model applied                     A  Residuals are used in master dating series and testing
         4  Series transformed to logarithms                 Y  Each series log-transformed for master dating series and testing
         5  CORRELATION is Pearson (parametric, quantitative)
            Critical correlation, 99% confidence level   .3281
         6  Master dating series saved                       N
         7  Ring measurements listed                         N
         8  Parts printed                              1234567 
         9  Absent rings are omitted from master series and segment correlations  (Y)

 Time span of Master dating series is  1959 to  2017    59 years
 Continuous time span is               1959 to  2017    59 years
 Portion with two or more series is    1959 to  2017    59 years


                                        ****************************************
                                        *C* Number of dated series        33 *C*
                                        *O* Master series 1959 2017   59 yrs *O*
                                        *F* Total rings in all series   1861 *F*
                                        *E* Total dated rings checked   1861 *E*
                                        *C* Series intercorrelation     .864 *C*
                                        *H* Average mean sensitivity    .508 *H*
                                        *A* Segments, possible problems    0 *A*
                                        *** Mean length of series       56.4 ***
                                        ****************************************

 ABSENT RINGS listed by SERIES:            (See Master Dating Series for absent rings listed by year)

               No ring measurements of zero value
PART 2:  TIME PLOT OF TREE-RING SERIES:                                                            13:21  Tue 01 Mar 2022  Page   2
------------------------------------------------------------------------------------------------------------------------------------
 1050 1100 1150 1200 1250 1300 1350 1400 1450 1500 1550 1600 1650 1700 1750 1800 1850 1900 1950 2000 2050 Ident   Seq Time-span  Yrs
   :    :    :    :    :    :    :    :    :    :    :    :    :    :    :    :    :    :    :    :    : -------- --- ---- ---- ----
   .    .    .    .    .    .    .    .    .    .    .    .    .    .    .    .    .    .    .<====>   . JMED01     1 1961 2017   57
   .    .    .    .    .    .    .    .    .    .    .    .    .    .    .    .    .    .    <=====>   . JMED02     2 1959 2017   59
   .    .    .    .    .    .    .    .    .    .    .    .    .    .    .    .    .    .    .<====>   . JMED03     3 1961 2017   57
   .    .    .    .    .    .    .    .    .    .    .    .    .    .    .    .    .    .    .<====>   . JMED04     4 1963 2013   51
   .    .    .    .    .    .    .    .    .    .    .    .    .    .    .    .    .    .    .<====>   . JMED05     5 1961 2017   57
   .    .    .    .    .    .    .    .    .    .    .    .    .    .    .    .    .    .    .<====>   . JMED06     6 1961 2017   57
   .    .    .    .    .    .    .    .    .    .    .    .    .    .    .    .    .    .    .<====>   . JMED07     7 1961 2017   57
   .    .    .    .    .    .    .    .    .    .    .    .    .    .    .    .    .    .    .<====>   . JMED08     8 1962 2017   56
   .    .    .    .    .    .    .    .    .    .    .    .    .    .    .    .    .    .    .<====>   . JMED09     9 1961 2017   57
   .    .    .    .    .    .    .    .    .    .    .    .    .    .    .    .    .    .    .<====>   . JMED10    10 1961 2017   57
   .    .    .    .    .    .    .    .    .    .    .    .    .    .    .    .    .    .    .<====>   . JMED11    11 1964 2017   54
   .    .    .    .    .    .    .    .    .    .    .    .    .    .    .    .    .    .    <=====>   . JMED12    12 1959 2017   59
   .    .    .    .    .    .    .    .    .    .    .    .    .    .    .    .    .    .    .<====>   . JMED13    13 1961 2017   57
   .    .    .    .    .    .    .    .    .    .    .    .    .    .    .    .    .    .    .<====>   . JMED15    14 1961 2017   57
   .    .    .    .    .    .    .    .    .    .    .    .    .    .    .    .    .    .    .<====>   . JMED16    15 1960 2017   58
   .    .    .    .    .    .    .    .    .    .    .    .    .    .    .    .    .    .    .<====>   . JMED17    16 1960 2017   58
   .    .    .    .    .    .    .    .    .    .    .    .    .    .    .    .    .    .    .<====>   . JMED18    17 1960 2017   58
   .    .    .    .    .    .    .    .    .    .    .    .    .    .    .    .    .    .    .<====>   . JMED19    18 1965 2017   53
   .    .    .    .    .    .    .    .    .    .    .    .    .    .    .    .    .    .    .<====>   . JMED20    19 1962 2017   56
   .    .    .    .    .    .    .    .    .    .    .    .    .    .    .    .    .    .    .<====>   . JMED21    20 1960 2017   58
   .    .    .    .    .    .    .    .    .    .    .    .    .    .    .    .    .    .    .<====>   . JMED22    21 1963 2017   55
   .    .    .    .    .    .    .    .    .    .    .    .    .    .    .    .    .    .    .<====>   . JMED23    22 1962 2017   56
   .    .    .    .    .    .    .    .    .    .    .    .    .    .    .    .    .    .    .<====>   . JMED24    23 1963 2017   55
   .    .    .    .    .    .    .    .    .    .    .    .    .    .    .    .    .    .    .<====>   . JMED25    24 1962 2017   56
   .    .    .    .    .    .    .    .    .    .    .    .    .    .    .    .    .    .    .<====>   . JMED28    25 1961 2017   57
   .    .    .    .    .    .    .    .    .    .    .    .    .    .    .    .    .    .    .<====>   . JMED29    26 1960 2017   58
   .    .    .    .    .    .    .    .    .    .    .    .    .    .    .    .    .    .    .<====>   . JMED31    27 1960 2017   58
   .    .    .    .    .    .    .    .    .    .    .    .    .    .    .    .    .    .    .<====>   . JMED32    28 1961 2017   57
   .    .    .    .    .    .    .    .    .    .    .    .    .    .    .    .    .    .    .<====>   . JMED37    29 1961 2017   57
   .    .    .    .    .    .    .    .    .    .    .    .    .    .    .    .    .    .    .<====>   . JMED39    30 1962 2011   50
   .    .    .    .    .    .    .    .    .    .    .    .    .    .    .    .    .    .    <=====>   . JMED42    31 1959 2017   59
   .    .    .    .    .    .    .    .    .    .    .    .    .    .    .    .    .    .    .<====>   . JMED45    32 1962 2017   56
   .    .    .    .    .    .    .    .    .    .    .    .    .    .    .    .    .    .    .<====>   . JMED48    33 1964 2017   54
   :    :    :    :    :    :    :    :    :    :    :    :    :    :    :    :    :    :    :    :    :
 1050 1100 1150 1200 1250 1300 1350 1400 1450 1500 1550 1600 1650 1700 1750 1800 1850 1900 1950 2000 2050
PART 3:  Master Dating Series:                                                                     13:21  Tue 01 Mar 2022  Page   3
------------------------------------------------------------------------------------------------------------------------------------
  Year  Value  No Ab    Year  Value  No Ab    Year  Value  No Ab    Year  Value  No Ab    Year  Value  No Ab    Year  Value  No Ab
  ------------------    ------------------    ------------------    ------------------    ------------------    ------------------
                        2000   .530  33
                        2001  1.296  33
                        2002   .765  33
                        2003  1.211  33
                        2004  1.162  33
                        2005 -1.010  33
                        2006  -.042  33
                        2007  -.646  33
                        2008  -.015  33
  1959 -2.355   3       2009   .211  33

  1960 -2.000   9       2010   .933  33
  1961 -1.578  21       2011  1.407  33
  1962  -.504  27       2012  -.741  32
  1963   .109  30       2013  1.265  32
  1964   .656  32       2014  -.027  31
  1965  -.161  33       2015   .009  31
  1966  1.234  33       2016  -.801  31
  1967   .485  33       2017  -.252  31
  1968  -.374  33
  1969   .789  33

  1970  1.116  33
  1971   .928  33
  1972   .507  33
  1973   .667  33
  1974   .225  33
  1975   .042  33
  1976 -1.041  33
  1977   .183  33
  1978  1.245  33
  1979  1.074  33

  1980  -.142  33
  1981 -2.651  33
  1982  -.048  33
  1983 -2.454  33
  1984  -.410  33
  1985   .867  33
  1986  1.212  33
  1987  -.379  33
  1988 -1.112  33
  1989   .152  33

  1990   .583  33
  1991  -.099  33
  1992  -.084  33
  1993  -.466  33
  1994 -1.184  33
  1995 -1.673  33
  1996   .288  33
  1997   .865  33
  1998  1.114  33
  1999  -.881  33
------------------------------------------------------------------------------------------------------------------------------------
PART 4:  Master Bar Plot:                                                                          13:21  Tue 01 Mar 2022  Page   4
------------------------------------------------------------------------------------------------------------------------------------
   Year Rel value  Year Rel value  Year Rel value  Year Rel value  Year Rel value  Year Rel value  Year Rel value  Year Rel value
                   2000-------B
                   2001----------E
                   2002-------C
                   2003---------E
                   2004---------E
                   2005-d
                   2006----@
                   2007--c
                   2008----@
   1959i           2009------A
   1960h           2010--------D
   1961f           2011----------F
   1962--b         2012--c
   1963-----@      2013----------E
   1964-------C    2014----@
   1965---a        2015-----@
   1966----------E 2016--c
   1967-------B    2017---a
   1968---a
   1969-------C
   1970---------D
   1971--------D
   1972-------B
   1973-------C
   1974------A
   1975-----@
   1976-d
   1977------A
   1978----------E
   1979---------D
   1980----a
   1981k
   1982----@
   1983j
   1984---b
   1985--------C
   1986---------E
   1987---b
   1988-d
   1989-----A
   1990-------B
   1991----@
   1992----@
   1993--b
   1994-e
   1995g
   1996------A
   1997--------C
   1998---------D
   1999-d
PART 5:  CORRELATION OF SERIES BY SEGMENTS:                                                        13:21  Tue 01 Mar 2022  Page   5
------------------------------------------------------------------------------------------------------------------------------------
 Correlations of  50-year dated segments, lagged  25 years
 Flags:  A = correlation under   .3281 but highest as dated;  B = correlation higher at other than dated position

 Seq Series  Time_span   1950 1975
                         1999 2024
 --- -------- ---------  ---- ---- ---- ---- ---- ---- ---- ---- ---- ---- ---- ---- ---- ---- ---- ---- ---- ---- ---- ----
   1 JMED01   1961 2017   .87  .87
   2 JMED02   1959 2017   .84  .89
   3 JMED03   1961 2017   .84  .94
   4 JMED04   1963 2013   .86  .87
   5 JMED05   1961 2017   .93  .94
   6 JMED06   1961 2017   .84  .89
   7 JMED07   1961 2017   .86  .90
   8 JMED08   1962 2017   .78  .84
   9 JMED09   1961 2017   .92  .94
  10 JMED10   1961 2017   .87  .92
  11 JMED11   1964 2017   .92  .95
  12 JMED12   1959 2017   .90  .94
  13 JMED13   1961 2017   .93  .93
  14 JMED15   1961 2017   .87  .88
  15 JMED16   1960 2017   .82  .92
  16 JMED17   1960 2017   .90  .91
  17 JMED18   1960 2017   .89  .91
  18 JMED19   1965 2017   .74  .93
  19 JMED20   1962 2017   .93  .96
  20 JMED21   1960 2017   .81  .86
  21 JMED22   1963 2017   .77  .82
  22 JMED23   1962 2017   .88  .89
  23 JMED24   1963 2017   .89  .96
  24 JMED25   1962 2017   .84  .94
  25 JMED28   1961 2017   .91  .93
  26 JMED29   1960 2017   .91  .95
  27 JMED31   1960 2017   .84  .96
  28 JMED32   1961 2017   .75  .87
  29 JMED37   1961 2017   .88  .89
  30 JMED39   1962 2011   .73
  31 JMED42   1959 2017   .81  .91
  32 JMED45   1962 2017   .90  .93
  33 JMED48   1964 2017   .81  .83
 Av segment correlation   .86  .91
PART 6:  POTENTIAL PROBLEMS:                                                                       13:21  Tue 01 Mar 2022  Page   5
------------------------------------------------------------------------------------------------------------------------------------

 For each series with potential problems the following diagnostics may appear:

 [A] Correlations with master dating series of flagged  50-year segments of series filtered with  32-year spline,
     at every point from ten years earlier (-10) to ten years later (+10) than dated

 [B] Effect of those data values which most lower or raise correlation with master series
     Symbol following year indicates value in series is greater (>) or lesser (<) than master series value

 [C] Year-to-year changes very different from the mean change in other series

 [D] Absent rings (zero values)

 [E] Values which are statistical outliers from mean for the year
====================================================================================================================================

 JMED01    1961 to  2017      57 years                                                                                    Series   1

 [B] Entire series, effect on correlation (  .870) is:
       Lower   1983> -.010   1965> -.008   2014> -.007   2003< -.006   1988> -.005   2005< -.005  Higher   2012  .008   1961  .008

====================================================================================================================================

 JMED02    1959 to  2017      59 years                                                                                    Series   2

 [B] Entire series, effect on correlation (  .847) is:
       Lower   1959> -.016   1961> -.012   1973< -.009   1972< -.007   1963> -.004   2014> -.004  Higher   2012  .007   2013  .006

 [E] Outliers     1   3.0 SD above or -4.5 SD below mean for year
       1959 +3.4 SD
====================================================================================================================================

 JMED03    1961 to  2017      57 years                                                                                    Series   3

 [B] Entire series, effect on correlation (  .853) is:
       Lower   1964< -.055   1962> -.017   1965< -.009   1984< -.006   1974> -.006   1967> -.004  Higher   1983  .021   1981  .014

 [E] Outliers     2   3.0 SD above or -4.5 SD below mean for year
       1962 +3.0 SD;    1964 -5.0 SD
====================================================================================================================================

 JMED04    1963 to  2013      51 years                                                                                    Series   4

 [B] Entire series, effect on correlation (  .867) is:
       Lower   1964< -.021   1976> -.014   2011< -.012   2010< -.010   1979< -.006   1995> -.005  Higher   1983  .027   1981  .018

====================================================================================================================================

 JMED05    1961 to  2017      57 years                                                                                    Series   5

 [B] Entire series, effect on correlation (  .925) is:
       Lower   1963< -.013   1962> -.007   2017> -.004   1978< -.003   1993> -.002   1995> -.002  Higher   1983  .006   2005  .005

====================================================================================================================================

 JMED06    1961 to  2017      57 years                                                                                    Series   6

 [B] Entire series, effect on correlation (  .851) is:
       Lower   1962> -.017   1979< -.011   2010< -.011   1965> -.009   1961< -.008   1977< -.005  Higher   1983  .029   1981  .018

====================================================================================================================================

 JMED07    1961 to  2017      57 years                                                                                    Series   7

 [B] Entire series, effect on correlation (  .870) is:
       Lower   1961< -.016   1981> -.015   1985< -.008   1963> -.007   1964< -.004   1982< -.003  Higher   1983  .018   2005  .007

====================================================================================================================================

 JMED08    1962 to  2017      56 years                                                                                    Series   8

 [B] Entire series, effect on correlation (  .802) is:
       Lower   1962< -.043   1983> -.022   1988< -.013   1989< -.008   1991> -.007   1994> -.006  Higher   2012  .015   2005  .014

 [E] Outliers     1   3.0 SD above or -4.5 SD below mean for year
       1988 -5.2 SD
====================================================================================================================================

 JMED09    1961 to  2017      57 years                                                                                    Series   9

 [B] Entire series, effect on correlation (  .932) is:
       Lower   1976> -.008   1963> -.008   1996< -.005   1987> -.004   1993> -.002   1981< -.002  Higher   2005  .005   1961  .004

====================================================================================================================================

 JMED10    1961 to  2017      57 years                                                                                    Series  10

 [B] Entire series, effect on correlation (  .880) is:
       Lower   1961< -.029   1969< -.008   1965> -.007   1974> -.005   1984> -.003   1970< -.003  Higher   1983  .023   1981  .012

 [E] Outliers     1   3.0 SD above or -4.5 SD below mean for year
       1961 -4.6 SD
====================================================================================================================================

 JMED11    1964 to  2017      54 years                                                                                    Series  11

 [B] Entire series, effect on correlation (  .921) is:
       Lower   1964< -.029   1976> -.005   1984> -.004   1998< -.004   1980> -.004   1965< -.004  Higher   1983  .016   1981  .011

====================================================================================================================================

 JMED12    1959 to  2017      59 years                                                                                    Series  12

 [B] Entire series, effect on correlation (  .899) is:
       Lower   1961> -.033   1962> -.006   1967> -.004   1987> -.003   2017> -.003   1963< -.002  Higher   1983  .013   1959  .011

 [E] Outliers     1   3.0 SD above or -4.5 SD below mean for year
       1961 +3.5 SD
====================================================================================================================================

 JMED13    1961 to  2017      57 years                                                                                    Series  13

 [B] Entire series, effect on correlation (  .928) is:
       Lower   1977< -.007   1974< -.005   1965> -.003   1978< -.003   1963> -.003   2012> -.002  Higher   1983  .008   1961  .003

====================================================================================================================================

 JMED15    1961 to  2017      57 years                                                                                    Series  14

 [B] Entire series, effect on correlation (  .881) is:
       Lower   1974< -.006   1986< -.006   1970< -.006   1965> -.005   1968> -.005   2007> -.005  Higher   1983  .018   2012  .007

====================================================================================================================================

 JMED16    1960 to  2017      58 years                                                                                    Series  15

 [B] Entire series, effect on correlation (  .846) is:
       Lower   1961> -.051   1962> -.014   1977< -.013   1991> -.008   1980> -.006   1966< -.004  Higher   1983  .027   1981  .014

 [E] Outliers     2   3.0 SD above or -4.5 SD below mean for year
       1961 +4.9 SD;    1962 +3.2 SD
====================================================================================================================================

 JMED17    1960 to  2017      58 years                                                                                    Series  16

 [B] Entire series, effect on correlation (  .897) is:
       Lower   2012> -.008   1962> -.008   1983< -.007   1964> -.006   1979< -.003   2008< -.003  Higher   1960  .004   2005  .004

====================================================================================================================================

 JMED18    1960 to  2017      58 years                                                                                    Series  17

 [B] Entire series, effect on correlation (  .903) is:
       Lower   1981> -.031   1960< -.011   1988> -.003   1983> -.003   1962> -.002   2002< -.002  Higher   2005  .006   1961  .005

====================================================================================================================================

 JMED19    1965 to  2017      53 years                                                                                    Series  18

 [B] Entire series, effect on correlation (  .742) is:
       Lower   1965< -.178   2004< -.003   1990< -.003   1967> -.002   2014> -.002   2015< -.002  Higher   2012  .015   2005  .013

 [E] Outliers     1   3.0 SD above or -4.5 SD below mean for year
       1965 -9.3 SD
====================================================================================================================================

 JMED20    1962 to  2017      56 years                                                                                    Series  19

 [B] Entire series, effect on correlation (  .930) is:
       Lower   1962< -.024   1984> -.004   1995> -.004   1976> -.004   1989< -.003   2014> -.002  Higher   1983  .014   1981  .006

====================================================================================================================================

 JMED21    1960 to  2017      58 years                                                                                    Series  20

 [B] Entire series, effect on correlation (  .831) is:
       Lower   1983> -.023   1961> -.022   1962> -.012   1987> -.009   1975< -.008   1976< -.007  Higher   1981  .015   2005  .011

 [E] Outliers     1   3.0 SD above or -4.5 SD below mean for year
       1976 -4.6 SD
====================================================================================================================================

 JMED22    1963 to  2017      55 years                                                                                    Series  21

 [B] Entire series, effect on correlation (  .778) is:
       Lower   1963< -.053   1995< -.014   1981> -.008   1987> -.007   2014< -.004   1996< -.003  Higher   1999  .009   2013  .008

 [E] Outliers     1   3.0 SD above or -4.5 SD below mean for year
       1963 -4.5 SD
====================================================================================================================================

 JMED23    1962 to  2017      56 years                                                                                    Series  22

 [B] Entire series, effect on correlation (  .876) is:
       Lower   1962< -.011   1963< -.009   1988> -.008   1984< -.008   1979< -.006   1992> -.005  Higher   1983  .026   2005  .006

====================================================================================================================================

 JMED24    1963 to  2017      55 years                                                                                    Series  23

 [B] Entire series, effect on correlation (  .889) is:
       Lower   1963< -.063   1965> -.005   1984> -.002   1964< -.001   2014> -.001   1972< -.001  Higher   1983  .021   1981  .014

 [E] Outliers     1   3.0 SD above or -4.5 SD below mean for year
       1963 -5.0 SD
====================================================================================================================================

 JMED25    1962 to  2017      56 years                                                                                    Series  24

 [B] Entire series, effect on correlation (  .849) is:
       Lower   1962< -.085   1980> -.006   2008< -.005   2007> -.004   1967> -.003   1996< -.002  Higher   1981  .021   1983  .015

 [E] Outliers     1   3.0 SD above or -4.5 SD below mean for year
       1962 -6.8 SD
====================================================================================================================================

 JMED28    1961 to  2017      57 years                                                                                    Series  25

 [B] Entire series, effect on correlation (  .916) is:
       Lower   1973< -.017   1963> -.008   1976> -.008   1961< -.005   1962> -.004   1974< -.004  Higher   1983  .015   2012  .005

====================================================================================================================================

 JMED29    1960 to  2017      58 years                                                                                    Series  26

 [B] Entire series, effect on correlation (  .921) is:
       Lower   1961> -.015   1975< -.007   1965> -.007   1968> -.004   1987< -.003   2015< -.002  Higher   1983  .013   1981  .009

====================================================================================================================================

 JMED31    1960 to  2017      58 years                                                                                    Series  27

 [B] Entire series, effect on correlation (  .853) is:
       Lower   1961> -.059   1962> -.014   1960< -.013   1965< -.005   1987> -.002   1980> -.002  Higher   1983  .023   1981  .017

 [E] Outliers     2   3.0 SD above or -4.5 SD below mean for year
       1961 +4.6 SD;    1962 +3.2 SD
====================================================================================================================================

 JMED32    1961 to  2017      57 years                                                                                    Series  28

 [B] Entire series, effect on correlation (  .772) is:
       Lower   1961< -.077   1962> -.017   1983> -.010   1969< -.009   2004< -.005   2005> -.004  Higher   2013  .010   1966  .008

 [E] Outliers     1   3.0 SD above or -4.5 SD below mean for year
       1961 -7.1 SD
====================================================================================================================================

 JMED37    1961 to  2017      57 years                                                                                    Series  29

 [B] Entire series, effect on correlation (  .886) is:
       Lower   1981> -.017   1988> -.008   1967< -.007   1974> -.007   1978< -.007   1980< -.005  Higher   1983  .017   1961  .007

====================================================================================================================================

 JMED39    1962 to  2011      50 years                                                                                    Series  30

 [B] Entire series, effect on correlation (  .734) is:
       Lower   1962< -.058   2008> -.014   2010< -.011   2005> -.011   1999> -.010   1994> -.010  Higher   1983  .047   1981  .042

 [E] Outliers     1   3.0 SD above or -4.5 SD below mean for year
       1962 -4.7 SD
====================================================================================================================================

 JMED42    1959 to  2017      59 years                                                                                    Series  31

 [B] Entire series, effect on correlation (  .833) is:
       Lower   1960> -.036   1961> -.025   1983> -.015   1980> -.005   1971< -.004   1974< -.004  Higher   1981  .017   2005  .010

 [E] Outliers     2   3.0 SD above or -4.5 SD below mean for year
       1960 +3.6 SD;    1961 +3.5 SD
====================================================================================================================================

 JMED45    1962 to  2017      56 years                                                                                    Series  32

 [B] Entire series, effect on correlation (  .888) is:
       Lower   1962< -.033   2012> -.010   2014> -.007   1966< -.006   2008< -.003   1974> -.003  Higher   1981  .013   1983  .011

====================================================================================================================================

 JMED48    1964 to  2017      54 years                                                                                    Series  33

 [B] Entire series, effect on correlation (  .805) is:
       Lower   1981> -.030   1977< -.015   1967< -.014   2012> -.013   1965> -.012   1988> -.005  Higher   1983  .038   2013  .009

 [E] Outliers     1   3.0 SD above or -4.5 SD below mean for year
       1968 -5.2 SD
====================================================================================================================================

 [*] All segments correlate highest as dated with correlation with master series over   .3281
PART 7:  DESCRIPTIVE STATISTICS:                                                                   13:21  Tue 01 Mar 2022  Page   6
------------------------------------------------------------------------------------------------------------------------------------

                                                Corr   //-------- Unfiltered --------\\  //---- Filtered -----\\
                           No.    No.    No.    with   Mean   Max     Std   Auto   Mean   Max     Std   Auto  AR
 Seq Series   Interval   Years  Segmt  Flags   Master  msmt   msmt    dev   corr   sens  value    dev   corr  ()
 --- -------- ---------  -----  -----  -----   ------ -----  -----  -----  -----  -----  -----  -----  -----  --
   1 JMED01   1961 2017     57      2      0    .870   2.50   9.28  2.293   .877   .441   2.68   .553  -.051   1
   2 JMED02   1959 2017     59      2      0    .847   2.31   7.10  1.852   .712   .539   2.82   .607  -.039   1
   3 JMED03   1961 2017     57      2      0    .853   2.43   8.09  2.177   .797   .539   2.95   .696   .033   1
   4 JMED04   1963 2013     51      2      0    .867   1.56   5.52  1.659   .889   .589   2.60   .578  -.018   1
   5 JMED05   1961 2017     57      2      0    .925   2.70   9.40  2.863   .927   .481   2.52   .558  -.098   1
   6 JMED06   1961 2017     57      2      0    .851   2.33   8.44  2.520   .910   .506   2.53   .572  -.102   1
   7 JMED07   1961 2017     57      2      0    .870   2.93   8.45  2.164   .777   .462   2.63   .545  -.076   2
   8 JMED08   1962 2017     56      2      0    .802   1.73   7.22  1.980   .918   .570   2.62   .645  -.026   1
   9 JMED09   1961 2017     57      2      0    .932   2.66   7.65  2.248   .840   .481   2.48   .534  -.015   1
  10 JMED10   1961 2017     57      2      0    .880   2.90   7.93  2.631   .892   .499   2.57   .510  -.056   1
  11 JMED11   1964 2017     54      2      0    .921   2.61   7.22  1.859   .805   .450   2.58   .600  -.070   1
  12 JMED12   1959 2017     59      2      0    .899   2.96  10.14  3.073   .925   .580   2.72   .690  -.052   1
  13 JMED13   1961 2017     57      2      0    .928   2.50  10.63  2.863   .908   .659   2.53   .537  -.029   1
  14 JMED15   1961 2017     57      2      0    .881   2.87  12.24  3.323   .941   .387   2.44   .485  -.027   2
  15 JMED16   1960 2017     58      2      0    .846   2.07   9.12  2.381   .882   .550   2.54   .594  -.061   1
  16 JMED17   1960 2017     58      2      0    .897   2.55  11.60  2.570   .853   .510   2.53   .430  -.001   2
  17 JMED18   1960 2017     58      2      0    .903   2.96   8.42  2.550   .843   .499   2.63   .570   .007   2
  18 JMED19   1965 2017     53      2      0    .742   2.58   7.95  2.478   .903   .525   2.56   .420  -.051   1
  19 JMED20   1962 2017     56      2      0    .930   2.44   6.73  1.996   .784   .582   2.58   .542  -.080   1
  20 JMED21   1960 2017     58      2      0    .831   2.38   9.09  2.261   .858   .433   2.58   .552   .011   1
  21 JMED22   1963 2017     55      2      0    .778   1.41   5.14  1.159   .819   .414   2.74   .579  -.009   2
  22 JMED23   1962 2017     56      2      0    .876   2.10   7.06  1.572   .788   .390   2.61   .539   .058   2
  23 JMED24   1963 2017     55      2      0    .889   1.84   8.89  2.058   .896   .592   2.74   .598  -.023   1
  24 JMED25   1962 2017     56      2      0    .849   2.08   6.01  1.685   .852   .490   2.54   .537  -.082   1
  25 JMED28   1961 2017     57      2      0    .916   2.01   6.26  1.872   .873   .497   2.64   .616  -.070   1
  26 JMED29   1960 2017     58      2      0    .921   2.47   9.64  2.609   .917   .496   2.61   .606  -.045   1
  27 JMED31   1960 2017     58      2      0    .853   2.49   8.48  2.598   .928   .565   2.62   .536  -.058   1
  28 JMED32   1961 2017     57      2      0    .772   2.39   9.38  2.692   .897   .540   2.50   .398  -.019   1
  29 JMED37   1961 2017     57      2      0    .886   3.35  10.57  2.839   .840   .475   2.58   .489  -.025   2
  30 JMED39   1962 2011     50      1      0    .734   1.29   4.27  1.294   .920   .453   2.62   .583   .023   1
  31 JMED42   1959 2017     59      2      0    .833   3.19  10.71  2.832   .890   .488   2.61   .550  -.065   1
  32 JMED45   1962 2017     56      2      0    .888   1.76   5.47  1.598   .865   .503   2.89   .718  -.029   1
  33 JMED48   1964 2017     54      2      0    .805   1.58   8.20  1.753   .844   .567   2.62   .449  -.027   3
 --- -------- ---------  -----  -----  -----   ------ -----  -----  -----  -----  -----  -----  -----  -----  --
 Total or mean:           1861     65      0    .864   2.37  12.24  2.263   .866   .508   2.95   .558  -.036

                                              - = [  COFECHA TREESCOF  ] = -
