[]  Dendrochronology Program Library                                        Run CORES  Program COF  13:22  Tue 01 Mar 2022  Page   1
[]
[]  P R O G R A M      C O F E C H A                                                                          Version 6.06P    31838
------------------------------------------------------------------------------------------------------------------------------------

 QUALITY CONTROL AND DATING CHECK OF TREE-RING MEASUREMENTS

 File of DATED series:   7-Jerez_MED_pinaster_cores.rwl

 CONTENTS:

    Part 1:  Title page, options selected, summary, absent rings by series
    Part 2:  Histogram of time spans
    Part 3:  Master series with sample depth and absent rings by year
    Part 4:  Bar plot of Master Dating Series
    Part 5:  Correlation by segment of each series with Master
    Part 6:  Potential problems: low correlation, divergent year-to-year changes, absent rings, outliers
    Part 7:  Descriptive statistics

 RUN CONTROL OPTIONS SELECTED                             VALUE

         1  Cubic smoothing spline 50% wavelength cutoff for filtering
                                                            32 years
         2  Segments examined are                           50 years lagged successively by  25 years
         3  Autoregressive model applied                     A  Residuals are used in master dating series and testing
         4  Series transformed to logarithms                 Y  Each series log-transformed for master dating series and testing
         5  CORRELATION is Pearson (parametric, quantitative)
            Critical correlation, 99% confidence level   .3281
         6  Master dating series saved                       N
         7  Ring measurements listed                         N
         8  Parts printed                              1234567 
         9  Absent rings are omitted from master series and segment correlations  (Y)

 Time span of Master dating series is  1959 to  2017    59 years
 Continuous time span is               1959 to  2017    59 years
 Portion with two or more series is    1959 to  2017    59 years


                                        ****************************************
                                        *C* Number of dated series        68 *C*
                                        *O* Master series 1959 2017   59 yrs *O*
                                        *F* Total rings in all series   3829 *F*
                                        *E* Total dated rings checked   3829 *E*
                                        *C* Series intercorrelation     .846 *C*
                                        *H* Average mean sensitivity    .517 *H*
                                        *A* Segments, possible problems    0 *A*
                                        *** Mean length of series       56.3 ***
                                        ****************************************

 ABSENT RINGS listed by SERIES:            (See Master Dating Series for absent rings listed by year)

               No ring measurements of zero value
PART 2:  TIME PLOT OF TREE-RING SERIES:                                                            13:22  Tue 01 Mar 2022  Page   2
------------------------------------------------------------------------------------------------------------------------------------
 1050 1100 1150 1200 1250 1300 1350 1400 1450 1500 1550 1600 1650 1700 1750 1800 1850 1900 1950 2000 2050 Ident   Seq Time-span  Yrs
   :    :    :    :    :    :    :    :    :    :    :    :    :    :    :    :    :    :    :    :    : -------- --- ---- ---- ----
   .    .    .    .    .    .    .    .    .    .    .    .    .    .    .    .    .    .    .<====>   . JMED01A    1 1961 2017   57
   .    .    .    .    .    .    .    .    .    .    .    .    .    .    .    .    .    .    .<====>   . JMED01B    2 1961 2017   57
   .    .    .    .    .    .    .    .    .    .    .    .    .    .    .    .    .    .    <=====>   . JMED02A    3 1959 2017   59
   .    .    .    .    .    .    .    .    .    .    .    .    .    .    .    .    .    .    <=====>   . JMED02B    4 1959 2017   59
   .    .    .    .    .    .    .    .    .    .    .    .    .    .    .    .    .    .    .<====>   . JMED03A    5 1961 2017   57
   .    .    .    .    .    .    .    .    .    .    .    .    .    .    .    .    .    .    .<====>   . JMED03B    6 1961 2017   57
   .    .    .    .    .    .    .    .    .    .    .    .    .    .    .    .    .    .    .<====>   . JMED04A    7 1963 2013   51
   .    .    .    .    .    .    .    .    .    .    .    .    .    .    .    .    .    .    .<====>   . JMED04B    8 1963 2011   49
   .    .    .    .    .    .    .    .    .    .    .    .    .    .    .    .    .    .    .<====>   . JMED05A    9 1961 2017   57
   .    .    .    .    .    .    .    .    .    .    .    .    .    .    .    .    .    .    .<====>   . JMED05B   10 1961 2017   57
   .    .    .    .    .    .    .    .    .    .    .    .    .    .    .    .    .    .    .<====>   . JMED06A   11 1961 2017   57
   .    .    .    .    .    .    .    .    .    .    .    .    .    .    .    .    .    .    .<====>   . JMED06B   12 1961 2017   57
   .    .    .    .    .    .    .    .    .    .    .    .    .    .    .    .    .    .    .<====>   . JMED07A   13 1961 2017   57
   .    .    .    .    .    .    .    .    .    .    .    .    .    .    .    .    .    .    .<====>   . JMED07B   14 1961 2017   57
   .    .    .    .    .    .    .    .    .    .    .    .    .    .    .    .    .    .    .<====>   . JMED08A   15 1962 2015   54
   .    .    .    .    .    .    .    .    .    .    .    .    .    .    .    .    .    .    .<====>   . JMED08B   16 1962 2017   56
   .    .    .    .    .    .    .    .    .    .    .    .    .    .    .    .    .    .    .<====>   . JMED09A   17 1961 2017   57
   .    .    .    .    .    .    .    .    .    .    .    .    .    .    .    .    .    .    .<====>   . JMED09B   18 1961 2017   57
   .    .    .    .    .    .    .    .    .    .    .    .    .    .    .    .    .    .    .<====>   . JMED10A   19 1961 2017   57
   .    .    .    .    .    .    .    .    .    .    .    .    .    .    .    .    .    .    .<====>   . JMED10B   20 1961 2017   57
   .    .    .    .    .    .    .    .    .    .    .    .    .    .    .    .    .    .    .<====>   . JMED11A   21 1964 2017   54
   .    .    .    .    .    .    .    .    .    .    .    .    .    .    .    .    .    .    .<====>   . JMED11B   22 1964 2017   54
   .    .    .    .    .    .    .    .    .    .    .    .    .    .    .    .    .    .    .<====>   . JMED12A   23 1960 2017   58
   .    .    .    .    .    .    .    .    .    .    .    .    .    .    .    .    .    .    <=====>   . JMED12B   24 1959 2017   59
   .    .    .    .    .    .    .    .    .    .    .    .    .    .    .    .    .    .    .<====>   . JMED13A   25 1961 2017   57
   .    .    .    .    .    .    .    .    .    .    .    .    .    .    .    .    .    .    .<====>   . JMED13B   26 1961 2017   57
   .    .    .    .    .    .    .    .    .    .    .    .    .    .    .    .    .    .    .<====>   . JMED15A   27 1961 2017   57
   .    .    .    .    .    .    .    .    .    .    .    .    .    .    .    .    .    .    .<====>   . JMED15B   28 1961 2017   57
   .    .    .    .    .    .    .    .    .    .    .    .    .    .    .    .    .    .    .<====>   . JMED16A   29 1960 2017   58
   .    .    .    .    .    .    .    .    .    .    .    .    .    .    .    .    .    .    .<====>   . JMED16B   30 1960 2017   58
   .    .    .    .    .    .    .    .    .    .    .    .    .    .    .    .    .    .    .<====>   . JMED17A   31 1960 2017   58
   .    .    .    .    .    .    .    .    .    .    .    .    .    .    .    .    .    .    .<====>   . JMED17B   32 1961 2017   57
   .    .    .    .    .    .    .    .    .    .    .    .    .    .    .    .    .    .    .<====>   . JMED18A   33 1960 2017   58
   .    .    .    .    .    .    .    .    .    .    .    .    .    .    .    .    .    .    .<====>   . JMED18B   34 1960 2017   58
   .    .    .    .    .    .    .    .    .    .    .    .    .    .    .    .    .    .    .<====>   . JMED19A   35 1965 2017   53
   .    .    .    .    .    .    .    .    .    .    .    .    .    .    .    .    .    .    .<====>   . JMED19B   36 1965 2017   53
   .    .    .    .    .    .    .    .    .    .    .    .    .    .    .    .    .    .    .<====>   . JMED20A   37 1962 2017   56
   .    .    .    .    .    .    .    .    .    .    .    .    .    .    .    .    .    .    .<====>   . JMED20B   38 1962 2017   56
   .    .    .    .    .    .    .    .    .    .    .    .    .    .    .    .    .    .    .<====>   . JMED21A   39 1960 2017   58
   .    .    .    .    .    .    .    .    .    .    .    .    .    .    .    .    .    .    .<====>   . JMED21B   40 1960 2017   58
   .    .    .    .    .    .    .    .    .    .    .    .    .    .    .    .    .    .    .<====>   . JMED22A   41 1963 2017   55
   .    .    .    .    .    .    .    .    .    .    .    .    .    .    .    .    .    .    .<====>   . JMED22B   42 1963 2017   55
   .    .    .    .    .    .    .    .    .    .    .    .    .    .    .    .    .    .    .<====>   . JMED23A   43 1962 2017   56
   .    .    .    .    .    .    .    .    .    .    .    .    .    .    .    .    .    .    .<====>   . JMED23B   44 1962 2017   56
   .    .    .    .    .    .    .    .    .    .    .    .    .    .    .    .    .    .    .<====>   . JMED24A   45 1963 2017   55
   .    .    .    .    .    .    .    .    .    .    .    .    .    .    .    .    .    .    .<====>   . JMED24B   46 1963 2017   55
   .    .    .    .    .    .    .    .    .    .    .    .    .    .    .    .    .    .    .<====>   . JMED25A   47 1962 2017   56
   .    .    .    .    .    .    .    .    .    .    .    .    .    .    .    .    .    .    .<====>   . JMED25B   48 1962 2017   56
   .    .    .    .    .    .    .    .    .    .    .    .    .    .    .    .    .    .    .<====>   . JMED28A   49 1961 2017   57
   .    .    .    .    .    .    .    .    .    .    .    .    .    .    .    .    .    .    .<====>   . JMED28B   50 1961 2017   57
   :    :    :    :    :    :    :    :    :    :    :    :    :    :    :    :    :    :    :    :    :
 1050 1100 1150 1200 1250 1300 1350 1400 1450 1500 1550 1600 1650 1700 1750 1800 1850 1900 1950 2000 2050
PART 2:  TIME PLOT OF TREE-RING SERIES:                                                            13:22  Tue 01 Mar 2022  Page   3
------------------------------------------------------------------------------------------------------------------------------------
 1050 1100 1150 1200 1250 1300 1350 1400 1450 1500 1550 1600 1650 1700 1750 1800 1850 1900 1950 2000 2050 Ident   Seq Time-span  Yrs
   :    :    :    :    :    :    :    :    :    :    :    :    :    :    :    :    :    :    :    :    : -------- --- ---- ---- ----
   .    .    .    .    .    .    .    .    .    .    .    .    .    .    .    .    .    .    .<====>   . JMED28C   51 1961 2017   57
   .    .    .    .    .    .    .    .    .    .    .    .    .    .    .    .    .    .    .<====>   . JMED28D   52 1961 2017   57
   .    .    .    .    .    .    .    .    .    .    .    .    .    .    .    .    .    .    .<====>   . JMED29A   53 1960 2017   58
   .    .    .    .    .    .    .    .    .    .    .    .    .    .    .    .    .    .    .<====>   . JMED29B   54 1960 2017   58
   .    .    .    .    .    .    .    .    .    .    .    .    .    .    .    .    .    .    .<====>   . JMED31A   55 1960 2017   58
   .    .    .    .    .    .    .    .    .    .    .    .    .    .    .    .    .    .    .<====>   . JMED31B   56 1960 2017   58
   .    .    .    .    .    .    .    .    .    .    .    .    .    .    .    .    .    .    .<====>   . JMED32A   57 1961 2017   57
   .    .    .    .    .    .    .    .    .    .    .    .    .    .    .    .    .    .    .<====>   . JMED32B   58 1961 2017   57
   .    .    .    .    .    .    .    .    .    .    .    .    .    .    .    .    .    .    .<====>   . JMED37A   59 1961 2017   57
   .    .    .    .    .    .    .    .    .    .    .    .    .    .    .    .    .    .    .<====>   . JMED37B   60 1961 2017   57
   .    .    .    .    .    .    .    .    .    .    .    .    .    .    .    .    .    .    .<====>   . JMED39A   61 1962 2011   50
   .    .    .    .    .    .    .    .    .    .    .    .    .    .    .    .    .    .    .<====>   . JMED39B   62 1962 2011   50
   .    .    .    .    .    .    .    .    .    .    .    .    .    .    .    .    .    .    <=====>   . JMED42A   63 1959 2017   59
   .    .    .    .    .    .    .    .    .    .    .    .    .    .    .    .    .    .    <=====>   . JMED42B   64 1959 2017   59
   .    .    .    .    .    .    .    .    .    .    .    .    .    .    .    .    .    .    .<====>   . JMED45A   65 1963 2017   55
   .    .    .    .    .    .    .    .    .    .    .    .    .    .    .    .    .    .    .<====>   . JMED45B   66 1962 2017   56
   .    .    .    .    .    .    .    .    .    .    .    .    .    .    .    .    .    .    .<====>   . JMED48A   67 1964 2017   54
   .    .    .    .    .    .    .    .    .    .    .    .    .    .    .    .    .    .    .<====>   . JMED48B   68 1964 2017   54
   :    :    :    :    :    :    :    :    :    :    :    :    :    :    :    :    :    :    :    :    :
 1050 1100 1150 1200 1250 1300 1350 1400 1450 1500 1550 1600 1650 1700 1750 1800 1850 1900 1950 2000 2050
PART 3:  Master Dating Series:                                                                     13:22  Tue 01 Mar 2022  Page   4
------------------------------------------------------------------------------------------------------------------------------------
  Year  Value  No Ab    Year  Value  No Ab    Year  Value  No Ab    Year  Value  No Ab    Year  Value  No Ab    Year  Value  No Ab
  ------------------    ------------------    ------------------    ------------------    ------------------    ------------------
                        2000   .541  68
                        2001  1.329  68
                        2002   .786  68
                        2003  1.245  68
                        2004  1.181  68
                        2005 -1.016  68
                        2006  -.046  68
                        2007  -.660  68
                        2008  -.023  68
  1959 -2.272   5       2009   .208  68

  1960 -2.001  17       2010   .942  68
  1961 -1.747  44       2011  1.421  68
  1962  -.421  55       2012  -.740  65
  1963   .122  62       2013  1.292  65
  1964   .647  66       2014  -.031  64
  1965  -.210  68       2015  -.009  64
  1966  1.233  68       2016  -.807  63
  1967   .487  68       2017  -.255  63
  1968  -.362  68
  1969   .791  68

  1970  1.106  68
  1971   .916  68
  1972   .517  68
  1973   .633  68
  1974   .182  68
  1975   .036  68
  1976 -1.018  68
  1977   .153  68
  1978  1.250  68
  1979  1.090  68

  1980  -.135  68
  1981 -2.545  68
  1982  -.030  68
  1983 -2.420  68
  1984  -.406  68
  1985   .855  68
  1986  1.221  68
  1987  -.399  68
  1988 -1.181  68
  1989   .141  68

  1990   .576  68
  1991  -.111  68
  1992  -.081  68
  1993  -.475  68
  1994 -1.198  68
  1995 -1.685  68
  1996   .293  68
  1997   .865  68
  1998  1.123  68
  1999  -.896  68
------------------------------------------------------------------------------------------------------------------------------------
PART 4:  Master Bar Plot:                                                                          13:22  Tue 01 Mar 2022  Page   5
------------------------------------------------------------------------------------------------------------------------------------
   Year Rel value  Year Rel value  Year Rel value  Year Rel value  Year Rel value  Year Rel value  Year Rel value  Year Rel value
                   2000-------B
                   2001----------E
                   2002--------C
                   2003----------E
                   2004---------E
                   2005-d
                   2006----@
                   2007--c
                   2008----@
   1959i           2009------A
   1960h           2010--------D
   1961g           2011----------F
   1962---b        2012--c
   1963-----@      2013----------E
   1964-------C    2014----@
   1965---a        2015----@
   1966---------E  2016--c
   1967-------B    2017---a
   1968---a
   1969--------C
   1970---------D
   1971--------D
   1972-------B
   1973-------C
   1974------A
   1975-----@
   1976-d
   1977-----A
   1978----------E
   1979---------D
   1980----a
   1981j
   1982----@
   1983j
   1984---b
   1985--------C
   1986---------E
   1987---b
   1988-e
   1989-----A
   1990-------B
   1991----@
   1992----@
   1993--b
   1994-e
   1995g
   1996------A
   1997--------C
   1998---------D
   1999-d
PART 5:  CORRELATION OF SERIES BY SEGMENTS:                                                        13:22  Tue 01 Mar 2022  Page   5
------------------------------------------------------------------------------------------------------------------------------------
 Correlations of  50-year dated segments, lagged  25 years
 Flags:  A = correlation under   .3281 but highest as dated;  B = correlation higher at other than dated position

 Seq Series  Time_span   1950 1975
                         1999 2024
 --- -------- ---------  ---- ---- ---- ---- ---- ---- ---- ---- ---- ---- ---- ---- ---- ---- ---- ---- ---- ---- ---- ----
   1 JMED01A  1961 2017   .87  .87
   2 JMED01B  1961 2017   .84  .85
   3 JMED02A  1959 2017   .84  .88
   4 JMED02B  1959 2017   .84  .88
   5 JMED03A  1961 2017   .86  .92
   6 JMED03B  1961 2017   .78  .91
   7 JMED04A  1963 2013   .89  .90
   8 JMED04B  1963 2011   .71
   9 JMED05A  1961 2017   .92  .94
  10 JMED05B  1961 2017   .91  .92
  11 JMED06A  1961 2017   .80  .85
  12 JMED06B  1961 2017   .87  .92
  13 JMED07A  1961 2017   .76  .80
  14 JMED07B  1961 2017   .89  .91
  15 JMED08A  1962 2015   .76  .86
  16 JMED08B  1962 2017   .78  .80
  17 JMED09A  1961 2017   .84  .86
  18 JMED09B  1961 2017   .94  .95
  19 JMED10A  1961 2017   .85  .92
  20 JMED10B  1961 2017   .87  .89
  21 JMED11A  1964 2017   .91  .95
  22 JMED11B  1964 2017   .91  .93
  23 JMED12A  1960 2017   .94  .94
  24 JMED12B  1959 2017   .86  .93
  25 JMED13A  1961 2017   .89  .90
  26 JMED13B  1961 2017   .93  .93
  27 JMED15A  1961 2017   .87  .88
  28 JMED15B  1961 2017   .75  .78
  29 JMED16A  1960 2017   .84  .93
  30 JMED16B  1960 2017   .74  .83
  31 JMED17A  1960 2017   .85  .85
  32 JMED17B  1961 2017   .93  .93
  33 JMED18A  1960 2017   .90  .91
  34 JMED18B  1960 2017   .87  .86
  35 JMED19A  1965 2017   .72  .92
  36 JMED19B  1965 2017   .78  .92
  37 JMED20A  1962 2017   .92  .95
  38 JMED20B  1962 2017   .90  .94
  39 JMED21A  1960 2017   .81  .85
  40 JMED21B  1960 2017   .79  .84
  41 JMED22A  1963 2017   .73  .78
  42 JMED22B  1963 2017   .73  .77
  43 JMED23A  1962 2017   .85  .89
  44 JMED23B  1962 2017   .84  .84
  45 JMED24A  1963 2017   .87  .92
  46 JMED24B  1963 2017   .82  .96
  47 JMED25A  1962 2017   .82  .90
  48 JMED25B  1962 2017   .84  .93
  49 JMED28A  1961 2017   .89  .90
  50 JMED28B  1961 2017   .84  .88
  51 JMED28C  1961 2017   .88  .91
  52 JMED28D  1961 2017   .91  .92
  53 JMED29A  1960 2017   .90  .92
  54 JMED29B  1960 2017   .89  .94
  55 JMED31A  1960 2017   .84  .93
  56 JMED31B  1960 2017   .82  .94
  57 JMED32A  1961 2017   .78  .88
  58 JMED32B  1961 2017   .76  .86
  59 JMED37A  1961 2017   .86  .86
  60 JMED37B  1961 2017   .86  .88
  61 JMED39A  1962 2011   .71
  62 JMED39B  1962 2011   .57
  63 JMED42A  1959 2017   .81  .91
  64 JMED42B  1959 2017   .79  .88
  65 JMED45A  1963 2017   .87  .92
  66 JMED45B  1962 2017   .88  .90
  67 JMED48A  1964 2017   .83  .85
  68 JMED48B  1964 2017   .83  .83
 Av segment correlation   .84  .89
PART 6:  POTENTIAL PROBLEMS:                                                                       13:22  Tue 01 Mar 2022  Page   6
------------------------------------------------------------------------------------------------------------------------------------

 For each series with potential problems the following diagnostics may appear:

 [A] Correlations with master dating series of flagged  50-year segments of series filtered with  32-year spline,
     at every point from ten years earlier (-10) to ten years later (+10) than dated

 [B] Effect of those data values which most lower or raise correlation with master series
     Symbol following year indicates value in series is greater (>) or lesser (<) than master series value

 [C] Year-to-year changes very different from the mean change in other series

 [D] Absent rings (zero values)

 [E] Values which are statistical outliers from mean for the year
====================================================================================================================================

 JMED01A   1961 to  2017      57 years                                                                                    Series   1

 [B] Entire series, effect on correlation (  .876) is:
       Lower   2005< -.007   1983> -.005   2017< -.005   2009< -.004   1988> -.004   1965> -.004  Higher   1961  .009   2012  .007

====================================================================================================================================

 JMED01B   1961 to  2017      57 years                                                                                    Series   2

 [B] Entire series, effect on correlation (  .847) is:
       Lower   1965> -.012   2014> -.010   1988> -.010   2003< -.010   1983> -.008   1974< -.007  Higher   2012  .011   2005  .009

====================================================================================================================================

 JMED02A   1959 to  2017      59 years                                                                                    Series   3

 [B] Entire series, effect on correlation (  .847) is:
       Lower   1961> -.015   1973< -.015   2014> -.006   1959> -.006   1972< -.004   2005< -.003  Higher   2013  .007   2012  .006

====================================================================================================================================

 JMED02B   1959 to  2017      59 years                                                                                    Series   4

 [B] Entire series, effect on correlation (  .850) is:
       Lower   1961> -.013   1972< -.010   1959> -.006   1983> -.006   1963> -.005   1971< -.005  Higher   2005  .007   2013  .006

====================================================================================================================================

 JMED03A   1961 to  2017      57 years                                                                                    Series   5

 [B] Entire series, effect on correlation (  .863) is:
       Lower   1964< -.037   1962> -.014   1984< -.006   2016< -.006   1974> -.005   1997< -.004  Higher   1983  .020   2005  .010

====================================================================================================================================

 JMED03B   1961 to  2017      57 years                                                                                    Series   6

 [B] Entire series, effect on correlation (  .800) is:
       Lower   1964< -.068   1965< -.019   1962> -.012   1974> -.006   1984< -.004   1970< -.004  Higher   1981  .025   1983  .017

 [E] Outliers     2   3.0 SD above or -4.5 SD below mean for year
       1964 -5.0 SD;    1965 -5.1 SD
====================================================================================================================================

 JMED04A   1963 to  2013      51 years                                                                                    Series   7

 [B] Entire series, effect on correlation (  .893) is:
       Lower   1964< -.014   1976> -.009   1979< -.008   1996< -.005   2009< -.005   1973< -.004  Higher   1983  .021   1981  .015

====================================================================================================================================

 JMED04B   1963 to  2011      49 years                                                                                    Series   8

 [B] Entire series, effect on correlation (  .711) is:
       Lower   2011< -.036   1964< -.033   1986< -.032   2010< -.021   1976> -.020   2004< -.007  Higher   1981  .052   1983  .020

====================================================================================================================================

 JMED05A   1961 to  2017      57 years                                                                                    Series   9

 [B] Entire series, effect on correlation (  .922) is:
       Lower   1963< -.019   2017> -.007   1962> -.006   1979< -.005   1978< -.003   1993> -.003  Higher   1983  .013   1981  .009

====================================================================================================================================

 JMED05B   1961 to  2017      57 years                                                                                    Series  10

 [B] Entire series, effect on correlation (  .911) is:
       Lower   1963< -.008   1981< -.007   1965> -.003   1978< -.003   1962> -.003   1995> -.003  Higher   1961  .006   2005  .005

====================================================================================================================================

 JMED06A   1961 to  2017      57 years                                                                                    Series  11

 [B] Entire series, effect on correlation (  .818) is:
       Lower   1977< -.016   1962> -.013   2010< -.012   1965> -.009   1979< -.009   1984> -.006  Higher   1983  .027   1981  .016

====================================================================================================================================

 JMED06B   1961 to  2017      57 years                                                                                    Series  12

 [B] Entire series, effect on correlation (  .876) is:
       Lower   1962> -.014   1979< -.014   1961< -.012   2010< -.010   1965> -.009   2017> -.005  Higher   1983  .019   1981  .014

====================================================================================================================================

 JMED07A   1961 to  2017      57 years                                                                                    Series  13

 [B] Entire series, effect on correlation (  .769) is:
       Lower   1967< -.026   1981> -.026   1985< -.011   1982< -.009   1983> -.005   1989< -.004  Higher   2005  .014   2013  .011

====================================================================================================================================

 JMED07B   1961 to  2017      57 years                                                                                    Series  14

 [B] Entire series, effect on correlation (  .892) is:
       Lower   1963> -.009   1964< -.008   1985< -.004   1974> -.003   1975> -.003   2015> -.003  Higher   1961  .008   1983  .006

====================================================================================================================================

 JMED08A   1962 to  2015      54 years                                                                                    Series  15

 [B] Entire series, effect on correlation (  .786) is:
       Lower   1962< -.079   1983> -.010   1973< -.007   1994> -.006   1991> -.004   1989< -.004  Higher   2012  .017   1999  .014

 [E] Outliers     1   3.0 SD above or -4.5 SD below mean for year
       1962 -5.5 SD
====================================================================================================================================

 JMED08B   1962 to  2017      56 years                                                                                    Series  16

 [B] Entire series, effect on correlation (  .786) is:
       Lower   1983> -.033   1962< -.026   1991> -.010   1989< -.009   1988< -.008   1994> -.007  Higher   2005  .020   1981  .017

====================================================================================================================================

 JMED09A   1961 to  2017      57 years                                                                                    Series  17

 [B] Entire series, effect on correlation (  .859) is:
       Lower   1988< -.031   1976> -.012   1963> -.008   1986< -.005   1996< -.005   1993> -.003  Higher   1981  .012   2005  .011

 [E] Outliers     1   3.0 SD above or -4.5 SD below mean for year
       1988 -4.6 SD
====================================================================================================================================

 JMED09B   1961 to  2017      57 years                                                                                    Series  18

 [B] Entire series, effect on correlation (  .945) is:
       Lower   1974< -.007   1987> -.007   1963> -.005   1996< -.004   1980< -.004   1976> -.003  Higher   1983  .006   1981  .006

====================================================================================================================================

 JMED10A   1961 to  2017      57 years                                                                                    Series  19

 [B] Entire series, effect on correlation (  .862) is:
       Lower   1961< -.040   1969< -.008   1974> -.005   1977> -.005   1966< -.004   1965> -.004  Higher   1983  .023   2013  .006

 [E] Outliers     1   3.0 SD above or -4.5 SD below mean for year
       1961 -4.8 SD
====================================================================================================================================

 JMED10B   1961 to  2017      57 years                                                                                    Series  20

 [B] Entire series, effect on correlation (  .879) is:
       Lower   1965> -.011   1970< -.010   1984> -.007   1968> -.006   1969< -.006   1974> -.003  Higher   1983  .021   1981  .010

====================================================================================================================================

 JMED11A   1964 to  2017      54 years                                                                                    Series  21

 [B] Entire series, effect on correlation (  .907) is:
       Lower   1964< -.034   1984> -.006   1998< -.006   1965< -.004   1968> -.002   1999> -.002  Higher   1983  .018   1981  .012

====================================================================================================================================

 JMED11B   1964 to  2017      54 years                                                                                    Series  22

 [B] Entire series, effect on correlation (  .907) is:
       Lower   1964< -.023   1976> -.011   1980> -.007   1978< -.003   2016> -.003   2007> -.003  Higher   1983  .012   1981  .008

====================================================================================================================================

 JMED12A   1960 to  2017      58 years                                                                                    Series  23

 [B] Entire series, effect on correlation (  .937) is:
       Lower   1962> -.007   1987> -.006   2017> -.003   2000< -.003   1968> -.002   1973> -.002  Higher   1983  .010   1981  .005

====================================================================================================================================

 JMED12B   1959 to  2017      59 years                                                                                    Series  24

 [B] Entire series, effect on correlation (  .863) is:
       Lower   1961> -.057   1967> -.006   2016< -.004   1982< -.004   1963< -.004   1968> -.003  Higher   1983  .014   1959  .011

 [E] Outliers     1   3.0 SD above or -4.5 SD below mean for year
       1961 +4.7 SD
====================================================================================================================================

 JMED13A   1961 to  2017      57 years                                                                                    Series  25

 [B] Entire series, effect on correlation (  .895) is:
       Lower   1977< -.029   1978< -.007   1965> -.007   1996< -.004   1963> -.003   1991> -.003  Higher   1983  .012   1981  .008

====================================================================================================================================

 JMED13B   1961 to  2017      57 years                                                                                    Series  26

 [B] Entire series, effect on correlation (  .928) is:
       Lower   1974< -.007   1968> -.004   1999> -.004   1979< -.003   1973> -.002   1963> -.002  Higher   1983  .008   1981  .003

====================================================================================================================================

 JMED15A   1961 to  2017      57 years                                                                                    Series  27

 [B] Entire series, effect on correlation (  .878) is:
       Lower   1987> -.009   1965> -.006   1979< -.005   1972< -.005   1998< -.004   1986< -.004  Higher   1983  .016   1981  .015

====================================================================================================================================

 JMED15B   1961 to  2017      57 years                                                                                    Series  28

 [B] Entire series, effect on correlation (  .783) is:
       Lower   2008< -.025   2007> -.017   1981> -.013   1988> -.012   2001< -.008   1970< -.008  Higher   1983  .040   1961  .011

====================================================================================================================================

 JMED16A   1960 to  2017      58 years                                                                                    Series  29

 [B] Entire series, effect on correlation (  .853) is:
       Lower   1961> -.058   1962> -.010   1974< -.005   1980> -.005   1987> -.004   1977< -.004  Higher   1983  .023   1981  .012

 [E] Outliers     1   3.0 SD above or -4.5 SD below mean for year
       1961 +4.7 SD
====================================================================================================================================

 JMED16B   1960 to  2017      58 years                                                                                    Series  30

 [B] Entire series, effect on correlation (  .770) is:
       Lower   1961> -.046   1977< -.026   1976< -.016   1991> -.015   1962> -.009   1967< -.008  Higher   1983  .033   1960  .018

 [E] Outliers     1   3.0 SD above or -4.5 SD below mean for year
       1961 +4.4 SD
====================================================================================================================================

 JMED17A   1960 to  2017      58 years                                                                                    Series  31

 [B] Entire series, effect on correlation (  .847) is:
       Lower   2012> -.013   1988> -.011   1990< -.008   1971< -.007   1964> -.005   1991> -.005  Higher   2005  .008   1981  .006

====================================================================================================================================

 JMED17B   1961 to  2017      57 years                                                                                    Series  32

 [B] Entire series, effect on correlation (  .921) is:
       Lower   1962> -.007   2014> -.004   2012> -.004   2000< -.004   1981> -.003   1965< -.003  Higher   1983  .010   1961  .005

====================================================================================================================================

 JMED18A   1960 to  2017      58 years                                                                                    Series  33

 [B] Entire series, effect on correlation (  .904) is:
       Lower   1983> -.013   1981> -.010   1961> -.005   2002< -.003   2005< -.002   1975< -.002  Higher   2012  .006   1999  .004

====================================================================================================================================

 JMED18B   1960 to  2017      58 years                                                                                    Series  34

 [B] Entire series, effect on correlation (  .864) is:
       Lower   1981> -.029   2012< -.011   1988> -.005   1995> -.003   1983> -.003   1962> -.002  Higher   1961  .007   2005  .005

====================================================================================================================================

 JMED19A   1965 to  2017      53 years                                                                                    Series  35

 [B] Entire series, effect on correlation (  .719) is:
       Lower   1965< -.195   1990< -.005   2004< -.004   1980> -.002   2014> -.002   1967> -.002  Higher   2012  .014   1999  .011

 [E] Outliers     1   3.0 SD above or -4.5 SD below mean for year
       1965 -8.9 SD
====================================================================================================================================

 JMED19B   1965 to  2017      53 years                                                                                    Series  36

 [B] Entire series, effect on correlation (  .776) is:
       Lower   1965< -.137   2008> -.005   1974> -.004   2004< -.002   1998< -.002   2007> -.002  Higher   2012  .016   2005  .011

 [E] Outliers     1   3.0 SD above or -4.5 SD below mean for year
       1965 -7.6 SD
====================================================================================================================================

 JMED20A   1962 to  2017      56 years                                                                                    Series  37

 [B] Entire series, effect on correlation (  .923) is:
       Lower   1962< -.027   2014> -.004   1984> -.004   1967> -.003   1963< -.002   1976> -.002  Higher   1983  .013   2005  .005

====================================================================================================================================

 JMED20B   1962 to  2017      56 years                                                                                    Series  38

 [B] Entire series, effect on correlation (  .900) is:
       Lower   1962< -.032   1995> -.006   1976> -.004   1984> -.003   1965> -.003   1994> -.003  Higher   1983  .019   1981  .012

====================================================================================================================================

 JMED21A   1960 to  2017      58 years                                                                                    Series  39

 [B] Entire series, effect on correlation (  .833) is:
       Lower   1983> -.023   1961> -.022   1987> -.008   1962> -.007   2002< -.005   1968< -.005  Higher   1981  .010   2005  .009

====================================================================================================================================

 JMED21B   1960 to  2017      58 years                                                                                    Series  40

 [B] Entire series, effect on correlation (  .809) is:
       Lower   1975< -.027   1961> -.027   1976< -.015   1987> -.012   1962> -.009   1983> -.005  Higher   1981  .021   2005  .012

 [E] Outliers     1   3.0 SD above or -4.5 SD below mean for year
       1976 -5.5 SD
====================================================================================================================================

 JMED22A   1963 to  2017      55 years                                                                                    Series  41

 [B] Entire series, effect on correlation (  .741) is:
       Lower   1963< -.046   1968< -.034   1991< -.013   1983> -.009   1976> -.009   1969< -.007  Higher   2005  .019   1999  .015

====================================================================================================================================

 JMED22B   1963 to  2017      55 years                                                                                    Series  42

 [B] Entire series, effect on correlation (  .748) is:
       Lower   1963< -.033   1995< -.029   1983> -.017   1987> -.011   1996< -.009   2012> -.008  Higher   1981  .022   1966  .010

 [E] Outliers     1   3.0 SD above or -4.5 SD below mean for year
       1983 +3.8 SD
====================================================================================================================================

 JMED23A   1962 to  2017      56 years                                                                                    Series  43

 [B] Entire series, effect on correlation (  .859) is:
       Lower   1962< -.028   1988> -.015   1992> -.006   1976> -.005   2009> -.005   2016> -.005  Higher   1983  .021   2005  .012

====================================================================================================================================

 JMED23B   1962 to  2017      56 years                                                                                    Series  44

 [B] Entire series, effect on correlation (  .829) is:
       Lower   1984< -.022   2012> -.015   1963< -.010   1987> -.010   1979< -.009   1962< -.007  Higher   1983  .033   1981  .015

====================================================================================================================================

 JMED24A   1963 to  2017      55 years                                                                                    Series  45

 [B] Entire series, effect on correlation (  .876) is:
       Lower   1963< -.023   1964< -.015   2005> -.007   1968> -.004   1965> -.003   1996< -.002  Higher   1983  .013   1981  .010

====================================================================================================================================

 JMED24B   1963 to  2017      55 years                                                                                    Series  46

 [B] Entire series, effect on correlation (  .821) is:
       Lower   1963< -.132   1965> -.004   2015< -.003   1971< -.002   1974> -.001   1984> -.001  Higher   1981  .019   1983  .017

 [E] Outliers     1   3.0 SD above or -4.5 SD below mean for year
       1963 -7.1 SD
====================================================================================================================================

 JMED25A   1962 to  2017      56 years                                                                                    Series  47

 [B] Entire series, effect on correlation (  .833) is:
       Lower   1962< -.064   2008< -.007   1980> -.004   1988> -.004   1996< -.003   2007> -.002  Higher   1981  .016   2012  .007

 [E] Outliers     1   3.0 SD above or -4.5 SD below mean for year
       1962 -5.4 SD
====================================================================================================================================

 JMED25B   1962 to  2017      56 years                                                                                    Series  48

 [B] Entire series, effect on correlation (  .852) is:
       Lower   1962< -.072   1980> -.007   2007> -.007   1965> -.006   1967> -.004   2008< -.004  Higher   1983  .028   1981  .014

 [E] Outliers     1   3.0 SD above or -4.5 SD below mean for year
       1962 -5.9 SD
====================================================================================================================================

 JMED28A   1961 to  2017      57 years                                                                                    Series  49

 [B] Entire series, effect on correlation (  .899) is:
       Lower   1973< -.027   1976> -.011   1963> -.008   1972> -.007   2005> -.003   1985< -.002  Higher   1983  .013   1981  .011

====================================================================================================================================

 JMED28B   1961 to  2017      57 years                                                                                    Series  50

 [B] Entire series, effect on correlation (  .863) is:
       Lower   1973< -.022   1963> -.011   1983> -.008   1981> -.006   1976> -.004   1962> -.004  Higher   2005  .010   2012  .009

====================================================================================================================================

 JMED28C   1961 to  2017      57 years                                                                                    Series  51

 [B] Entire series, effect on correlation (  .896) is:
       Lower   1974< -.011   1976> -.009   1980> -.007   1963> -.007   1961< -.007   1981> -.006  Higher   1983  .014   2012  .007

 [E] Outliers     1   3.0 SD above or -4.5 SD below mean for year
       1981 +3.5 SD
====================================================================================================================================

 JMED28D   1961 to  2017      57 years                                                                                    Series  52

 [B] Entire series, effect on correlation (  .907) is:
       Lower   1961< -.011   1973< -.008   1985< -.004   1995> -.004   1974< -.004   1997< -.004  Higher   1983  .014   1981  .011

====================================================================================================================================

 JMED29A   1960 to  2017      58 years                                                                                    Series  53

 [B] Entire series, effect on correlation (  .903) is:
       Lower   1961> -.018   1975< -.018   1965> -.006   1968> -.005   1999< -.003   1976> -.002  Higher   1983  .014   1981  .010

====================================================================================================================================

 JMED29B   1960 to  2017      58 years                                                                                    Series  54

 [B] Entire series, effect on correlation (  .899) is:
       Lower   1961> -.016   1987< -.010   1965> -.008   1960> -.006   1977< -.004   1968> -.004  Higher   1983  .014   1981  .011

====================================================================================================================================

 JMED31A   1960 to  2017      58 years                                                                                    Series  55

 [B] Entire series, effect on correlation (  .847) is:
       Lower   1961> -.066   1962> -.013   1967< -.005   1980> -.005   1969< -.004   2012> -.002  Higher   1983  .022   1981  .014

 [E] Outliers     2   3.0 SD above or -4.5 SD below mean for year
       1961 +4.9 SD;    1962 +3.1 SD
====================================================================================================================================

 JMED31B   1960 to  2017      58 years                                                                                    Series  56

 [B] Entire series, effect on correlation (  .840) is:
       Lower   1961> -.050   1960< -.018   1972< -.007   1963> -.006   1962> -.006   1987> -.005  Higher   1981  .014   1983  .013

 [E] Outliers     1   3.0 SD above or -4.5 SD below mean for year
       1961 +3.5 SD
====================================================================================================================================

 JMED32A   1961 to  2017      57 years                                                                                    Series  57

 [B] Entire series, effect on correlation (  .799) is:
       Lower   1961< -.058   1962> -.014   1969< -.013   1983> -.010   2005> -.006   2017< -.003  Higher   2013  .009   1966  .007

 [E] Outliers     1   3.0 SD above or -4.5 SD below mean for year
       1961 -6.0 SD
====================================================================================================================================

 JMED32B   1961 to  2017      57 years                                                                                    Series  58

 [B] Entire series, effect on correlation (  .774) is:
       Lower   1961< -.076   2005> -.016   1981> -.014   2004< -.006   1969< -.005   1962> -.005  Higher   2013  .011   1983  .008

 [E] Outliers     1   3.0 SD above or -4.5 SD below mean for year
       1961 -6.3 SD
====================================================================================================================================

 JMED37A   1961 to  2017      57 years                                                                                    Series  59

 [B] Entire series, effect on correlation (  .869) is:
       Lower   1981> -.012   1974> -.008   1988> -.008   1976> -.007   1978< -.006   1986< -.003  Higher   1961  .008   1983  .007

====================================================================================================================================

 JMED37B   1961 to  2017      57 years                                                                                    Series  60

 [B] Entire series, effect on correlation (  .861) is:
       Lower   1967< -.018   1981> -.012   1980< -.009   1988> -.009   1962< -.006   1978< -.006  Higher   1983  .024   2005  .010

====================================================================================================================================

 JMED39A   1962 to  2011      50 years                                                                                    Series  61

 [B] Entire series, effect on correlation (  .714) is:
       Lower   1973< -.029   2005> -.022   2004< -.020   2009> -.013   2001< -.011   1994> -.008  Higher   1983  .060   1981  .054

====================================================================================================================================

 JMED39B   1962 to  2011      50 years                                                                                    Series  62

 [B] Entire series, effect on correlation (  .565) is:
       Lower   1999> -.027   1986< -.022   2010< -.013   1988< -.012   2008> -.011   1994> -.011  Higher   1995  .019   1981  .019

 [E] Outliers     1   3.0 SD above or -4.5 SD below mean for year
       1988 -5.2 SD
====================================================================================================================================

 JMED42A   1959 to  2017      59 years                                                                                    Series  63

 [B] Entire series, effect on correlation (  .834) is:
       Lower   1960> -.044   1961> -.013   1971< -.009   1980> -.004   1983> -.003   2001< -.003  Higher   1981  .012   2005  .010

 [E] Outliers     1   3.0 SD above or -4.5 SD below mean for year
       1960 +4.0 SD
====================================================================================================================================

 JMED42B   1959 to  2017      59 years                                                                                    Series  64

 [B] Entire series, effect on correlation (  .816) is:
       Lower   1961> -.038   1960> -.023   1983> -.021   1980> -.007   1974< -.005   1993< -.004  Higher   1959  .017   1981  .012

 [E] Outliers     2   3.0 SD above or -4.5 SD below mean for year
       1961 +3.9 SD;    1983 +3.0 SD
====================================================================================================================================

 JMED45A   1963 to  2017      55 years                                                                                    Series  65

 [B] Entire series, effect on correlation (  .867) is:
       Lower   1965< -.027   1963< -.023   2014> -.010   2012> -.006   2008< -.005   1984> -.004  Higher   2005  .010   1981  .009

====================================================================================================================================

 JMED45B   1962 to  2017      56 years                                                                                    Series  66

 [B] Entire series, effect on correlation (  .862) is:
       Lower   1966< -.024   2012> -.016   1974> -.005   1962< -.005   1963< -.004   2009< -.004  Higher   1983  .021   1981  .017

====================================================================================================================================

 JMED48A   1964 to  2017      54 years                                                                                    Series  67

 [B] Entire series, effect on correlation (  .823) is:
       Lower   1981> -.027   1965> -.018   2012> -.010   1964< -.009   1988> -.008   1967< -.007  Higher   1983  .034   1999  .009

====================================================================================================================================

 JMED48B   1964 to  2017      54 years                                                                                    Series  68

 [B] Entire series, effect on correlation (  .823) is:
       Lower   1977< -.020   2012> -.018   1967< -.015   1980> -.006   2017< -.005   1993> -.004  Higher   1983  .032   2013  .008

 [E] Outliers     1   3.0 SD above or -4.5 SD below mean for year
       1968 -5.6 SD
====================================================================================================================================

 [*] All segments correlate highest as dated with correlation with master series over   .3281
PART 7:  DESCRIPTIVE STATISTICS:                                                                   13:22  Tue 01 Mar 2022  Page   7
------------------------------------------------------------------------------------------------------------------------------------

                                                Corr   //-------- Unfiltered --------\\  //---- Filtered -----\\
                           No.    No.    No.    with   Mean   Max     Std   Auto   Mean   Max     Std   Auto  AR
 Seq Series   Interval   Years  Segmt  Flags   Master  msmt   msmt    dev   corr   sens  value    dev   corr  ()
 --- -------- ---------  -----  -----  -----   ------ -----  -----  -----  -----  -----  -----  -----  -----  --
   1 JMED01A  1961 2017     57      2      0    .876   2.75   8.88  2.390   .859   .436   2.67   .535  -.019   1
   2 JMED01B  1961 2017     57      2      0    .847   2.26   9.68  2.306   .880   .460   2.77   .641  -.109   1
   3 JMED02A  1959 2017     59      2      0    .847   2.49   8.08  2.018   .722   .558   2.82   .579  -.035   1
   4 JMED02B  1959 2017     59      2      0    .850   2.13   6.58  1.728   .680   .558   2.77   .600  -.054   1
   5 JMED03A  1961 2017     57      2      0    .863   2.49   8.03  2.369   .810   .544   2.94   .671   .003   1
   6 JMED03B  1961 2017     57      2      0    .800   2.37   8.15  2.026   .762   .541   2.89   .659   .061   1
   7 JMED04A  1963 2013     51      2      0    .893   1.58   5.49  1.642   .906   .592   2.55   .546  -.091   1
   8 JMED04B  1963 2011     49      1      0    .711   1.61   6.07  1.708   .848   .657   2.77   .613   .076   1
   9 JMED05A  1961 2017     57      2      0    .922   2.59   9.90  2.799   .893   .487   2.53   .609  -.089   1
  10 JMED05B  1961 2017     57      2      0    .911   2.81   9.30  2.946   .944   .482   2.50   .493  -.089   1
  11 JMED06A  1961 2017     57      2      0    .818   2.44   8.73  2.617   .900   .498   2.57   .530  -.111   1
  12 JMED06B  1961 2017     57      2      0    .876   2.23   8.63  2.443   .913   .526   2.55   .533  -.063   1
  13 JMED07A  1961 2017     57      2      0    .769   3.22   9.43  2.586   .789   .425   2.74   .520  -.078   2
  14 JMED07B  1961 2017     57      2      0    .892   2.64   7.48  1.814   .717   .530   2.42   .460  -.065   2
  15 JMED08A  1962 2015     54      2      0    .786   1.94   7.03  2.182   .932   .547   2.60   .551  -.045   1
  16 JMED08B  1962 2017     56      2      0    .786   1.59   7.83  1.820   .881   .580   2.81   .709   .028   1
  17 JMED09A  1961 2017     57      2      0    .859   2.72   7.73  2.268   .834   .473   2.46   .536  -.033   1
  18 JMED09B  1961 2017     57      2      0    .945   2.61   8.20  2.292   .834   .506   2.66   .643  -.027   1
  19 JMED10A  1961 2017     57      2      0    .862   3.24   9.67  2.986   .890   .499   2.56   .454  -.032   1
  20 JMED10B  1961 2017     57      2      0    .879   2.55   8.59  2.369   .878   .505   2.66   .549  -.086   1
  21 JMED11A  1964 2017     54      2      0    .907   2.75   7.03  1.976   .811   .471   2.56   .566  -.064   1
  22 JMED11B  1964 2017     54      2      0    .907   2.47   7.41  1.766   .781   .438   2.64   .704  -.097   1
  23 JMED12A  1960 2017     58      2      0    .937   3.01   9.42  2.985   .912   .587   2.61   .634  -.036   1
  24 JMED12B  1959 2017     59      2      0    .863   2.92  10.86  3.225   .915   .589   2.79   .618  -.020   1
  25 JMED13A  1961 2017     57      2      0    .895   2.40  10.55  2.751   .899   .678   2.54   .554  -.011   1
  26 JMED13B  1961 2017     57      2      0    .928   2.60  10.71  3.018   .910   .651   2.58   .563  -.039   1
  27 JMED15A  1961 2017     57      2      0    .878   3.11  14.17  3.754   .939   .445   2.54   .591  -.020   1
  28 JMED15B  1961 2017     57      2      0    .783   2.64  11.72  2.922   .933   .421   2.51   .490  -.040   2
  29 JMED16A  1960 2017     58      2      0    .853   2.27   9.33  2.493   .869   .531   2.65   .612  -.088   1
  30 JMED16B  1960 2017     58      2      0    .770   1.86   9.07  2.301   .885   .581   2.73   .634  -.017   1
  31 JMED17A  1960 2017     58      2      0    .847   2.76  14.14  2.838   .843   .494   2.54   .422  -.008   2
  32 JMED17B  1961 2017     57      2      0    .921   2.35   9.06  2.391   .846   .552   2.58   .520  -.018   1
  33 JMED18A  1960 2017     58      2      0    .904   2.88   8.72  2.391   .812   .538   2.71   .612  -.026   1
  34 JMED18B  1960 2017     58      2      0    .864   3.05   9.37  2.734   .855   .471   2.58   .539  -.018   2
  35 JMED19A  1965 2017     53      2      0    .719   2.73   8.22  2.490   .889   .504   2.47   .398  -.052   1
  36 JMED19B  1965 2017     53      2      0    .776   2.44   7.69  2.483   .910   .559   2.65   .451  -.045   1
  37 JMED20A  1962 2017     56      2      0    .923   2.46   6.57  1.914   .741   .571   2.51   .530  -.073   1
  38 JMED20B  1962 2017     56      2      0    .900   2.42   7.22  2.102   .804   .607   2.68   .596  -.091   1
  39 JMED21A  1960 2017     58      2      0    .833   2.42   9.22  2.263   .846   .476   2.57   .511   .012   1
  40 JMED21B  1960 2017     58      2      0    .809   2.34   9.05  2.283   .866   .402   2.64   .661   .042   1
  41 JMED22A  1963 2017     55      2      0    .741   1.59   5.02  1.270   .824   .406   2.85   .650  -.019   1
  42 JMED22B  1963 2017     55      2      0    .748   1.25   5.27  1.114   .814   .440   2.65   .502   .042   2
  43 JMED23A  1962 2017     56      2      0    .859   2.16   7.46  1.594   .797   .385   2.73   .695   .061   1
  44 JMED23B  1962 2017     56      2      0    .829   2.05   7.18  1.571   .764   .418   2.62   .582   .052   2
  45 JMED24A  1963 2017     55      2      0    .876   1.86   8.23  1.976   .888   .603   2.61   .455  -.051   2
  46 JMED24B  1963 2017     55      2      0    .821   1.82   9.56  2.160   .891   .579   2.75   .520  -.031   1
  47 JMED25A  1962 2017     56      2      0    .833   2.11   7.16  1.766   .832   .512   2.54   .501  -.080   1
  48 JMED25B  1962 2017     56      2      0    .852   2.06   6.14  1.661   .861   .483   2.59   .581  -.099   1
PART 7:  DESCRIPTIVE STATISTICS:                                                                   13:22  Tue 01 Mar 2022  Page   8
------------------------------------------------------------------------------------------------------------------------------------

                                                Corr   //-------- Unfiltered --------\\  //---- Filtered -----\\
                           No.    No.    No.    with   Mean   Max     Std   Auto   Mean   Max     Std   Auto  AR
 Seq Series   Interval   Years  Segmt  Flags   Master  msmt   msmt    dev   corr   sens  value    dev   corr  ()
 --- -------- ---------  -----  -----  -----   ------ -----  -----  -----  -----  -----  -----  -----  -----  --
  49 JMED28A  1961 2017     57      2      0    .899   2.03   7.22  1.972   .857   .498   2.58   .504  -.021   1
  50 JMED28B  1961 2017     57      2      0    .863   2.02   7.10  1.878   .822   .501   2.80   .578  -.083   1
  51 JMED28C  1961 2017     57      2      0    .896   2.12   6.60  1.859   .853   .515   2.75   .573  -.063   1
  52 JMED28D  1961 2017     57      2      0    .907   1.90   6.06  1.882   .910   .500   2.59   .557  -.061   1
  53 JMED29A  1960 2017     58      2      0    .903   2.83  10.30  2.967   .921   .497   2.58   .648  -.058   1
  54 JMED29B  1960 2017     58      2      0    .899   2.12   9.47  2.314   .897   .501   2.66   .561  -.048   1
  55 JMED31A  1960 2017     58      2      0    .847   2.34   9.20  2.510   .914   .601   2.55   .520  -.060   1
  56 JMED31B  1960 2017     58      2      0    .840   2.65   9.05  2.727   .924   .564   2.62   .490  -.039   1
  57 JMED32A  1961 2017     57      2      0    .799   2.40   9.54  2.709   .890   .538   2.51   .405  -.025   1
  58 JMED32B  1961 2017     57      2      0    .774   2.38   9.22  2.677   .903   .540   2.54   .382  -.011   2
  59 JMED37A  1961 2017     57      2      0    .869   3.26  10.95  2.854   .855   .472   2.49   .441  -.006   2
  60 JMED37B  1961 2017     57      2      0    .861   3.45  10.20  2.853   .807   .493   2.66   .562  -.042   2
  61 JMED39A  1962 2011     50      1      0    .714   1.37   4.66  1.370   .911   .481   2.73   .543   .003   1
  62 JMED39B  1962 2011     50      1      0    .565   1.22   3.88  1.305   .885   .525   2.69   .527   .043   1
  63 JMED42A  1959 2017     59      2      0    .834   3.26  10.62  2.814   .874   .499   2.61   .534  -.070   1
  64 JMED42B  1959 2017     59      2      0    .816   3.12  11.35  2.889   .890   .478   2.67   .537  -.065   1
  65 JMED45A  1963 2017     55      2      0    .867   1.99   6.30  1.725   .864   .497   2.79   .675  -.081   1
  66 JMED45B  1962 2017     56      2      0    .862   1.54   5.43  1.544   .823   .542   2.95   .674  -.018   1
  67 JMED48A  1964 2017     54      2      0    .823   1.71   9.02  1.867   .786   .617   2.64   .492  -.102   2
  68 JMED48B  1964 2017     54      2      0    .823   1.47   7.38  1.688   .868   .533   2.57   .476  -.035   2
 --- -------- ---------  -----  -----  -----   ------ -----  -----  -----  -----  -----  -----  -----  -----  --
 Total or mean:           3829    133      0    .846   2.37  14.17  2.274   .857   .517   2.95   .556  -.038

                                              - = [  COFECHA CORESCOF  ] = -
